[0.016s] Invoking command in '/home/dragon/FRA502-LAB-66340500051/build/lab3': CMAKE_PREFIX_PATH=${CMAKE_PREFIX_PATH}:/opt/ros/humble /usr/bin/cmake /home/dragon/FRA502-LAB-66340500051/src/lab3 -DCMAKE_INSTALL_PREFIX=/home/dragon/FRA502-LAB-66340500051/install/lab3
[0.091s] -- The C compiler identification is GNU 11.4.0
[0.161s] -- The CXX compiler identification is GNU 11.4.0
[0.169s] -- Detecting C compiler ABI info
[0.257s] -- Detecting C compiler ABI info - done
[0.266s] -- Check for working C compiler: /usr/bin/cc - skipped
[0.266s] -- Detecting C compile features
[0.266s] -- Detecting C compile features - done
[0.272s] -- Detecting CXX compiler ABI info
[0.368s] -- Detecting CXX compiler ABI info - done
[0.375s] -- Check for working CXX compiler: /usr/bin/c++ - skipped
[0.376s] -- Detecting CXX compile features
[0.376s] -- Detecting CXX compile features - done
[0.379s] -- Found ament_cmake: 1.3.12 (/opt/ros/humble/share/ament_cmake/cmake)
[0.562s] -- Found Python3: /usr/bin/python3 (found version "3.10.12") found components: Interpreter 
[0.672s] -- Found rclcpp: 16.0.14 (/opt/ros/humble/share/rclcpp/cmake)
[0.719s] -- Found rosidl_generator_c: 3.1.7 (/opt/ros/humble/share/rosidl_generator_c/cmake)
[0.725s] -- Found rosidl_adapter: 3.1.7 (/opt/ros/humble/share/rosidl_adapter/cmake)
[0.734s] -- Found rosidl_generator_cpp: 3.1.7 (/opt/ros/humble/share/rosidl_generator_cpp/cmake)
[0.749s] -- Using all available rosidl_typesupport_c: rosidl_typesupport_fastrtps_c;rosidl_typesupport_introspection_c
[0.768s] -- Using all available rosidl_typesupport_cpp: rosidl_typesupport_fastrtps_cpp;rosidl_typesupport_introspection_cpp
[0.821s] -- Found rmw_implementation_cmake: 6.1.2 (/opt/ros/humble/share/rmw_implementation_cmake/cmake)
[0.824s] -- Found rmw_fastrtps_cpp: 6.2.8 (/opt/ros/humble/share/rmw_fastrtps_cpp/cmake)
[0.942s] -- Found OpenSSL: /usr/lib/x86_64-linux-gnu/libcrypto.so (found version "3.0.2")  
[0.974s] -- Found FastRTPS: /opt/ros/humble/include  
[1.024s] -- Using RMW implementation 'rmw_fastrtps_cpp' as default
[1.034s] -- Looking for pthread.h
[1.123s] -- Looking for pthread.h - found
[1.123s] -- Performing Test CMAKE_HAVE_LIBC_PTHREAD
[1.213s] -- Performing Test CMAKE_HAVE_LIBC_PTHREAD - Success
[1.214s] -- Found Threads: TRUE  
[1.277s] -- Found rclpy: 3.3.17 (/opt/ros/humble/share/rclpy/cmake)
[1.464s] -- Configuring done
[1.474s] -- Generating done
[1.478s] -- Build files have been written to: /home/dragon/FRA502-LAB-66340500051/build/lab3
[1.491s] Invoked command in '/home/dragon/FRA502-LAB-66340500051/build/lab3' returned '0': CMAKE_PREFIX_PATH=${CMAKE_PREFIX_PATH}:/opt/ros/humble /usr/bin/cmake /home/dragon/FRA502-LAB-66340500051/src/lab3 -DCMAKE_INSTALL_PREFIX=/home/dragon/FRA502-LAB-66340500051/install/lab3
[1.492s] Invoking command in '/home/dragon/FRA502-LAB-66340500051/build/lab3': CMAKE_PREFIX_PATH=${CMAKE_PREFIX_PATH}:/opt/ros/humble /usr/bin/cmake --build /home/dragon/FRA502-LAB-66340500051/build/lab3 -- -j4 -l4
[1.571s] [ 50%] [32mBuilding CXX object CMakeFiles/cpp_node_test.dir/src/cpp_node.cpp.o[0m
[1.581s] [ 50%] Built target ament_cmake_python_copy_lab3
[1.995s] running egg_info
[1.995s] creating lab3.egg-info
[1.996s] writing lab3.egg-info/PKG-INFO
[1.996s] writing dependency_links to lab3.egg-info/dependency_links.txt
[1.996s] writing top-level names to lab3.egg-info/top_level.txt
[1.996s] writing manifest file 'lab3.egg-info/SOURCES.txt'
[1.999s] reading manifest file 'lab3.egg-info/SOURCES.txt'
[1.999s] writing manifest file 'lab3.egg-info/SOURCES.txt'
[2.049s] [ 50%] Built target ament_cmake_python_build_lab3_egg
[2.165s] [100%] [32m[1mLinking CXX executable cpp_node_test[0m
[2.377s] [100%] Built target cpp_node_test
[2.412s] Invoked command in '/home/dragon/FRA502-LAB-66340500051/build/lab3' returned '0': CMAKE_PREFIX_PATH=${CMAKE_PREFIX_PATH}:/opt/ros/humble /usr/bin/cmake --build /home/dragon/FRA502-LAB-66340500051/build/lab3 -- -j4 -l4
[2.413s] Invoking command in '/home/dragon/FRA502-LAB-66340500051/build/lab3': CMAKE_PREFIX_PATH=${CMAKE_PREFIX_PATH}:/opt/ros/humble /usr/bin/cmake --install /home/dragon/FRA502-LAB-66340500051/build/lab3
[2.433s] -- Install configuration: ""
[2.433s] -- Installing: /home/dragon/FRA502-LAB-66340500051/install/lab3/share/lab3/environment/pythonpath.sh
[2.433s] -- Installing: /home/dragon/FRA502-LAB-66340500051/install/lab3/share/lab3/environment/pythonpath.dsv
[2.433s] -- Installing: /home/dragon/FRA502-LAB-66340500051/install/lab3/local/lib/python3.10/dist-packages/lab3-0.0.0-py3.10.egg-info
[2.433s] -- Installing: /home/dragon/FRA502-LAB-66340500051/install/lab3/local/lib/python3.10/dist-packages/lab3-0.0.0-py3.10.egg-info/PKG-INFO
[2.433s] -- Installing: /home/dragon/FRA502-LAB-66340500051/install/lab3/local/lib/python3.10/dist-packages/lab3-0.0.0-py3.10.egg-info/top_level.txt
[2.434s] -- Installing: /home/dragon/FRA502-LAB-66340500051/install/lab3/local/lib/python3.10/dist-packages/lab3-0.0.0-py3.10.egg-info/dependency_links.txt
[2.434s] -- Installing: /home/dragon/FRA502-LAB-66340500051/install/lab3/local/lib/python3.10/dist-packages/lab3-0.0.0-py3.10.egg-info/SOURCES.txt
[2.435s] -- Installing: /home/dragon/FRA502-LAB-66340500051/install/lab3/local/lib/python3.10/dist-packages/lab3
[2.435s] -- Installing: /home/dragon/FRA502-LAB-66340500051/install/lab3/local/lib/python3.10/dist-packages/lab3/dummy_module.py
[2.435s] -- Installing: /home/dragon/FRA502-LAB-66340500051/install/lab3/local/lib/python3.10/dist-packages/lab3/__init__.py
[2.521s] Listing '/home/dragon/FRA502-LAB-66340500051/install/lab3/local/lib/python3.10/dist-packages/lab3'...
[2.521s] Compiling '/home/dragon/FRA502-LAB-66340500051/install/lab3/local/lib/python3.10/dist-packages/lab3/__init__.py'...
[2.526s] Compiling '/home/dragon/FRA502-LAB-66340500051/install/lab3/local/lib/python3.10/dist-packages/lab3/dummy_module.py'...
[2.530s] -- Installing: /home/dragon/FRA502-LAB-66340500051/install/lab3/lib/lab3/dummy_script.py
[2.530s] -- Installing: /home/dragon/FRA502-LAB-66340500051/install/lab3/lib/lab3/eater.py
[2.530s] -- Installing: /home/dragon/FRA502-LAB-66340500051/install/lab3/lib/lab3/killer.py
[2.530s] -- Installing: /home/dragon/FRA502-LAB-66340500051/install/lab3/lib/lab3/cpp_node_test
[2.531s] -- Set runtime path of "/home/dragon/FRA502-LAB-66340500051/install/lab3/lib/lab3/cpp_node_test" to ""
[2.531s] -- Installing: /home/dragon/FRA502-LAB-66340500051/install/lab3/share/lab3/launch
[2.531s] -- Installing: /home/dragon/FRA502-LAB-66340500051/install/lab3/share/lab3/launch/run.launch.py
[2.531s] -- Installing: /home/dragon/FRA502-LAB-66340500051/install/lab3/share/ament_index/resource_index/package_run_dependencies/lab3
[2.531s] -- Installing: /home/dragon/FRA502-LAB-66340500051/install/lab3/share/ament_index/resource_index/parent_prefix_path/lab3
[2.531s] -- Installing: /home/dragon/FRA502-LAB-66340500051/install/lab3/share/lab3/environment/ament_prefix_path.sh
[2.531s] -- Installing: /home/dragon/FRA502-LAB-66340500051/install/lab3/share/lab3/environment/ament_prefix_path.dsv
[2.532s] -- Installing: /home/dragon/FRA502-LAB-66340500051/install/lab3/share/lab3/environment/path.sh
[2.533s] -- Installing: /home/dragon/FRA502-LAB-66340500051/install/lab3/share/lab3/environment/path.dsv
[2.533s] -- Installing: /home/dragon/FRA502-LAB-66340500051/install/lab3/share/lab3/local_setup.bash
[2.536s] -- Installing: /home/dragon/FRA502-LAB-66340500051/install/lab3/share/lab3/local_setup.sh
[2.537s] -- Installing: /home/dragon/FRA502-LAB-66340500051/install/lab3/share/lab3/local_setup.zsh
[2.537s] -- Installing: /home/dragon/FRA502-LAB-66340500051/install/lab3/share/lab3/local_setup.dsv
[2.537s] -- Installing: /home/dragon/FRA502-LAB-66340500051/install/lab3/share/lab3/package.dsv
[2.538s] -- Installing: /home/dragon/FRA502-LAB-66340500051/install/lab3/share/ament_index/resource_index/packages/lab3
[2.538s] -- Installing: /home/dragon/FRA502-LAB-66340500051/install/lab3/share/lab3/cmake/lab3Config.cmake
[2.538s] -- Installing: /home/dragon/FRA502-LAB-66340500051/install/lab3/share/lab3/cmake/lab3Config-version.cmake
[2.538s] -- Installing: /home/dragon/FRA502-LAB-66340500051/install/lab3/share/lab3/package.xml
[2.546s] Invoked command in '/home/dragon/FRA502-LAB-66340500051/build/lab3' returned '0': CMAKE_PREFIX_PATH=${CMAKE_PREFIX_PATH}:/opt/ros/humble /usr/bin/cmake --install /home/dragon/FRA502-LAB-66340500051/build/lab3
