[0.026s] Invoking command in '/home/dragon/FRA502-LAB-66340500051/src/build/lab2': CMAKE_PREFIX_PATH=${CMAKE_PREFIX_PATH}:/opt/ros/humble /usr/bin/cmake /home/dragon/FRA502-LAB-66340500051/src/lab2 -DCMAKE_INSTALL_PREFIX=/home/dragon/FRA502-LAB-66340500051/src/install/lab2
[0.094s] -- The C compiler identification is GNU 11.4.0
[0.177s] -- The CXX compiler identification is GNU 11.4.0
[0.187s] -- Detecting C compiler ABI info
[0.275s] -- Detecting C compiler ABI info - done
[0.285s] -- Check for working C compiler: /usr/bin/cc - skipped
[0.286s] -- Detecting C compile features
[0.286s] -- Detecting C compile features - done
[0.287s] -- Detecting CXX compiler ABI info
[0.395s] -- Detecting CXX compiler ABI info - done
[0.404s] -- Check for working CXX compiler: /usr/bin/c++ - skipped
[0.404s] -- Detecting CXX compile features
[0.405s] -- Detecting CXX compile features - done
[0.408s] -- Found ament_cmake: 1.3.12 (/opt/ros/humble/share/ament_cmake/cmake)
[0.608s] -- Found Python3: /usr/bin/python3 (found version "3.10.12") found components: Interpreter 
[0.720s] -- Found rclcpp: 16.0.14 (/opt/ros/humble/share/rclcpp/cmake)
[0.770s] -- Found rosidl_generator_c: 3.1.7 (/opt/ros/humble/share/rosidl_generator_c/cmake)
[0.776s] -- Found rosidl_adapter: 3.1.7 (/opt/ros/humble/share/rosidl_adapter/cmake)
[0.785s] -- Found rosidl_generator_cpp: 3.1.7 (/opt/ros/humble/share/rosidl_generator_cpp/cmake)
[0.800s] -- Using all available rosidl_typesupport_c: rosidl_typesupport_fastrtps_c;rosidl_typesupport_introspection_c
[0.820s] -- Using all available rosidl_typesupport_cpp: rosidl_typesupport_fastrtps_cpp;rosidl_typesupport_introspection_cpp
[0.872s] -- Found rmw_implementation_cmake: 6.1.2 (/opt/ros/humble/share/rmw_implementation_cmake/cmake)
[0.875s] -- Found rmw_fastrtps_cpp: 6.2.8 (/opt/ros/humble/share/rmw_fastrtps_cpp/cmake)
[0.990s] -- Found OpenSSL: /usr/lib/x86_64-linux-gnu/libcrypto.so (found version "3.0.2")  
[1.023s] -- Found FastRTPS: /opt/ros/humble/include  
[1.073s] -- Using RMW implementation 'rmw_fastrtps_cpp' as default
[1.083s] -- Looking for pthread.h
[1.173s] -- Looking for pthread.h - found
[1.174s] -- Performing Test CMAKE_HAVE_LIBC_PTHREAD
[1.266s] -- Performing Test CMAKE_HAVE_LIBC_PTHREAD - Success
[1.269s] -- Found Threads: TRUE  
[1.344s] -- Found rclpy: 3.3.17 (/opt/ros/humble/share/rclpy/cmake)
[1.544s] -- Configuring done
[1.557s] -- Generating done
[1.561s] -- Build files have been written to: /home/dragon/FRA502-LAB-66340500051/src/build/lab2
[1.574s] Invoked command in '/home/dragon/FRA502-LAB-66340500051/src/build/lab2' returned '0': CMAKE_PREFIX_PATH=${CMAKE_PREFIX_PATH}:/opt/ros/humble /usr/bin/cmake /home/dragon/FRA502-LAB-66340500051/src/lab2 -DCMAKE_INSTALL_PREFIX=/home/dragon/FRA502-LAB-66340500051/src/install/lab2
[1.576s] Invoking command in '/home/dragon/FRA502-LAB-66340500051/src/build/lab2': CMAKE_PREFIX_PATH=${CMAKE_PREFIX_PATH}:/opt/ros/humble /usr/bin/cmake --build /home/dragon/FRA502-LAB-66340500051/src/build/lab2 -- -j4 -l4
[1.643s] [ 50%] [32mBuilding CXX object CMakeFiles/cpp_node_test.dir/src/cpp_node.cpp.o[0m
[1.671s] [ 50%] Built target ament_cmake_python_copy_lab2
[2.131s] running egg_info
[2.133s] creating lab2.egg-info
[2.133s] writing lab2.egg-info/PKG-INFO
[2.133s] writing dependency_links to lab2.egg-info/dependency_links.txt
[2.134s] writing top-level names to lab2.egg-info/top_level.txt
[2.134s] writing manifest file 'lab2.egg-info/SOURCES.txt'
[2.138s] reading manifest file 'lab2.egg-info/SOURCES.txt'
[2.139s] writing manifest file 'lab2.egg-info/SOURCES.txt'
[2.143s] [100%] [32m[1mLinking CXX executable cpp_node_test[0m
[2.204s] [100%] Built target ament_cmake_python_build_lab2_egg
[2.331s] [100%] Built target cpp_node_test
[2.358s] Invoked command in '/home/dragon/FRA502-LAB-66340500051/src/build/lab2' returned '0': CMAKE_PREFIX_PATH=${CMAKE_PREFIX_PATH}:/opt/ros/humble /usr/bin/cmake --build /home/dragon/FRA502-LAB-66340500051/src/build/lab2 -- -j4 -l4
[2.360s] Invoking command in '/home/dragon/FRA502-LAB-66340500051/src/build/lab2': CMAKE_PREFIX_PATH=${CMAKE_PREFIX_PATH}:/opt/ros/humble /usr/bin/cmake --install /home/dragon/FRA502-LAB-66340500051/src/build/lab2
[2.369s] -- Install configuration: ""
[2.369s] -- Installing: /home/dragon/FRA502-LAB-66340500051/src/install/lab2/share/lab2/environment/pythonpath.sh
[2.369s] -- Installing: /home/dragon/FRA502-LAB-66340500051/src/install/lab2/share/lab2/environment/pythonpath.dsv
[2.369s] -- Installing: /home/dragon/FRA502-LAB-66340500051/src/install/lab2/local/lib/python3.10/dist-packages/lab2-0.0.0-py3.10.egg-info
[2.369s] -- Installing: /home/dragon/FRA502-LAB-66340500051/src/install/lab2/local/lib/python3.10/dist-packages/lab2-0.0.0-py3.10.egg-info/PKG-INFO
[2.369s] -- Installing: /home/dragon/FRA502-LAB-66340500051/src/install/lab2/local/lib/python3.10/dist-packages/lab2-0.0.0-py3.10.egg-info/top_level.txt
[2.369s] -- Installing: /home/dragon/FRA502-LAB-66340500051/src/install/lab2/local/lib/python3.10/dist-packages/lab2-0.0.0-py3.10.egg-info/dependency_links.txt
[2.369s] -- Installing: /home/dragon/FRA502-LAB-66340500051/src/install/lab2/local/lib/python3.10/dist-packages/lab2-0.0.0-py3.10.egg-info/SOURCES.txt
[2.369s] -- Installing: /home/dragon/FRA502-LAB-66340500051/src/install/lab2/local/lib/python3.10/dist-packages/lab2
[2.370s] -- Installing: /home/dragon/FRA502-LAB-66340500051/src/install/lab2/local/lib/python3.10/dist-packages/lab2/dummy_module.py
[2.370s] -- Installing: /home/dragon/FRA502-LAB-66340500051/src/install/lab2/local/lib/python3.10/dist-packages/lab2/__init__.py
[2.441s] Listing '/home/dragon/FRA502-LAB-66340500051/src/install/lab2/local/lib/python3.10/dist-packages/lab2'...
[2.441s] Compiling '/home/dragon/FRA502-LAB-66340500051/src/install/lab2/local/lib/python3.10/dist-packages/lab2/__init__.py'...
[2.441s] Compiling '/home/dragon/FRA502-LAB-66340500051/src/install/lab2/local/lib/python3.10/dist-packages/lab2/dummy_module.py'...
[2.452s] -- Installing: /home/dragon/FRA502-LAB-66340500051/src/install/lab2/lib/lab2/dummy_script.py
[2.452s] -- Installing: /home/dragon/FRA502-LAB-66340500051/src/install/lab2/lib/lab2/eater.py
[2.452s] -- Installing: /home/dragon/FRA502-LAB-66340500051/src/install/lab2/lib/lab2/killer.py
[2.452s] -- Installing: /home/dragon/FRA502-LAB-66340500051/src/install/lab2/lib/lab2/turtlesim_pose.py
[2.452s] -- Installing: /home/dragon/FRA502-LAB-66340500051/src/install/lab2/lib/lab2/cpp_node_test
[2.458s] -- Set runtime path of "/home/dragon/FRA502-LAB-66340500051/src/install/lab2/lib/lab2/cpp_node_test" to ""
[2.458s] -- Up-to-date: /home/dragon/FRA502-LAB-66340500051/src/install/lab2/share/lab2
[2.458s] -- Installing: /home/dragon/FRA502-LAB-66340500051/src/install/lab2/share/ament_index/resource_index/package_run_dependencies/lab2
[2.458s] -- Installing: /home/dragon/FRA502-LAB-66340500051/src/install/lab2/share/ament_index/resource_index/parent_prefix_path/lab2
[2.458s] -- Installing: /home/dragon/FRA502-LAB-66340500051/src/install/lab2/share/lab2/environment/ament_prefix_path.sh
[2.458s] -- Installing: /home/dragon/FRA502-LAB-66340500051/src/install/lab2/share/lab2/environment/ament_prefix_path.dsv
[2.458s] -- Installing: /home/dragon/FRA502-LAB-66340500051/src/install/lab2/share/lab2/environment/path.sh
[2.458s] -- Installing: /home/dragon/FRA502-LAB-66340500051/src/install/lab2/share/lab2/environment/path.dsv
[2.458s] -- Installing: /home/dragon/FRA502-LAB-66340500051/src/install/lab2/share/lab2/local_setup.bash
[2.459s] -- Installing: /home/dragon/FRA502-LAB-66340500051/src/install/lab2/share/lab2/local_setup.sh
[2.459s] -- Installing: /home/dragon/FRA502-LAB-66340500051/src/install/lab2/share/lab2/local_setup.zsh
[2.459s] -- Installing: /home/dragon/FRA502-LAB-66340500051/src/install/lab2/share/lab2/local_setup.dsv
[2.459s] -- Installing: /home/dragon/FRA502-LAB-66340500051/src/install/lab2/share/lab2/package.dsv
[2.459s] -- Installing: /home/dragon/FRA502-LAB-66340500051/src/install/lab2/share/ament_index/resource_index/packages/lab2
[2.459s] -- Installing: /home/dragon/FRA502-LAB-66340500051/src/install/lab2/share/lab2/cmake/lab2Config.cmake
[2.459s] -- Installing: /home/dragon/FRA502-LAB-66340500051/src/install/lab2/share/lab2/cmake/lab2Config-version.cmake
[2.459s] -- Installing: /home/dragon/FRA502-LAB-66340500051/src/install/lab2/share/lab2/package.xml
[2.518s] Invoked command in '/home/dragon/FRA502-LAB-66340500051/src/build/lab2' returned '0': CMAKE_PREFIX_PATH=${CMAKE_PREFIX_PATH}:/opt/ros/humble /usr/bin/cmake --install /home/dragon/FRA502-LAB-66340500051/src/build/lab2
