[0.025s] Invoking command in '/home/dragon/FRA502-LAB-66340500051/build/lab2': CMAKE_PREFIX_PATH=${CMAKE_PREFIX_PATH}:/opt/ros/humble /usr/bin/cmake --build /home/dragon/FRA502-LAB-66340500051/build/lab2 -- -j4 -l4
[0.106s] [100%] Built target cpp_node_test
[0.113s] [100%] Built target ament_cmake_python_copy_lab2
[0.496s] running egg_info
[0.497s] writing lab2.egg-info/PKG-INFO
[0.498s] writing dependency_links to lab2.egg-info/dependency_links.txt
[0.498s] writing top-level names to lab2.egg-info/top_level.txt
[0.500s] reading manifest file 'lab2.egg-info/SOURCES.txt'
[0.501s] writing manifest file 'lab2.egg-info/SOURCES.txt'
[0.549s] [100%] Built target ament_cmake_python_build_lab2_egg
[0.576s] Invoked command in '/home/dragon/FRA502-LAB-66340500051/build/lab2' returned '0': CMAKE_PREFIX_PATH=${CMAKE_PREFIX_PATH}:/opt/ros/humble /usr/bin/cmake --build /home/dragon/FRA502-LAB-66340500051/build/lab2 -- -j4 -l4
[0.576s] Invoking command in '/home/dragon/FRA502-LAB-66340500051/build/lab2': CMAKE_PREFIX_PATH=${CMAKE_PREFIX_PATH}:/opt/ros/humble /usr/bin/cmake --install /home/dragon/FRA502-LAB-66340500051/build/lab2
[0.588s] -- Install configuration: ""
[0.589s] -- Up-to-date: /home/dragon/FRA502-LAB-66340500051/install/lab2/share/lab2/environment/pythonpath.sh
[0.589s] -- Up-to-date: /home/dragon/FRA502-LAB-66340500051/install/lab2/share/lab2/environment/pythonpath.dsv
[0.589s] -- Up-to-date: /home/dragon/FRA502-LAB-66340500051/install/lab2/local/lib/python3.10/dist-packages/lab2-0.0.0-py3.10.egg-info
[0.590s] -- Installing: /home/dragon/FRA502-LAB-66340500051/install/lab2/local/lib/python3.10/dist-packages/lab2-0.0.0-py3.10.egg-info/PKG-INFO
[0.590s] -- Installing: /home/dragon/FRA502-LAB-66340500051/install/lab2/local/lib/python3.10/dist-packages/lab2-0.0.0-py3.10.egg-info/top_level.txt
[0.590s] -- Installing: /home/dragon/FRA502-LAB-66340500051/install/lab2/local/lib/python3.10/dist-packages/lab2-0.0.0-py3.10.egg-info/dependency_links.txt
[0.591s] -- Installing: /home/dragon/FRA502-LAB-66340500051/install/lab2/local/lib/python3.10/dist-packages/lab2-0.0.0-py3.10.egg-info/SOURCES.txt
[0.591s] -- Up-to-date: /home/dragon/FRA502-LAB-66340500051/install/lab2/local/lib/python3.10/dist-packages/lab2
[0.591s] -- Up-to-date: /home/dragon/FRA502-LAB-66340500051/install/lab2/local/lib/python3.10/dist-packages/lab2/dummy_module.py
[0.592s] -- Up-to-date: /home/dragon/FRA502-LAB-66340500051/install/lab2/local/lib/python3.10/dist-packages/lab2/__init__.py
[0.643s] Listing '/home/dragon/FRA502-LAB-66340500051/install/lab2/local/lib/python3.10/dist-packages/lab2'...
[0.650s] -- Up-to-date: /home/dragon/FRA502-LAB-66340500051/install/lab2/lib/lab2/dummy_script.py
[0.650s] -- Up-to-date: /home/dragon/FRA502-LAB-66340500051/install/lab2/lib/lab2/eater.py
[0.650s] -- Up-to-date: /home/dragon/FRA502-LAB-66340500051/install/lab2/lib/lab2/killer.py
[0.650s] -- Up-to-date: /home/dragon/FRA502-LAB-66340500051/install/lab2/lib/lab2/turtlesim_pose.py
[0.651s] -- Up-to-date: /home/dragon/FRA502-LAB-66340500051/install/lab2/lib/lab2/cpp_node_test
[0.652s] -- Up-to-date: /home/dragon/FRA502-LAB-66340500051/install/lab2/share/lab2
[0.652s] -- Up-to-date: /home/dragon/FRA502-LAB-66340500051/install/lab2/share/ament_index/resource_index/package_run_dependencies/lab2
[0.652s] -- Up-to-date: /home/dragon/FRA502-LAB-66340500051/install/lab2/share/ament_index/resource_index/parent_prefix_path/lab2
[0.652s] -- Up-to-date: /home/dragon/FRA502-LAB-66340500051/install/lab2/share/lab2/environment/ament_prefix_path.sh
[0.652s] -- Up-to-date: /home/dragon/FRA502-LAB-66340500051/install/lab2/share/lab2/environment/ament_prefix_path.dsv
[0.652s] -- Up-to-date: /home/dragon/FRA502-LAB-66340500051/install/lab2/share/lab2/environment/path.sh
[0.652s] -- Up-to-date: /home/dragon/FRA502-LAB-66340500051/install/lab2/share/lab2/environment/path.dsv
[0.652s] -- Up-to-date: /home/dragon/FRA502-LAB-66340500051/install/lab2/share/lab2/local_setup.bash
[0.652s] -- Up-to-date: /home/dragon/FRA502-LAB-66340500051/install/lab2/share/lab2/local_setup.sh
[0.652s] -- Up-to-date: /home/dragon/FRA502-LAB-66340500051/install/lab2/share/lab2/local_setup.zsh
[0.652s] -- Up-to-date: /home/dragon/FRA502-LAB-66340500051/install/lab2/share/lab2/local_setup.dsv
[0.652s] -- Installing: /home/dragon/FRA502-LAB-66340500051/install/lab2/share/lab2/package.dsv
[0.652s] -- Up-to-date: /home/dragon/FRA502-LAB-66340500051/install/lab2/share/ament_index/resource_index/packages/lab2
[0.653s] -- Up-to-date: /home/dragon/FRA502-LAB-66340500051/install/lab2/share/lab2/cmake/lab2Config.cmake
[0.653s] -- Up-to-date: /home/dragon/FRA502-LAB-66340500051/install/lab2/share/lab2/cmake/lab2Config-version.cmake
[0.653s] -- Up-to-date: /home/dragon/FRA502-LAB-66340500051/install/lab2/share/lab2/package.xml
[0.660s] Invoked command in '/home/dragon/FRA502-LAB-66340500051/build/lab2' returned '0': CMAKE_PREFIX_PATH=${CMAKE_PREFIX_PATH}:/opt/ros/humble /usr/bin/cmake --install /home/dragon/FRA502-LAB-66340500051/build/lab2
