[0.023s] Invoking command in '/home/dragon/FRA502-LAB-66340500051/build/lab3': CMAKE_PREFIX_PATH=${CMAKE_PREFIX_PATH}:/opt/ros/humble /usr/bin/cmake --build /home/dragon/FRA502-LAB-66340500051/build/lab3 -- -j4 -l4
[0.100s] [  0%] Built target ament_cmake_python_copy_lab3
[0.136s] [100%] Built target cpp_node_test
[0.476s] running egg_info
[0.477s] writing lab3.egg-info/PKG-INFO
[0.477s] writing dependency_links to lab3.egg-info/dependency_links.txt
[0.478s] writing top-level names to lab3.egg-info/top_level.txt
[0.481s] reading manifest file 'lab3.egg-info/SOURCES.txt'
[0.485s] writing manifest file 'lab3.egg-info/SOURCES.txt'
[0.536s] [100%] Built target ament_cmake_python_build_lab3_egg
[0.550s] Invoked command in '/home/dragon/FRA502-LAB-66340500051/build/lab3' returned '0': CMAKE_PREFIX_PATH=${CMAKE_PREFIX_PATH}:/opt/ros/humble /usr/bin/cmake --build /home/dragon/FRA502-LAB-66340500051/build/lab3 -- -j4 -l4
[0.551s] Invoking command in '/home/dragon/FRA502-LAB-66340500051/build/lab3': CMAKE_PREFIX_PATH=${CMAKE_PREFIX_PATH}:/opt/ros/humble /usr/bin/cmake --install /home/dragon/FRA502-LAB-66340500051/build/lab3
[0.558s] -- Install configuration: ""
[0.559s] -- Up-to-date: /home/dragon/FRA502-LAB-66340500051/install/lab3/share/lab3/environment/pythonpath.sh
[0.559s] -- Up-to-date: /home/dragon/FRA502-LAB-66340500051/install/lab3/share/lab3/environment/pythonpath.dsv
[0.559s] -- Up-to-date: /home/dragon/FRA502-LAB-66340500051/install/lab3/local/lib/python3.10/dist-packages/lab3-0.0.0-py3.10.egg-info
[0.560s] -- Installing: /home/dragon/FRA502-LAB-66340500051/install/lab3/local/lib/python3.10/dist-packages/lab3-0.0.0-py3.10.egg-info/PKG-INFO
[0.560s] -- Installing: /home/dragon/FRA502-LAB-66340500051/install/lab3/local/lib/python3.10/dist-packages/lab3-0.0.0-py3.10.egg-info/top_level.txt
[0.560s] -- Installing: /home/dragon/FRA502-LAB-66340500051/install/lab3/local/lib/python3.10/dist-packages/lab3-0.0.0-py3.10.egg-info/dependency_links.txt
[0.561s] -- Installing: /home/dragon/FRA502-LAB-66340500051/install/lab3/local/lib/python3.10/dist-packages/lab3-0.0.0-py3.10.egg-info/SOURCES.txt
[0.561s] -- Up-to-date: /home/dragon/FRA502-LAB-66340500051/install/lab3/local/lib/python3.10/dist-packages/lab3
[0.561s] -- Up-to-date: /home/dragon/FRA502-LAB-66340500051/install/lab3/local/lib/python3.10/dist-packages/lab3/dummy_module.py
[0.562s] -- Up-to-date: /home/dragon/FRA502-LAB-66340500051/install/lab3/local/lib/python3.10/dist-packages/lab3/__init__.py
[0.615s] Listing '/home/dragon/FRA502-LAB-66340500051/install/lab3/local/lib/python3.10/dist-packages/lab3'...
[0.624s] -- Up-to-date: /home/dragon/FRA502-LAB-66340500051/install/lab3/lib/lab3/dummy_script.py
[0.625s] -- Up-to-date: /home/dragon/FRA502-LAB-66340500051/install/lab3/lib/lab3/eater.py
[0.625s] -- Installing: /home/dragon/FRA502-LAB-66340500051/install/lab3/lib/lab3/killer.py
[0.625s] -- Up-to-date: /home/dragon/FRA502-LAB-66340500051/install/lab3/lib/lab3/cpp_node_test
[0.625s] -- Up-to-date: /home/dragon/FRA502-LAB-66340500051/install/lab3/share/lab3/launch
[0.625s] -- Up-to-date: /home/dragon/FRA502-LAB-66340500051/install/lab3/share/lab3/launch/run.launch.py
[0.625s] -- Up-to-date: /home/dragon/FRA502-LAB-66340500051/install/lab3/share/ament_index/resource_index/package_run_dependencies/lab3
[0.625s] -- Up-to-date: /home/dragon/FRA502-LAB-66340500051/install/lab3/share/ament_index/resource_index/parent_prefix_path/lab3
[0.625s] -- Up-to-date: /home/dragon/FRA502-LAB-66340500051/install/lab3/share/lab3/environment/ament_prefix_path.sh
[0.625s] -- Up-to-date: /home/dragon/FRA502-LAB-66340500051/install/lab3/share/lab3/environment/ament_prefix_path.dsv
[0.625s] -- Up-to-date: /home/dragon/FRA502-LAB-66340500051/install/lab3/share/lab3/environment/path.sh
[0.625s] -- Up-to-date: /home/dragon/FRA502-LAB-66340500051/install/lab3/share/lab3/environment/path.dsv
[0.626s] -- Up-to-date: /home/dragon/FRA502-LAB-66340500051/install/lab3/share/lab3/local_setup.bash
[0.626s] -- Up-to-date: /home/dragon/FRA502-LAB-66340500051/install/lab3/share/lab3/local_setup.sh
[0.626s] -- Up-to-date: /home/dragon/FRA502-LAB-66340500051/install/lab3/share/lab3/local_setup.zsh
[0.626s] -- Up-to-date: /home/dragon/FRA502-LAB-66340500051/install/lab3/share/lab3/local_setup.dsv
[0.626s] -- Installing: /home/dragon/FRA502-LAB-66340500051/install/lab3/share/lab3/package.dsv
[0.626s] -- Up-to-date: /home/dragon/FRA502-LAB-66340500051/install/lab3/share/ament_index/resource_index/packages/lab3
[0.627s] -- Up-to-date: /home/dragon/FRA502-LAB-66340500051/install/lab3/share/lab3/cmake/lab3Config.cmake
[0.628s] -- Up-to-date: /home/dragon/FRA502-LAB-66340500051/install/lab3/share/lab3/cmake/lab3Config-version.cmake
[0.629s] -- Up-to-date: /home/dragon/FRA502-LAB-66340500051/install/lab3/share/lab3/package.xml
[0.643s] Invoked command in '/home/dragon/FRA502-LAB-66340500051/build/lab3' returned '0': CMAKE_PREFIX_PATH=${CMAKE_PREFIX_PATH}:/opt/ros/humble /usr/bin/cmake --install /home/dragon/FRA502-LAB-66340500051/build/lab3
