[0.027s] Invoking command in '/home/dragon/FRA502-LAB-66340500051/build/controller_interfaces': CMAKE_PREFIX_PATH=${CMAKE_PREFIX_PATH}:/opt/ros/humble /usr/bin/cmake --build /home/dragon/FRA502-LAB-66340500051/build/controller_interfaces -- -j4 -l4
[0.106s] [  2%] Built target controller_interfaces__cpp
[0.131s] [  2%] Built target ament_cmake_python_copy_controller_interfaces
[0.136s] [ 12%] Built target controller_interfaces__rosidl_generator_c
[0.167s] [ 23%] Built target controller_interfaces__rosidl_typesupport_fastrtps_cpp
[0.179s] [ 33%] Built target controller_interfaces__rosidl_typesupport_cpp
[0.181s] [ 43%] Built target controller_interfaces__rosidl_typesupport_introspection_cpp
[0.197s] [ 53%] Built target controller_interfaces__rosidl_typesupport_fastrtps_c
[0.219s] [ 64%] Built target controller_interfaces__rosidl_typesupport_introspection_c
[0.246s] [ 74%] Built target controller_interfaces__rosidl_typesupport_c
[0.291s] [ 74%] Built target controller_interfaces
[0.342s] [ 76%] Built target controller_interfaces__py
[0.396s] [ 84%] Built target controller_interfaces__rosidl_generator_py
[0.453s] [ 89%] Built target controller_interfaces__rosidl_typesupport_fastrtps_c__pyext
[0.454s] [ 94%] Built target controller_interfaces__rosidl_typesupport_c__pyext
[0.457s] [100%] Built target controller_interfaces__rosidl_typesupport_introspection_c__pyext
[0.580s] running egg_info
[0.581s] writing controller_interfaces.egg-info/PKG-INFO
[0.582s] writing dependency_links to controller_interfaces.egg-info/dependency_links.txt
[0.582s] writing top-level names to controller_interfaces.egg-info/top_level.txt
[0.585s] reading manifest file 'controller_interfaces.egg-info/SOURCES.txt'
[0.586s] writing manifest file 'controller_interfaces.egg-info/SOURCES.txt'
[0.634s] [100%] Built target ament_cmake_python_build_controller_interfaces_egg
[0.655s] Invoked command in '/home/dragon/FRA502-LAB-66340500051/build/controller_interfaces' returned '0': CMAKE_PREFIX_PATH=${CMAKE_PREFIX_PATH}:/opt/ros/humble /usr/bin/cmake --build /home/dragon/FRA502-LAB-66340500051/build/controller_interfaces -- -j4 -l4
[0.663s] Invoking command in '/home/dragon/FRA502-LAB-66340500051/build/controller_interfaces': CMAKE_PREFIX_PATH=${CMAKE_PREFIX_PATH}:/opt/ros/humble /usr/bin/cmake --install /home/dragon/FRA502-LAB-66340500051/build/controller_interfaces
[0.674s] -- Install configuration: ""
[0.675s] -- Up-to-date: /home/dragon/FRA502-LAB-66340500051/install/controller_interfaces/share/ament_index/resource_index/rosidl_interfaces/controller_interfaces
[0.675s] -- Up-to-date: /home/dragon/FRA502-LAB-66340500051/install/controller_interfaces/include/controller_interfaces/controller_interfaces
[0.675s] -- Up-to-date: /home/dragon/FRA502-LAB-66340500051/install/controller_interfaces/include/controller_interfaces/controller_interfaces/msg
[0.675s] -- Up-to-date: /home/dragon/FRA502-LAB-66340500051/install/controller_interfaces/include/controller_interfaces/controller_interfaces/msg/rosidl_generator_c__visibility_control.h
[0.675s] -- Up-to-date: /home/dragon/FRA502-LAB-66340500051/install/controller_interfaces/include/controller_interfaces/controller_interfaces/srv
[0.675s] -- Up-to-date: /home/dragon/FRA502-LAB-66340500051/install/controller_interfaces/include/controller_interfaces/controller_interfaces/srv/set_param.h
[0.675s] -- Up-to-date: /home/dragon/FRA502-LAB-66340500051/install/controller_interfaces/include/controller_interfaces/controller_interfaces/srv/detail
[0.675s] -- Up-to-date: /home/dragon/FRA502-LAB-66340500051/install/controller_interfaces/include/controller_interfaces/controller_interfaces/srv/detail/set_param__functions.c
[0.676s] -- Up-to-date: /home/dragon/FRA502-LAB-66340500051/install/controller_interfaces/include/controller_interfaces/controller_interfaces/srv/detail/set_max_pizza__functions.h
[0.676s] -- Up-to-date: /home/dragon/FRA502-LAB-66340500051/install/controller_interfaces/include/controller_interfaces/controller_interfaces/srv/detail/set_max_pizza__type_support.h
[0.676s] -- Up-to-date: /home/dragon/FRA502-LAB-66340500051/install/controller_interfaces/include/controller_interfaces/controller_interfaces/srv/detail/set_param__functions.h
[0.676s] -- Up-to-date: /home/dragon/FRA502-LAB-66340500051/install/controller_interfaces/include/controller_interfaces/controller_interfaces/srv/detail/set_max_pizza__functions.c
[0.677s] -- Up-to-date: /home/dragon/FRA502-LAB-66340500051/install/controller_interfaces/include/controller_interfaces/controller_interfaces/srv/detail/set_max_pizza__struct.h
[0.677s] -- Up-to-date: /home/dragon/FRA502-LAB-66340500051/install/controller_interfaces/include/controller_interfaces/controller_interfaces/srv/detail/set_param__struct.h
[0.677s] -- Up-to-date: /home/dragon/FRA502-LAB-66340500051/install/controller_interfaces/include/controller_interfaces/controller_interfaces/srv/detail/set_param__type_support.h
[0.677s] -- Up-to-date: /home/dragon/FRA502-LAB-66340500051/install/controller_interfaces/include/controller_interfaces/controller_interfaces/srv/set_max_pizza.h
[0.678s] -- Up-to-date: /home/dragon/FRA502-LAB-66340500051/install/controller_interfaces/share/controller_interfaces/environment/library_path.sh
[0.678s] -- Up-to-date: /home/dragon/FRA502-LAB-66340500051/install/controller_interfaces/share/controller_interfaces/environment/library_path.dsv
[0.678s] -- Up-to-date: /home/dragon/FRA502-LAB-66340500051/install/controller_interfaces/lib/libcontroller_interfaces__rosidl_generator_c.so
[0.678s] -- Up-to-date: /home/dragon/FRA502-LAB-66340500051/install/controller_interfaces/include/controller_interfaces/controller_interfaces
[0.678s] -- Up-to-date: /home/dragon/FRA502-LAB-66340500051/install/controller_interfaces/include/controller_interfaces/controller_interfaces/msg
[0.679s] -- Up-to-date: /home/dragon/FRA502-LAB-66340500051/install/controller_interfaces/include/controller_interfaces/controller_interfaces/msg/rosidl_typesupport_fastrtps_c__visibility_control.h
[0.679s] -- Up-to-date: /home/dragon/FRA502-LAB-66340500051/install/controller_interfaces/include/controller_interfaces/controller_interfaces/srv
[0.679s] -- Up-to-date: /home/dragon/FRA502-LAB-66340500051/install/controller_interfaces/include/controller_interfaces/controller_interfaces/srv/detail
[0.680s] -- Up-to-date: /home/dragon/FRA502-LAB-66340500051/install/controller_interfaces/include/controller_interfaces/controller_interfaces/srv/detail/set_param__rosidl_typesupport_fastrtps_c.h
[0.680s] -- Up-to-date: /home/dragon/FRA502-LAB-66340500051/install/controller_interfaces/include/controller_interfaces/controller_interfaces/srv/detail/set_max_pizza__rosidl_typesupport_fastrtps_c.h
[0.680s] -- Up-to-date: /home/dragon/FRA502-LAB-66340500051/install/controller_interfaces/lib/libcontroller_interfaces__rosidl_typesupport_fastrtps_c.so
[0.680s] -- Up-to-date: /home/dragon/FRA502-LAB-66340500051/install/controller_interfaces/include/controller_interfaces/controller_interfaces
[0.680s] -- Up-to-date: /home/dragon/FRA502-LAB-66340500051/install/controller_interfaces/include/controller_interfaces/controller_interfaces/msg
[0.680s] -- Up-to-date: /home/dragon/FRA502-LAB-66340500051/install/controller_interfaces/include/controller_interfaces/controller_interfaces/msg/rosidl_generator_cpp__visibility_control.hpp
[0.680s] -- Up-to-date: /home/dragon/FRA502-LAB-66340500051/install/controller_interfaces/include/controller_interfaces/controller_interfaces/srv
[0.680s] -- Up-to-date: /home/dragon/FRA502-LAB-66340500051/install/controller_interfaces/include/controller_interfaces/controller_interfaces/srv/set_param.hpp
[0.681s] -- Up-to-date: /home/dragon/FRA502-LAB-66340500051/install/controller_interfaces/include/controller_interfaces/controller_interfaces/srv/detail
[0.681s] -- Up-to-date: /home/dragon/FRA502-LAB-66340500051/install/controller_interfaces/include/controller_interfaces/controller_interfaces/srv/detail/set_max_pizza__builder.hpp
[0.681s] -- Up-to-date: /home/dragon/FRA502-LAB-66340500051/install/controller_interfaces/include/controller_interfaces/controller_interfaces/srv/detail/set_param__builder.hpp
[0.681s] -- Up-to-date: /home/dragon/FRA502-LAB-66340500051/install/controller_interfaces/include/controller_interfaces/controller_interfaces/srv/detail/set_max_pizza__traits.hpp
[0.681s] -- Up-to-date: /home/dragon/FRA502-LAB-66340500051/install/controller_interfaces/include/controller_interfaces/controller_interfaces/srv/detail/set_param__traits.hpp
[0.681s] -- Up-to-date: /home/dragon/FRA502-LAB-66340500051/install/controller_interfaces/include/controller_interfaces/controller_interfaces/srv/detail/set_max_pizza__struct.hpp
[0.681s] -- Up-to-date: /home/dragon/FRA502-LAB-66340500051/install/controller_interfaces/include/controller_interfaces/controller_interfaces/srv/detail/set_param__struct.hpp
[0.681s] -- Up-to-date: /home/dragon/FRA502-LAB-66340500051/install/controller_interfaces/include/controller_interfaces/controller_interfaces/srv/detail/set_param__type_support.hpp
[0.681s] -- Up-to-date: /home/dragon/FRA502-LAB-66340500051/install/controller_interfaces/include/controller_interfaces/controller_interfaces/srv/detail/set_max_pizza__type_support.hpp
[0.681s] -- Up-to-date: /home/dragon/FRA502-LAB-66340500051/install/controller_interfaces/include/controller_interfaces/controller_interfaces/srv/set_max_pizza.hpp
[0.681s] -- Up-to-date: /home/dragon/FRA502-LAB-66340500051/install/controller_interfaces/include/controller_interfaces/controller_interfaces
[0.683s] -- Up-to-date: /home/dragon/FRA502-LAB-66340500051/install/controller_interfaces/include/controller_interfaces/controller_interfaces/msg
[0.686s] -- Up-to-date: /home/dragon/FRA502-LAB-66340500051/install/controller_interfaces/include/controller_interfaces/controller_interfaces/msg/rosidl_typesupport_fastrtps_cpp__visibility_control.h
[0.687s] -- Up-to-date: /home/dragon/FRA502-LAB-66340500051/install/controller_interfaces/include/controller_interfaces/controller_interfaces/srv
[0.687s] -- Up-to-date: /home/dragon/FRA502-LAB-66340500051/install/controller_interfaces/include/controller_interfaces/controller_interfaces/srv/detail
[0.687s] -- Up-to-date: /home/dragon/FRA502-LAB-66340500051/install/controller_interfaces/include/controller_interfaces/controller_interfaces/srv/detail/set_param__rosidl_typesupport_fastrtps_cpp.hpp
[0.687s] -- Up-to-date: /home/dragon/FRA502-LAB-66340500051/install/controller_interfaces/include/controller_interfaces/controller_interfaces/srv/detail/dds_fastrtps
[0.687s] -- Up-to-date: /home/dragon/FRA502-LAB-66340500051/install/controller_interfaces/include/controller_interfaces/controller_interfaces/srv/detail/set_max_pizza__rosidl_typesupport_fastrtps_cpp.hpp
[0.687s] -- Up-to-date: /home/dragon/FRA502-LAB-66340500051/install/controller_interfaces/lib/libcontroller_interfaces__rosidl_typesupport_fastrtps_cpp.so
[0.687s] -- Up-to-date: /home/dragon/FRA502-LAB-66340500051/install/controller_interfaces/include/controller_interfaces/controller_interfaces
[0.687s] -- Up-to-date: /home/dragon/FRA502-LAB-66340500051/install/controller_interfaces/include/controller_interfaces/controller_interfaces/msg
[0.687s] -- Up-to-date: /home/dragon/FRA502-LAB-66340500051/install/controller_interfaces/include/controller_interfaces/controller_interfaces/msg/rosidl_typesupport_introspection_c__visibility_control.h
[0.687s] -- Up-to-date: /home/dragon/FRA502-LAB-66340500051/install/controller_interfaces/include/controller_interfaces/controller_interfaces/srv
[0.687s] -- Up-to-date: /home/dragon/FRA502-LAB-66340500051/install/controller_interfaces/include/controller_interfaces/controller_interfaces/srv/detail
[0.687s] -- Up-to-date: /home/dragon/FRA502-LAB-66340500051/install/controller_interfaces/include/controller_interfaces/controller_interfaces/srv/detail/set_max_pizza__type_support.c
[0.688s] -- Up-to-date: /home/dragon/FRA502-LAB-66340500051/install/controller_interfaces/include/controller_interfaces/controller_interfaces/srv/detail/set_max_pizza__rosidl_typesupport_introspection_c.h
[0.688s] -- Up-to-date: /home/dragon/FRA502-LAB-66340500051/install/controller_interfaces/include/controller_interfaces/controller_interfaces/srv/detail/set_param__rosidl_typesupport_introspection_c.h
[0.688s] -- Up-to-date: /home/dragon/FRA502-LAB-66340500051/install/controller_interfaces/include/controller_interfaces/controller_interfaces/srv/detail/set_param__type_support.c
[0.688s] -- Up-to-date: /home/dragon/FRA502-LAB-66340500051/install/controller_interfaces/lib/libcontroller_interfaces__rosidl_typesupport_introspection_c.so
[0.688s] -- Up-to-date: /home/dragon/FRA502-LAB-66340500051/install/controller_interfaces/lib/libcontroller_interfaces__rosidl_typesupport_c.so
[0.688s] -- Up-to-date: /home/dragon/FRA502-LAB-66340500051/install/controller_interfaces/include/controller_interfaces/controller_interfaces
[0.688s] -- Up-to-date: /home/dragon/FRA502-LAB-66340500051/install/controller_interfaces/include/controller_interfaces/controller_interfaces/srv
[0.688s] -- Up-to-date: /home/dragon/FRA502-LAB-66340500051/install/controller_interfaces/include/controller_interfaces/controller_interfaces/srv/detail
[0.688s] -- Up-to-date: /home/dragon/FRA502-LAB-66340500051/install/controller_interfaces/include/controller_interfaces/controller_interfaces/srv/detail/set_max_pizza__type_support.cpp
[0.688s] -- Up-to-date: /home/dragon/FRA502-LAB-66340500051/install/controller_interfaces/include/controller_interfaces/controller_interfaces/srv/detail/set_max_pizza__rosidl_typesupport_introspection_cpp.hpp
[0.688s] -- Up-to-date: /home/dragon/FRA502-LAB-66340500051/install/controller_interfaces/include/controller_interfaces/controller_interfaces/srv/detail/set_param__type_support.cpp
[0.689s] -- Up-to-date: /home/dragon/FRA502-LAB-66340500051/install/controller_interfaces/include/controller_interfaces/controller_interfaces/srv/detail/set_param__rosidl_typesupport_introspection_cpp.hpp
[0.689s] -- Up-to-date: /home/dragon/FRA502-LAB-66340500051/install/controller_interfaces/lib/libcontroller_interfaces__rosidl_typesupport_introspection_cpp.so
[0.689s] -- Up-to-date: /home/dragon/FRA502-LAB-66340500051/install/controller_interfaces/lib/libcontroller_interfaces__rosidl_typesupport_cpp.so
[0.689s] -- Up-to-date: /home/dragon/FRA502-LAB-66340500051/install/controller_interfaces/share/controller_interfaces/environment/pythonpath.sh
[0.689s] -- Up-to-date: /home/dragon/FRA502-LAB-66340500051/install/controller_interfaces/share/controller_interfaces/environment/pythonpath.dsv
[0.689s] -- Up-to-date: /home/dragon/FRA502-LAB-66340500051/install/controller_interfaces/local/lib/python3.10/dist-packages/controller_interfaces-0.0.0-py3.10.egg-info
[0.689s] -- Installing: /home/dragon/FRA502-LAB-66340500051/install/controller_interfaces/local/lib/python3.10/dist-packages/controller_interfaces-0.0.0-py3.10.egg-info/PKG-INFO
[0.689s] -- Installing: /home/dragon/FRA502-LAB-66340500051/install/controller_interfaces/local/lib/python3.10/dist-packages/controller_interfaces-0.0.0-py3.10.egg-info/top_level.txt
[0.689s] -- Installing: /home/dragon/FRA502-LAB-66340500051/install/controller_interfaces/local/lib/python3.10/dist-packages/controller_interfaces-0.0.0-py3.10.egg-info/dependency_links.txt
[0.689s] -- Installing: /home/dragon/FRA502-LAB-66340500051/install/controller_interfaces/local/lib/python3.10/dist-packages/controller_interfaces-0.0.0-py3.10.egg-info/SOURCES.txt
[0.690s] -- Up-to-date: /home/dragon/FRA502-LAB-66340500051/install/controller_interfaces/local/lib/python3.10/dist-packages/controller_interfaces
[0.690s] -- Up-to-date: /home/dragon/FRA502-LAB-66340500051/install/controller_interfaces/local/lib/python3.10/dist-packages/controller_interfaces/controller_interfaces_s__rosidl_typesupport_fastrtps_c.cpython-310-x86_64-linux-gnu.so
[0.690s] -- Up-to-date: /home/dragon/FRA502-LAB-66340500051/install/controller_interfaces/local/lib/python3.10/dist-packages/controller_interfaces/_controller_interfaces_s.ep.rosidl_typesupport_fastrtps_c.c
[0.690s] -- Up-to-date: /home/dragon/FRA502-LAB-66340500051/install/controller_interfaces/local/lib/python3.10/dist-packages/controller_interfaces/_controller_interfaces_s.ep.rosidl_typesupport_c.c
[0.690s] -- Up-to-date: /home/dragon/FRA502-LAB-66340500051/install/controller_interfaces/local/lib/python3.10/dist-packages/controller_interfaces/controller_interfaces_s__rosidl_typesupport_introspection_c.cpython-310-x86_64-linux-gnu.so
[0.691s] -- Up-to-date: /home/dragon/FRA502-LAB-66340500051/install/controller_interfaces/local/lib/python3.10/dist-packages/controller_interfaces/controller_interfaces_s__rosidl_typesupport_c.cpython-310-x86_64-linux-gnu.so
[0.691s] -- Up-to-date: /home/dragon/FRA502-LAB-66340500051/install/controller_interfaces/local/lib/python3.10/dist-packages/controller_interfaces/__init__.py
[0.691s] -- Up-to-date: /home/dragon/FRA502-LAB-66340500051/install/controller_interfaces/local/lib/python3.10/dist-packages/controller_interfaces/srv
[0.691s] -- Up-to-date: /home/dragon/FRA502-LAB-66340500051/install/controller_interfaces/local/lib/python3.10/dist-packages/controller_interfaces/srv/_set_param_s.c
[0.691s] -- Up-to-date: /home/dragon/FRA502-LAB-66340500051/install/controller_interfaces/local/lib/python3.10/dist-packages/controller_interfaces/srv/_set_max_pizza.py
[0.691s] -- Up-to-date: /home/dragon/FRA502-LAB-66340500051/install/controller_interfaces/local/lib/python3.10/dist-packages/controller_interfaces/srv/_set_param.py
[0.691s] -- Up-to-date: /home/dragon/FRA502-LAB-66340500051/install/controller_interfaces/local/lib/python3.10/dist-packages/controller_interfaces/srv/_set_max_pizza_s.c
[0.691s] -- Up-to-date: /home/dragon/FRA502-LAB-66340500051/install/controller_interfaces/local/lib/python3.10/dist-packages/controller_interfaces/srv/__init__.py
[0.691s] -- Up-to-date: /home/dragon/FRA502-LAB-66340500051/install/controller_interfaces/local/lib/python3.10/dist-packages/controller_interfaces/_controller_interfaces_s.ep.rosidl_typesupport_introspection_c.c
[0.691s] -- Up-to-date: /home/dragon/FRA502-LAB-66340500051/install/controller_interfaces/local/lib/python3.10/dist-packages/controller_interfaces/libcontroller_interfaces__rosidl_generator_py.so
[0.736s] Listing '/home/dragon/FRA502-LAB-66340500051/install/controller_interfaces/local/lib/python3.10/dist-packages/controller_interfaces'...
[0.736s] Listing '/home/dragon/FRA502-LAB-66340500051/install/controller_interfaces/local/lib/python3.10/dist-packages/controller_interfaces/srv'...
[0.745s] -- Up-to-date: /home/dragon/FRA502-LAB-66340500051/install/controller_interfaces/local/lib/python3.10/dist-packages/controller_interfaces/controller_interfaces_s__rosidl_typesupport_fastrtps_c.cpython-310-x86_64-linux-gnu.so
[0.746s] -- Up-to-date: /home/dragon/FRA502-LAB-66340500051/install/controller_interfaces/local/lib/python3.10/dist-packages/controller_interfaces/controller_interfaces_s__rosidl_typesupport_introspection_c.cpython-310-x86_64-linux-gnu.so
[0.748s] -- Up-to-date: /home/dragon/FRA502-LAB-66340500051/install/controller_interfaces/local/lib/python3.10/dist-packages/controller_interfaces/controller_interfaces_s__rosidl_typesupport_c.cpython-310-x86_64-linux-gnu.so
[0.748s] -- Up-to-date: /home/dragon/FRA502-LAB-66340500051/install/controller_interfaces/lib/libcontroller_interfaces__rosidl_generator_py.so
[0.748s] -- Up-to-date: /home/dragon/FRA502-LAB-66340500051/install/controller_interfaces/share/controller_interfaces/srv/SetMaxPizza.idl
[0.749s] -- Up-to-date: /home/dragon/FRA502-LAB-66340500051/install/controller_interfaces/share/controller_interfaces/srv/SetParam.idl
[0.749s] -- Up-to-date: /home/dragon/FRA502-LAB-66340500051/install/controller_interfaces/share/controller_interfaces/srv/SetMaxPizza.srv
[0.750s] -- Up-to-date: /home/dragon/FRA502-LAB-66340500051/install/controller_interfaces/share/controller_interfaces/srv/SetMaxPizza_Request.msg
[0.750s] -- Up-to-date: /home/dragon/FRA502-LAB-66340500051/install/controller_interfaces/share/controller_interfaces/srv/SetMaxPizza_Response.msg
[0.750s] -- Up-to-date: /home/dragon/FRA502-LAB-66340500051/install/controller_interfaces/share/controller_interfaces/srv/SetParam.srv
[0.750s] -- Up-to-date: /home/dragon/FRA502-LAB-66340500051/install/controller_interfaces/share/controller_interfaces/srv/SetParam_Request.msg
[0.750s] -- Up-to-date: /home/dragon/FRA502-LAB-66340500051/install/controller_interfaces/share/controller_interfaces/srv/SetParam_Response.msg
[0.751s] -- Up-to-date: /home/dragon/FRA502-LAB-66340500051/install/controller_interfaces/share/ament_index/resource_index/package_run_dependencies/controller_interfaces
[0.751s] -- Up-to-date: /home/dragon/FRA502-LAB-66340500051/install/controller_interfaces/share/ament_index/resource_index/parent_prefix_path/controller_interfaces
[0.751s] -- Up-to-date: /home/dragon/FRA502-LAB-66340500051/install/controller_interfaces/share/controller_interfaces/environment/ament_prefix_path.sh
[0.751s] -- Up-to-date: /home/dragon/FRA502-LAB-66340500051/install/controller_interfaces/share/controller_interfaces/environment/ament_prefix_path.dsv
[0.752s] -- Up-to-date: /home/dragon/FRA502-LAB-66340500051/install/controller_interfaces/share/controller_interfaces/environment/path.sh
[0.752s] -- Up-to-date: /home/dragon/FRA502-LAB-66340500051/install/controller_interfaces/share/controller_interfaces/environment/path.dsv
[0.752s] -- Up-to-date: /home/dragon/FRA502-LAB-66340500051/install/controller_interfaces/share/controller_interfaces/local_setup.bash
[0.752s] -- Up-to-date: /home/dragon/FRA502-LAB-66340500051/install/controller_interfaces/share/controller_interfaces/local_setup.sh
[0.752s] -- Up-to-date: /home/dragon/FRA502-LAB-66340500051/install/controller_interfaces/share/controller_interfaces/local_setup.zsh
[0.752s] -- Up-to-date: /home/dragon/FRA502-LAB-66340500051/install/controller_interfaces/share/controller_interfaces/local_setup.dsv
[0.752s] -- Installing: /home/dragon/FRA502-LAB-66340500051/install/controller_interfaces/share/controller_interfaces/package.dsv
[0.752s] -- Up-to-date: /home/dragon/FRA502-LAB-66340500051/install/controller_interfaces/share/ament_index/resource_index/packages/controller_interfaces
[0.753s] -- Up-to-date: /home/dragon/FRA502-LAB-66340500051/install/controller_interfaces/share/controller_interfaces/cmake/export_controller_interfaces__rosidl_generator_cExport.cmake
[0.753s] -- Up-to-date: /home/dragon/FRA502-LAB-66340500051/install/controller_interfaces/share/controller_interfaces/cmake/export_controller_interfaces__rosidl_generator_cExport-noconfig.cmake
[0.753s] -- Up-to-date: /home/dragon/FRA502-LAB-66340500051/install/controller_interfaces/share/controller_interfaces/cmake/export_controller_interfaces__rosidl_typesupport_fastrtps_cExport.cmake
[0.753s] -- Up-to-date: /home/dragon/FRA502-LAB-66340500051/install/controller_interfaces/share/controller_interfaces/cmake/export_controller_interfaces__rosidl_typesupport_fastrtps_cExport-noconfig.cmake
[0.753s] -- Up-to-date: /home/dragon/FRA502-LAB-66340500051/install/controller_interfaces/share/controller_interfaces/cmake/export_controller_interfaces__rosidl_generator_cppExport.cmake
[0.754s] -- Up-to-date: /home/dragon/FRA502-LAB-66340500051/install/controller_interfaces/share/controller_interfaces/cmake/export_controller_interfaces__rosidl_typesupport_fastrtps_cppExport.cmake
[0.754s] -- Up-to-date: /home/dragon/FRA502-LAB-66340500051/install/controller_interfaces/share/controller_interfaces/cmake/export_controller_interfaces__rosidl_typesupport_fastrtps_cppExport-noconfig.cmake
[0.754s] -- Up-to-date: /home/dragon/FRA502-LAB-66340500051/install/controller_interfaces/share/controller_interfaces/cmake/controller_interfaces__rosidl_typesupport_introspection_cExport.cmake
[0.754s] -- Up-to-date: /home/dragon/FRA502-LAB-66340500051/install/controller_interfaces/share/controller_interfaces/cmake/controller_interfaces__rosidl_typesupport_introspection_cExport-noconfig.cmake
[0.755s] -- Up-to-date: /home/dragon/FRA502-LAB-66340500051/install/controller_interfaces/share/controller_interfaces/cmake/controller_interfaces__rosidl_typesupport_cExport.cmake
[0.755s] -- Up-to-date: /home/dragon/FRA502-LAB-66340500051/install/controller_interfaces/share/controller_interfaces/cmake/controller_interfaces__rosidl_typesupport_cExport-noconfig.cmake
[0.756s] -- Up-to-date: /home/dragon/FRA502-LAB-66340500051/install/controller_interfaces/share/controller_interfaces/cmake/controller_interfaces__rosidl_typesupport_introspection_cppExport.cmake
[0.756s] -- Up-to-date: /home/dragon/FRA502-LAB-66340500051/install/controller_interfaces/share/controller_interfaces/cmake/controller_interfaces__rosidl_typesupport_introspection_cppExport-noconfig.cmake
[0.756s] -- Up-to-date: /home/dragon/FRA502-LAB-66340500051/install/controller_interfaces/share/controller_interfaces/cmake/controller_interfaces__rosidl_typesupport_cppExport.cmake
[0.756s] -- Up-to-date: /home/dragon/FRA502-LAB-66340500051/install/controller_interfaces/share/controller_interfaces/cmake/controller_interfaces__rosidl_typesupport_cppExport-noconfig.cmake
[0.757s] -- Up-to-date: /home/dragon/FRA502-LAB-66340500051/install/controller_interfaces/share/controller_interfaces/cmake/export_controller_interfaces__rosidl_generator_pyExport.cmake
[0.757s] -- Up-to-date: /home/dragon/FRA502-LAB-66340500051/install/controller_interfaces/share/controller_interfaces/cmake/export_controller_interfaces__rosidl_generator_pyExport-noconfig.cmake
[0.757s] -- Up-to-date: /home/dragon/FRA502-LAB-66340500051/install/controller_interfaces/share/controller_interfaces/cmake/rosidl_cmake-extras.cmake
[0.757s] -- Up-to-date: /home/dragon/FRA502-LAB-66340500051/install/controller_interfaces/share/controller_interfaces/cmake/ament_cmake_export_dependencies-extras.cmake
[0.757s] -- Up-to-date: /home/dragon/FRA502-LAB-66340500051/install/controller_interfaces/share/controller_interfaces/cmake/ament_cmake_export_include_directories-extras.cmake
[0.758s] -- Up-to-date: /home/dragon/FRA502-LAB-66340500051/install/controller_interfaces/share/controller_interfaces/cmake/ament_cmake_export_libraries-extras.cmake
[0.758s] -- Up-to-date: /home/dragon/FRA502-LAB-66340500051/install/controller_interfaces/share/controller_interfaces/cmake/ament_cmake_export_targets-extras.cmake
[0.758s] -- Up-to-date: /home/dragon/FRA502-LAB-66340500051/install/controller_interfaces/share/controller_interfaces/cmake/rosidl_cmake_export_typesupport_targets-extras.cmake
[0.758s] -- Up-to-date: /home/dragon/FRA502-LAB-66340500051/install/controller_interfaces/share/controller_interfaces/cmake/rosidl_cmake_export_typesupport_libraries-extras.cmake
[0.760s] -- Up-to-date: /home/dragon/FRA502-LAB-66340500051/install/controller_interfaces/share/controller_interfaces/cmake/controller_interfacesConfig.cmake
[0.760s] -- Up-to-date: /home/dragon/FRA502-LAB-66340500051/install/controller_interfaces/share/controller_interfaces/cmake/controller_interfacesConfig-version.cmake
[0.761s] -- Up-to-date: /home/dragon/FRA502-LAB-66340500051/install/controller_interfaces/share/controller_interfaces/package.xml
[0.768s] Invoked command in '/home/dragon/FRA502-LAB-66340500051/build/controller_interfaces' returned '0': CMAKE_PREFIX_PATH=${CMAKE_PREFIX_PATH}:/opt/ros/humble /usr/bin/cmake --install /home/dragon/FRA502-LAB-66340500051/build/controller_interfaces
