[0.126s] DEBUG:colcon:Command line arguments: ['/usr/bin/colcon', 'build']
[0.126s] DEBUG:colcon:Parsed command line arguments: Namespace(log_base=None, log_level=None, verb_name='build', build_base='build', install_base='install', merge_install=False, symlink_install=False, test_result_base=None, continue_on_error=False, executor='parallel', parallel_workers=4, event_handlers=None, ignore_user_meta=False, metas=['./colcon.meta'], base_paths=['.'], packages_ignore=None, packages_ignore_regex=None, paths=None, packages_up_to=None, packages_up_to_regex=None, packages_above=None, packages_above_and_dependencies=None, packages_above_depth=None, packages_select_by_dep=None, packages_skip_by_dep=None, packages_skip_up_to=None, packages_select_build_failed=False, packages_skip_build_finished=False, packages_select_test_failures=False, packages_skip_test_passed=False, packages_select=None, packages_skip=None, packages_select_regex=None, packages_skip_regex=None, packages_start=None, packages_end=None, allow_overriding=[], cmake_args=None, cmake_target=None, cmake_target_skip_unavailable=False, cmake_clean_cache=False, cmake_clean_first=False, cmake_force_configure=False, ament_cmake_args=None, catkin_cmake_args=None, catkin_skip_building_tests=False, verb_parser=<colcon_defaults.argument_parser.defaults.DefaultArgumentsDecorator object at 0x77fe70d6d270>, verb_extension=<colcon_core.verb.build.BuildVerb object at 0x77fe70ee6890>, main=<bound method BuildVerb.main of <colcon_core.verb.build.BuildVerb object at 0x77fe70ee6890>>)
[0.319s] Level 1:colcon.colcon_core.package_discovery:discover_packages(colcon_meta) check parameters
[0.319s] Level 1:colcon.colcon_core.package_discovery:discover_packages(recursive) check parameters
[0.319s] Level 1:colcon.colcon_core.package_discovery:discover_packages(ignore) check parameters
[0.319s] Level 1:colcon.colcon_core.package_discovery:discover_packages(path) check parameters
[0.319s] Level 1:colcon.colcon_core.package_discovery:discover_packages(colcon_meta) discover
[0.320s] Level 1:colcon.colcon_core.package_discovery:discover_packages(recursive) discover
[0.320s] INFO:colcon.colcon_core.package_discovery:Crawling recursively for packages in '/home/dragon/FRA502-LAB-66340500051'
[0.320s] Level 1:colcon.colcon_core.package_identification:_identify(.) by extensions ['ignore', 'ignore_ament_install']
[0.320s] Level 1:colcon.colcon_core.package_identification:_identify(.) by extension 'ignore'
[0.320s] Level 1:colcon.colcon_core.package_identification:_identify(.) by extension 'ignore_ament_install'
[0.320s] Level 1:colcon.colcon_core.package_identification:_identify(.) by extensions ['colcon_pkg']
[0.320s] Level 1:colcon.colcon_core.package_identification:_identify(.) by extension 'colcon_pkg'
[0.320s] Level 1:colcon.colcon_core.package_identification:_identify(.) by extensions ['colcon_meta']
[0.320s] Level 1:colcon.colcon_core.package_identification:_identify(.) by extension 'colcon_meta'
[0.320s] Level 1:colcon.colcon_core.package_identification:_identify(.) by extensions ['ros']
[0.320s] Level 1:colcon.colcon_core.package_identification:_identify(.) by extension 'ros'
[0.331s] Level 1:colcon.colcon_core.package_identification:_identify(.) by extensions ['cmake', 'python']
[0.331s] Level 1:colcon.colcon_core.package_identification:_identify(.) by extension 'cmake'
[0.331s] Level 1:colcon.colcon_core.package_identification:_identify(.) by extension 'python'
[0.331s] Level 1:colcon.colcon_core.package_identification:_identify(.) by extensions ['python_setup_py']
[0.332s] Level 1:colcon.colcon_core.package_identification:_identify(.) by extension 'python_setup_py'
[0.332s] Level 1:colcon.colcon_core.package_identification:_identify(build) by extensions ['ignore', 'ignore_ament_install']
[0.332s] Level 1:colcon.colcon_core.package_identification:_identify(build) by extension 'ignore'
[0.332s] Level 1:colcon.colcon_core.package_identification:_identify(build) ignored
[0.332s] Level 1:colcon.colcon_core.package_identification:_identify(install) by extensions ['ignore', 'ignore_ament_install']
[0.332s] Level 1:colcon.colcon_core.package_identification:_identify(install) by extension 'ignore'
[0.332s] Level 1:colcon.colcon_core.package_identification:_identify(install) ignored
[0.332s] Level 1:colcon.colcon_core.package_identification:_identify(log) by extensions ['ignore', 'ignore_ament_install']
[0.332s] Level 1:colcon.colcon_core.package_identification:_identify(log) by extension 'ignore'
[0.332s] Level 1:colcon.colcon_core.package_identification:_identify(log) ignored
[0.333s] Level 1:colcon.colcon_core.package_identification:_identify(src) by extensions ['ignore', 'ignore_ament_install']
[0.333s] Level 1:colcon.colcon_core.package_identification:_identify(src) by extension 'ignore'
[0.333s] Level 1:colcon.colcon_core.package_identification:_identify(src) by extension 'ignore_ament_install'
[0.333s] Level 1:colcon.colcon_core.package_identification:_identify(src) by extensions ['colcon_pkg']
[0.333s] Level 1:colcon.colcon_core.package_identification:_identify(src) by extension 'colcon_pkg'
[0.333s] Level 1:colcon.colcon_core.package_identification:_identify(src) by extensions ['colcon_meta']
[0.333s] Level 1:colcon.colcon_core.package_identification:_identify(src) by extension 'colcon_meta'
[0.333s] Level 1:colcon.colcon_core.package_identification:_identify(src) by extensions ['ros']
[0.333s] Level 1:colcon.colcon_core.package_identification:_identify(src) by extension 'ros'
[0.333s] Level 1:colcon.colcon_core.package_identification:_identify(src) by extensions ['cmake', 'python']
[0.333s] Level 1:colcon.colcon_core.package_identification:_identify(src) by extension 'cmake'
[0.333s] Level 1:colcon.colcon_core.package_identification:_identify(src) by extension 'python'
[0.333s] Level 1:colcon.colcon_core.package_identification:_identify(src) by extensions ['python_setup_py']
[0.333s] Level 1:colcon.colcon_core.package_identification:_identify(src) by extension 'python_setup_py'
[0.333s] Level 1:colcon.colcon_core.package_identification:_identify(src/build) by extensions ['ignore', 'ignore_ament_install']
[0.333s] Level 1:colcon.colcon_core.package_identification:_identify(src/build) by extension 'ignore'
[0.334s] Level 1:colcon.colcon_core.package_identification:_identify(src/build) ignored
[0.334s] Level 1:colcon.colcon_core.package_identification:_identify(src/controller_interfaces) by extensions ['ignore', 'ignore_ament_install']
[0.334s] Level 1:colcon.colcon_core.package_identification:_identify(src/controller_interfaces) by extension 'ignore'
[0.334s] Level 1:colcon.colcon_core.package_identification:_identify(src/controller_interfaces) by extension 'ignore_ament_install'
[0.334s] Level 1:colcon.colcon_core.package_identification:_identify(src/controller_interfaces) by extensions ['colcon_pkg']
[0.334s] Level 1:colcon.colcon_core.package_identification:_identify(src/controller_interfaces) by extension 'colcon_pkg'
[0.334s] Level 1:colcon.colcon_core.package_identification:_identify(src/controller_interfaces) by extensions ['colcon_meta']
[0.334s] Level 1:colcon.colcon_core.package_identification:_identify(src/controller_interfaces) by extension 'colcon_meta'
[0.334s] Level 1:colcon.colcon_core.package_identification:_identify(src/controller_interfaces) by extensions ['ros']
[0.334s] Level 1:colcon.colcon_core.package_identification:_identify(src/controller_interfaces) by extension 'ros'
[0.337s] DEBUG:colcon.colcon_core.package_identification:Package 'src/controller_interfaces' with type 'ros.ament_cmake' and name 'controller_interfaces'
[0.337s] Level 1:colcon.colcon_core.package_identification:_identify(src/install) by extensions ['ignore', 'ignore_ament_install']
[0.337s] Level 1:colcon.colcon_core.package_identification:_identify(src/install) by extension 'ignore'
[0.337s] Level 1:colcon.colcon_core.package_identification:_identify(src/install) ignored
[0.337s] Level 1:colcon.colcon_core.package_identification:_identify(src/lab2) by extensions ['ignore', 'ignore_ament_install']
[0.337s] Level 1:colcon.colcon_core.package_identification:_identify(src/lab2) by extension 'ignore'
[0.337s] Level 1:colcon.colcon_core.package_identification:_identify(src/lab2) by extension 'ignore_ament_install'
[0.338s] Level 1:colcon.colcon_core.package_identification:_identify(src/lab2) by extensions ['colcon_pkg']
[0.338s] Level 1:colcon.colcon_core.package_identification:_identify(src/lab2) by extension 'colcon_pkg'
[0.338s] Level 1:colcon.colcon_core.package_identification:_identify(src/lab2) by extensions ['colcon_meta']
[0.338s] Level 1:colcon.colcon_core.package_identification:_identify(src/lab2) by extension 'colcon_meta'
[0.338s] Level 1:colcon.colcon_core.package_identification:_identify(src/lab2) by extensions ['ros']
[0.338s] Level 1:colcon.colcon_core.package_identification:_identify(src/lab2) by extension 'ros'
[0.339s] DEBUG:colcon.colcon_core.package_identification:Package 'src/lab2' with type 'ros.ament_cmake' and name 'lab2'
[0.339s] Level 1:colcon.colcon_core.package_identification:_identify(src/lab3) by extensions ['ignore', 'ignore_ament_install']
[0.339s] Level 1:colcon.colcon_core.package_identification:_identify(src/lab3) by extension 'ignore'
[0.339s] Level 1:colcon.colcon_core.package_identification:_identify(src/lab3) by extension 'ignore_ament_install'
[0.339s] Level 1:colcon.colcon_core.package_identification:_identify(src/lab3) by extensions ['colcon_pkg']
[0.339s] Level 1:colcon.colcon_core.package_identification:_identify(src/lab3) by extension 'colcon_pkg'
[0.339s] Level 1:colcon.colcon_core.package_identification:_identify(src/lab3) by extensions ['colcon_meta']
[0.339s] Level 1:colcon.colcon_core.package_identification:_identify(src/lab3) by extension 'colcon_meta'
[0.339s] Level 1:colcon.colcon_core.package_identification:_identify(src/lab3) by extensions ['ros']
[0.339s] Level 1:colcon.colcon_core.package_identification:_identify(src/lab3) by extension 'ros'
[0.340s] DEBUG:colcon.colcon_core.package_identification:Package 'src/lab3' with type 'ros.ament_cmake' and name 'lab3'
[0.340s] Level 1:colcon.colcon_core.package_identification:_identify(src/log) by extensions ['ignore', 'ignore_ament_install']
[0.340s] Level 1:colcon.colcon_core.package_identification:_identify(src/log) by extension 'ignore'
[0.340s] Level 1:colcon.colcon_core.package_identification:_identify(src/log) ignored
[0.340s] Level 1:colcon.colcon_core.package_identification:_identify(src/turtlesim_plus) by extensions ['ignore', 'ignore_ament_install']
[0.340s] Level 1:colcon.colcon_core.package_identification:_identify(src/turtlesim_plus) by extension 'ignore'
[0.340s] Level 1:colcon.colcon_core.package_identification:_identify(src/turtlesim_plus) by extension 'ignore_ament_install'
[0.340s] Level 1:colcon.colcon_core.package_identification:_identify(src/turtlesim_plus) by extensions ['colcon_pkg']
[0.340s] Level 1:colcon.colcon_core.package_identification:_identify(src/turtlesim_plus) by extension 'colcon_pkg'
[0.340s] Level 1:colcon.colcon_core.package_identification:_identify(src/turtlesim_plus) by extensions ['colcon_meta']
[0.340s] Level 1:colcon.colcon_core.package_identification:_identify(src/turtlesim_plus) by extension 'colcon_meta'
[0.341s] Level 1:colcon.colcon_core.package_identification:_identify(src/turtlesim_plus) by extensions ['ros']
[0.341s] Level 1:colcon.colcon_core.package_identification:_identify(src/turtlesim_plus) by extension 'ros'
[0.341s] Level 1:colcon.colcon_core.package_identification:_identify(src/turtlesim_plus) by extensions ['cmake', 'python']
[0.341s] Level 1:colcon.colcon_core.package_identification:_identify(src/turtlesim_plus) by extension 'cmake'
[0.341s] Level 1:colcon.colcon_core.package_identification:_identify(src/turtlesim_plus) by extension 'python'
[0.341s] Level 1:colcon.colcon_core.package_identification:_identify(src/turtlesim_plus) by extensions ['python_setup_py']
[0.341s] Level 1:colcon.colcon_core.package_identification:_identify(src/turtlesim_plus) by extension 'python_setup_py'
[0.341s] Level 1:colcon.colcon_core.package_identification:_identify(src/turtlesim_plus/turtlesim_plus) by extensions ['ignore', 'ignore_ament_install']
[0.341s] Level 1:colcon.colcon_core.package_identification:_identify(src/turtlesim_plus/turtlesim_plus) by extension 'ignore'
[0.341s] Level 1:colcon.colcon_core.package_identification:_identify(src/turtlesim_plus/turtlesim_plus) by extension 'ignore_ament_install'
[0.341s] Level 1:colcon.colcon_core.package_identification:_identify(src/turtlesim_plus/turtlesim_plus) by extensions ['colcon_pkg']
[0.341s] Level 1:colcon.colcon_core.package_identification:_identify(src/turtlesim_plus/turtlesim_plus) by extension 'colcon_pkg'
[0.341s] Level 1:colcon.colcon_core.package_identification:_identify(src/turtlesim_plus/turtlesim_plus) by extensions ['colcon_meta']
[0.341s] Level 1:colcon.colcon_core.package_identification:_identify(src/turtlesim_plus/turtlesim_plus) by extension 'colcon_meta'
[0.341s] Level 1:colcon.colcon_core.package_identification:_identify(src/turtlesim_plus/turtlesim_plus) by extensions ['ros']
[0.341s] Level 1:colcon.colcon_core.package_identification:_identify(src/turtlesim_plus/turtlesim_plus) by extension 'ros'
[0.343s] DEBUG:colcon.colcon_core.package_identification:Package 'src/turtlesim_plus/turtlesim_plus' with type 'ros.ament_cmake' and name 'turtlesim_plus'
[0.343s] Level 1:colcon.colcon_core.package_identification:_identify(src/turtlesim_plus/turtlesim_plus_interfaces) by extensions ['ignore', 'ignore_ament_install']
[0.343s] Level 1:colcon.colcon_core.package_identification:_identify(src/turtlesim_plus/turtlesim_plus_interfaces) by extension 'ignore'
[0.343s] Level 1:colcon.colcon_core.package_identification:_identify(src/turtlesim_plus/turtlesim_plus_interfaces) by extension 'ignore_ament_install'
[0.343s] Level 1:colcon.colcon_core.package_identification:_identify(src/turtlesim_plus/turtlesim_plus_interfaces) by extensions ['colcon_pkg']
[0.343s] Level 1:colcon.colcon_core.package_identification:_identify(src/turtlesim_plus/turtlesim_plus_interfaces) by extension 'colcon_pkg'
[0.343s] Level 1:colcon.colcon_core.package_identification:_identify(src/turtlesim_plus/turtlesim_plus_interfaces) by extensions ['colcon_meta']
[0.343s] Level 1:colcon.colcon_core.package_identification:_identify(src/turtlesim_plus/turtlesim_plus_interfaces) by extension 'colcon_meta'
[0.343s] Level 1:colcon.colcon_core.package_identification:_identify(src/turtlesim_plus/turtlesim_plus_interfaces) by extensions ['ros']
[0.343s] Level 1:colcon.colcon_core.package_identification:_identify(src/turtlesim_plus/turtlesim_plus_interfaces) by extension 'ros'
[0.344s] DEBUG:colcon.colcon_core.package_identification:Package 'src/turtlesim_plus/turtlesim_plus_interfaces' with type 'ros.ament_cmake' and name 'turtlesim_plus_interfaces'
[0.344s] Level 1:colcon.colcon_core.package_discovery:discover_packages(recursive) using defaults
[0.344s] Level 1:colcon.colcon_core.package_discovery:discover_packages(ignore) discover
[0.344s] Level 1:colcon.colcon_core.package_discovery:discover_packages(ignore) using defaults
[0.344s] Level 1:colcon.colcon_core.package_discovery:discover_packages(path) discover
[0.344s] Level 1:colcon.colcon_core.package_discovery:discover_packages(path) using defaults
[0.377s] Level 1:colcon.colcon_core.package_discovery:discover_packages(prefix_path) check parameters
[0.377s] Level 1:colcon.colcon_core.package_discovery:discover_packages(prefix_path) discover
[0.379s] DEBUG:colcon.colcon_installed_package_information.package_discovery:Found 5 installed packages in /home/dragon/FRA502-LAB-66340500051/install
[0.381s] DEBUG:colcon.colcon_installed_package_information.package_discovery:Found 340 installed packages in /opt/ros/humble
[0.382s] Level 1:colcon.colcon_core.package_discovery:discover_packages(prefix_path) using defaults
[0.434s] Level 5:colcon.colcon_core.verb:set package 'controller_interfaces' build argument 'cmake_args' from command line to 'None'
[0.434s] Level 5:colcon.colcon_core.verb:set package 'controller_interfaces' build argument 'cmake_target' from command line to 'None'
[0.434s] Level 5:colcon.colcon_core.verb:set package 'controller_interfaces' build argument 'cmake_target_skip_unavailable' from command line to 'False'
[0.434s] Level 5:colcon.colcon_core.verb:set package 'controller_interfaces' build argument 'cmake_clean_cache' from command line to 'False'
[0.434s] Level 5:colcon.colcon_core.verb:set package 'controller_interfaces' build argument 'cmake_clean_first' from command line to 'False'
[0.434s] Level 5:colcon.colcon_core.verb:set package 'controller_interfaces' build argument 'cmake_force_configure' from command line to 'False'
[0.434s] Level 5:colcon.colcon_core.verb:set package 'controller_interfaces' build argument 'ament_cmake_args' from command line to 'None'
[0.434s] Level 5:colcon.colcon_core.verb:set package 'controller_interfaces' build argument 'catkin_cmake_args' from command line to 'None'
[0.434s] Level 5:colcon.colcon_core.verb:set package 'controller_interfaces' build argument 'catkin_skip_building_tests' from command line to 'False'
[0.434s] DEBUG:colcon.colcon_core.verb:Building package 'controller_interfaces' with the following arguments: {'ament_cmake_args': None, 'build_base': '/home/dragon/FRA502-LAB-66340500051/build/controller_interfaces', 'catkin_cmake_args': None, 'catkin_skip_building_tests': False, 'cmake_args': None, 'cmake_clean_cache': False, 'cmake_clean_first': False, 'cmake_force_configure': False, 'cmake_target': None, 'cmake_target_skip_unavailable': False, 'install_base': '/home/dragon/FRA502-LAB-66340500051/install/controller_interfaces', 'merge_install': False, 'path': '/home/dragon/FRA502-LAB-66340500051/src/controller_interfaces', 'symlink_install': False, 'test_result_base': None}
[0.435s] Level 5:colcon.colcon_core.verb:set package 'lab2' build argument 'cmake_args' from command line to 'None'
[0.435s] Level 5:colcon.colcon_core.verb:set package 'lab2' build argument 'cmake_target' from command line to 'None'
[0.435s] Level 5:colcon.colcon_core.verb:set package 'lab2' build argument 'cmake_target_skip_unavailable' from command line to 'False'
[0.435s] Level 5:colcon.colcon_core.verb:set package 'lab2' build argument 'cmake_clean_cache' from command line to 'False'
[0.435s] Level 5:colcon.colcon_core.verb:set package 'lab2' build argument 'cmake_clean_first' from command line to 'False'
[0.435s] Level 5:colcon.colcon_core.verb:set package 'lab2' build argument 'cmake_force_configure' from command line to 'False'
[0.435s] Level 5:colcon.colcon_core.verb:set package 'lab2' build argument 'ament_cmake_args' from command line to 'None'
[0.435s] Level 5:colcon.colcon_core.verb:set package 'lab2' build argument 'catkin_cmake_args' from command line to 'None'
[0.435s] Level 5:colcon.colcon_core.verb:set package 'lab2' build argument 'catkin_skip_building_tests' from command line to 'False'
[0.435s] DEBUG:colcon.colcon_core.verb:Building package 'lab2' with the following arguments: {'ament_cmake_args': None, 'build_base': '/home/dragon/FRA502-LAB-66340500051/build/lab2', 'catkin_cmake_args': None, 'catkin_skip_building_tests': False, 'cmake_args': None, 'cmake_clean_cache': False, 'cmake_clean_first': False, 'cmake_force_configure': False, 'cmake_target': None, 'cmake_target_skip_unavailable': False, 'install_base': '/home/dragon/FRA502-LAB-66340500051/install/lab2', 'merge_install': False, 'path': '/home/dragon/FRA502-LAB-66340500051/src/lab2', 'symlink_install': False, 'test_result_base': None}
[0.435s] Level 5:colcon.colcon_core.verb:set package 'lab3' build argument 'cmake_args' from command line to 'None'
[0.435s] Level 5:colcon.colcon_core.verb:set package 'lab3' build argument 'cmake_target' from command line to 'None'
[0.435s] Level 5:colcon.colcon_core.verb:set package 'lab3' build argument 'cmake_target_skip_unavailable' from command line to 'False'
[0.435s] Level 5:colcon.colcon_core.verb:set package 'lab3' build argument 'cmake_clean_cache' from command line to 'False'
[0.435s] Level 5:colcon.colcon_core.verb:set package 'lab3' build argument 'cmake_clean_first' from command line to 'False'
[0.435s] Level 5:colcon.colcon_core.verb:set package 'lab3' build argument 'cmake_force_configure' from command line to 'False'
[0.435s] Level 5:colcon.colcon_core.verb:set package 'lab3' build argument 'ament_cmake_args' from command line to 'None'
[0.435s] Level 5:colcon.colcon_core.verb:set package 'lab3' build argument 'catkin_cmake_args' from command line to 'None'
[0.435s] Level 5:colcon.colcon_core.verb:set package 'lab3' build argument 'catkin_skip_building_tests' from command line to 'False'
[0.436s] DEBUG:colcon.colcon_core.verb:Building package 'lab3' with the following arguments: {'ament_cmake_args': None, 'build_base': '/home/dragon/FRA502-LAB-66340500051/build/lab3', 'catkin_cmake_args': None, 'catkin_skip_building_tests': False, 'cmake_args': None, 'cmake_clean_cache': False, 'cmake_clean_first': False, 'cmake_force_configure': False, 'cmake_target': None, 'cmake_target_skip_unavailable': False, 'install_base': '/home/dragon/FRA502-LAB-66340500051/install/lab3', 'merge_install': False, 'path': '/home/dragon/FRA502-LAB-66340500051/src/lab3', 'symlink_install': False, 'test_result_base': None}
[0.436s] Level 5:colcon.colcon_core.verb:set package 'turtlesim_plus' build argument 'cmake_args' from command line to 'None'
[0.436s] Level 5:colcon.colcon_core.verb:set package 'turtlesim_plus' build argument 'cmake_target' from command line to 'None'
[0.436s] Level 5:colcon.colcon_core.verb:set package 'turtlesim_plus' build argument 'cmake_target_skip_unavailable' from command line to 'False'
[0.436s] Level 5:colcon.colcon_core.verb:set package 'turtlesim_plus' build argument 'cmake_clean_cache' from command line to 'False'
[0.436s] Level 5:colcon.colcon_core.verb:set package 'turtlesim_plus' build argument 'cmake_clean_first' from command line to 'False'
[0.436s] Level 5:colcon.colcon_core.verb:set package 'turtlesim_plus' build argument 'cmake_force_configure' from command line to 'False'
[0.436s] Level 5:colcon.colcon_core.verb:set package 'turtlesim_plus' build argument 'ament_cmake_args' from command line to 'None'
[0.436s] Level 5:colcon.colcon_core.verb:set package 'turtlesim_plus' build argument 'catkin_cmake_args' from command line to 'None'
[0.436s] Level 5:colcon.colcon_core.verb:set package 'turtlesim_plus' build argument 'catkin_skip_building_tests' from command line to 'False'
[0.436s] DEBUG:colcon.colcon_core.verb:Building package 'turtlesim_plus' with the following arguments: {'ament_cmake_args': None, 'build_base': '/home/dragon/FRA502-LAB-66340500051/build/turtlesim_plus', 'catkin_cmake_args': None, 'catkin_skip_building_tests': False, 'cmake_args': None, 'cmake_clean_cache': False, 'cmake_clean_first': False, 'cmake_force_configure': False, 'cmake_target': None, 'cmake_target_skip_unavailable': False, 'install_base': '/home/dragon/FRA502-LAB-66340500051/install/turtlesim_plus', 'merge_install': False, 'path': '/home/dragon/FRA502-LAB-66340500051/src/turtlesim_plus/turtlesim_plus', 'symlink_install': False, 'test_result_base': None}
[0.437s] Level 5:colcon.colcon_core.verb:set package 'turtlesim_plus_interfaces' build argument 'cmake_args' from command line to 'None'
[0.437s] Level 5:colcon.colcon_core.verb:set package 'turtlesim_plus_interfaces' build argument 'cmake_target' from command line to 'None'
[0.437s] Level 5:colcon.colcon_core.verb:set package 'turtlesim_plus_interfaces' build argument 'cmake_target_skip_unavailable' from command line to 'False'
[0.437s] Level 5:colcon.colcon_core.verb:set package 'turtlesim_plus_interfaces' build argument 'cmake_clean_cache' from command line to 'False'
[0.437s] Level 5:colcon.colcon_core.verb:set package 'turtlesim_plus_interfaces' build argument 'cmake_clean_first' from command line to 'False'
[0.437s] Level 5:colcon.colcon_core.verb:set package 'turtlesim_plus_interfaces' build argument 'cmake_force_configure' from command line to 'False'
[0.437s] Level 5:colcon.colcon_core.verb:set package 'turtlesim_plus_interfaces' build argument 'ament_cmake_args' from command line to 'None'
[0.437s] Level 5:colcon.colcon_core.verb:set package 'turtlesim_plus_interfaces' build argument 'catkin_cmake_args' from command line to 'None'
[0.437s] Level 5:colcon.colcon_core.verb:set package 'turtlesim_plus_interfaces' build argument 'catkin_skip_building_tests' from command line to 'False'
[0.437s] DEBUG:colcon.colcon_core.verb:Building package 'turtlesim_plus_interfaces' with the following arguments: {'ament_cmake_args': None, 'build_base': '/home/dragon/FRA502-LAB-66340500051/build/turtlesim_plus_interfaces', 'catkin_cmake_args': None, 'catkin_skip_building_tests': False, 'cmake_args': None, 'cmake_clean_cache': False, 'cmake_clean_first': False, 'cmake_force_configure': False, 'cmake_target': None, 'cmake_target_skip_unavailable': False, 'install_base': '/home/dragon/FRA502-LAB-66340500051/install/turtlesim_plus_interfaces', 'merge_install': False, 'path': '/home/dragon/FRA502-LAB-66340500051/src/turtlesim_plus/turtlesim_plus_interfaces', 'symlink_install': False, 'test_result_base': None}
[0.437s] INFO:colcon.colcon_core.executor:Executing jobs using 'parallel' executor
[0.438s] DEBUG:colcon.colcon_parallel_executor.executor.parallel:run_until_complete
[0.438s] INFO:colcon.colcon_ros.task.ament_cmake.build:Building ROS package in '/home/dragon/FRA502-LAB-66340500051/src/controller_interfaces' with build type 'ament_cmake'
[0.438s] INFO:colcon.colcon_cmake.task.cmake.build:Building CMake package in '/home/dragon/FRA502-LAB-66340500051/src/controller_interfaces'
[0.441s] INFO:colcon.colcon_core.plugin_system:Skipping extension 'colcon_core.shell.bat': Not used on non-Windows systems
[0.441s] INFO:colcon.colcon_core.shell:Skip shell extension 'powershell' for command environment: Not usable outside of PowerShell
[0.441s] DEBUG:colcon.colcon_core.shell:Skip shell extension 'dsv' for command environment
[0.445s] INFO:colcon.colcon_ros.task.ament_cmake.build:Building ROS package in '/home/dragon/FRA502-LAB-66340500051/src/lab2' with build type 'ament_cmake'
[0.445s] INFO:colcon.colcon_cmake.task.cmake.build:Building CMake package in '/home/dragon/FRA502-LAB-66340500051/src/lab2'
[0.446s] INFO:colcon.colcon_core.shell:Skip shell extension 'powershell' for command environment: Not usable outside of PowerShell
[0.446s] DEBUG:colcon.colcon_core.shell:Skip shell extension 'dsv' for command environment
[0.450s] INFO:colcon.colcon_ros.task.ament_cmake.build:Building ROS package in '/home/dragon/FRA502-LAB-66340500051/src/lab3' with build type 'ament_cmake'
[0.450s] INFO:colcon.colcon_cmake.task.cmake.build:Building CMake package in '/home/dragon/FRA502-LAB-66340500051/src/lab3'
[0.451s] INFO:colcon.colcon_core.shell:Skip shell extension 'powershell' for command environment: Not usable outside of PowerShell
[0.451s] DEBUG:colcon.colcon_core.shell:Skip shell extension 'dsv' for command environment
[0.455s] INFO:colcon.colcon_ros.task.ament_cmake.build:Building ROS package in '/home/dragon/FRA502-LAB-66340500051/src/turtlesim_plus/turtlesim_plus' with build type 'ament_cmake'
[0.455s] INFO:colcon.colcon_cmake.task.cmake.build:Building CMake package in '/home/dragon/FRA502-LAB-66340500051/src/turtlesim_plus/turtlesim_plus'
[0.456s] INFO:colcon.colcon_core.shell:Skip shell extension 'powershell' for command environment: Not usable outside of PowerShell
[0.456s] DEBUG:colcon.colcon_core.shell:Skip shell extension 'dsv' for command environment
[0.466s] DEBUG:colcon.colcon_core.event_handler.log_command:Invoking command in '/home/dragon/FRA502-LAB-66340500051/build/controller_interfaces': CMAKE_PREFIX_PATH=${CMAKE_PREFIX_PATH}:/opt/ros/humble /usr/bin/cmake --build /home/dragon/FRA502-LAB-66340500051/build/controller_interfaces -- -j4 -l4
[0.469s] DEBUG:colcon.colcon_core.event_handler.log_command:Invoking command in '/home/dragon/FRA502-LAB-66340500051/build/lab2': CMAKE_PREFIX_PATH=${CMAKE_PREFIX_PATH}:/opt/ros/humble /usr/bin/cmake --build /home/dragon/FRA502-LAB-66340500051/build/lab2 -- -j4 -l4
[0.474s] DEBUG:colcon.colcon_core.event_handler.log_command:Invoking command in '/home/dragon/FRA502-LAB-66340500051/build/lab3': CMAKE_PREFIX_PATH=${CMAKE_PREFIX_PATH}:/opt/ros/humble /usr/bin/cmake --build /home/dragon/FRA502-LAB-66340500051/build/lab3 -- -j4 -l4
[0.484s] DEBUG:colcon.colcon_core.event_handler.log_command:Invoking command in '/home/dragon/FRA502-LAB-66340500051/build/turtlesim_plus': CMAKE_PREFIX_PATH=${CMAKE_PREFIX_PATH}:/opt/ros/humble /usr/bin/cmake --build /home/dragon/FRA502-LAB-66340500051/build/turtlesim_plus -- -j4 -l4
[0.995s] DEBUG:colcon.colcon_core.event_handler.log_command:Invoked command in '/home/dragon/FRA502-LAB-66340500051/build/turtlesim_plus' returned '0': CMAKE_PREFIX_PATH=${CMAKE_PREFIX_PATH}:/opt/ros/humble /usr/bin/cmake --build /home/dragon/FRA502-LAB-66340500051/build/turtlesim_plus -- -j4 -l4
[1.012s] DEBUG:colcon.colcon_core.event_handler.log_command:Invoking command in '/home/dragon/FRA502-LAB-66340500051/build/turtlesim_plus': CMAKE_PREFIX_PATH=${CMAKE_PREFIX_PATH}:/opt/ros/humble /usr/bin/cmake --install /home/dragon/FRA502-LAB-66340500051/build/turtlesim_plus
[1.039s] DEBUG:colcon.colcon_core.event_handler.log_command:Invoked command in '/home/dragon/FRA502-LAB-66340500051/build/lab3' returned '0': CMAKE_PREFIX_PATH=${CMAKE_PREFIX_PATH}:/opt/ros/humble /usr/bin/cmake --build /home/dragon/FRA502-LAB-66340500051/build/lab3 -- -j4 -l4
[1.040s] DEBUG:colcon.colcon_core.event_handler.log_command:Invoking command in '/home/dragon/FRA502-LAB-66340500051/build/lab3': CMAKE_PREFIX_PATH=${CMAKE_PREFIX_PATH}:/opt/ros/humble /usr/bin/cmake --install /home/dragon/FRA502-LAB-66340500051/build/lab3
[1.046s] DEBUG:colcon.colcon_core.event_handler.log_command:Invoked command in '/home/dragon/FRA502-LAB-66340500051/build/lab2' returned '0': CMAKE_PREFIX_PATH=${CMAKE_PREFIX_PATH}:/opt/ros/humble /usr/bin/cmake --build /home/dragon/FRA502-LAB-66340500051/build/lab2 -- -j4 -l4
[1.050s] DEBUG:colcon.colcon_core.event_handler.log_command:Invoking command in '/home/dragon/FRA502-LAB-66340500051/build/lab2': CMAKE_PREFIX_PATH=${CMAKE_PREFIX_PATH}:/opt/ros/humble /usr/bin/cmake --install /home/dragon/FRA502-LAB-66340500051/build/lab2
[1.065s] DEBUG:colcon.colcon_core.event_handler.log_command:Invoked command in '/home/dragon/FRA502-LAB-66340500051/build/controller_interfaces' returned '0': CMAKE_PREFIX_PATH=${CMAKE_PREFIX_PATH}:/opt/ros/humble /usr/bin/cmake --build /home/dragon/FRA502-LAB-66340500051/build/controller_interfaces -- -j4 -l4
[1.067s] DEBUG:colcon.colcon_core.event_handler.log_command:Invoking command in '/home/dragon/FRA502-LAB-66340500051/build/controller_interfaces': CMAKE_PREFIX_PATH=${CMAKE_PREFIX_PATH}:/opt/ros/humble /usr/bin/cmake --install /home/dragon/FRA502-LAB-66340500051/build/controller_interfaces
[1.084s] Level 1:colcon.colcon_core.environment:create_environment_scripts_only(turtlesim_plus)
[1.087s] Level 1:colcon.colcon_core.environment:checking '/home/dragon/FRA502-LAB-66340500051/install/turtlesim_plus' for CMake module files
[1.088s] Level 1:colcon.colcon_core.environment:checking '/home/dragon/FRA502-LAB-66340500051/install/turtlesim_plus' for CMake config files
[1.089s] Level 1:colcon.colcon_core.shell:create_environment_hook('turtlesim_plus', 'cmake_prefix_path')
[1.089s] INFO:colcon.colcon_core.shell:Creating environment hook '/home/dragon/FRA502-LAB-66340500051/install/turtlesim_plus/share/turtlesim_plus/hook/cmake_prefix_path.ps1'
[1.090s] INFO:colcon.colcon_core.shell:Creating environment descriptor '/home/dragon/FRA502-LAB-66340500051/install/turtlesim_plus/share/turtlesim_plus/hook/cmake_prefix_path.dsv'
[1.090s] INFO:colcon.colcon_core.shell:Creating environment hook '/home/dragon/FRA502-LAB-66340500051/install/turtlesim_plus/share/turtlesim_plus/hook/cmake_prefix_path.sh'
[1.093s] Level 1:colcon.colcon_core.environment:checking '/home/dragon/FRA502-LAB-66340500051/install/turtlesim_plus/lib'
[1.094s] Level 1:colcon.colcon_core.environment:checking '/home/dragon/FRA502-LAB-66340500051/install/turtlesim_plus/bin'
[1.094s] Level 1:colcon.colcon_core.environment:checking '/home/dragon/FRA502-LAB-66340500051/install/turtlesim_plus/lib/pkgconfig/turtlesim_plus.pc'
[1.094s] Level 1:colcon.colcon_core.environment:checking '/home/dragon/FRA502-LAB-66340500051/install/turtlesim_plus/lib/python3.10/site-packages'
[1.094s] Level 1:colcon.colcon_core.environment:checking '/home/dragon/FRA502-LAB-66340500051/install/turtlesim_plus/bin'
[1.095s] INFO:colcon.colcon_core.shell:Creating package script '/home/dragon/FRA502-LAB-66340500051/install/turtlesim_plus/share/turtlesim_plus/package.ps1'
[1.096s] INFO:colcon.colcon_core.shell:Creating package descriptor '/home/dragon/FRA502-LAB-66340500051/install/turtlesim_plus/share/turtlesim_plus/package.dsv'
[1.098s] INFO:colcon.colcon_core.shell:Creating package script '/home/dragon/FRA502-LAB-66340500051/install/turtlesim_plus/share/turtlesim_plus/package.sh'
[1.099s] DEBUG:colcon.colcon_core.event_handler.log_command:Invoked command in '/home/dragon/FRA502-LAB-66340500051/build/turtlesim_plus' returned '0': CMAKE_PREFIX_PATH=${CMAKE_PREFIX_PATH}:/opt/ros/humble /usr/bin/cmake --install /home/dragon/FRA502-LAB-66340500051/build/turtlesim_plus
[1.101s] INFO:colcon.colcon_core.shell:Creating package script '/home/dragon/FRA502-LAB-66340500051/install/turtlesim_plus/share/turtlesim_plus/package.bash'
[1.102s] INFO:colcon.colcon_core.shell:Creating package script '/home/dragon/FRA502-LAB-66340500051/install/turtlesim_plus/share/turtlesim_plus/package.zsh'
[1.104s] Level 1:colcon.colcon_core.environment:create_file_with_runtime_dependencies(/home/dragon/FRA502-LAB-66340500051/install/turtlesim_plus/share/colcon-core/packages/turtlesim_plus)
[1.104s] Level 1:colcon.colcon_core.environment:create_environment_scripts_only(turtlesim_plus)
[1.105s] Level 1:colcon.colcon_core.environment:checking '/home/dragon/FRA502-LAB-66340500051/install/turtlesim_plus' for CMake module files
[1.105s] Level 1:colcon.colcon_core.environment:checking '/home/dragon/FRA502-LAB-66340500051/install/turtlesim_plus' for CMake config files
[1.105s] Level 1:colcon.colcon_core.shell:create_environment_hook('turtlesim_plus', 'cmake_prefix_path')
[1.106s] INFO:colcon.colcon_core.shell:Creating environment hook '/home/dragon/FRA502-LAB-66340500051/install/turtlesim_plus/share/turtlesim_plus/hook/cmake_prefix_path.ps1'
[1.107s] INFO:colcon.colcon_core.shell:Creating environment descriptor '/home/dragon/FRA502-LAB-66340500051/install/turtlesim_plus/share/turtlesim_plus/hook/cmake_prefix_path.dsv'
[1.108s] INFO:colcon.colcon_core.shell:Creating environment hook '/home/dragon/FRA502-LAB-66340500051/install/turtlesim_plus/share/turtlesim_plus/hook/cmake_prefix_path.sh'
[1.111s] Level 1:colcon.colcon_core.environment:checking '/home/dragon/FRA502-LAB-66340500051/install/turtlesim_plus/lib'
[1.111s] Level 1:colcon.colcon_core.environment:checking '/home/dragon/FRA502-LAB-66340500051/install/turtlesim_plus/bin'
[1.111s] Level 1:colcon.colcon_core.environment:checking '/home/dragon/FRA502-LAB-66340500051/install/turtlesim_plus/lib/pkgconfig/turtlesim_plus.pc'
[1.112s] Level 1:colcon.colcon_core.environment:checking '/home/dragon/FRA502-LAB-66340500051/install/turtlesim_plus/lib/python3.10/site-packages'
[1.112s] Level 1:colcon.colcon_core.environment:checking '/home/dragon/FRA502-LAB-66340500051/install/turtlesim_plus/bin'
[1.112s] INFO:colcon.colcon_core.shell:Creating package script '/home/dragon/FRA502-LAB-66340500051/install/turtlesim_plus/share/turtlesim_plus/package.ps1'
[1.113s] INFO:colcon.colcon_core.shell:Creating package descriptor '/home/dragon/FRA502-LAB-66340500051/install/turtlesim_plus/share/turtlesim_plus/package.dsv'
[1.114s] INFO:colcon.colcon_core.shell:Creating package script '/home/dragon/FRA502-LAB-66340500051/install/turtlesim_plus/share/turtlesim_plus/package.sh'
[1.114s] INFO:colcon.colcon_core.shell:Creating package script '/home/dragon/FRA502-LAB-66340500051/install/turtlesim_plus/share/turtlesim_plus/package.bash'
[1.115s] INFO:colcon.colcon_core.shell:Creating package script '/home/dragon/FRA502-LAB-66340500051/install/turtlesim_plus/share/turtlesim_plus/package.zsh'
[1.116s] Level 1:colcon.colcon_core.environment:create_file_with_runtime_dependencies(/home/dragon/FRA502-LAB-66340500051/install/turtlesim_plus/share/colcon-core/packages/turtlesim_plus)
[1.117s] INFO:colcon.colcon_ros.task.ament_cmake.build:Building ROS package in '/home/dragon/FRA502-LAB-66340500051/src/turtlesim_plus/turtlesim_plus_interfaces' with build type 'ament_cmake'
[1.118s] INFO:colcon.colcon_cmake.task.cmake.build:Building CMake package in '/home/dragon/FRA502-LAB-66340500051/src/turtlesim_plus/turtlesim_plus_interfaces'
[1.118s] INFO:colcon.colcon_core.shell:Skip shell extension 'powershell' for command environment: Not usable outside of PowerShell
[1.118s] DEBUG:colcon.colcon_core.shell:Skip shell extension 'dsv' for command environment
[1.125s] Level 1:colcon.colcon_core.environment:create_environment_scripts_only(lab3)
[1.125s] Level 1:colcon.colcon_core.environment:checking '/home/dragon/FRA502-LAB-66340500051/install/lab3' for CMake module files
[1.126s] Level 1:colcon.colcon_core.environment:checking '/home/dragon/FRA502-LAB-66340500051/install/lab3' for CMake config files
[1.126s] Level 1:colcon.colcon_core.shell:create_environment_hook('lab3', 'cmake_prefix_path')
[1.126s] INFO:colcon.colcon_core.shell:Creating environment hook '/home/dragon/FRA502-LAB-66340500051/install/lab3/share/lab3/hook/cmake_prefix_path.ps1'
[1.127s] DEBUG:colcon.colcon_core.event_handler.log_command:Invoked command in '/home/dragon/FRA502-LAB-66340500051/build/lab3' returned '0': CMAKE_PREFIX_PATH=${CMAKE_PREFIX_PATH}:/opt/ros/humble /usr/bin/cmake --install /home/dragon/FRA502-LAB-66340500051/build/lab3
[1.127s] INFO:colcon.colcon_core.shell:Creating environment descriptor '/home/dragon/FRA502-LAB-66340500051/install/lab3/share/lab3/hook/cmake_prefix_path.dsv'
[1.128s] INFO:colcon.colcon_core.shell:Creating environment hook '/home/dragon/FRA502-LAB-66340500051/install/lab3/share/lab3/hook/cmake_prefix_path.sh'
[1.128s] Level 1:colcon.colcon_core.environment:checking '/home/dragon/FRA502-LAB-66340500051/install/lab3/lib'
[1.128s] Level 1:colcon.colcon_core.environment:checking '/home/dragon/FRA502-LAB-66340500051/install/lab3/bin'
[1.128s] Level 1:colcon.colcon_core.environment:checking '/home/dragon/FRA502-LAB-66340500051/install/lab3/lib/pkgconfig/lab3.pc'
[1.129s] Level 1:colcon.colcon_core.environment:checking '/home/dragon/FRA502-LAB-66340500051/install/lab3/lib/python3.10/site-packages'
[1.129s] Level 1:colcon.colcon_core.environment:checking '/home/dragon/FRA502-LAB-66340500051/install/lab3/bin'
[1.129s] INFO:colcon.colcon_core.shell:Creating package script '/home/dragon/FRA502-LAB-66340500051/install/lab3/share/lab3/package.ps1'
[1.130s] INFO:colcon.colcon_core.shell:Creating package descriptor '/home/dragon/FRA502-LAB-66340500051/install/lab3/share/lab3/package.dsv'
[1.130s] INFO:colcon.colcon_core.shell:Creating package script '/home/dragon/FRA502-LAB-66340500051/install/lab3/share/lab3/package.sh'
[1.131s] INFO:colcon.colcon_core.shell:Creating package script '/home/dragon/FRA502-LAB-66340500051/install/lab3/share/lab3/package.bash'
[1.131s] INFO:colcon.colcon_core.shell:Creating package script '/home/dragon/FRA502-LAB-66340500051/install/lab3/share/lab3/package.zsh'
[1.132s] Level 1:colcon.colcon_core.environment:create_file_with_runtime_dependencies(/home/dragon/FRA502-LAB-66340500051/install/lab3/share/colcon-core/packages/lab3)
[1.132s] Level 1:colcon.colcon_core.environment:create_environment_scripts_only(lab3)
[1.133s] Level 1:colcon.colcon_core.environment:checking '/home/dragon/FRA502-LAB-66340500051/install/lab3' for CMake module files
[1.133s] Level 1:colcon.colcon_core.environment:checking '/home/dragon/FRA502-LAB-66340500051/install/lab3' for CMake config files
[1.134s] Level 1:colcon.colcon_core.shell:create_environment_hook('lab3', 'cmake_prefix_path')
[1.134s] INFO:colcon.colcon_core.shell:Creating environment hook '/home/dragon/FRA502-LAB-66340500051/install/lab3/share/lab3/hook/cmake_prefix_path.ps1'
[1.134s] INFO:colcon.colcon_core.shell:Creating environment descriptor '/home/dragon/FRA502-LAB-66340500051/install/lab3/share/lab3/hook/cmake_prefix_path.dsv'
[1.135s] INFO:colcon.colcon_core.shell:Creating environment hook '/home/dragon/FRA502-LAB-66340500051/install/lab3/share/lab3/hook/cmake_prefix_path.sh'
[1.135s] Level 1:colcon.colcon_core.environment:checking '/home/dragon/FRA502-LAB-66340500051/install/lab3/lib'
[1.136s] Level 1:colcon.colcon_core.environment:checking '/home/dragon/FRA502-LAB-66340500051/install/lab3/bin'
[1.136s] Level 1:colcon.colcon_core.environment:checking '/home/dragon/FRA502-LAB-66340500051/install/lab3/lib/pkgconfig/lab3.pc'
[1.136s] Level 1:colcon.colcon_core.environment:checking '/home/dragon/FRA502-LAB-66340500051/install/lab3/lib/python3.10/site-packages'
[1.136s] Level 1:colcon.colcon_core.environment:checking '/home/dragon/FRA502-LAB-66340500051/install/lab3/bin'
[1.136s] INFO:colcon.colcon_core.shell:Creating package script '/home/dragon/FRA502-LAB-66340500051/install/lab3/share/lab3/package.ps1'
[1.137s] INFO:colcon.colcon_core.shell:Creating package descriptor '/home/dragon/FRA502-LAB-66340500051/install/lab3/share/lab3/package.dsv'
[1.137s] INFO:colcon.colcon_core.shell:Creating package script '/home/dragon/FRA502-LAB-66340500051/install/lab3/share/lab3/package.sh'
[1.138s] INFO:colcon.colcon_core.shell:Creating package script '/home/dragon/FRA502-LAB-66340500051/install/lab3/share/lab3/package.bash'
[1.138s] INFO:colcon.colcon_core.shell:Creating package script '/home/dragon/FRA502-LAB-66340500051/install/lab3/share/lab3/package.zsh'
[1.139s] Level 1:colcon.colcon_core.environment:create_file_with_runtime_dependencies(/home/dragon/FRA502-LAB-66340500051/install/lab3/share/colcon-core/packages/lab3)
[1.140s] Level 1:colcon.colcon_core.environment:create_environment_scripts_only(lab2)
[1.140s] Level 1:colcon.colcon_core.environment:checking '/home/dragon/FRA502-LAB-66340500051/install/lab2' for CMake module files
[1.141s] DEBUG:colcon.colcon_core.event_handler.log_command:Invoked command in '/home/dragon/FRA502-LAB-66340500051/build/lab2' returned '0': CMAKE_PREFIX_PATH=${CMAKE_PREFIX_PATH}:/opt/ros/humble /usr/bin/cmake --install /home/dragon/FRA502-LAB-66340500051/build/lab2
[1.142s] Level 1:colcon.colcon_core.environment:checking '/home/dragon/FRA502-LAB-66340500051/install/lab2' for CMake config files
[1.142s] Level 1:colcon.colcon_core.shell:create_environment_hook('lab2', 'cmake_prefix_path')
[1.142s] INFO:colcon.colcon_core.shell:Creating environment hook '/home/dragon/FRA502-LAB-66340500051/install/lab2/share/lab2/hook/cmake_prefix_path.ps1'
[1.143s] INFO:colcon.colcon_core.shell:Creating environment descriptor '/home/dragon/FRA502-LAB-66340500051/install/lab2/share/lab2/hook/cmake_prefix_path.dsv'
[1.143s] INFO:colcon.colcon_core.shell:Creating environment hook '/home/dragon/FRA502-LAB-66340500051/install/lab2/share/lab2/hook/cmake_prefix_path.sh'
[1.144s] Level 1:colcon.colcon_core.environment:checking '/home/dragon/FRA502-LAB-66340500051/install/lab2/lib'
[1.144s] Level 1:colcon.colcon_core.environment:checking '/home/dragon/FRA502-LAB-66340500051/install/lab2/bin'
[1.144s] Level 1:colcon.colcon_core.environment:checking '/home/dragon/FRA502-LAB-66340500051/install/lab2/lib/pkgconfig/lab2.pc'
[1.145s] Level 1:colcon.colcon_core.environment:checking '/home/dragon/FRA502-LAB-66340500051/install/lab2/lib/python3.10/site-packages'
[1.145s] Level 1:colcon.colcon_core.environment:checking '/home/dragon/FRA502-LAB-66340500051/install/lab2/bin'
[1.145s] INFO:colcon.colcon_core.shell:Creating package script '/home/dragon/FRA502-LAB-66340500051/install/lab2/share/lab2/package.ps1'
[1.146s] INFO:colcon.colcon_core.shell:Creating package descriptor '/home/dragon/FRA502-LAB-66340500051/install/lab2/share/lab2/package.dsv'
[1.147s] INFO:colcon.colcon_core.shell:Creating package script '/home/dragon/FRA502-LAB-66340500051/install/lab2/share/lab2/package.sh'
[1.147s] INFO:colcon.colcon_core.shell:Creating package script '/home/dragon/FRA502-LAB-66340500051/install/lab2/share/lab2/package.bash'
[1.148s] INFO:colcon.colcon_core.shell:Creating package script '/home/dragon/FRA502-LAB-66340500051/install/lab2/share/lab2/package.zsh'
[1.148s] Level 1:colcon.colcon_core.environment:create_file_with_runtime_dependencies(/home/dragon/FRA502-LAB-66340500051/install/lab2/share/colcon-core/packages/lab2)
[1.149s] Level 1:colcon.colcon_core.environment:create_environment_scripts_only(lab2)
[1.150s] Level 1:colcon.colcon_core.environment:checking '/home/dragon/FRA502-LAB-66340500051/install/lab2' for CMake module files
[1.154s] Level 1:colcon.colcon_core.environment:checking '/home/dragon/FRA502-LAB-66340500051/install/lab2' for CMake config files
[1.155s] Level 1:colcon.colcon_core.shell:create_environment_hook('lab2', 'cmake_prefix_path')
[1.155s] INFO:colcon.colcon_core.shell:Creating environment hook '/home/dragon/FRA502-LAB-66340500051/install/lab2/share/lab2/hook/cmake_prefix_path.ps1'
[1.155s] INFO:colcon.colcon_core.shell:Creating environment descriptor '/home/dragon/FRA502-LAB-66340500051/install/lab2/share/lab2/hook/cmake_prefix_path.dsv'
[1.156s] INFO:colcon.colcon_core.shell:Creating environment hook '/home/dragon/FRA502-LAB-66340500051/install/lab2/share/lab2/hook/cmake_prefix_path.sh'
[1.156s] Level 1:colcon.colcon_core.environment:checking '/home/dragon/FRA502-LAB-66340500051/install/lab2/lib'
[1.157s] Level 1:colcon.colcon_core.environment:checking '/home/dragon/FRA502-LAB-66340500051/install/lab2/bin'
[1.157s] Level 1:colcon.colcon_core.environment:checking '/home/dragon/FRA502-LAB-66340500051/install/lab2/lib/pkgconfig/lab2.pc'
[1.157s] Level 1:colcon.colcon_core.environment:checking '/home/dragon/FRA502-LAB-66340500051/install/lab2/lib/python3.10/site-packages'
[1.157s] Level 1:colcon.colcon_core.environment:checking '/home/dragon/FRA502-LAB-66340500051/install/lab2/bin'
[1.158s] INFO:colcon.colcon_core.shell:Creating package script '/home/dragon/FRA502-LAB-66340500051/install/lab2/share/lab2/package.ps1'
[1.158s] INFO:colcon.colcon_core.shell:Creating package descriptor '/home/dragon/FRA502-LAB-66340500051/install/lab2/share/lab2/package.dsv'
[1.159s] INFO:colcon.colcon_core.shell:Creating package script '/home/dragon/FRA502-LAB-66340500051/install/lab2/share/lab2/package.sh'
[1.160s] INFO:colcon.colcon_core.shell:Creating package script '/home/dragon/FRA502-LAB-66340500051/install/lab2/share/lab2/package.bash'
[1.160s] INFO:colcon.colcon_core.shell:Creating package script '/home/dragon/FRA502-LAB-66340500051/install/lab2/share/lab2/package.zsh'
[1.161s] Level 1:colcon.colcon_core.environment:create_file_with_runtime_dependencies(/home/dragon/FRA502-LAB-66340500051/install/lab2/share/colcon-core/packages/lab2)
[1.165s] Level 1:colcon.colcon_core.environment:create_environment_scripts_only(controller_interfaces)
[1.165s] Level 1:colcon.colcon_core.environment:checking '/home/dragon/FRA502-LAB-66340500051/install/controller_interfaces' for CMake module files
[1.166s] DEBUG:colcon.colcon_core.event_handler.log_command:Invoking command in '/home/dragon/FRA502-LAB-66340500051/build/turtlesim_plus_interfaces': CMAKE_PREFIX_PATH=${CMAKE_PREFIX_PATH}:/opt/ros/humble /usr/bin/cmake --build /home/dragon/FRA502-LAB-66340500051/build/turtlesim_plus_interfaces -- -j4 -l4
[1.167s] DEBUG:colcon.colcon_core.event_handler.log_command:Invoked command in '/home/dragon/FRA502-LAB-66340500051/build/controller_interfaces' returned '0': CMAKE_PREFIX_PATH=${CMAKE_PREFIX_PATH}:/opt/ros/humble /usr/bin/cmake --install /home/dragon/FRA502-LAB-66340500051/build/controller_interfaces
[1.167s] Level 1:colcon.colcon_core.environment:checking '/home/dragon/FRA502-LAB-66340500051/install/controller_interfaces' for CMake config files
[1.168s] Level 1:colcon.colcon_core.shell:create_environment_hook('controller_interfaces', 'cmake_prefix_path')
[1.168s] INFO:colcon.colcon_core.shell:Creating environment hook '/home/dragon/FRA502-LAB-66340500051/install/controller_interfaces/share/controller_interfaces/hook/cmake_prefix_path.ps1'
[1.169s] INFO:colcon.colcon_core.shell:Creating environment descriptor '/home/dragon/FRA502-LAB-66340500051/install/controller_interfaces/share/controller_interfaces/hook/cmake_prefix_path.dsv'
[1.169s] INFO:colcon.colcon_core.shell:Creating environment hook '/home/dragon/FRA502-LAB-66340500051/install/controller_interfaces/share/controller_interfaces/hook/cmake_prefix_path.sh'
[1.170s] Level 1:colcon.colcon_core.environment:checking '/home/dragon/FRA502-LAB-66340500051/install/controller_interfaces/lib'
[1.170s] Level 1:colcon.colcon_core.shell:create_environment_hook('controller_interfaces', 'ld_library_path_lib')
[1.170s] INFO:colcon.colcon_core.shell:Creating environment hook '/home/dragon/FRA502-LAB-66340500051/install/controller_interfaces/share/controller_interfaces/hook/ld_library_path_lib.ps1'
[1.171s] INFO:colcon.colcon_core.shell:Creating environment descriptor '/home/dragon/FRA502-LAB-66340500051/install/controller_interfaces/share/controller_interfaces/hook/ld_library_path_lib.dsv'
[1.171s] INFO:colcon.colcon_core.shell:Creating environment hook '/home/dragon/FRA502-LAB-66340500051/install/controller_interfaces/share/controller_interfaces/hook/ld_library_path_lib.sh'
[1.172s] Level 1:colcon.colcon_core.environment:checking '/home/dragon/FRA502-LAB-66340500051/install/controller_interfaces/bin'
[1.172s] Level 1:colcon.colcon_core.environment:checking '/home/dragon/FRA502-LAB-66340500051/install/controller_interfaces/lib/pkgconfig/controller_interfaces.pc'
[1.172s] Level 1:colcon.colcon_core.environment:checking '/home/dragon/FRA502-LAB-66340500051/install/controller_interfaces/lib/python3.10/site-packages'
[1.172s] Level 1:colcon.colcon_core.environment:checking '/home/dragon/FRA502-LAB-66340500051/install/controller_interfaces/bin'
[1.172s] INFO:colcon.colcon_core.shell:Creating package script '/home/dragon/FRA502-LAB-66340500051/install/controller_interfaces/share/controller_interfaces/package.ps1'
[1.173s] INFO:colcon.colcon_core.shell:Creating package descriptor '/home/dragon/FRA502-LAB-66340500051/install/controller_interfaces/share/controller_interfaces/package.dsv'
[1.174s] INFO:colcon.colcon_core.shell:Creating package script '/home/dragon/FRA502-LAB-66340500051/install/controller_interfaces/share/controller_interfaces/package.sh'
[1.174s] INFO:colcon.colcon_core.shell:Creating package script '/home/dragon/FRA502-LAB-66340500051/install/controller_interfaces/share/controller_interfaces/package.bash'
[1.174s] INFO:colcon.colcon_core.shell:Creating package script '/home/dragon/FRA502-LAB-66340500051/install/controller_interfaces/share/controller_interfaces/package.zsh'
[1.175s] Level 1:colcon.colcon_core.environment:create_file_with_runtime_dependencies(/home/dragon/FRA502-LAB-66340500051/install/controller_interfaces/share/colcon-core/packages/controller_interfaces)
[1.176s] Level 1:colcon.colcon_core.environment:create_environment_scripts_only(controller_interfaces)
[1.176s] Level 1:colcon.colcon_core.environment:checking '/home/dragon/FRA502-LAB-66340500051/install/controller_interfaces' for CMake module files
[1.176s] Level 1:colcon.colcon_core.environment:checking '/home/dragon/FRA502-LAB-66340500051/install/controller_interfaces' for CMake config files
[1.177s] Level 1:colcon.colcon_core.shell:create_environment_hook('controller_interfaces', 'cmake_prefix_path')
[1.177s] INFO:colcon.colcon_core.shell:Creating environment hook '/home/dragon/FRA502-LAB-66340500051/install/controller_interfaces/share/controller_interfaces/hook/cmake_prefix_path.ps1'
[1.178s] INFO:colcon.colcon_core.shell:Creating environment descriptor '/home/dragon/FRA502-LAB-66340500051/install/controller_interfaces/share/controller_interfaces/hook/cmake_prefix_path.dsv'
[1.178s] INFO:colcon.colcon_core.shell:Creating environment hook '/home/dragon/FRA502-LAB-66340500051/install/controller_interfaces/share/controller_interfaces/hook/cmake_prefix_path.sh'
[1.179s] Level 1:colcon.colcon_core.environment:checking '/home/dragon/FRA502-LAB-66340500051/install/controller_interfaces/lib'
[1.179s] Level 1:colcon.colcon_core.shell:create_environment_hook('controller_interfaces', 'ld_library_path_lib')
[1.179s] INFO:colcon.colcon_core.shell:Creating environment hook '/home/dragon/FRA502-LAB-66340500051/install/controller_interfaces/share/controller_interfaces/hook/ld_library_path_lib.ps1'
[1.180s] INFO:colcon.colcon_core.shell:Creating environment descriptor '/home/dragon/FRA502-LAB-66340500051/install/controller_interfaces/share/controller_interfaces/hook/ld_library_path_lib.dsv'
[1.180s] INFO:colcon.colcon_core.shell:Creating environment hook '/home/dragon/FRA502-LAB-66340500051/install/controller_interfaces/share/controller_interfaces/hook/ld_library_path_lib.sh'
[1.181s] Level 1:colcon.colcon_core.environment:checking '/home/dragon/FRA502-LAB-66340500051/install/controller_interfaces/bin'
[1.181s] Level 1:colcon.colcon_core.environment:checking '/home/dragon/FRA502-LAB-66340500051/install/controller_interfaces/lib/pkgconfig/controller_interfaces.pc'
[1.181s] Level 1:colcon.colcon_core.environment:checking '/home/dragon/FRA502-LAB-66340500051/install/controller_interfaces/lib/python3.10/site-packages'
[1.181s] Level 1:colcon.colcon_core.environment:checking '/home/dragon/FRA502-LAB-66340500051/install/controller_interfaces/bin'
[1.182s] INFO:colcon.colcon_core.shell:Creating package script '/home/dragon/FRA502-LAB-66340500051/install/controller_interfaces/share/controller_interfaces/package.ps1'
[1.182s] INFO:colcon.colcon_core.shell:Creating package descriptor '/home/dragon/FRA502-LAB-66340500051/install/controller_interfaces/share/controller_interfaces/package.dsv'
[1.183s] INFO:colcon.colcon_core.shell:Creating package script '/home/dragon/FRA502-LAB-66340500051/install/controller_interfaces/share/controller_interfaces/package.sh'
[1.184s] INFO:colcon.colcon_core.shell:Creating package script '/home/dragon/FRA502-LAB-66340500051/install/controller_interfaces/share/controller_interfaces/package.bash'
[1.184s] INFO:colcon.colcon_core.shell:Creating package script '/home/dragon/FRA502-LAB-66340500051/install/controller_interfaces/share/controller_interfaces/package.zsh'
[1.184s] Level 1:colcon.colcon_core.environment:create_file_with_runtime_dependencies(/home/dragon/FRA502-LAB-66340500051/install/controller_interfaces/share/colcon-core/packages/controller_interfaces)
[1.605s] DEBUG:colcon.colcon_core.event_handler.log_command:Invoked command in '/home/dragon/FRA502-LAB-66340500051/build/turtlesim_plus_interfaces' returned '0': CMAKE_PREFIX_PATH=${CMAKE_PREFIX_PATH}:/opt/ros/humble /usr/bin/cmake --build /home/dragon/FRA502-LAB-66340500051/build/turtlesim_plus_interfaces -- -j4 -l4
[1.607s] DEBUG:colcon.colcon_core.event_handler.log_command:Invoking command in '/home/dragon/FRA502-LAB-66340500051/build/turtlesim_plus_interfaces': CMAKE_PREFIX_PATH=${CMAKE_PREFIX_PATH}:/opt/ros/humble /usr/bin/cmake --install /home/dragon/FRA502-LAB-66340500051/build/turtlesim_plus_interfaces
[1.676s] Level 1:colcon.colcon_core.environment:create_environment_scripts_only(turtlesim_plus_interfaces)
[1.676s] Level 1:colcon.colcon_core.environment:checking '/home/dragon/FRA502-LAB-66340500051/install/turtlesim_plus_interfaces' for CMake module files
[1.677s] DEBUG:colcon.colcon_core.event_handler.log_command:Invoked command in '/home/dragon/FRA502-LAB-66340500051/build/turtlesim_plus_interfaces' returned '0': CMAKE_PREFIX_PATH=${CMAKE_PREFIX_PATH}:/opt/ros/humble /usr/bin/cmake --install /home/dragon/FRA502-LAB-66340500051/build/turtlesim_plus_interfaces
[1.677s] Level 1:colcon.colcon_core.environment:checking '/home/dragon/FRA502-LAB-66340500051/install/turtlesim_plus_interfaces' for CMake config files
[1.678s] Level 1:colcon.colcon_core.shell:create_environment_hook('turtlesim_plus_interfaces', 'cmake_prefix_path')
[1.678s] INFO:colcon.colcon_core.shell:Creating environment hook '/home/dragon/FRA502-LAB-66340500051/install/turtlesim_plus_interfaces/share/turtlesim_plus_interfaces/hook/cmake_prefix_path.ps1'
[1.679s] INFO:colcon.colcon_core.shell:Creating environment descriptor '/home/dragon/FRA502-LAB-66340500051/install/turtlesim_plus_interfaces/share/turtlesim_plus_interfaces/hook/cmake_prefix_path.dsv'
[1.679s] INFO:colcon.colcon_core.shell:Creating environment hook '/home/dragon/FRA502-LAB-66340500051/install/turtlesim_plus_interfaces/share/turtlesim_plus_interfaces/hook/cmake_prefix_path.sh'
[1.680s] Level 1:colcon.colcon_core.environment:checking '/home/dragon/FRA502-LAB-66340500051/install/turtlesim_plus_interfaces/lib'
[1.680s] Level 1:colcon.colcon_core.shell:create_environment_hook('turtlesim_plus_interfaces', 'ld_library_path_lib')
[1.680s] INFO:colcon.colcon_core.shell:Creating environment hook '/home/dragon/FRA502-LAB-66340500051/install/turtlesim_plus_interfaces/share/turtlesim_plus_interfaces/hook/ld_library_path_lib.ps1'
[1.681s] INFO:colcon.colcon_core.shell:Creating environment descriptor '/home/dragon/FRA502-LAB-66340500051/install/turtlesim_plus_interfaces/share/turtlesim_plus_interfaces/hook/ld_library_path_lib.dsv'
[1.681s] INFO:colcon.colcon_core.shell:Creating environment hook '/home/dragon/FRA502-LAB-66340500051/install/turtlesim_plus_interfaces/share/turtlesim_plus_interfaces/hook/ld_library_path_lib.sh'
[1.682s] Level 1:colcon.colcon_core.environment:checking '/home/dragon/FRA502-LAB-66340500051/install/turtlesim_plus_interfaces/bin'
[1.682s] Level 1:colcon.colcon_core.environment:checking '/home/dragon/FRA502-LAB-66340500051/install/turtlesim_plus_interfaces/lib/pkgconfig/turtlesim_plus_interfaces.pc'
[1.682s] Level 1:colcon.colcon_core.environment:checking '/home/dragon/FRA502-LAB-66340500051/install/turtlesim_plus_interfaces/lib/python3.10/site-packages'
[1.682s] Level 1:colcon.colcon_core.environment:checking '/home/dragon/FRA502-LAB-66340500051/install/turtlesim_plus_interfaces/bin'
[1.682s] INFO:colcon.colcon_core.shell:Creating package script '/home/dragon/FRA502-LAB-66340500051/install/turtlesim_plus_interfaces/share/turtlesim_plus_interfaces/package.ps1'
[1.683s] INFO:colcon.colcon_core.shell:Creating package descriptor '/home/dragon/FRA502-LAB-66340500051/install/turtlesim_plus_interfaces/share/turtlesim_plus_interfaces/package.dsv'
[1.683s] INFO:colcon.colcon_core.shell:Creating package script '/home/dragon/FRA502-LAB-66340500051/install/turtlesim_plus_interfaces/share/turtlesim_plus_interfaces/package.sh'
[1.684s] INFO:colcon.colcon_core.shell:Creating package script '/home/dragon/FRA502-LAB-66340500051/install/turtlesim_plus_interfaces/share/turtlesim_plus_interfaces/package.bash'
[1.684s] INFO:colcon.colcon_core.shell:Creating package script '/home/dragon/FRA502-LAB-66340500051/install/turtlesim_plus_interfaces/share/turtlesim_plus_interfaces/package.zsh'
[1.685s] Level 1:colcon.colcon_core.environment:create_file_with_runtime_dependencies(/home/dragon/FRA502-LAB-66340500051/install/turtlesim_plus_interfaces/share/colcon-core/packages/turtlesim_plus_interfaces)
[1.685s] Level 1:colcon.colcon_core.environment:create_environment_scripts_only(turtlesim_plus_interfaces)
[1.685s] Level 1:colcon.colcon_core.environment:checking '/home/dragon/FRA502-LAB-66340500051/install/turtlesim_plus_interfaces' for CMake module files
[1.686s] Level 1:colcon.colcon_core.environment:checking '/home/dragon/FRA502-LAB-66340500051/install/turtlesim_plus_interfaces' for CMake config files
[1.687s] Level 1:colcon.colcon_core.shell:create_environment_hook('turtlesim_plus_interfaces', 'cmake_prefix_path')
[1.687s] INFO:colcon.colcon_core.shell:Creating environment hook '/home/dragon/FRA502-LAB-66340500051/install/turtlesim_plus_interfaces/share/turtlesim_plus_interfaces/hook/cmake_prefix_path.ps1'
[1.688s] INFO:colcon.colcon_core.shell:Creating environment descriptor '/home/dragon/FRA502-LAB-66340500051/install/turtlesim_plus_interfaces/share/turtlesim_plus_interfaces/hook/cmake_prefix_path.dsv'
[1.688s] INFO:colcon.colcon_core.shell:Creating environment hook '/home/dragon/FRA502-LAB-66340500051/install/turtlesim_plus_interfaces/share/turtlesim_plus_interfaces/hook/cmake_prefix_path.sh'
[1.688s] Level 1:colcon.colcon_core.environment:checking '/home/dragon/FRA502-LAB-66340500051/install/turtlesim_plus_interfaces/lib'
[1.689s] Level 1:colcon.colcon_core.shell:create_environment_hook('turtlesim_plus_interfaces', 'ld_library_path_lib')
[1.689s] INFO:colcon.colcon_core.shell:Creating environment hook '/home/dragon/FRA502-LAB-66340500051/install/turtlesim_plus_interfaces/share/turtlesim_plus_interfaces/hook/ld_library_path_lib.ps1'
[1.689s] INFO:colcon.colcon_core.shell:Creating environment descriptor '/home/dragon/FRA502-LAB-66340500051/install/turtlesim_plus_interfaces/share/turtlesim_plus_interfaces/hook/ld_library_path_lib.dsv'
[1.690s] INFO:colcon.colcon_core.shell:Creating environment hook '/home/dragon/FRA502-LAB-66340500051/install/turtlesim_plus_interfaces/share/turtlesim_plus_interfaces/hook/ld_library_path_lib.sh'
[1.690s] Level 1:colcon.colcon_core.environment:checking '/home/dragon/FRA502-LAB-66340500051/install/turtlesim_plus_interfaces/bin'
[1.690s] Level 1:colcon.colcon_core.environment:checking '/home/dragon/FRA502-LAB-66340500051/install/turtlesim_plus_interfaces/lib/pkgconfig/turtlesim_plus_interfaces.pc'
[1.690s] Level 1:colcon.colcon_core.environment:checking '/home/dragon/FRA502-LAB-66340500051/install/turtlesim_plus_interfaces/lib/python3.10/site-packages'
[1.691s] Level 1:colcon.colcon_core.environment:checking '/home/dragon/FRA502-LAB-66340500051/install/turtlesim_plus_interfaces/bin'
[1.691s] INFO:colcon.colcon_core.shell:Creating package script '/home/dragon/FRA502-LAB-66340500051/install/turtlesim_plus_interfaces/share/turtlesim_plus_interfaces/package.ps1'
[1.692s] INFO:colcon.colcon_core.shell:Creating package descriptor '/home/dragon/FRA502-LAB-66340500051/install/turtlesim_plus_interfaces/share/turtlesim_plus_interfaces/package.dsv'
[1.693s] INFO:colcon.colcon_core.shell:Creating package script '/home/dragon/FRA502-LAB-66340500051/install/turtlesim_plus_interfaces/share/turtlesim_plus_interfaces/package.sh'
[1.693s] INFO:colcon.colcon_core.shell:Creating package script '/home/dragon/FRA502-LAB-66340500051/install/turtlesim_plus_interfaces/share/turtlesim_plus_interfaces/package.bash'
[1.694s] INFO:colcon.colcon_core.shell:Creating package script '/home/dragon/FRA502-LAB-66340500051/install/turtlesim_plus_interfaces/share/turtlesim_plus_interfaces/package.zsh'
[1.694s] Level 1:colcon.colcon_core.environment:create_file_with_runtime_dependencies(/home/dragon/FRA502-LAB-66340500051/install/turtlesim_plus_interfaces/share/colcon-core/packages/turtlesim_plus_interfaces)
[1.695s] DEBUG:colcon.colcon_parallel_executor.executor.parallel:closing loop
[1.695s] DEBUG:colcon.colcon_parallel_executor.executor.parallel:loop closed
[1.695s] DEBUG:colcon.colcon_parallel_executor.executor.parallel:run_until_complete finished with '0'
[1.695s] DEBUG:colcon.colcon_core.event_reactor:joining thread
[1.701s] INFO:colcon.colcon_core.plugin_system:Skipping extension 'colcon_notification.desktop_notification.terminal_notifier': Not used on non-Darwin systems
[1.701s] INFO:colcon.colcon_core.plugin_system:Skipping extension 'colcon_notification.desktop_notification.win32': Not used on non-Windows systems
[1.702s] INFO:colcon.colcon_notification.desktop_notification:Sending desktop notification using 'notify2'
[1.714s] DEBUG:colcon.colcon_core.event_reactor:joined thread
[1.714s] INFO:colcon.colcon_core.shell:Creating prefix script '/home/dragon/FRA502-LAB-66340500051/install/local_setup.ps1'
[1.715s] INFO:colcon.colcon_core.shell:Creating prefix util module '/home/dragon/FRA502-LAB-66340500051/install/_local_setup_util_ps1.py'
[1.717s] INFO:colcon.colcon_core.shell:Creating prefix chain script '/home/dragon/FRA502-LAB-66340500051/install/setup.ps1'
[1.718s] INFO:colcon.colcon_core.shell:Creating prefix script '/home/dragon/FRA502-LAB-66340500051/install/local_setup.sh'
[1.719s] INFO:colcon.colcon_core.shell:Creating prefix util module '/home/dragon/FRA502-LAB-66340500051/install/_local_setup_util_sh.py'
[1.720s] INFO:colcon.colcon_core.shell:Creating prefix chain script '/home/dragon/FRA502-LAB-66340500051/install/setup.sh'
[1.721s] INFO:colcon.colcon_core.shell:Creating prefix script '/home/dragon/FRA502-LAB-66340500051/install/local_setup.bash'
[1.721s] INFO:colcon.colcon_core.shell:Creating prefix chain script '/home/dragon/FRA502-LAB-66340500051/install/setup.bash'
[1.723s] INFO:colcon.colcon_core.shell:Creating prefix script '/home/dragon/FRA502-LAB-66340500051/install/local_setup.zsh'
[1.723s] INFO:colcon.colcon_core.shell:Creating prefix chain script '/home/dragon/FRA502-LAB-66340500051/install/setup.zsh'
