[0.018s] Invoking command in '/home/dragon/FRA502-LAB-66340500051/build/lab2': CMAKE_PREFIX_PATH=${CMAKE_PREFIX_PATH}:/opt/ros/humble /usr/bin/cmake /home/dragon/FRA502-LAB-66340500051/src/lab2 -DCMAKE_INSTALL_PREFIX=/home/dragon/FRA502-LAB-66340500051/install/lab2
[0.082s] -- The C compiler identification is GNU 11.4.0
[0.155s] -- The CXX compiler identification is GNU 11.4.0
[0.164s] -- Detecting C compiler ABI info
[0.248s] -- Detecting C compiler ABI info - done
[0.257s] -- Check for working C compiler: /usr/bin/cc - skipped
[0.257s] -- Detecting C compile features
[0.258s] -- Detecting C compile features - done
[0.261s] -- Detecting CXX compiler ABI info
[0.359s] -- Detecting CXX compiler ABI info - done
[0.370s] -- Check for working CXX compiler: /usr/bin/c++ - skipped
[0.372s] -- Detecting CXX compile features
[0.372s] -- Detecting CXX compile features - done
[0.374s] -- Found ament_cmake: 1.3.12 (/opt/ros/humble/share/ament_cmake/cmake)
[0.556s] -- Found Python3: /usr/bin/python3 (found version "3.10.12") found components: Interpreter 
[0.663s] -- Found rclcpp: 16.0.14 (/opt/ros/humble/share/rclcpp/cmake)
[0.710s] -- Found rosidl_generator_c: 3.1.7 (/opt/ros/humble/share/rosidl_generator_c/cmake)
[0.714s] -- Found rosidl_adapter: 3.1.7 (/opt/ros/humble/share/rosidl_adapter/cmake)
[0.725s] -- Found rosidl_generator_cpp: 3.1.7 (/opt/ros/humble/share/rosidl_generator_cpp/cmake)
[0.738s] -- Using all available rosidl_typesupport_c: rosidl_typesupport_fastrtps_c;rosidl_typesupport_introspection_c
[0.761s] -- Using all available rosidl_typesupport_cpp: rosidl_typesupport_fastrtps_cpp;rosidl_typesupport_introspection_cpp
[0.807s] -- Found rmw_implementation_cmake: 6.1.2 (/opt/ros/humble/share/rmw_implementation_cmake/cmake)
[0.810s] -- Found rmw_fastrtps_cpp: 6.2.8 (/opt/ros/humble/share/rmw_fastrtps_cpp/cmake)
[0.916s] -- Found OpenSSL: /usr/lib/x86_64-linux-gnu/libcrypto.so (found version "3.0.2")  
[0.948s] -- Found FastRTPS: /opt/ros/humble/include  
[0.998s] -- Using RMW implementation 'rmw_fastrtps_cpp' as default
[1.010s] -- Looking for pthread.h
[1.095s] -- Looking for pthread.h - found
[1.096s] -- Performing Test CMAKE_HAVE_LIBC_PTHREAD
[1.182s] -- Performing Test CMAKE_HAVE_LIBC_PTHREAD - Success
[1.184s] -- Found Threads: TRUE  
[1.247s] -- Found rclpy: 3.3.17 (/opt/ros/humble/share/rclpy/cmake)
[1.431s] -- Configuring done
[1.443s] -- Generating done
[1.448s] -- Build files have been written to: /home/dragon/FRA502-LAB-66340500051/build/lab2
[1.462s] Invoked command in '/home/dragon/FRA502-LAB-66340500051/build/lab2' returned '0': CMAKE_PREFIX_PATH=${CMAKE_PREFIX_PATH}:/opt/ros/humble /usr/bin/cmake /home/dragon/FRA502-LAB-66340500051/src/lab2 -DCMAKE_INSTALL_PREFIX=/home/dragon/FRA502-LAB-66340500051/install/lab2
[1.463s] Invoking command in '/home/dragon/FRA502-LAB-66340500051/build/lab2': CMAKE_PREFIX_PATH=${CMAKE_PREFIX_PATH}:/opt/ros/humble /usr/bin/cmake --build /home/dragon/FRA502-LAB-66340500051/build/lab2 -- -j4 -l4
[1.532s] [  0%] Built target ament_cmake_python_copy_lab2
[1.549s] [ 50%] [32mBuilding CXX object CMakeFiles/cpp_node_test.dir/src/cpp_node.cpp.o[0m
[2.041s] running egg_info
[2.041s] creating lab2.egg-info
[2.042s] writing lab2.egg-info/PKG-INFO
[2.042s] writing dependency_links to lab2.egg-info/dependency_links.txt
[2.042s] writing top-level names to lab2.egg-info/top_level.txt
[2.042s] writing manifest file 'lab2.egg-info/SOURCES.txt'
[2.042s] reading manifest file 'lab2.egg-info/SOURCES.txt'
[2.042s] writing manifest file 'lab2.egg-info/SOURCES.txt'
[2.103s] [ 50%] Built target ament_cmake_python_build_lab2_egg
[2.167s] [100%] [32m[1mLinking CXX executable cpp_node_test[0m
[2.345s] [100%] Built target cpp_node_test
[2.381s] Invoked command in '/home/dragon/FRA502-LAB-66340500051/build/lab2' returned '0': CMAKE_PREFIX_PATH=${CMAKE_PREFIX_PATH}:/opt/ros/humble /usr/bin/cmake --build /home/dragon/FRA502-LAB-66340500051/build/lab2 -- -j4 -l4
[2.382s] Invoking command in '/home/dragon/FRA502-LAB-66340500051/build/lab2': CMAKE_PREFIX_PATH=${CMAKE_PREFIX_PATH}:/opt/ros/humble /usr/bin/cmake --install /home/dragon/FRA502-LAB-66340500051/build/lab2
[2.397s] -- Install configuration: ""
[2.397s] -- Installing: /home/dragon/FRA502-LAB-66340500051/install/lab2/share/lab2/environment/pythonpath.sh
[2.397s] -- Installing: /home/dragon/FRA502-LAB-66340500051/install/lab2/share/lab2/environment/pythonpath.dsv
[2.406s] -- Installing: /home/dragon/FRA502-LAB-66340500051/install/lab2/local/lib/python3.10/dist-packages/lab2-0.0.0-py3.10.egg-info
[2.406s] -- Installing: /home/dragon/FRA502-LAB-66340500051/install/lab2/local/lib/python3.10/dist-packages/lab2-0.0.0-py3.10.egg-info/PKG-INFO
[2.407s] -- Installing: /home/dragon/FRA502-LAB-66340500051/install/lab2/local/lib/python3.10/dist-packages/lab2-0.0.0-py3.10.egg-info/top_level.txt
[2.407s] -- Installing: /home/dragon/FRA502-LAB-66340500051/install/lab2/local/lib/python3.10/dist-packages/lab2-0.0.0-py3.10.egg-info/dependency_links.txt
[2.407s] -- Installing: /home/dragon/FRA502-LAB-66340500051/install/lab2/local/lib/python3.10/dist-packages/lab2-0.0.0-py3.10.egg-info/SOURCES.txt
[2.407s] -- Installing: /home/dragon/FRA502-LAB-66340500051/install/lab2/local/lib/python3.10/dist-packages/lab2
[2.407s] -- Installing: /home/dragon/FRA502-LAB-66340500051/install/lab2/local/lib/python3.10/dist-packages/lab2/dummy_module.py
[2.407s] -- Installing: /home/dragon/FRA502-LAB-66340500051/install/lab2/local/lib/python3.10/dist-packages/lab2/__init__.py
[2.477s] Listing '/home/dragon/FRA502-LAB-66340500051/install/lab2/local/lib/python3.10/dist-packages/lab2'...
[2.477s] Compiling '/home/dragon/FRA502-LAB-66340500051/install/lab2/local/lib/python3.10/dist-packages/lab2/__init__.py'...
[2.477s] Compiling '/home/dragon/FRA502-LAB-66340500051/install/lab2/local/lib/python3.10/dist-packages/lab2/dummy_module.py'...
[2.491s] -- Installing: /home/dragon/FRA502-LAB-66340500051/install/lab2/lib/lab2/dummy_script.py
[2.491s] -- Installing: /home/dragon/FRA502-LAB-66340500051/install/lab2/lib/lab2/eater.py
[2.491s] -- Installing: /home/dragon/FRA502-LAB-66340500051/install/lab2/lib/lab2/killer.py
[2.491s] -- Installing: /home/dragon/FRA502-LAB-66340500051/install/lab2/lib/lab2/turtlesim_pose.py
[2.491s] -- Installing: /home/dragon/FRA502-LAB-66340500051/install/lab2/lib/lab2/cpp_node_test
[2.491s] -- Set runtime path of "/home/dragon/FRA502-LAB-66340500051/install/lab2/lib/lab2/cpp_node_test" to ""
[2.491s] -- Up-to-date: /home/dragon/FRA502-LAB-66340500051/install/lab2/share/lab2
[2.492s] -- Installing: /home/dragon/FRA502-LAB-66340500051/install/lab2/share/ament_index/resource_index/package_run_dependencies/lab2
[2.492s] -- Installing: /home/dragon/FRA502-LAB-66340500051/install/lab2/share/ament_index/resource_index/parent_prefix_path/lab2
[2.492s] -- Installing: /home/dragon/FRA502-LAB-66340500051/install/lab2/share/lab2/environment/ament_prefix_path.sh
[2.498s] -- Installing: /home/dragon/FRA502-LAB-66340500051/install/lab2/share/lab2/environment/ament_prefix_path.dsv
[2.498s] -- Installing: /home/dragon/FRA502-LAB-66340500051/install/lab2/share/lab2/environment/path.sh
[2.498s] -- Installing: /home/dragon/FRA502-LAB-66340500051/install/lab2/share/lab2/environment/path.dsv
[2.498s] -- Installing: /home/dragon/FRA502-LAB-66340500051/install/lab2/share/lab2/local_setup.bash
[2.498s] -- Installing: /home/dragon/FRA502-LAB-66340500051/install/lab2/share/lab2/local_setup.sh
[2.498s] -- Installing: /home/dragon/FRA502-LAB-66340500051/install/lab2/share/lab2/local_setup.zsh
[2.498s] -- Installing: /home/dragon/FRA502-LAB-66340500051/install/lab2/share/lab2/local_setup.dsv
[2.499s] -- Installing: /home/dragon/FRA502-LAB-66340500051/install/lab2/share/lab2/package.dsv
[2.499s] -- Installing: /home/dragon/FRA502-LAB-66340500051/install/lab2/share/ament_index/resource_index/packages/lab2
[2.499s] -- Installing: /home/dragon/FRA502-LAB-66340500051/install/lab2/share/lab2/cmake/lab2Config.cmake
[2.499s] -- Installing: /home/dragon/FRA502-LAB-66340500051/install/lab2/share/lab2/cmake/lab2Config-version.cmake
[2.499s] -- Installing: /home/dragon/FRA502-LAB-66340500051/install/lab2/share/lab2/package.xml
[2.508s] Invoked command in '/home/dragon/FRA502-LAB-66340500051/build/lab2' returned '0': CMAKE_PREFIX_PATH=${CMAKE_PREFIX_PATH}:/opt/ros/humble /usr/bin/cmake --install /home/dragon/FRA502-LAB-66340500051/build/lab2
