[0.023s] Invoking command in '/home/dragon/FRA502-LAB-66340500051/build/lab3': CMAKE_PREFIX_PATH=${CMAKE_PREFIX_PATH}:/opt/ros/humble /usr/bin/cmake --build /home/dragon/FRA502-LAB-66340500051/build/lab3 -- -j4 -l4
[0.120s] [100%] Built target cpp_node_test
[0.140s] [100%] Built target ament_cmake_python_copy_lab3
[0.472s] running egg_info
[0.473s] writing lab3.egg-info/PKG-INFO
[0.473s] writing dependency_links to lab3.egg-info/dependency_links.txt
[0.473s] writing top-level names to lab3.egg-info/top_level.txt
[0.475s] reading manifest file 'lab3.egg-info/SOURCES.txt'
[0.476s] writing manifest file 'lab3.egg-info/SOURCES.txt'
[0.512s] [100%] Built target ament_cmake_python_build_lab3_egg
[0.541s] Invoked command in '/home/dragon/FRA502-LAB-66340500051/build/lab3' returned '0': CMAKE_PREFIX_PATH=${CMAKE_PREFIX_PATH}:/opt/ros/humble /usr/bin/cmake --build /home/dragon/FRA502-LAB-66340500051/build/lab3 -- -j4 -l4
[0.557s] Invoking command in '/home/dragon/FRA502-LAB-66340500051/build/lab3': CMAKE_PREFIX_PATH=${CMAKE_PREFIX_PATH}:/opt/ros/humble /usr/bin/cmake --install /home/dragon/FRA502-LAB-66340500051/build/lab3
[0.566s] -- Install configuration: ""
[0.566s] -- Up-to-date: /home/dragon/FRA502-LAB-66340500051/install/lab3/share/lab3/environment/pythonpath.sh
[0.566s] -- Up-to-date: /home/dragon/FRA502-LAB-66340500051/install/lab3/share/lab3/environment/pythonpath.dsv
[0.567s] -- Up-to-date: /home/dragon/FRA502-LAB-66340500051/install/lab3/local/lib/python3.10/dist-packages/lab3-0.0.0-py3.10.egg-info
[0.567s] -- Installing: /home/dragon/FRA502-LAB-66340500051/install/lab3/local/lib/python3.10/dist-packages/lab3-0.0.0-py3.10.egg-info/PKG-INFO
[0.567s] -- Installing: /home/dragon/FRA502-LAB-66340500051/install/lab3/local/lib/python3.10/dist-packages/lab3-0.0.0-py3.10.egg-info/top_level.txt
[0.567s] -- Installing: /home/dragon/FRA502-LAB-66340500051/install/lab3/local/lib/python3.10/dist-packages/lab3-0.0.0-py3.10.egg-info/dependency_links.txt
[0.567s] -- Installing: /home/dragon/FRA502-LAB-66340500051/install/lab3/local/lib/python3.10/dist-packages/lab3-0.0.0-py3.10.egg-info/SOURCES.txt
[0.567s] -- Up-to-date: /home/dragon/FRA502-LAB-66340500051/install/lab3/local/lib/python3.10/dist-packages/lab3
[0.567s] -- Up-to-date: /home/dragon/FRA502-LAB-66340500051/install/lab3/local/lib/python3.10/dist-packages/lab3/dummy_module.py
[0.567s] -- Up-to-date: /home/dragon/FRA502-LAB-66340500051/install/lab3/local/lib/python3.10/dist-packages/lab3/__init__.py
[0.611s] Listing '/home/dragon/FRA502-LAB-66340500051/install/lab3/local/lib/python3.10/dist-packages/lab3'...
[0.618s] -- Up-to-date: /home/dragon/FRA502-LAB-66340500051/install/lab3/lib/lab3/dummy_script.py
[0.622s] -- Up-to-date: /home/dragon/FRA502-LAB-66340500051/install/lab3/lib/lab3/eater.py
[0.622s] -- Up-to-date: /home/dragon/FRA502-LAB-66340500051/install/lab3/lib/lab3/killer.py
[0.622s] -- Up-to-date: /home/dragon/FRA502-LAB-66340500051/install/lab3/lib/lab3/cpp_node_test
[0.623s] -- Up-to-date: /home/dragon/FRA502-LAB-66340500051/install/lab3/share/lab3/launch
[0.624s] -- Installing: /home/dragon/FRA502-LAB-66340500051/install/lab3/share/lab3/launch/run.launch.py
[0.625s] -- Up-to-date: /home/dragon/FRA502-LAB-66340500051/install/lab3/share/ament_index/resource_index/package_run_dependencies/lab3
[0.626s] -- Up-to-date: /home/dragon/FRA502-LAB-66340500051/install/lab3/share/ament_index/resource_index/parent_prefix_path/lab3
[0.634s] -- Up-to-date: /home/dragon/FRA502-LAB-66340500051/install/lab3/share/lab3/environment/ament_prefix_path.sh
[0.634s] -- Up-to-date: /home/dragon/FRA502-LAB-66340500051/install/lab3/share/lab3/environment/ament_prefix_path.dsv
[0.634s] -- Up-to-date: /home/dragon/FRA502-LAB-66340500051/install/lab3/share/lab3/environment/path.sh
[0.634s] -- Up-to-date: /home/dragon/FRA502-LAB-66340500051/install/lab3/share/lab3/environment/path.dsv
[0.634s] -- Up-to-date: /home/dragon/FRA502-LAB-66340500051/install/lab3/share/lab3/local_setup.bash
[0.635s] -- Up-to-date: /home/dragon/FRA502-LAB-66340500051/install/lab3/share/lab3/local_setup.sh
[0.635s] -- Up-to-date: /home/dragon/FRA502-LAB-66340500051/install/lab3/share/lab3/local_setup.zsh
[0.635s] -- Up-to-date: /home/dragon/FRA502-LAB-66340500051/install/lab3/share/lab3/local_setup.dsv
[0.635s] -- Installing: /home/dragon/FRA502-LAB-66340500051/install/lab3/share/lab3/package.dsv
[0.635s] -- Up-to-date: /home/dragon/FRA502-LAB-66340500051/install/lab3/share/ament_index/resource_index/packages/lab3
[0.635s] -- Up-to-date: /home/dragon/FRA502-LAB-66340500051/install/lab3/share/lab3/cmake/lab3Config.cmake
[0.635s] -- Up-to-date: /home/dragon/FRA502-LAB-66340500051/install/lab3/share/lab3/cmake/lab3Config-version.cmake
[0.635s] -- Up-to-date: /home/dragon/FRA502-LAB-66340500051/install/lab3/share/lab3/package.xml
[0.637s] Invoked command in '/home/dragon/FRA502-LAB-66340500051/build/lab3' returned '0': CMAKE_PREFIX_PATH=${CMAKE_PREFIX_PATH}:/opt/ros/humble /usr/bin/cmake --install /home/dragon/FRA502-LAB-66340500051/build/lab3
