[0.117s] DEBUG:colcon:Command line arguments: ['/usr/bin/colcon', 'build']
[0.117s] DEBUG:colcon:Parsed command line arguments: Namespace(log_base=None, log_level=None, verb_name='build', build_base='build', install_base='install', merge_install=False, symlink_install=False, test_result_base=None, continue_on_error=False, executor='parallel', parallel_workers=4, event_handlers=None, ignore_user_meta=False, metas=['./colcon.meta'], base_paths=['.'], packages_ignore=None, packages_ignore_regex=None, paths=None, packages_up_to=None, packages_up_to_regex=None, packages_above=None, packages_above_and_dependencies=None, packages_above_depth=None, packages_select_by_dep=None, packages_skip_by_dep=None, packages_skip_up_to=None, packages_select_build_failed=False, packages_skip_build_finished=False, packages_select_test_failures=False, packages_skip_test_passed=False, packages_select=None, packages_skip=None, packages_select_regex=None, packages_skip_regex=None, packages_start=None, packages_end=None, allow_overriding=[], cmake_args=None, cmake_target=None, cmake_target_skip_unavailable=False, cmake_clean_cache=False, cmake_clean_first=False, cmake_force_configure=False, ament_cmake_args=None, catkin_cmake_args=None, catkin_skip_building_tests=False, verb_parser=<colcon_defaults.argument_parser.defaults.DefaultArgumentsDecorator object at 0x75885836d270>, verb_extension=<colcon_core.verb.build.BuildVerb object at 0x7588584e6890>, main=<bound method BuildVerb.main of <colcon_core.verb.build.BuildVerb object at 0x7588584e6890>>)
[0.307s] Level 1:colcon.colcon_core.package_discovery:discover_packages(colcon_meta) check parameters
[0.307s] Level 1:colcon.colcon_core.package_discovery:discover_packages(recursive) check parameters
[0.307s] Level 1:colcon.colcon_core.package_discovery:discover_packages(ignore) check parameters
[0.307s] Level 1:colcon.colcon_core.package_discovery:discover_packages(path) check parameters
[0.307s] Level 1:colcon.colcon_core.package_discovery:discover_packages(colcon_meta) discover
[0.307s] Level 1:colcon.colcon_core.package_discovery:discover_packages(recursive) discover
[0.307s] INFO:colcon.colcon_core.package_discovery:Crawling recursively for packages in '/home/dragon/FRA502-LAB-66340500051'
[0.307s] Level 1:colcon.colcon_core.package_identification:_identify(.) by extensions ['ignore', 'ignore_ament_install']
[0.307s] Level 1:colcon.colcon_core.package_identification:_identify(.) by extension 'ignore'
[0.308s] Level 1:colcon.colcon_core.package_identification:_identify(.) by extension 'ignore_ament_install'
[0.308s] Level 1:colcon.colcon_core.package_identification:_identify(.) by extensions ['colcon_pkg']
[0.308s] Level 1:colcon.colcon_core.package_identification:_identify(.) by extension 'colcon_pkg'
[0.308s] Level 1:colcon.colcon_core.package_identification:_identify(.) by extensions ['colcon_meta']
[0.308s] Level 1:colcon.colcon_core.package_identification:_identify(.) by extension 'colcon_meta'
[0.308s] Level 1:colcon.colcon_core.package_identification:_identify(.) by extensions ['ros']
[0.308s] Level 1:colcon.colcon_core.package_identification:_identify(.) by extension 'ros'
[0.320s] Level 1:colcon.colcon_core.package_identification:_identify(.) by extensions ['cmake', 'python']
[0.320s] Level 1:colcon.colcon_core.package_identification:_identify(.) by extension 'cmake'
[0.320s] Level 1:colcon.colcon_core.package_identification:_identify(.) by extension 'python'
[0.320s] Level 1:colcon.colcon_core.package_identification:_identify(.) by extensions ['python_setup_py']
[0.320s] Level 1:colcon.colcon_core.package_identification:_identify(.) by extension 'python_setup_py'
[0.320s] Level 1:colcon.colcon_core.package_identification:_identify(build) by extensions ['ignore', 'ignore_ament_install']
[0.320s] Level 1:colcon.colcon_core.package_identification:_identify(build) by extension 'ignore'
[0.320s] Level 1:colcon.colcon_core.package_identification:_identify(build) ignored
[0.321s] Level 1:colcon.colcon_core.package_identification:_identify(install) by extensions ['ignore', 'ignore_ament_install']
[0.321s] Level 1:colcon.colcon_core.package_identification:_identify(install) by extension 'ignore'
[0.321s] Level 1:colcon.colcon_core.package_identification:_identify(install) ignored
[0.321s] Level 1:colcon.colcon_core.package_identification:_identify(log) by extensions ['ignore', 'ignore_ament_install']
[0.321s] Level 1:colcon.colcon_core.package_identification:_identify(log) by extension 'ignore'
[0.321s] Level 1:colcon.colcon_core.package_identification:_identify(log) ignored
[0.321s] Level 1:colcon.colcon_core.package_identification:_identify(src) by extensions ['ignore', 'ignore_ament_install']
[0.321s] Level 1:colcon.colcon_core.package_identification:_identify(src) by extension 'ignore'
[0.321s] Level 1:colcon.colcon_core.package_identification:_identify(src) by extension 'ignore_ament_install'
[0.321s] Level 1:colcon.colcon_core.package_identification:_identify(src) by extensions ['colcon_pkg']
[0.321s] Level 1:colcon.colcon_core.package_identification:_identify(src) by extension 'colcon_pkg'
[0.321s] Level 1:colcon.colcon_core.package_identification:_identify(src) by extensions ['colcon_meta']
[0.321s] Level 1:colcon.colcon_core.package_identification:_identify(src) by extension 'colcon_meta'
[0.321s] Level 1:colcon.colcon_core.package_identification:_identify(src) by extensions ['ros']
[0.321s] Level 1:colcon.colcon_core.package_identification:_identify(src) by extension 'ros'
[0.322s] Level 1:colcon.colcon_core.package_identification:_identify(src) by extensions ['cmake', 'python']
[0.322s] Level 1:colcon.colcon_core.package_identification:_identify(src) by extension 'cmake'
[0.322s] Level 1:colcon.colcon_core.package_identification:_identify(src) by extension 'python'
[0.322s] Level 1:colcon.colcon_core.package_identification:_identify(src) by extensions ['python_setup_py']
[0.322s] Level 1:colcon.colcon_core.package_identification:_identify(src) by extension 'python_setup_py'
[0.322s] Level 1:colcon.colcon_core.package_identification:_identify(src/build) by extensions ['ignore', 'ignore_ament_install']
[0.322s] Level 1:colcon.colcon_core.package_identification:_identify(src/build) by extension 'ignore'
[0.322s] Level 1:colcon.colcon_core.package_identification:_identify(src/build) ignored
[0.322s] Level 1:colcon.colcon_core.package_identification:_identify(src/controller_interfaces) by extensions ['ignore', 'ignore_ament_install']
[0.322s] Level 1:colcon.colcon_core.package_identification:_identify(src/controller_interfaces) by extension 'ignore'
[0.322s] Level 1:colcon.colcon_core.package_identification:_identify(src/controller_interfaces) by extension 'ignore_ament_install'
[0.322s] Level 1:colcon.colcon_core.package_identification:_identify(src/controller_interfaces) by extensions ['colcon_pkg']
[0.322s] Level 1:colcon.colcon_core.package_identification:_identify(src/controller_interfaces) by extension 'colcon_pkg'
[0.322s] Level 1:colcon.colcon_core.package_identification:_identify(src/controller_interfaces) by extensions ['colcon_meta']
[0.322s] Level 1:colcon.colcon_core.package_identification:_identify(src/controller_interfaces) by extension 'colcon_meta'
[0.322s] Level 1:colcon.colcon_core.package_identification:_identify(src/controller_interfaces) by extensions ['ros']
[0.322s] Level 1:colcon.colcon_core.package_identification:_identify(src/controller_interfaces) by extension 'ros'
[0.325s] DEBUG:colcon.colcon_core.package_identification:Package 'src/controller_interfaces' with type 'ros.ament_cmake' and name 'controller_interfaces'
[0.325s] Level 1:colcon.colcon_core.package_identification:_identify(src/install) by extensions ['ignore', 'ignore_ament_install']
[0.325s] Level 1:colcon.colcon_core.package_identification:_identify(src/install) by extension 'ignore'
[0.325s] Level 1:colcon.colcon_core.package_identification:_identify(src/install) ignored
[0.325s] Level 1:colcon.colcon_core.package_identification:_identify(src/lab2) by extensions ['ignore', 'ignore_ament_install']
[0.325s] Level 1:colcon.colcon_core.package_identification:_identify(src/lab2) by extension 'ignore'
[0.325s] Level 1:colcon.colcon_core.package_identification:_identify(src/lab2) by extension 'ignore_ament_install'
[0.325s] Level 1:colcon.colcon_core.package_identification:_identify(src/lab2) by extensions ['colcon_pkg']
[0.325s] Level 1:colcon.colcon_core.package_identification:_identify(src/lab2) by extension 'colcon_pkg'
[0.325s] Level 1:colcon.colcon_core.package_identification:_identify(src/lab2) by extensions ['colcon_meta']
[0.326s] Level 1:colcon.colcon_core.package_identification:_identify(src/lab2) by extension 'colcon_meta'
[0.326s] Level 1:colcon.colcon_core.package_identification:_identify(src/lab2) by extensions ['ros']
[0.326s] Level 1:colcon.colcon_core.package_identification:_identify(src/lab2) by extension 'ros'
[0.326s] DEBUG:colcon.colcon_core.package_identification:Package 'src/lab2' with type 'ros.ament_cmake' and name 'lab2'
[0.326s] Level 1:colcon.colcon_core.package_identification:_identify(src/lab3) by extensions ['ignore', 'ignore_ament_install']
[0.326s] Level 1:colcon.colcon_core.package_identification:_identify(src/lab3) by extension 'ignore'
[0.326s] Level 1:colcon.colcon_core.package_identification:_identify(src/lab3) by extension 'ignore_ament_install'
[0.327s] Level 1:colcon.colcon_core.package_identification:_identify(src/lab3) by extensions ['colcon_pkg']
[0.327s] Level 1:colcon.colcon_core.package_identification:_identify(src/lab3) by extension 'colcon_pkg'
[0.327s] Level 1:colcon.colcon_core.package_identification:_identify(src/lab3) by extensions ['colcon_meta']
[0.327s] Level 1:colcon.colcon_core.package_identification:_identify(src/lab3) by extension 'colcon_meta'
[0.327s] Level 1:colcon.colcon_core.package_identification:_identify(src/lab3) by extensions ['ros']
[0.327s] Level 1:colcon.colcon_core.package_identification:_identify(src/lab3) by extension 'ros'
[0.327s] DEBUG:colcon.colcon_core.package_identification:Package 'src/lab3' with type 'ros.ament_cmake' and name 'lab3'
[0.327s] Level 1:colcon.colcon_core.package_identification:_identify(src/log) by extensions ['ignore', 'ignore_ament_install']
[0.328s] Level 1:colcon.colcon_core.package_identification:_identify(src/log) by extension 'ignore'
[0.328s] Level 1:colcon.colcon_core.package_identification:_identify(src/log) ignored
[0.328s] Level 1:colcon.colcon_core.package_identification:_identify(src/turtlesim_plus) by extensions ['ignore', 'ignore_ament_install']
[0.328s] Level 1:colcon.colcon_core.package_identification:_identify(src/turtlesim_plus) by extension 'ignore'
[0.328s] Level 1:colcon.colcon_core.package_identification:_identify(src/turtlesim_plus) by extension 'ignore_ament_install'
[0.328s] Level 1:colcon.colcon_core.package_identification:_identify(src/turtlesim_plus) by extensions ['colcon_pkg']
[0.328s] Level 1:colcon.colcon_core.package_identification:_identify(src/turtlesim_plus) by extension 'colcon_pkg'
[0.328s] Level 1:colcon.colcon_core.package_identification:_identify(src/turtlesim_plus) by extensions ['colcon_meta']
[0.328s] Level 1:colcon.colcon_core.package_identification:_identify(src/turtlesim_plus) by extension 'colcon_meta'
[0.328s] Level 1:colcon.colcon_core.package_identification:_identify(src/turtlesim_plus) by extensions ['ros']
[0.328s] Level 1:colcon.colcon_core.package_identification:_identify(src/turtlesim_plus) by extension 'ros'
[0.328s] Level 1:colcon.colcon_core.package_identification:_identify(src/turtlesim_plus) by extensions ['cmake', 'python']
[0.328s] Level 1:colcon.colcon_core.package_identification:_identify(src/turtlesim_plus) by extension 'cmake'
[0.328s] Level 1:colcon.colcon_core.package_identification:_identify(src/turtlesim_plus) by extension 'python'
[0.328s] Level 1:colcon.colcon_core.package_identification:_identify(src/turtlesim_plus) by extensions ['python_setup_py']
[0.328s] Level 1:colcon.colcon_core.package_identification:_identify(src/turtlesim_plus) by extension 'python_setup_py'
[0.328s] Level 1:colcon.colcon_core.package_identification:_identify(src/turtlesim_plus/turtlesim_plus) by extensions ['ignore', 'ignore_ament_install']
[0.328s] Level 1:colcon.colcon_core.package_identification:_identify(src/turtlesim_plus/turtlesim_plus) by extension 'ignore'
[0.329s] Level 1:colcon.colcon_core.package_identification:_identify(src/turtlesim_plus/turtlesim_plus) by extension 'ignore_ament_install'
[0.329s] Level 1:colcon.colcon_core.package_identification:_identify(src/turtlesim_plus/turtlesim_plus) by extensions ['colcon_pkg']
[0.329s] Level 1:colcon.colcon_core.package_identification:_identify(src/turtlesim_plus/turtlesim_plus) by extension 'colcon_pkg'
[0.329s] Level 1:colcon.colcon_core.package_identification:_identify(src/turtlesim_plus/turtlesim_plus) by extensions ['colcon_meta']
[0.329s] Level 1:colcon.colcon_core.package_identification:_identify(src/turtlesim_plus/turtlesim_plus) by extension 'colcon_meta'
[0.329s] Level 1:colcon.colcon_core.package_identification:_identify(src/turtlesim_plus/turtlesim_plus) by extensions ['ros']
[0.329s] Level 1:colcon.colcon_core.package_identification:_identify(src/turtlesim_plus/turtlesim_plus) by extension 'ros'
[0.330s] DEBUG:colcon.colcon_core.package_identification:Package 'src/turtlesim_plus/turtlesim_plus' with type 'ros.ament_cmake' and name 'turtlesim_plus'
[0.330s] Level 1:colcon.colcon_core.package_identification:_identify(src/turtlesim_plus/turtlesim_plus_interfaces) by extensions ['ignore', 'ignore_ament_install']
[0.330s] Level 1:colcon.colcon_core.package_identification:_identify(src/turtlesim_plus/turtlesim_plus_interfaces) by extension 'ignore'
[0.330s] Level 1:colcon.colcon_core.package_identification:_identify(src/turtlesim_plus/turtlesim_plus_interfaces) by extension 'ignore_ament_install'
[0.330s] Level 1:colcon.colcon_core.package_identification:_identify(src/turtlesim_plus/turtlesim_plus_interfaces) by extensions ['colcon_pkg']
[0.330s] Level 1:colcon.colcon_core.package_identification:_identify(src/turtlesim_plus/turtlesim_plus_interfaces) by extension 'colcon_pkg'
[0.330s] Level 1:colcon.colcon_core.package_identification:_identify(src/turtlesim_plus/turtlesim_plus_interfaces) by extensions ['colcon_meta']
[0.330s] Level 1:colcon.colcon_core.package_identification:_identify(src/turtlesim_plus/turtlesim_plus_interfaces) by extension 'colcon_meta'
[0.330s] Level 1:colcon.colcon_core.package_identification:_identify(src/turtlesim_plus/turtlesim_plus_interfaces) by extensions ['ros']
[0.330s] Level 1:colcon.colcon_core.package_identification:_identify(src/turtlesim_plus/turtlesim_plus_interfaces) by extension 'ros'
[0.331s] DEBUG:colcon.colcon_core.package_identification:Package 'src/turtlesim_plus/turtlesim_plus_interfaces' with type 'ros.ament_cmake' and name 'turtlesim_plus_interfaces'
[0.331s] Level 1:colcon.colcon_core.package_discovery:discover_packages(recursive) using defaults
[0.331s] Level 1:colcon.colcon_core.package_discovery:discover_packages(ignore) discover
[0.331s] Level 1:colcon.colcon_core.package_discovery:discover_packages(ignore) using defaults
[0.331s] Level 1:colcon.colcon_core.package_discovery:discover_packages(path) discover
[0.331s] Level 1:colcon.colcon_core.package_discovery:discover_packages(path) using defaults
[0.363s] Level 1:colcon.colcon_core.package_discovery:discover_packages(prefix_path) check parameters
[0.363s] Level 1:colcon.colcon_core.package_discovery:discover_packages(prefix_path) discover
[0.365s] DEBUG:colcon.colcon_installed_package_information.package_discovery:Found 5 installed packages in /home/dragon/FRA502-LAB-66340500051/install
[0.367s] DEBUG:colcon.colcon_installed_package_information.package_discovery:Found 340 installed packages in /opt/ros/humble
[0.368s] Level 1:colcon.colcon_core.package_discovery:discover_packages(prefix_path) using defaults
[0.418s] Level 5:colcon.colcon_core.verb:set package 'controller_interfaces' build argument 'cmake_args' from command line to 'None'
[0.418s] Level 5:colcon.colcon_core.verb:set package 'controller_interfaces' build argument 'cmake_target' from command line to 'None'
[0.418s] Level 5:colcon.colcon_core.verb:set package 'controller_interfaces' build argument 'cmake_target_skip_unavailable' from command line to 'False'
[0.418s] Level 5:colcon.colcon_core.verb:set package 'controller_interfaces' build argument 'cmake_clean_cache' from command line to 'False'
[0.418s] Level 5:colcon.colcon_core.verb:set package 'controller_interfaces' build argument 'cmake_clean_first' from command line to 'False'
[0.418s] Level 5:colcon.colcon_core.verb:set package 'controller_interfaces' build argument 'cmake_force_configure' from command line to 'False'
[0.418s] Level 5:colcon.colcon_core.verb:set package 'controller_interfaces' build argument 'ament_cmake_args' from command line to 'None'
[0.418s] Level 5:colcon.colcon_core.verb:set package 'controller_interfaces' build argument 'catkin_cmake_args' from command line to 'None'
[0.418s] Level 5:colcon.colcon_core.verb:set package 'controller_interfaces' build argument 'catkin_skip_building_tests' from command line to 'False'
[0.418s] DEBUG:colcon.colcon_core.verb:Building package 'controller_interfaces' with the following arguments: {'ament_cmake_args': None, 'build_base': '/home/dragon/FRA502-LAB-66340500051/build/controller_interfaces', 'catkin_cmake_args': None, 'catkin_skip_building_tests': False, 'cmake_args': None, 'cmake_clean_cache': False, 'cmake_clean_first': False, 'cmake_force_configure': False, 'cmake_target': None, 'cmake_target_skip_unavailable': False, 'install_base': '/home/dragon/FRA502-LAB-66340500051/install/controller_interfaces', 'merge_install': False, 'path': '/home/dragon/FRA502-LAB-66340500051/src/controller_interfaces', 'symlink_install': False, 'test_result_base': None}
[0.419s] Level 5:colcon.colcon_core.verb:set package 'lab2' build argument 'cmake_args' from command line to 'None'
[0.419s] Level 5:colcon.colcon_core.verb:set package 'lab2' build argument 'cmake_target' from command line to 'None'
[0.419s] Level 5:colcon.colcon_core.verb:set package 'lab2' build argument 'cmake_target_skip_unavailable' from command line to 'False'
[0.419s] Level 5:colcon.colcon_core.verb:set package 'lab2' build argument 'cmake_clean_cache' from command line to 'False'
[0.419s] Level 5:colcon.colcon_core.verb:set package 'lab2' build argument 'cmake_clean_first' from command line to 'False'
[0.419s] Level 5:colcon.colcon_core.verb:set package 'lab2' build argument 'cmake_force_configure' from command line to 'False'
[0.419s] Level 5:colcon.colcon_core.verb:set package 'lab2' build argument 'ament_cmake_args' from command line to 'None'
[0.419s] Level 5:colcon.colcon_core.verb:set package 'lab2' build argument 'catkin_cmake_args' from command line to 'None'
[0.419s] Level 5:colcon.colcon_core.verb:set package 'lab2' build argument 'catkin_skip_building_tests' from command line to 'False'
[0.419s] DEBUG:colcon.colcon_core.verb:Building package 'lab2' with the following arguments: {'ament_cmake_args': None, 'build_base': '/home/dragon/FRA502-LAB-66340500051/build/lab2', 'catkin_cmake_args': None, 'catkin_skip_building_tests': False, 'cmake_args': None, 'cmake_clean_cache': False, 'cmake_clean_first': False, 'cmake_force_configure': False, 'cmake_target': None, 'cmake_target_skip_unavailable': False, 'install_base': '/home/dragon/FRA502-LAB-66340500051/install/lab2', 'merge_install': False, 'path': '/home/dragon/FRA502-LAB-66340500051/src/lab2', 'symlink_install': False, 'test_result_base': None}
[0.419s] Level 5:colcon.colcon_core.verb:set package 'lab3' build argument 'cmake_args' from command line to 'None'
[0.419s] Level 5:colcon.colcon_core.verb:set package 'lab3' build argument 'cmake_target' from command line to 'None'
[0.419s] Level 5:colcon.colcon_core.verb:set package 'lab3' build argument 'cmake_target_skip_unavailable' from command line to 'False'
[0.419s] Level 5:colcon.colcon_core.verb:set package 'lab3' build argument 'cmake_clean_cache' from command line to 'False'
[0.419s] Level 5:colcon.colcon_core.verb:set package 'lab3' build argument 'cmake_clean_first' from command line to 'False'
[0.419s] Level 5:colcon.colcon_core.verb:set package 'lab3' build argument 'cmake_force_configure' from command line to 'False'
[0.419s] Level 5:colcon.colcon_core.verb:set package 'lab3' build argument 'ament_cmake_args' from command line to 'None'
[0.419s] Level 5:colcon.colcon_core.verb:set package 'lab3' build argument 'catkin_cmake_args' from command line to 'None'
[0.419s] Level 5:colcon.colcon_core.verb:set package 'lab3' build argument 'catkin_skip_building_tests' from command line to 'False'
[0.420s] DEBUG:colcon.colcon_core.verb:Building package 'lab3' with the following arguments: {'ament_cmake_args': None, 'build_base': '/home/dragon/FRA502-LAB-66340500051/build/lab3', 'catkin_cmake_args': None, 'catkin_skip_building_tests': False, 'cmake_args': None, 'cmake_clean_cache': False, 'cmake_clean_first': False, 'cmake_force_configure': False, 'cmake_target': None, 'cmake_target_skip_unavailable': False, 'install_base': '/home/dragon/FRA502-LAB-66340500051/install/lab3', 'merge_install': False, 'path': '/home/dragon/FRA502-LAB-66340500051/src/lab3', 'symlink_install': False, 'test_result_base': None}
[0.420s] Level 5:colcon.colcon_core.verb:set package 'turtlesim_plus' build argument 'cmake_args' from command line to 'None'
[0.420s] Level 5:colcon.colcon_core.verb:set package 'turtlesim_plus' build argument 'cmake_target' from command line to 'None'
[0.420s] Level 5:colcon.colcon_core.verb:set package 'turtlesim_plus' build argument 'cmake_target_skip_unavailable' from command line to 'False'
[0.420s] Level 5:colcon.colcon_core.verb:set package 'turtlesim_plus' build argument 'cmake_clean_cache' from command line to 'False'
[0.420s] Level 5:colcon.colcon_core.verb:set package 'turtlesim_plus' build argument 'cmake_clean_first' from command line to 'False'
[0.420s] Level 5:colcon.colcon_core.verb:set package 'turtlesim_plus' build argument 'cmake_force_configure' from command line to 'False'
[0.420s] Level 5:colcon.colcon_core.verb:set package 'turtlesim_plus' build argument 'ament_cmake_args' from command line to 'None'
[0.420s] Level 5:colcon.colcon_core.verb:set package 'turtlesim_plus' build argument 'catkin_cmake_args' from command line to 'None'
[0.420s] Level 5:colcon.colcon_core.verb:set package 'turtlesim_plus' build argument 'catkin_skip_building_tests' from command line to 'False'
[0.420s] DEBUG:colcon.colcon_core.verb:Building package 'turtlesim_plus' with the following arguments: {'ament_cmake_args': None, 'build_base': '/home/dragon/FRA502-LAB-66340500051/build/turtlesim_plus', 'catkin_cmake_args': None, 'catkin_skip_building_tests': False, 'cmake_args': None, 'cmake_clean_cache': False, 'cmake_clean_first': False, 'cmake_force_configure': False, 'cmake_target': None, 'cmake_target_skip_unavailable': False, 'install_base': '/home/dragon/FRA502-LAB-66340500051/install/turtlesim_plus', 'merge_install': False, 'path': '/home/dragon/FRA502-LAB-66340500051/src/turtlesim_plus/turtlesim_plus', 'symlink_install': False, 'test_result_base': None}
[0.420s] Level 5:colcon.colcon_core.verb:set package 'turtlesim_plus_interfaces' build argument 'cmake_args' from command line to 'None'
[0.421s] Level 5:colcon.colcon_core.verb:set package 'turtlesim_plus_interfaces' build argument 'cmake_target' from command line to 'None'
[0.421s] Level 5:colcon.colcon_core.verb:set package 'turtlesim_plus_interfaces' build argument 'cmake_target_skip_unavailable' from command line to 'False'
[0.421s] Level 5:colcon.colcon_core.verb:set package 'turtlesim_plus_interfaces' build argument 'cmake_clean_cache' from command line to 'False'
[0.421s] Level 5:colcon.colcon_core.verb:set package 'turtlesim_plus_interfaces' build argument 'cmake_clean_first' from command line to 'False'
[0.421s] Level 5:colcon.colcon_core.verb:set package 'turtlesim_plus_interfaces' build argument 'cmake_force_configure' from command line to 'False'
[0.421s] Level 5:colcon.colcon_core.verb:set package 'turtlesim_plus_interfaces' build argument 'ament_cmake_args' from command line to 'None'
[0.421s] Level 5:colcon.colcon_core.verb:set package 'turtlesim_plus_interfaces' build argument 'catkin_cmake_args' from command line to 'None'
[0.421s] Level 5:colcon.colcon_core.verb:set package 'turtlesim_plus_interfaces' build argument 'catkin_skip_building_tests' from command line to 'False'
[0.421s] DEBUG:colcon.colcon_core.verb:Building package 'turtlesim_plus_interfaces' with the following arguments: {'ament_cmake_args': None, 'build_base': '/home/dragon/FRA502-LAB-66340500051/build/turtlesim_plus_interfaces', 'catkin_cmake_args': None, 'catkin_skip_building_tests': False, 'cmake_args': None, 'cmake_clean_cache': False, 'cmake_clean_first': False, 'cmake_force_configure': False, 'cmake_target': None, 'cmake_target_skip_unavailable': False, 'install_base': '/home/dragon/FRA502-LAB-66340500051/install/turtlesim_plus_interfaces', 'merge_install': False, 'path': '/home/dragon/FRA502-LAB-66340500051/src/turtlesim_plus/turtlesim_plus_interfaces', 'symlink_install': False, 'test_result_base': None}
[0.421s] INFO:colcon.colcon_core.executor:Executing jobs using 'parallel' executor
[0.422s] DEBUG:colcon.colcon_parallel_executor.executor.parallel:run_until_complete
[0.422s] INFO:colcon.colcon_ros.task.ament_cmake.build:Building ROS package in '/home/dragon/FRA502-LAB-66340500051/src/controller_interfaces' with build type 'ament_cmake'
[0.422s] INFO:colcon.colcon_cmake.task.cmake.build:Building CMake package in '/home/dragon/FRA502-LAB-66340500051/src/controller_interfaces'
[0.425s] INFO:colcon.colcon_core.plugin_system:Skipping extension 'colcon_core.shell.bat': Not used on non-Windows systems
[0.425s] INFO:colcon.colcon_core.shell:Skip shell extension 'powershell' for command environment: Not usable outside of PowerShell
[0.425s] DEBUG:colcon.colcon_core.shell:Skip shell extension 'dsv' for command environment
[0.429s] INFO:colcon.colcon_ros.task.ament_cmake.build:Building ROS package in '/home/dragon/FRA502-LAB-66340500051/src/lab2' with build type 'ament_cmake'
[0.429s] INFO:colcon.colcon_cmake.task.cmake.build:Building CMake package in '/home/dragon/FRA502-LAB-66340500051/src/lab2'
[0.430s] INFO:colcon.colcon_core.shell:Skip shell extension 'powershell' for command environment: Not usable outside of PowerShell
[0.430s] DEBUG:colcon.colcon_core.shell:Skip shell extension 'dsv' for command environment
[0.434s] INFO:colcon.colcon_ros.task.ament_cmake.build:Building ROS package in '/home/dragon/FRA502-LAB-66340500051/src/lab3' with build type 'ament_cmake'
[0.434s] INFO:colcon.colcon_cmake.task.cmake.build:Building CMake package in '/home/dragon/FRA502-LAB-66340500051/src/lab3'
[0.434s] INFO:colcon.colcon_core.shell:Skip shell extension 'powershell' for command environment: Not usable outside of PowerShell
[0.434s] DEBUG:colcon.colcon_core.shell:Skip shell extension 'dsv' for command environment
[0.439s] INFO:colcon.colcon_ros.task.ament_cmake.build:Building ROS package in '/home/dragon/FRA502-LAB-66340500051/src/turtlesim_plus/turtlesim_plus' with build type 'ament_cmake'
[0.439s] INFO:colcon.colcon_cmake.task.cmake.build:Building CMake package in '/home/dragon/FRA502-LAB-66340500051/src/turtlesim_plus/turtlesim_plus'
[0.440s] INFO:colcon.colcon_core.shell:Skip shell extension 'powershell' for command environment: Not usable outside of PowerShell
[0.440s] DEBUG:colcon.colcon_core.shell:Skip shell extension 'dsv' for command environment
[0.450s] DEBUG:colcon.colcon_core.event_handler.log_command:Invoking command in '/home/dragon/FRA502-LAB-66340500051/build/controller_interfaces': CMAKE_PREFIX_PATH=${CMAKE_PREFIX_PATH}:/opt/ros/humble /usr/bin/cmake --build /home/dragon/FRA502-LAB-66340500051/build/controller_interfaces -- -j4 -l4
[0.452s] DEBUG:colcon.colcon_core.event_handler.log_command:Invoking command in '/home/dragon/FRA502-LAB-66340500051/build/lab2': CMAKE_PREFIX_PATH=${CMAKE_PREFIX_PATH}:/opt/ros/humble /usr/bin/cmake --build /home/dragon/FRA502-LAB-66340500051/build/lab2 -- -j4 -l4
[0.467s] DEBUG:colcon.colcon_core.event_handler.log_command:Invoking command in '/home/dragon/FRA502-LAB-66340500051/build/lab3': CMAKE_PREFIX_PATH=${CMAKE_PREFIX_PATH}:/opt/ros/humble /usr/bin/cmake --build /home/dragon/FRA502-LAB-66340500051/build/lab3 -- -j4 -l4
[0.479s] DEBUG:colcon.colcon_core.event_handler.log_command:Invoking command in '/home/dragon/FRA502-LAB-66340500051/build/turtlesim_plus': CMAKE_PREFIX_PATH=${CMAKE_PREFIX_PATH}:/opt/ros/humble /usr/bin/cmake --build /home/dragon/FRA502-LAB-66340500051/build/turtlesim_plus -- -j4 -l4
[0.978s] DEBUG:colcon.colcon_core.event_handler.log_command:Invoked command in '/home/dragon/FRA502-LAB-66340500051/build/lab2' returned '0': CMAKE_PREFIX_PATH=${CMAKE_PREFIX_PATH}:/opt/ros/humble /usr/bin/cmake --build /home/dragon/FRA502-LAB-66340500051/build/lab2 -- -j4 -l4
[0.996s] DEBUG:colcon.colcon_core.event_handler.log_command:Invoking command in '/home/dragon/FRA502-LAB-66340500051/build/lab2': CMAKE_PREFIX_PATH=${CMAKE_PREFIX_PATH}:/opt/ros/humble /usr/bin/cmake --install /home/dragon/FRA502-LAB-66340500051/build/lab2
[1.011s] DEBUG:colcon.colcon_core.event_handler.log_command:Invoked command in '/home/dragon/FRA502-LAB-66340500051/build/lab3' returned '0': CMAKE_PREFIX_PATH=${CMAKE_PREFIX_PATH}:/opt/ros/humble /usr/bin/cmake --build /home/dragon/FRA502-LAB-66340500051/build/lab3 -- -j4 -l4
[1.011s] DEBUG:colcon.colcon_core.event_handler.log_command:Invoking command in '/home/dragon/FRA502-LAB-66340500051/build/lab3': CMAKE_PREFIX_PATH=${CMAKE_PREFIX_PATH}:/opt/ros/humble /usr/bin/cmake --install /home/dragon/FRA502-LAB-66340500051/build/lab3
[1.049s] DEBUG:colcon.colcon_core.event_handler.log_command:Invoked command in '/home/dragon/FRA502-LAB-66340500051/build/turtlesim_plus' returned '0': CMAKE_PREFIX_PATH=${CMAKE_PREFIX_PATH}:/opt/ros/humble /usr/bin/cmake --build /home/dragon/FRA502-LAB-66340500051/build/turtlesim_plus -- -j4 -l4
[1.050s] DEBUG:colcon.colcon_core.event_handler.log_command:Invoking command in '/home/dragon/FRA502-LAB-66340500051/build/turtlesim_plus': CMAKE_PREFIX_PATH=${CMAKE_PREFIX_PATH}:/opt/ros/humble /usr/bin/cmake --install /home/dragon/FRA502-LAB-66340500051/build/turtlesim_plus
[1.074s] Level 1:colcon.colcon_core.environment:create_environment_scripts_only(lab3)
[1.078s] DEBUG:colcon.colcon_core.event_handler.log_command:Invoked command in '/home/dragon/FRA502-LAB-66340500051/build/lab3' returned '0': CMAKE_PREFIX_PATH=${CMAKE_PREFIX_PATH}:/opt/ros/humble /usr/bin/cmake --install /home/dragon/FRA502-LAB-66340500051/build/lab3
[1.081s] Level 1:colcon.colcon_core.environment:checking '/home/dragon/FRA502-LAB-66340500051/install/lab3' for CMake module files
[1.082s] Level 1:colcon.colcon_core.environment:checking '/home/dragon/FRA502-LAB-66340500051/install/lab3' for CMake config files
[1.082s] Level 1:colcon.colcon_core.shell:create_environment_hook('lab3', 'cmake_prefix_path')
[1.082s] INFO:colcon.colcon_core.shell:Creating environment hook '/home/dragon/FRA502-LAB-66340500051/install/lab3/share/lab3/hook/cmake_prefix_path.ps1'
[1.083s] INFO:colcon.colcon_core.shell:Creating environment descriptor '/home/dragon/FRA502-LAB-66340500051/install/lab3/share/lab3/hook/cmake_prefix_path.dsv'
[1.084s] INFO:colcon.colcon_core.shell:Creating environment hook '/home/dragon/FRA502-LAB-66340500051/install/lab3/share/lab3/hook/cmake_prefix_path.sh'
[1.085s] Level 1:colcon.colcon_core.environment:checking '/home/dragon/FRA502-LAB-66340500051/install/lab3/lib'
[1.085s] Level 1:colcon.colcon_core.environment:checking '/home/dragon/FRA502-LAB-66340500051/install/lab3/bin'
[1.085s] Level 1:colcon.colcon_core.environment:checking '/home/dragon/FRA502-LAB-66340500051/install/lab3/lib/pkgconfig/lab3.pc'
[1.085s] Level 1:colcon.colcon_core.environment:checking '/home/dragon/FRA502-LAB-66340500051/install/lab3/lib/python3.10/site-packages'
[1.085s] Level 1:colcon.colcon_core.environment:checking '/home/dragon/FRA502-LAB-66340500051/install/lab3/bin'
[1.086s] INFO:colcon.colcon_core.shell:Creating package script '/home/dragon/FRA502-LAB-66340500051/install/lab3/share/lab3/package.ps1'
[1.087s] INFO:colcon.colcon_core.shell:Creating package descriptor '/home/dragon/FRA502-LAB-66340500051/install/lab3/share/lab3/package.dsv'
[1.088s] INFO:colcon.colcon_core.shell:Creating package script '/home/dragon/FRA502-LAB-66340500051/install/lab3/share/lab3/package.sh'
[1.089s] INFO:colcon.colcon_core.shell:Creating package script '/home/dragon/FRA502-LAB-66340500051/install/lab3/share/lab3/package.bash'
[1.089s] INFO:colcon.colcon_core.shell:Creating package script '/home/dragon/FRA502-LAB-66340500051/install/lab3/share/lab3/package.zsh'
[1.090s] Level 1:colcon.colcon_core.environment:create_file_with_runtime_dependencies(/home/dragon/FRA502-LAB-66340500051/install/lab3/share/colcon-core/packages/lab3)
[1.091s] Level 1:colcon.colcon_core.environment:create_environment_scripts_only(lab3)
[1.091s] Level 1:colcon.colcon_core.environment:checking '/home/dragon/FRA502-LAB-66340500051/install/lab3' for CMake module files
[1.092s] Level 1:colcon.colcon_core.environment:checking '/home/dragon/FRA502-LAB-66340500051/install/lab3' for CMake config files
[1.092s] Level 1:colcon.colcon_core.shell:create_environment_hook('lab3', 'cmake_prefix_path')
[1.093s] INFO:colcon.colcon_core.shell:Creating environment hook '/home/dragon/FRA502-LAB-66340500051/install/lab3/share/lab3/hook/cmake_prefix_path.ps1'
[1.093s] INFO:colcon.colcon_core.shell:Creating environment descriptor '/home/dragon/FRA502-LAB-66340500051/install/lab3/share/lab3/hook/cmake_prefix_path.dsv'
[1.093s] INFO:colcon.colcon_core.shell:Creating environment hook '/home/dragon/FRA502-LAB-66340500051/install/lab3/share/lab3/hook/cmake_prefix_path.sh'
[1.094s] Level 1:colcon.colcon_core.environment:checking '/home/dragon/FRA502-LAB-66340500051/install/lab3/lib'
[1.094s] Level 1:colcon.colcon_core.environment:checking '/home/dragon/FRA502-LAB-66340500051/install/lab3/bin'
[1.094s] Level 1:colcon.colcon_core.environment:checking '/home/dragon/FRA502-LAB-66340500051/install/lab3/lib/pkgconfig/lab3.pc'
[1.094s] Level 1:colcon.colcon_core.environment:checking '/home/dragon/FRA502-LAB-66340500051/install/lab3/lib/python3.10/site-packages'
[1.095s] Level 1:colcon.colcon_core.environment:checking '/home/dragon/FRA502-LAB-66340500051/install/lab3/bin'
[1.095s] INFO:colcon.colcon_core.shell:Creating package script '/home/dragon/FRA502-LAB-66340500051/install/lab3/share/lab3/package.ps1'
[1.096s] INFO:colcon.colcon_core.shell:Creating package descriptor '/home/dragon/FRA502-LAB-66340500051/install/lab3/share/lab3/package.dsv'
[1.096s] INFO:colcon.colcon_core.shell:Creating package script '/home/dragon/FRA502-LAB-66340500051/install/lab3/share/lab3/package.sh'
[1.097s] INFO:colcon.colcon_core.shell:Creating package script '/home/dragon/FRA502-LAB-66340500051/install/lab3/share/lab3/package.bash'
[1.097s] INFO:colcon.colcon_core.shell:Creating package script '/home/dragon/FRA502-LAB-66340500051/install/lab3/share/lab3/package.zsh'
[1.098s] Level 1:colcon.colcon_core.environment:create_file_with_runtime_dependencies(/home/dragon/FRA502-LAB-66340500051/install/lab3/share/colcon-core/packages/lab3)
[1.098s] INFO:colcon.colcon_ros.task.ament_cmake.build:Building ROS package in '/home/dragon/FRA502-LAB-66340500051/src/turtlesim_plus/turtlesim_plus_interfaces' with build type 'ament_cmake'
[1.098s] INFO:colcon.colcon_cmake.task.cmake.build:Building CMake package in '/home/dragon/FRA502-LAB-66340500051/src/turtlesim_plus/turtlesim_plus_interfaces'
[1.099s] INFO:colcon.colcon_core.shell:Skip shell extension 'powershell' for command environment: Not usable outside of PowerShell
[1.099s] DEBUG:colcon.colcon_core.shell:Skip shell extension 'dsv' for command environment
[1.105s] Level 1:colcon.colcon_core.environment:create_environment_scripts_only(lab2)
[1.105s] Level 1:colcon.colcon_core.environment:checking '/home/dragon/FRA502-LAB-66340500051/install/lab2' for CMake module files
[1.106s] DEBUG:colcon.colcon_core.event_handler.log_command:Invoked command in '/home/dragon/FRA502-LAB-66340500051/build/lab2' returned '0': CMAKE_PREFIX_PATH=${CMAKE_PREFIX_PATH}:/opt/ros/humble /usr/bin/cmake --install /home/dragon/FRA502-LAB-66340500051/build/lab2
[1.106s] Level 1:colcon.colcon_core.environment:checking '/home/dragon/FRA502-LAB-66340500051/install/lab2' for CMake config files
[1.107s] Level 1:colcon.colcon_core.shell:create_environment_hook('lab2', 'cmake_prefix_path')
[1.107s] INFO:colcon.colcon_core.shell:Creating environment hook '/home/dragon/FRA502-LAB-66340500051/install/lab2/share/lab2/hook/cmake_prefix_path.ps1'
[1.107s] INFO:colcon.colcon_core.shell:Creating environment descriptor '/home/dragon/FRA502-LAB-66340500051/install/lab2/share/lab2/hook/cmake_prefix_path.dsv'
[1.108s] INFO:colcon.colcon_core.shell:Creating environment hook '/home/dragon/FRA502-LAB-66340500051/install/lab2/share/lab2/hook/cmake_prefix_path.sh'
[1.108s] Level 1:colcon.colcon_core.environment:checking '/home/dragon/FRA502-LAB-66340500051/install/lab2/lib'
[1.109s] Level 1:colcon.colcon_core.environment:checking '/home/dragon/FRA502-LAB-66340500051/install/lab2/bin'
[1.109s] Level 1:colcon.colcon_core.environment:checking '/home/dragon/FRA502-LAB-66340500051/install/lab2/lib/pkgconfig/lab2.pc'
[1.109s] Level 1:colcon.colcon_core.environment:checking '/home/dragon/FRA502-LAB-66340500051/install/lab2/lib/python3.10/site-packages'
[1.109s] Level 1:colcon.colcon_core.environment:checking '/home/dragon/FRA502-LAB-66340500051/install/lab2/bin'
[1.109s] INFO:colcon.colcon_core.shell:Creating package script '/home/dragon/FRA502-LAB-66340500051/install/lab2/share/lab2/package.ps1'
[1.110s] INFO:colcon.colcon_core.shell:Creating package descriptor '/home/dragon/FRA502-LAB-66340500051/install/lab2/share/lab2/package.dsv'
[1.110s] INFO:colcon.colcon_core.shell:Creating package script '/home/dragon/FRA502-LAB-66340500051/install/lab2/share/lab2/package.sh'
[1.111s] INFO:colcon.colcon_core.shell:Creating package script '/home/dragon/FRA502-LAB-66340500051/install/lab2/share/lab2/package.bash'
[1.111s] INFO:colcon.colcon_core.shell:Creating package script '/home/dragon/FRA502-LAB-66340500051/install/lab2/share/lab2/package.zsh'
[1.112s] Level 1:colcon.colcon_core.environment:create_file_with_runtime_dependencies(/home/dragon/FRA502-LAB-66340500051/install/lab2/share/colcon-core/packages/lab2)
[1.113s] Level 1:colcon.colcon_core.environment:create_environment_scripts_only(lab2)
[1.113s] Level 1:colcon.colcon_core.environment:checking '/home/dragon/FRA502-LAB-66340500051/install/lab2' for CMake module files
[1.114s] Level 1:colcon.colcon_core.environment:checking '/home/dragon/FRA502-LAB-66340500051/install/lab2' for CMake config files
[1.114s] Level 1:colcon.colcon_core.shell:create_environment_hook('lab2', 'cmake_prefix_path')
[1.114s] INFO:colcon.colcon_core.shell:Creating environment hook '/home/dragon/FRA502-LAB-66340500051/install/lab2/share/lab2/hook/cmake_prefix_path.ps1'
[1.115s] INFO:colcon.colcon_core.shell:Creating environment descriptor '/home/dragon/FRA502-LAB-66340500051/install/lab2/share/lab2/hook/cmake_prefix_path.dsv'
[1.115s] INFO:colcon.colcon_core.shell:Creating environment hook '/home/dragon/FRA502-LAB-66340500051/install/lab2/share/lab2/hook/cmake_prefix_path.sh'
[1.116s] Level 1:colcon.colcon_core.environment:checking '/home/dragon/FRA502-LAB-66340500051/install/lab2/lib'
[1.116s] Level 1:colcon.colcon_core.environment:checking '/home/dragon/FRA502-LAB-66340500051/install/lab2/bin'
[1.116s] Level 1:colcon.colcon_core.environment:checking '/home/dragon/FRA502-LAB-66340500051/install/lab2/lib/pkgconfig/lab2.pc'
[1.116s] Level 1:colcon.colcon_core.environment:checking '/home/dragon/FRA502-LAB-66340500051/install/lab2/lib/python3.10/site-packages'
[1.117s] Level 1:colcon.colcon_core.environment:checking '/home/dragon/FRA502-LAB-66340500051/install/lab2/bin'
[1.117s] INFO:colcon.colcon_core.shell:Creating package script '/home/dragon/FRA502-LAB-66340500051/install/lab2/share/lab2/package.ps1'
[1.118s] INFO:colcon.colcon_core.shell:Creating package descriptor '/home/dragon/FRA502-LAB-66340500051/install/lab2/share/lab2/package.dsv'
[1.121s] INFO:colcon.colcon_core.shell:Creating package script '/home/dragon/FRA502-LAB-66340500051/install/lab2/share/lab2/package.sh'
[1.122s] INFO:colcon.colcon_core.shell:Creating package script '/home/dragon/FRA502-LAB-66340500051/install/lab2/share/lab2/package.bash'
[1.123s] INFO:colcon.colcon_core.shell:Creating package script '/home/dragon/FRA502-LAB-66340500051/install/lab2/share/lab2/package.zsh'
[1.123s] Level 1:colcon.colcon_core.environment:create_file_with_runtime_dependencies(/home/dragon/FRA502-LAB-66340500051/install/lab2/share/colcon-core/packages/lab2)
[1.125s] DEBUG:colcon.colcon_core.event_handler.log_command:Invoked command in '/home/dragon/FRA502-LAB-66340500051/build/controller_interfaces' returned '0': CMAKE_PREFIX_PATH=${CMAKE_PREFIX_PATH}:/opt/ros/humble /usr/bin/cmake --build /home/dragon/FRA502-LAB-66340500051/build/controller_interfaces -- -j4 -l4
[1.127s] DEBUG:colcon.colcon_core.event_handler.log_command:Invoking command in '/home/dragon/FRA502-LAB-66340500051/build/controller_interfaces': CMAKE_PREFIX_PATH=${CMAKE_PREFIX_PATH}:/opt/ros/humble /usr/bin/cmake --install /home/dragon/FRA502-LAB-66340500051/build/controller_interfaces
[1.130s] DEBUG:colcon.colcon_core.event_handler.log_command:Invoking command in '/home/dragon/FRA502-LAB-66340500051/build/turtlesim_plus_interfaces': CMAKE_PREFIX_PATH=${CMAKE_PREFIX_PATH}:/opt/ros/humble /usr/bin/cmake --build /home/dragon/FRA502-LAB-66340500051/build/turtlesim_plus_interfaces -- -j4 -l4
[1.131s] Level 1:colcon.colcon_core.environment:create_environment_scripts_only(turtlesim_plus)
[1.131s] Level 1:colcon.colcon_core.environment:checking '/home/dragon/FRA502-LAB-66340500051/install/turtlesim_plus' for CMake module files
[1.131s] DEBUG:colcon.colcon_core.event_handler.log_command:Invoked command in '/home/dragon/FRA502-LAB-66340500051/build/turtlesim_plus' returned '0': CMAKE_PREFIX_PATH=${CMAKE_PREFIX_PATH}:/opt/ros/humble /usr/bin/cmake --install /home/dragon/FRA502-LAB-66340500051/build/turtlesim_plus
[1.132s] Level 1:colcon.colcon_core.environment:checking '/home/dragon/FRA502-LAB-66340500051/install/turtlesim_plus' for CMake config files
[1.133s] Level 1:colcon.colcon_core.shell:create_environment_hook('turtlesim_plus', 'cmake_prefix_path')
[1.133s] INFO:colcon.colcon_core.shell:Creating environment hook '/home/dragon/FRA502-LAB-66340500051/install/turtlesim_plus/share/turtlesim_plus/hook/cmake_prefix_path.ps1'
[1.133s] INFO:colcon.colcon_core.shell:Creating environment descriptor '/home/dragon/FRA502-LAB-66340500051/install/turtlesim_plus/share/turtlesim_plus/hook/cmake_prefix_path.dsv'
[1.134s] INFO:colcon.colcon_core.shell:Creating environment hook '/home/dragon/FRA502-LAB-66340500051/install/turtlesim_plus/share/turtlesim_plus/hook/cmake_prefix_path.sh'
[1.134s] Level 1:colcon.colcon_core.environment:checking '/home/dragon/FRA502-LAB-66340500051/install/turtlesim_plus/lib'
[1.134s] Level 1:colcon.colcon_core.environment:checking '/home/dragon/FRA502-LAB-66340500051/install/turtlesim_plus/bin'
[1.135s] Level 1:colcon.colcon_core.environment:checking '/home/dragon/FRA502-LAB-66340500051/install/turtlesim_plus/lib/pkgconfig/turtlesim_plus.pc'
[1.135s] Level 1:colcon.colcon_core.environment:checking '/home/dragon/FRA502-LAB-66340500051/install/turtlesim_plus/lib/python3.10/site-packages'
[1.135s] Level 1:colcon.colcon_core.environment:checking '/home/dragon/FRA502-LAB-66340500051/install/turtlesim_plus/bin'
[1.135s] INFO:colcon.colcon_core.shell:Creating package script '/home/dragon/FRA502-LAB-66340500051/install/turtlesim_plus/share/turtlesim_plus/package.ps1'
[1.136s] INFO:colcon.colcon_core.shell:Creating package descriptor '/home/dragon/FRA502-LAB-66340500051/install/turtlesim_plus/share/turtlesim_plus/package.dsv'
[1.136s] INFO:colcon.colcon_core.shell:Creating package script '/home/dragon/FRA502-LAB-66340500051/install/turtlesim_plus/share/turtlesim_plus/package.sh'
[1.138s] INFO:colcon.colcon_core.shell:Creating package script '/home/dragon/FRA502-LAB-66340500051/install/turtlesim_plus/share/turtlesim_plus/package.bash'
[1.140s] INFO:colcon.colcon_core.shell:Creating package script '/home/dragon/FRA502-LAB-66340500051/install/turtlesim_plus/share/turtlesim_plus/package.zsh'
[1.142s] Level 1:colcon.colcon_core.environment:create_file_with_runtime_dependencies(/home/dragon/FRA502-LAB-66340500051/install/turtlesim_plus/share/colcon-core/packages/turtlesim_plus)
[1.144s] Level 1:colcon.colcon_core.environment:create_environment_scripts_only(turtlesim_plus)
[1.145s] Level 1:colcon.colcon_core.environment:checking '/home/dragon/FRA502-LAB-66340500051/install/turtlesim_plus' for CMake module files
[1.145s] Level 1:colcon.colcon_core.environment:checking '/home/dragon/FRA502-LAB-66340500051/install/turtlesim_plus' for CMake config files
[1.145s] Level 1:colcon.colcon_core.shell:create_environment_hook('turtlesim_plus', 'cmake_prefix_path')
[1.146s] INFO:colcon.colcon_core.shell:Creating environment hook '/home/dragon/FRA502-LAB-66340500051/install/turtlesim_plus/share/turtlesim_plus/hook/cmake_prefix_path.ps1'
[1.146s] INFO:colcon.colcon_core.shell:Creating environment descriptor '/home/dragon/FRA502-LAB-66340500051/install/turtlesim_plus/share/turtlesim_plus/hook/cmake_prefix_path.dsv'
[1.147s] INFO:colcon.colcon_core.shell:Creating environment hook '/home/dragon/FRA502-LAB-66340500051/install/turtlesim_plus/share/turtlesim_plus/hook/cmake_prefix_path.sh'
[1.147s] Level 1:colcon.colcon_core.environment:checking '/home/dragon/FRA502-LAB-66340500051/install/turtlesim_plus/lib'
[1.147s] Level 1:colcon.colcon_core.environment:checking '/home/dragon/FRA502-LAB-66340500051/install/turtlesim_plus/bin'
[1.147s] Level 1:colcon.colcon_core.environment:checking '/home/dragon/FRA502-LAB-66340500051/install/turtlesim_plus/lib/pkgconfig/turtlesim_plus.pc'
[1.148s] Level 1:colcon.colcon_core.environment:checking '/home/dragon/FRA502-LAB-66340500051/install/turtlesim_plus/lib/python3.10/site-packages'
[1.148s] Level 1:colcon.colcon_core.environment:checking '/home/dragon/FRA502-LAB-66340500051/install/turtlesim_plus/bin'
[1.148s] INFO:colcon.colcon_core.shell:Creating package script '/home/dragon/FRA502-LAB-66340500051/install/turtlesim_plus/share/turtlesim_plus/package.ps1'
[1.149s] INFO:colcon.colcon_core.shell:Creating package descriptor '/home/dragon/FRA502-LAB-66340500051/install/turtlesim_plus/share/turtlesim_plus/package.dsv'
[1.150s] INFO:colcon.colcon_core.shell:Creating package script '/home/dragon/FRA502-LAB-66340500051/install/turtlesim_plus/share/turtlesim_plus/package.sh'
[1.151s] INFO:colcon.colcon_core.shell:Creating package script '/home/dragon/FRA502-LAB-66340500051/install/turtlesim_plus/share/turtlesim_plus/package.bash'
[1.151s] INFO:colcon.colcon_core.shell:Creating package script '/home/dragon/FRA502-LAB-66340500051/install/turtlesim_plus/share/turtlesim_plus/package.zsh'
[1.151s] Level 1:colcon.colcon_core.environment:create_file_with_runtime_dependencies(/home/dragon/FRA502-LAB-66340500051/install/turtlesim_plus/share/colcon-core/packages/turtlesim_plus)
[1.203s] Level 1:colcon.colcon_core.environment:create_environment_scripts_only(controller_interfaces)
[1.203s] Level 1:colcon.colcon_core.environment:checking '/home/dragon/FRA502-LAB-66340500051/install/controller_interfaces' for CMake module files
[1.204s] DEBUG:colcon.colcon_core.event_handler.log_command:Invoked command in '/home/dragon/FRA502-LAB-66340500051/build/controller_interfaces' returned '0': CMAKE_PREFIX_PATH=${CMAKE_PREFIX_PATH}:/opt/ros/humble /usr/bin/cmake --install /home/dragon/FRA502-LAB-66340500051/build/controller_interfaces
[1.204s] Level 1:colcon.colcon_core.environment:checking '/home/dragon/FRA502-LAB-66340500051/install/controller_interfaces' for CMake config files
[1.205s] Level 1:colcon.colcon_core.shell:create_environment_hook('controller_interfaces', 'cmake_prefix_path')
[1.205s] INFO:colcon.colcon_core.shell:Creating environment hook '/home/dragon/FRA502-LAB-66340500051/install/controller_interfaces/share/controller_interfaces/hook/cmake_prefix_path.ps1'
[1.206s] INFO:colcon.colcon_core.shell:Creating environment descriptor '/home/dragon/FRA502-LAB-66340500051/install/controller_interfaces/share/controller_interfaces/hook/cmake_prefix_path.dsv'
[1.206s] INFO:colcon.colcon_core.shell:Creating environment hook '/home/dragon/FRA502-LAB-66340500051/install/controller_interfaces/share/controller_interfaces/hook/cmake_prefix_path.sh'
[1.207s] Level 1:colcon.colcon_core.environment:checking '/home/dragon/FRA502-LAB-66340500051/install/controller_interfaces/lib'
[1.211s] Level 1:colcon.colcon_core.shell:create_environment_hook('controller_interfaces', 'ld_library_path_lib')
[1.211s] INFO:colcon.colcon_core.shell:Creating environment hook '/home/dragon/FRA502-LAB-66340500051/install/controller_interfaces/share/controller_interfaces/hook/ld_library_path_lib.ps1'
[1.211s] INFO:colcon.colcon_core.shell:Creating environment descriptor '/home/dragon/FRA502-LAB-66340500051/install/controller_interfaces/share/controller_interfaces/hook/ld_library_path_lib.dsv'
[1.212s] INFO:colcon.colcon_core.shell:Creating environment hook '/home/dragon/FRA502-LAB-66340500051/install/controller_interfaces/share/controller_interfaces/hook/ld_library_path_lib.sh'
[1.212s] Level 1:colcon.colcon_core.environment:checking '/home/dragon/FRA502-LAB-66340500051/install/controller_interfaces/bin'
[1.212s] Level 1:colcon.colcon_core.environment:checking '/home/dragon/FRA502-LAB-66340500051/install/controller_interfaces/lib/pkgconfig/controller_interfaces.pc'
[1.215s] Level 1:colcon.colcon_core.environment:checking '/home/dragon/FRA502-LAB-66340500051/install/controller_interfaces/lib/python3.10/site-packages'
[1.215s] Level 1:colcon.colcon_core.environment:checking '/home/dragon/FRA502-LAB-66340500051/install/controller_interfaces/bin'
[1.216s] INFO:colcon.colcon_core.shell:Creating package script '/home/dragon/FRA502-LAB-66340500051/install/controller_interfaces/share/controller_interfaces/package.ps1'
[1.216s] INFO:colcon.colcon_core.shell:Creating package descriptor '/home/dragon/FRA502-LAB-66340500051/install/controller_interfaces/share/controller_interfaces/package.dsv'
[1.217s] INFO:colcon.colcon_core.shell:Creating package script '/home/dragon/FRA502-LAB-66340500051/install/controller_interfaces/share/controller_interfaces/package.sh'
[1.218s] INFO:colcon.colcon_core.shell:Creating package script '/home/dragon/FRA502-LAB-66340500051/install/controller_interfaces/share/controller_interfaces/package.bash'
[1.218s] INFO:colcon.colcon_core.shell:Creating package script '/home/dragon/FRA502-LAB-66340500051/install/controller_interfaces/share/controller_interfaces/package.zsh'
[1.219s] Level 1:colcon.colcon_core.environment:create_file_with_runtime_dependencies(/home/dragon/FRA502-LAB-66340500051/install/controller_interfaces/share/colcon-core/packages/controller_interfaces)
[1.220s] Level 1:colcon.colcon_core.environment:create_environment_scripts_only(controller_interfaces)
[1.220s] Level 1:colcon.colcon_core.environment:checking '/home/dragon/FRA502-LAB-66340500051/install/controller_interfaces' for CMake module files
[1.221s] Level 1:colcon.colcon_core.environment:checking '/home/dragon/FRA502-LAB-66340500051/install/controller_interfaces' for CMake config files
[1.222s] Level 1:colcon.colcon_core.shell:create_environment_hook('controller_interfaces', 'cmake_prefix_path')
[1.222s] INFO:colcon.colcon_core.shell:Creating environment hook '/home/dragon/FRA502-LAB-66340500051/install/controller_interfaces/share/controller_interfaces/hook/cmake_prefix_path.ps1'
[1.223s] INFO:colcon.colcon_core.shell:Creating environment descriptor '/home/dragon/FRA502-LAB-66340500051/install/controller_interfaces/share/controller_interfaces/hook/cmake_prefix_path.dsv'
[1.223s] INFO:colcon.colcon_core.shell:Creating environment hook '/home/dragon/FRA502-LAB-66340500051/install/controller_interfaces/share/controller_interfaces/hook/cmake_prefix_path.sh'
[1.224s] Level 1:colcon.colcon_core.environment:checking '/home/dragon/FRA502-LAB-66340500051/install/controller_interfaces/lib'
[1.224s] Level 1:colcon.colcon_core.shell:create_environment_hook('controller_interfaces', 'ld_library_path_lib')
[1.224s] INFO:colcon.colcon_core.shell:Creating environment hook '/home/dragon/FRA502-LAB-66340500051/install/controller_interfaces/share/controller_interfaces/hook/ld_library_path_lib.ps1'
[1.225s] INFO:colcon.colcon_core.shell:Creating environment descriptor '/home/dragon/FRA502-LAB-66340500051/install/controller_interfaces/share/controller_interfaces/hook/ld_library_path_lib.dsv'
[1.226s] INFO:colcon.colcon_core.shell:Creating environment hook '/home/dragon/FRA502-LAB-66340500051/install/controller_interfaces/share/controller_interfaces/hook/ld_library_path_lib.sh'
[1.226s] Level 1:colcon.colcon_core.environment:checking '/home/dragon/FRA502-LAB-66340500051/install/controller_interfaces/bin'
[1.226s] Level 1:colcon.colcon_core.environment:checking '/home/dragon/FRA502-LAB-66340500051/install/controller_interfaces/lib/pkgconfig/controller_interfaces.pc'
[1.227s] Level 1:colcon.colcon_core.environment:checking '/home/dragon/FRA502-LAB-66340500051/install/controller_interfaces/lib/python3.10/site-packages'
[1.227s] Level 1:colcon.colcon_core.environment:checking '/home/dragon/FRA502-LAB-66340500051/install/controller_interfaces/bin'
[1.227s] INFO:colcon.colcon_core.shell:Creating package script '/home/dragon/FRA502-LAB-66340500051/install/controller_interfaces/share/controller_interfaces/package.ps1'
[1.228s] INFO:colcon.colcon_core.shell:Creating package descriptor '/home/dragon/FRA502-LAB-66340500051/install/controller_interfaces/share/controller_interfaces/package.dsv'
[1.229s] INFO:colcon.colcon_core.shell:Creating package script '/home/dragon/FRA502-LAB-66340500051/install/controller_interfaces/share/controller_interfaces/package.sh'
[1.229s] INFO:colcon.colcon_core.shell:Creating package script '/home/dragon/FRA502-LAB-66340500051/install/controller_interfaces/share/controller_interfaces/package.bash'
[1.230s] INFO:colcon.colcon_core.shell:Creating package script '/home/dragon/FRA502-LAB-66340500051/install/controller_interfaces/share/controller_interfaces/package.zsh'
[1.231s] Level 1:colcon.colcon_core.environment:create_file_with_runtime_dependencies(/home/dragon/FRA502-LAB-66340500051/install/controller_interfaces/share/colcon-core/packages/controller_interfaces)
[1.600s] DEBUG:colcon.colcon_core.event_handler.log_command:Invoked command in '/home/dragon/FRA502-LAB-66340500051/build/turtlesim_plus_interfaces' returned '0': CMAKE_PREFIX_PATH=${CMAKE_PREFIX_PATH}:/opt/ros/humble /usr/bin/cmake --build /home/dragon/FRA502-LAB-66340500051/build/turtlesim_plus_interfaces -- -j4 -l4
[1.602s] DEBUG:colcon.colcon_core.event_handler.log_command:Invoking command in '/home/dragon/FRA502-LAB-66340500051/build/turtlesim_plus_interfaces': CMAKE_PREFIX_PATH=${CMAKE_PREFIX_PATH}:/opt/ros/humble /usr/bin/cmake --install /home/dragon/FRA502-LAB-66340500051/build/turtlesim_plus_interfaces
[1.672s] Level 1:colcon.colcon_core.environment:create_environment_scripts_only(turtlesim_plus_interfaces)
[1.672s] Level 1:colcon.colcon_core.environment:checking '/home/dragon/FRA502-LAB-66340500051/install/turtlesim_plus_interfaces' for CMake module files
[1.673s] DEBUG:colcon.colcon_core.event_handler.log_command:Invoked command in '/home/dragon/FRA502-LAB-66340500051/build/turtlesim_plus_interfaces' returned '0': CMAKE_PREFIX_PATH=${CMAKE_PREFIX_PATH}:/opt/ros/humble /usr/bin/cmake --install /home/dragon/FRA502-LAB-66340500051/build/turtlesim_plus_interfaces
[1.673s] Level 1:colcon.colcon_core.environment:checking '/home/dragon/FRA502-LAB-66340500051/install/turtlesim_plus_interfaces' for CMake config files
[1.674s] Level 1:colcon.colcon_core.shell:create_environment_hook('turtlesim_plus_interfaces', 'cmake_prefix_path')
[1.674s] INFO:colcon.colcon_core.shell:Creating environment hook '/home/dragon/FRA502-LAB-66340500051/install/turtlesim_plus_interfaces/share/turtlesim_plus_interfaces/hook/cmake_prefix_path.ps1'
[1.675s] INFO:colcon.colcon_core.shell:Creating environment descriptor '/home/dragon/FRA502-LAB-66340500051/install/turtlesim_plus_interfaces/share/turtlesim_plus_interfaces/hook/cmake_prefix_path.dsv'
[1.675s] INFO:colcon.colcon_core.shell:Creating environment hook '/home/dragon/FRA502-LAB-66340500051/install/turtlesim_plus_interfaces/share/turtlesim_plus_interfaces/hook/cmake_prefix_path.sh'
[1.676s] Level 1:colcon.colcon_core.environment:checking '/home/dragon/FRA502-LAB-66340500051/install/turtlesim_plus_interfaces/lib'
[1.676s] Level 1:colcon.colcon_core.shell:create_environment_hook('turtlesim_plus_interfaces', 'ld_library_path_lib')
[1.676s] INFO:colcon.colcon_core.shell:Creating environment hook '/home/dragon/FRA502-LAB-66340500051/install/turtlesim_plus_interfaces/share/turtlesim_plus_interfaces/hook/ld_library_path_lib.ps1'
[1.677s] INFO:colcon.colcon_core.shell:Creating environment descriptor '/home/dragon/FRA502-LAB-66340500051/install/turtlesim_plus_interfaces/share/turtlesim_plus_interfaces/hook/ld_library_path_lib.dsv'
[1.677s] INFO:colcon.colcon_core.shell:Creating environment hook '/home/dragon/FRA502-LAB-66340500051/install/turtlesim_plus_interfaces/share/turtlesim_plus_interfaces/hook/ld_library_path_lib.sh'
[1.677s] Level 1:colcon.colcon_core.environment:checking '/home/dragon/FRA502-LAB-66340500051/install/turtlesim_plus_interfaces/bin'
[1.677s] Level 1:colcon.colcon_core.environment:checking '/home/dragon/FRA502-LAB-66340500051/install/turtlesim_plus_interfaces/lib/pkgconfig/turtlesim_plus_interfaces.pc'
[1.678s] Level 1:colcon.colcon_core.environment:checking '/home/dragon/FRA502-LAB-66340500051/install/turtlesim_plus_interfaces/lib/python3.10/site-packages'
[1.678s] Level 1:colcon.colcon_core.environment:checking '/home/dragon/FRA502-LAB-66340500051/install/turtlesim_plus_interfaces/bin'
[1.678s] INFO:colcon.colcon_core.shell:Creating package script '/home/dragon/FRA502-LAB-66340500051/install/turtlesim_plus_interfaces/share/turtlesim_plus_interfaces/package.ps1'
[1.679s] INFO:colcon.colcon_core.shell:Creating package descriptor '/home/dragon/FRA502-LAB-66340500051/install/turtlesim_plus_interfaces/share/turtlesim_plus_interfaces/package.dsv'
[1.679s] INFO:colcon.colcon_core.shell:Creating package script '/home/dragon/FRA502-LAB-66340500051/install/turtlesim_plus_interfaces/share/turtlesim_plus_interfaces/package.sh'
[1.680s] INFO:colcon.colcon_core.shell:Creating package script '/home/dragon/FRA502-LAB-66340500051/install/turtlesim_plus_interfaces/share/turtlesim_plus_interfaces/package.bash'
[1.680s] INFO:colcon.colcon_core.shell:Creating package script '/home/dragon/FRA502-LAB-66340500051/install/turtlesim_plus_interfaces/share/turtlesim_plus_interfaces/package.zsh'
[1.680s] Level 1:colcon.colcon_core.environment:create_file_with_runtime_dependencies(/home/dragon/FRA502-LAB-66340500051/install/turtlesim_plus_interfaces/share/colcon-core/packages/turtlesim_plus_interfaces)
[1.681s] Level 1:colcon.colcon_core.environment:create_environment_scripts_only(turtlesim_plus_interfaces)
[1.681s] Level 1:colcon.colcon_core.environment:checking '/home/dragon/FRA502-LAB-66340500051/install/turtlesim_plus_interfaces' for CMake module files
[1.682s] Level 1:colcon.colcon_core.environment:checking '/home/dragon/FRA502-LAB-66340500051/install/turtlesim_plus_interfaces' for CMake config files
[1.682s] Level 1:colcon.colcon_core.shell:create_environment_hook('turtlesim_plus_interfaces', 'cmake_prefix_path')
[1.683s] INFO:colcon.colcon_core.shell:Creating environment hook '/home/dragon/FRA502-LAB-66340500051/install/turtlesim_plus_interfaces/share/turtlesim_plus_interfaces/hook/cmake_prefix_path.ps1'
[1.690s] INFO:colcon.colcon_core.shell:Creating environment descriptor '/home/dragon/FRA502-LAB-66340500051/install/turtlesim_plus_interfaces/share/turtlesim_plus_interfaces/hook/cmake_prefix_path.dsv'
[1.691s] INFO:colcon.colcon_core.shell:Creating environment hook '/home/dragon/FRA502-LAB-66340500051/install/turtlesim_plus_interfaces/share/turtlesim_plus_interfaces/hook/cmake_prefix_path.sh'
[1.691s] Level 1:colcon.colcon_core.environment:checking '/home/dragon/FRA502-LAB-66340500051/install/turtlesim_plus_interfaces/lib'
[1.691s] Level 1:colcon.colcon_core.shell:create_environment_hook('turtlesim_plus_interfaces', 'ld_library_path_lib')
[1.692s] INFO:colcon.colcon_core.shell:Creating environment hook '/home/dragon/FRA502-LAB-66340500051/install/turtlesim_plus_interfaces/share/turtlesim_plus_interfaces/hook/ld_library_path_lib.ps1'
[1.692s] INFO:colcon.colcon_core.shell:Creating environment descriptor '/home/dragon/FRA502-LAB-66340500051/install/turtlesim_plus_interfaces/share/turtlesim_plus_interfaces/hook/ld_library_path_lib.dsv'
[1.692s] INFO:colcon.colcon_core.shell:Creating environment hook '/home/dragon/FRA502-LAB-66340500051/install/turtlesim_plus_interfaces/share/turtlesim_plus_interfaces/hook/ld_library_path_lib.sh'
[1.693s] Level 1:colcon.colcon_core.environment:checking '/home/dragon/FRA502-LAB-66340500051/install/turtlesim_plus_interfaces/bin'
[1.693s] Level 1:colcon.colcon_core.environment:checking '/home/dragon/FRA502-LAB-66340500051/install/turtlesim_plus_interfaces/lib/pkgconfig/turtlesim_plus_interfaces.pc'
[1.693s] Level 1:colcon.colcon_core.environment:checking '/home/dragon/FRA502-LAB-66340500051/install/turtlesim_plus_interfaces/lib/python3.10/site-packages'
[1.693s] Level 1:colcon.colcon_core.environment:checking '/home/dragon/FRA502-LAB-66340500051/install/turtlesim_plus_interfaces/bin'
[1.694s] INFO:colcon.colcon_core.shell:Creating package script '/home/dragon/FRA502-LAB-66340500051/install/turtlesim_plus_interfaces/share/turtlesim_plus_interfaces/package.ps1'
[1.694s] INFO:colcon.colcon_core.shell:Creating package descriptor '/home/dragon/FRA502-LAB-66340500051/install/turtlesim_plus_interfaces/share/turtlesim_plus_interfaces/package.dsv'
[1.695s] INFO:colcon.colcon_core.shell:Creating package script '/home/dragon/FRA502-LAB-66340500051/install/turtlesim_plus_interfaces/share/turtlesim_plus_interfaces/package.sh'
[1.695s] INFO:colcon.colcon_core.shell:Creating package script '/home/dragon/FRA502-LAB-66340500051/install/turtlesim_plus_interfaces/share/turtlesim_plus_interfaces/package.bash'
[1.695s] INFO:colcon.colcon_core.shell:Creating package script '/home/dragon/FRA502-LAB-66340500051/install/turtlesim_plus_interfaces/share/turtlesim_plus_interfaces/package.zsh'
[1.696s] Level 1:colcon.colcon_core.environment:create_file_with_runtime_dependencies(/home/dragon/FRA502-LAB-66340500051/install/turtlesim_plus_interfaces/share/colcon-core/packages/turtlesim_plus_interfaces)
[1.696s] DEBUG:colcon.colcon_parallel_executor.executor.parallel:closing loop
[1.696s] DEBUG:colcon.colcon_parallel_executor.executor.parallel:loop closed
[1.696s] DEBUG:colcon.colcon_parallel_executor.executor.parallel:run_until_complete finished with '0'
[1.696s] DEBUG:colcon.colcon_core.event_reactor:joining thread
[1.703s] INFO:colcon.colcon_core.plugin_system:Skipping extension 'colcon_notification.desktop_notification.terminal_notifier': Not used on non-Darwin systems
[1.703s] INFO:colcon.colcon_core.plugin_system:Skipping extension 'colcon_notification.desktop_notification.win32': Not used on non-Windows systems
[1.703s] INFO:colcon.colcon_notification.desktop_notification:Sending desktop notification using 'notify2'
[1.721s] DEBUG:colcon.colcon_core.event_reactor:joined thread
[1.722s] INFO:colcon.colcon_core.shell:Creating prefix script '/home/dragon/FRA502-LAB-66340500051/install/local_setup.ps1'
[1.723s] INFO:colcon.colcon_core.shell:Creating prefix util module '/home/dragon/FRA502-LAB-66340500051/install/_local_setup_util_ps1.py'
[1.725s] INFO:colcon.colcon_core.shell:Creating prefix chain script '/home/dragon/FRA502-LAB-66340500051/install/setup.ps1'
[1.727s] INFO:colcon.colcon_core.shell:Creating prefix script '/home/dragon/FRA502-LAB-66340500051/install/local_setup.sh'
[1.727s] INFO:colcon.colcon_core.shell:Creating prefix util module '/home/dragon/FRA502-LAB-66340500051/install/_local_setup_util_sh.py'
[1.728s] INFO:colcon.colcon_core.shell:Creating prefix chain script '/home/dragon/FRA502-LAB-66340500051/install/setup.sh'
[1.729s] INFO:colcon.colcon_core.shell:Creating prefix script '/home/dragon/FRA502-LAB-66340500051/install/local_setup.bash'
[1.730s] INFO:colcon.colcon_core.shell:Creating prefix chain script '/home/dragon/FRA502-LAB-66340500051/install/setup.bash'
[1.731s] INFO:colcon.colcon_core.shell:Creating prefix script '/home/dragon/FRA502-LAB-66340500051/install/local_setup.zsh'
[1.731s] INFO:colcon.colcon_core.shell:Creating prefix chain script '/home/dragon/FRA502-LAB-66340500051/install/setup.zsh'
