[0.025s] Invoking command in '/home/dragon/FRA502-LAB-66340500051/build/lab2': CMAKE_PREFIX_PATH=${CMAKE_PREFIX_PATH}:/opt/ros/humble /usr/bin/cmake --build /home/dragon/FRA502-LAB-66340500051/build/lab2 -- -j4 -l4
[0.123s] [100%] Built target cpp_node_test
[0.131s] [100%] Built target ament_cmake_python_copy_lab2
[0.470s] running egg_info
[0.471s] writing lab2.egg-info/PKG-INFO
[0.471s] writing dependency_links to lab2.egg-info/dependency_links.txt
[0.471s] writing top-level names to lab2.egg-info/top_level.txt
[0.473s] reading manifest file 'lab2.egg-info/SOURCES.txt'
[0.474s] writing manifest file 'lab2.egg-info/SOURCES.txt'
[0.508s] [100%] Built target ament_cmake_python_build_lab2_egg
[0.524s] Invoked command in '/home/dragon/FRA502-LAB-66340500051/build/lab2' returned '0': CMAKE_PREFIX_PATH=${CMAKE_PREFIX_PATH}:/opt/ros/humble /usr/bin/cmake --build /home/dragon/FRA502-LAB-66340500051/build/lab2 -- -j4 -l4
[0.534s] Invoking command in '/home/dragon/FRA502-LAB-66340500051/build/lab2': CMAKE_PREFIX_PATH=${CMAKE_PREFIX_PATH}:/opt/ros/humble /usr/bin/cmake --install /home/dragon/FRA502-LAB-66340500051/build/lab2
[0.546s] -- Install configuration: ""
[0.548s] -- Up-to-date: /home/dragon/FRA502-LAB-66340500051/install/lab2/share/lab2/environment/pythonpath.sh
[0.548s] -- Up-to-date: /home/dragon/FRA502-LAB-66340500051/install/lab2/share/lab2/environment/pythonpath.dsv
[0.548s] -- Up-to-date: /home/dragon/FRA502-LAB-66340500051/install/lab2/local/lib/python3.10/dist-packages/lab2-0.0.0-py3.10.egg-info
[0.548s] -- Installing: /home/dragon/FRA502-LAB-66340500051/install/lab2/local/lib/python3.10/dist-packages/lab2-0.0.0-py3.10.egg-info/PKG-INFO
[0.549s] -- Installing: /home/dragon/FRA502-LAB-66340500051/install/lab2/local/lib/python3.10/dist-packages/lab2-0.0.0-py3.10.egg-info/top_level.txt
[0.549s] -- Installing: /home/dragon/FRA502-LAB-66340500051/install/lab2/local/lib/python3.10/dist-packages/lab2-0.0.0-py3.10.egg-info/dependency_links.txt
[0.550s] -- Installing: /home/dragon/FRA502-LAB-66340500051/install/lab2/local/lib/python3.10/dist-packages/lab2-0.0.0-py3.10.egg-info/SOURCES.txt
[0.550s] -- Up-to-date: /home/dragon/FRA502-LAB-66340500051/install/lab2/local/lib/python3.10/dist-packages/lab2
[0.551s] -- Up-to-date: /home/dragon/FRA502-LAB-66340500051/install/lab2/local/lib/python3.10/dist-packages/lab2/dummy_module.py
[0.551s] -- Up-to-date: /home/dragon/FRA502-LAB-66340500051/install/lab2/local/lib/python3.10/dist-packages/lab2/__init__.py
[0.594s] Listing '/home/dragon/FRA502-LAB-66340500051/install/lab2/local/lib/python3.10/dist-packages/lab2'...
[0.602s] -- Up-to-date: /home/dragon/FRA502-LAB-66340500051/install/lab2/lib/lab2/dummy_script.py
[0.602s] -- Up-to-date: /home/dragon/FRA502-LAB-66340500051/install/lab2/lib/lab2/eater.py
[0.602s] -- Up-to-date: /home/dragon/FRA502-LAB-66340500051/install/lab2/lib/lab2/killer.py
[0.602s] -- Up-to-date: /home/dragon/FRA502-LAB-66340500051/install/lab2/lib/lab2/turtlesim_pose.py
[0.602s] -- Up-to-date: /home/dragon/FRA502-LAB-66340500051/install/lab2/lib/lab2/cpp_node_test
[0.602s] -- Up-to-date: /home/dragon/FRA502-LAB-66340500051/install/lab2/share/lab2
[0.602s] -- Up-to-date: /home/dragon/FRA502-LAB-66340500051/install/lab2/share/ament_index/resource_index/package_run_dependencies/lab2
[0.603s] -- Up-to-date: /home/dragon/FRA502-LAB-66340500051/install/lab2/share/ament_index/resource_index/parent_prefix_path/lab2
[0.603s] -- Up-to-date: /home/dragon/FRA502-LAB-66340500051/install/lab2/share/lab2/environment/ament_prefix_path.sh
[0.603s] -- Up-to-date: /home/dragon/FRA502-LAB-66340500051/install/lab2/share/lab2/environment/ament_prefix_path.dsv
[0.603s] -- Up-to-date: /home/dragon/FRA502-LAB-66340500051/install/lab2/share/lab2/environment/path.sh
[0.603s] -- Up-to-date: /home/dragon/FRA502-LAB-66340500051/install/lab2/share/lab2/environment/path.dsv
[0.604s] -- Up-to-date: /home/dragon/FRA502-LAB-66340500051/install/lab2/share/lab2/local_setup.bash
[0.604s] -- Up-to-date: /home/dragon/FRA502-LAB-66340500051/install/lab2/share/lab2/local_setup.sh
[0.604s] -- Up-to-date: /home/dragon/FRA502-LAB-66340500051/install/lab2/share/lab2/local_setup.zsh
[0.606s] -- Up-to-date: /home/dragon/FRA502-LAB-66340500051/install/lab2/share/lab2/local_setup.dsv
[0.606s] -- Installing: /home/dragon/FRA502-LAB-66340500051/install/lab2/share/lab2/package.dsv
[0.606s] -- Up-to-date: /home/dragon/FRA502-LAB-66340500051/install/lab2/share/ament_index/resource_index/packages/lab2
[0.606s] -- Up-to-date: /home/dragon/FRA502-LAB-66340500051/install/lab2/share/lab2/cmake/lab2Config.cmake
[0.607s] -- Up-to-date: /home/dragon/FRA502-LAB-66340500051/install/lab2/share/lab2/cmake/lab2Config-version.cmake
[0.607s] -- Up-to-date: /home/dragon/FRA502-LAB-66340500051/install/lab2/share/lab2/package.xml
[0.607s] Invoked command in '/home/dragon/FRA502-LAB-66340500051/build/lab2' returned '0': CMAKE_PREFIX_PATH=${CMAKE_PREFIX_PATH}:/opt/ros/humble /usr/bin/cmake --install /home/dragon/FRA502-LAB-66340500051/build/lab2
