[0.024s] Invoking command in '/home/dragon/FRA502-LAB-66340500051/src/build/controller_interfaces': CMAKE_PREFIX_PATH=${CMAKE_PREFIX_PATH}:/opt/ros/humble /usr/bin/cmake /home/dragon/FRA502-LAB-66340500051/src/controller_interfaces -DCMAKE_INSTALL_PREFIX=/home/dragon/FRA502-LAB-66340500051/src/install/controller_interfaces
[0.097s] -- The C compiler identification is GNU 11.4.0
[0.171s] -- The CXX compiler identification is GNU 11.4.0
[0.183s] -- Detecting C compiler ABI info
[0.271s] -- Detecting C compiler ABI info - done
[0.282s] -- Check for working C compiler: /usr/bin/cc - skipped
[0.282s] -- Detecting C compile features
[0.282s] -- Detecting C compile features - done
[0.286s] -- Detecting CXX compiler ABI info
[0.386s] -- Detecting CXX compiler ABI info - done
[0.396s] -- Check for working CXX compiler: /usr/bin/c++ - skipped
[0.398s] -- Detecting CXX compile features
[0.398s] -- Detecting CXX compile features - done
[0.402s] -- Found ament_cmake: 1.3.12 (/opt/ros/humble/share/ament_cmake/cmake)
[0.593s] -- Found Python3: /usr/bin/python3 (found version "3.10.12") found components: Interpreter 
[0.710s] -- Found std_msgs: 4.9.0 (/opt/ros/humble/share/std_msgs/cmake)
[0.753s] -- Found rosidl_generator_c: 3.1.7 (/opt/ros/humble/share/rosidl_generator_c/cmake)
[0.762s] -- Found rosidl_adapter: 3.1.7 (/opt/ros/humble/share/rosidl_adapter/cmake)
[0.770s] -- Found rosidl_generator_cpp: 3.1.7 (/opt/ros/humble/share/rosidl_generator_cpp/cmake)
[0.784s] -- Using all available rosidl_typesupport_c: rosidl_typesupport_fastrtps_c;rosidl_typesupport_introspection_c
[0.804s] -- Using all available rosidl_typesupport_cpp: rosidl_typesupport_fastrtps_cpp;rosidl_typesupport_introspection_cpp
[0.837s] -- Found rosidl_default_generators: 1.2.0 (/opt/ros/humble/share/rosidl_default_generators/cmake)
[0.849s] -- Found ament_lint_auto: 0.12.14 (/opt/ros/humble/share/ament_lint_auto/cmake)
[1.233s] -- Found ament_cmake_ros: 0.10.0 (/opt/ros/humble/share/ament_cmake_ros/cmake)
[1.733s] -- Using all available rosidl_typesupport_c: rosidl_typesupport_fastrtps_c;rosidl_typesupport_introspection_c
[2.080s] -- Using all available rosidl_typesupport_cpp: rosidl_typesupport_fastrtps_cpp;rosidl_typesupport_introspection_cpp
[2.104s] -- Found PythonInterp: /usr/bin/python3 (found suitable version "3.10.12", minimum required is "3.6") 
[2.106s] -- Found python_cmake_module: 0.10.0 (/opt/ros/humble/share/python_cmake_module/cmake)
[2.144s] -- Found PythonLibs: /usr/lib/x86_64-linux-gnu/libpython3.10.so (found suitable version "3.10.12", minimum required is "3.5") 
[2.144s] -- Using PYTHON_EXECUTABLE: /usr/bin/python3
[2.144s] -- Using PYTHON_INCLUDE_DIRS: /usr/include/python3.10
[2.144s] -- Using PYTHON_LIBRARIES: /usr/lib/x86_64-linux-gnu/libpython3.10.so
[2.176s] -- Found PythonExtra: .so  
[2.259s] -- Added test 'lint_cmake' to check CMake code style
[2.261s] -- Added test 'xmllint' to check XML markup files
[2.268s] -- Configuring done
[2.323s] -- Generating done
[2.335s] -- Build files have been written to: /home/dragon/FRA502-LAB-66340500051/src/build/controller_interfaces
[2.348s] Invoked command in '/home/dragon/FRA502-LAB-66340500051/src/build/controller_interfaces' returned '0': CMAKE_PREFIX_PATH=${CMAKE_PREFIX_PATH}:/opt/ros/humble /usr/bin/cmake /home/dragon/FRA502-LAB-66340500051/src/controller_interfaces -DCMAKE_INSTALL_PREFIX=/home/dragon/FRA502-LAB-66340500051/src/install/controller_interfaces
[2.349s] Invoking command in '/home/dragon/FRA502-LAB-66340500051/src/build/controller_interfaces': CMAKE_PREFIX_PATH=${CMAKE_PREFIX_PATH}:/opt/ros/humble /usr/bin/cmake --build /home/dragon/FRA502-LAB-66340500051/src/build/controller_interfaces -- -j4 -l4
[2.415s] [  2%] [34m[1mGenerating C code for ROS interfaces[0m
[2.437s] [  5%] [34m[1mGenerating C++ code for ROS interfaces[0m
[2.459s] [  5%] Built target ament_cmake_python_copy_controller_interfaces
[2.839s] running egg_info
[2.840s] creating controller_interfaces.egg-info
[2.840s] writing controller_interfaces.egg-info/PKG-INFO
[2.840s] writing dependency_links to controller_interfaces.egg-info/dependency_links.txt
[2.841s] writing top-level names to controller_interfaces.egg-info/top_level.txt
[2.841s] writing manifest file 'controller_interfaces.egg-info/SOURCES.txt'
[2.843s] reading manifest file 'controller_interfaces.egg-info/SOURCES.txt'
[2.843s] writing manifest file 'controller_interfaces.egg-info/SOURCES.txt'
[2.881s] [  5%] Built target ament_cmake_python_build_controller_interfaces_egg
[2.942s] [  5%] Built target controller_interfaces__cpp
[2.956s] [  7%] [34m[1mGenerating C++ type support dispatch for ROS interfaces[0m
[2.960s] [ 10%] [34m[1mGenerating C++ introspection for ROS interfaces[0m
[2.967s] [ 12%] [34m[1mGenerating C++ type support for eProsima Fast-RTPS[0m
[3.175s] [ 15%] [32mBuilding C object CMakeFiles/controller_interfaces__rosidl_generator_c.dir/rosidl_generator_c/controller_interfaces/srv/detail/set_max_pizza__functions.c.o[0m
[3.329s] [ 17%] [32mBuilding CXX object CMakeFiles/controller_interfaces__rosidl_typesupport_cpp.dir/rosidl_typesupport_cpp/controller_interfaces/srv/set_max_pizza__type_support.cpp.o[0m
[3.353s] [ 20%] [32mBuilding CXX object CMakeFiles/controller_interfaces__rosidl_typesupport_introspection_cpp.dir/rosidl_typesupport_introspection_cpp/controller_interfaces/srv/detail/set_max_pizza__type_support.cpp.o[0m
[3.481s] [ 23%] [32mBuilding C object CMakeFiles/controller_interfaces__rosidl_generator_c.dir/rosidl_generator_c/controller_interfaces/srv/detail/set_param__functions.c.o[0m
[3.486s] [ 25%] [32mBuilding CXX object CMakeFiles/controller_interfaces__rosidl_typesupport_fastrtps_cpp.dir/rosidl_typesupport_fastrtps_cpp/controller_interfaces/srv/detail/dds_fastrtps/set_max_pizza__type_support.cpp.o[0m
[3.612s] [ 28%] [32m[1mLinking C shared library libcontroller_interfaces__rosidl_generator_c.so[0m
[3.685s] [ 28%] Built target controller_interfaces__rosidl_generator_c
[3.695s] [ 30%] [32mBuilding CXX object CMakeFiles/controller_interfaces__rosidl_typesupport_cpp.dir/rosidl_typesupport_cpp/controller_interfaces/srv/set_param__type_support.cpp.o[0m
[3.708s] [ 33%] [32mBuilding CXX object CMakeFiles/controller_interfaces__rosidl_typesupport_introspection_cpp.dir/rosidl_typesupport_introspection_cpp/controller_interfaces/srv/detail/set_param__type_support.cpp.o[0m
[3.816s] [ 35%] [34m[1mGenerating C type support for eProsima Fast-RTPS[0m
[4.022s] [ 38%] [32mBuilding CXX object CMakeFiles/controller_interfaces__rosidl_typesupport_fastrtps_cpp.dir/rosidl_typesupport_fastrtps_cpp/controller_interfaces/srv/detail/dds_fastrtps/set_param__type_support.cpp.o[0m
[4.203s] [ 41%] [32m[1mLinking CXX shared library libcontroller_interfaces__rosidl_typesupport_cpp.so[0m
[4.265s] [ 43%] [32mBuilding CXX object CMakeFiles/controller_interfaces__rosidl_typesupport_fastrtps_c.dir/rosidl_typesupport_fastrtps_c/controller_interfaces/srv/detail/set_max_pizza__type_support_c.cpp.o[0m
[4.278s] [ 46%] [32m[1mLinking CXX shared library libcontroller_interfaces__rosidl_typesupport_introspection_cpp.so[0m
[4.297s] [ 46%] Built target controller_interfaces__rosidl_typesupport_cpp
[4.318s] [ 48%] [32mBuilding CXX object CMakeFiles/controller_interfaces__rosidl_typesupport_fastrtps_c.dir/rosidl_typesupport_fastrtps_c/controller_interfaces/srv/detail/set_param__type_support_c.cpp.o[0m
[4.388s] [ 48%] Built target controller_interfaces__rosidl_typesupport_introspection_cpp
[4.413s] [ 51%] [34m[1mGenerating C introspection for ROS interfaces[0m
[4.674s] [ 53%] [32m[1mLinking CXX shared library libcontroller_interfaces__rosidl_typesupport_fastrtps_cpp.so[0m
[4.716s] [ 56%] [34m[1mGenerating C type support dispatch for ROS interfaces[0m
[4.797s] [ 56%] Built target controller_interfaces__rosidl_typesupport_fastrtps_cpp
[4.804s] [ 58%] [32m[1mLinking CXX shared library libcontroller_interfaces__rosidl_typesupport_fastrtps_c.so[0m
[4.863s] [ 61%] [32mBuilding C object CMakeFiles/controller_interfaces__rosidl_typesupport_introspection_c.dir/rosidl_typesupport_introspection_c/controller_interfaces/srv/detail/set_max_pizza__type_support.c.o[0m
[4.880s] [ 64%] [32mBuilding C object CMakeFiles/controller_interfaces__rosidl_typesupport_introspection_c.dir/rosidl_typesupport_introspection_c/controller_interfaces/srv/detail/set_param__type_support.c.o[0m
[4.915s] [ 64%] Built target controller_interfaces__rosidl_typesupport_fastrtps_c
[4.938s] [ 66%] [32m[1mLinking C shared library libcontroller_interfaces__rosidl_typesupport_introspection_c.so[0m
[4.977s] [ 66%] Built target controller_interfaces__rosidl_typesupport_introspection_c
[5.099s] [ 69%] [32mBuilding CXX object CMakeFiles/controller_interfaces__rosidl_typesupport_c.dir/rosidl_typesupport_c/controller_interfaces/srv/set_max_pizza__type_support.cpp.o[0m
[5.099s] [ 71%] [32mBuilding CXX object CMakeFiles/controller_interfaces__rosidl_typesupport_c.dir/rosidl_typesupport_c/controller_interfaces/srv/set_param__type_support.cpp.o[0m
[5.136s] [ 74%] [32m[1mLinking CXX shared library libcontroller_interfaces__rosidl_typesupport_c.so[0m
[5.183s] [ 74%] Built target controller_interfaces__rosidl_typesupport_c
[5.206s] [ 74%] Built target controller_interfaces
[5.229s] [ 76%] [34m[1mGenerating Python code for ROS interfaces[0m
[5.858s] [ 76%] Built target controller_interfaces__py
[5.887s] [ 79%] [32mBuilding C object CMakeFiles/controller_interfaces__rosidl_generator_py.dir/rosidl_generator_py/controller_interfaces/srv/_set_max_pizza_s.c.o[0m
[5.894s] [ 82%] [32mBuilding C object CMakeFiles/controller_interfaces__rosidl_generator_py.dir/rosidl_generator_py/controller_interfaces/srv/_set_param_s.c.o[0m
[6.023s] [ 84%] [32m[1mLinking C shared library rosidl_generator_py/controller_interfaces/libcontroller_interfaces__rosidl_generator_py.so[0m
[6.075s] [ 84%] Built target controller_interfaces__rosidl_generator_py
[6.107s] [ 87%] [32mBuilding C object CMakeFiles/controller_interfaces__rosidl_typesupport_fastrtps_c__pyext.dir/rosidl_generator_py/controller_interfaces/_controller_interfaces_s.ep.rosidl_typesupport_fastrtps_c.c.o[0m
[6.115s] [ 89%] [32mBuilding C object CMakeFiles/controller_interfaces__rosidl_typesupport_c__pyext.dir/rosidl_generator_py/controller_interfaces/_controller_interfaces_s.ep.rosidl_typesupport_c.c.o[0m
[6.115s] [ 92%] [32mBuilding C object CMakeFiles/controller_interfaces__rosidl_typesupport_introspection_c__pyext.dir/rosidl_generator_py/controller_interfaces/_controller_interfaces_s.ep.rosidl_typesupport_introspection_c.c.o[0m
[6.286s] [ 94%] [32m[1mLinking C shared library rosidl_generator_py/controller_interfaces/controller_interfaces_s__rosidl_typesupport_introspection_c.cpython-310-x86_64-linux-gnu.so[0m
[6.305s] [ 97%] [32m[1mLinking C shared library rosidl_generator_py/controller_interfaces/controller_interfaces_s__rosidl_typesupport_fastrtps_c.cpython-310-x86_64-linux-gnu.so[0m
[6.331s] [100%] [32m[1mLinking C shared library rosidl_generator_py/controller_interfaces/controller_interfaces_s__rosidl_typesupport_c.cpython-310-x86_64-linux-gnu.so[0m
[6.367s] [100%] Built target controller_interfaces__rosidl_typesupport_introspection_c__pyext
[6.385s] [100%] Built target controller_interfaces__rosidl_typesupport_fastrtps_c__pyext
[6.414s] [100%] Built target controller_interfaces__rosidl_typesupport_c__pyext
[6.441s] Invoked command in '/home/dragon/FRA502-LAB-66340500051/src/build/controller_interfaces' returned '0': CMAKE_PREFIX_PATH=${CMAKE_PREFIX_PATH}:/opt/ros/humble /usr/bin/cmake --build /home/dragon/FRA502-LAB-66340500051/src/build/controller_interfaces -- -j4 -l4
[6.442s] Invoking command in '/home/dragon/FRA502-LAB-66340500051/src/build/controller_interfaces': CMAKE_PREFIX_PATH=${CMAKE_PREFIX_PATH}:/opt/ros/humble /usr/bin/cmake --install /home/dragon/FRA502-LAB-66340500051/src/build/controller_interfaces
[6.464s] -- Install configuration: ""
[6.465s] -- Installing: /home/dragon/FRA502-LAB-66340500051/src/install/controller_interfaces/share/ament_index/resource_index/rosidl_interfaces/controller_interfaces
[6.465s] -- Installing: /home/dragon/FRA502-LAB-66340500051/src/install/controller_interfaces/include/controller_interfaces/controller_interfaces
[6.465s] -- Installing: /home/dragon/FRA502-LAB-66340500051/src/install/controller_interfaces/include/controller_interfaces/controller_interfaces/msg
[6.465s] -- Installing: /home/dragon/FRA502-LAB-66340500051/src/install/controller_interfaces/include/controller_interfaces/controller_interfaces/msg/rosidl_generator_c__visibility_control.h
[6.465s] -- Installing: /home/dragon/FRA502-LAB-66340500051/src/install/controller_interfaces/include/controller_interfaces/controller_interfaces/srv
[6.465s] -- Installing: /home/dragon/FRA502-LAB-66340500051/src/install/controller_interfaces/include/controller_interfaces/controller_interfaces/srv/set_param.h
[6.465s] -- Installing: /home/dragon/FRA502-LAB-66340500051/src/install/controller_interfaces/include/controller_interfaces/controller_interfaces/srv/detail
[6.466s] -- Installing: /home/dragon/FRA502-LAB-66340500051/src/install/controller_interfaces/include/controller_interfaces/controller_interfaces/srv/detail/set_param__functions.c
[6.466s] -- Installing: /home/dragon/FRA502-LAB-66340500051/src/install/controller_interfaces/include/controller_interfaces/controller_interfaces/srv/detail/set_max_pizza__functions.h
[6.466s] -- Installing: /home/dragon/FRA502-LAB-66340500051/src/install/controller_interfaces/include/controller_interfaces/controller_interfaces/srv/detail/set_max_pizza__type_support.h
[6.466s] -- Installing: /home/dragon/FRA502-LAB-66340500051/src/install/controller_interfaces/include/controller_interfaces/controller_interfaces/srv/detail/set_param__functions.h
[6.466s] -- Installing: /home/dragon/FRA502-LAB-66340500051/src/install/controller_interfaces/include/controller_interfaces/controller_interfaces/srv/detail/set_max_pizza__functions.c
[6.466s] -- Installing: /home/dragon/FRA502-LAB-66340500051/src/install/controller_interfaces/include/controller_interfaces/controller_interfaces/srv/detail/set_max_pizza__struct.h
[6.466s] -- Installing: /home/dragon/FRA502-LAB-66340500051/src/install/controller_interfaces/include/controller_interfaces/controller_interfaces/srv/detail/set_param__struct.h
[6.470s] -- Installing: /home/dragon/FRA502-LAB-66340500051/src/install/controller_interfaces/include/controller_interfaces/controller_interfaces/srv/detail/set_param__type_support.h
[6.470s] -- Installing: /home/dragon/FRA502-LAB-66340500051/src/install/controller_interfaces/include/controller_interfaces/controller_interfaces/srv/set_max_pizza.h
[6.470s] -- Installing: /home/dragon/FRA502-LAB-66340500051/src/install/controller_interfaces/share/controller_interfaces/environment/library_path.sh
[6.470s] -- Installing: /home/dragon/FRA502-LAB-66340500051/src/install/controller_interfaces/share/controller_interfaces/environment/library_path.dsv
[6.471s] -- Installing: /home/dragon/FRA502-LAB-66340500051/src/install/controller_interfaces/lib/libcontroller_interfaces__rosidl_generator_c.so
[6.471s] -- Set runtime path of "/home/dragon/FRA502-LAB-66340500051/src/install/controller_interfaces/lib/libcontroller_interfaces__rosidl_generator_c.so" to ""
[6.472s] -- Up-to-date: /home/dragon/FRA502-LAB-66340500051/src/install/controller_interfaces/include/controller_interfaces/controller_interfaces
[6.472s] -- Up-to-date: /home/dragon/FRA502-LAB-66340500051/src/install/controller_interfaces/include/controller_interfaces/controller_interfaces/msg
[6.472s] -- Installing: /home/dragon/FRA502-LAB-66340500051/src/install/controller_interfaces/include/controller_interfaces/controller_interfaces/msg/rosidl_typesupport_fastrtps_c__visibility_control.h
[6.472s] -- Up-to-date: /home/dragon/FRA502-LAB-66340500051/src/install/controller_interfaces/include/controller_interfaces/controller_interfaces/srv
[6.472s] -- Up-to-date: /home/dragon/FRA502-LAB-66340500051/src/install/controller_interfaces/include/controller_interfaces/controller_interfaces/srv/detail
[6.472s] -- Installing: /home/dragon/FRA502-LAB-66340500051/src/install/controller_interfaces/include/controller_interfaces/controller_interfaces/srv/detail/set_param__rosidl_typesupport_fastrtps_c.h
[6.474s] -- Installing: /home/dragon/FRA502-LAB-66340500051/src/install/controller_interfaces/include/controller_interfaces/controller_interfaces/srv/detail/set_max_pizza__rosidl_typesupport_fastrtps_c.h
[6.480s] -- Installing: /home/dragon/FRA502-LAB-66340500051/src/install/controller_interfaces/lib/libcontroller_interfaces__rosidl_typesupport_fastrtps_c.so
[6.480s] -- Set runtime path of "/home/dragon/FRA502-LAB-66340500051/src/install/controller_interfaces/lib/libcontroller_interfaces__rosidl_typesupport_fastrtps_c.so" to ""
[6.480s] -- Up-to-date: /home/dragon/FRA502-LAB-66340500051/src/install/controller_interfaces/include/controller_interfaces/controller_interfaces
[6.480s] -- Up-to-date: /home/dragon/FRA502-LAB-66340500051/src/install/controller_interfaces/include/controller_interfaces/controller_interfaces/msg
[6.480s] -- Installing: /home/dragon/FRA502-LAB-66340500051/src/install/controller_interfaces/include/controller_interfaces/controller_interfaces/msg/rosidl_generator_cpp__visibility_control.hpp
[6.480s] -- Up-to-date: /home/dragon/FRA502-LAB-66340500051/src/install/controller_interfaces/include/controller_interfaces/controller_interfaces/srv
[6.480s] -- Installing: /home/dragon/FRA502-LAB-66340500051/src/install/controller_interfaces/include/controller_interfaces/controller_interfaces/srv/set_param.hpp
[6.480s] -- Up-to-date: /home/dragon/FRA502-LAB-66340500051/src/install/controller_interfaces/include/controller_interfaces/controller_interfaces/srv/detail
[6.480s] -- Installing: /home/dragon/FRA502-LAB-66340500051/src/install/controller_interfaces/include/controller_interfaces/controller_interfaces/srv/detail/set_max_pizza__builder.hpp
[6.480s] -- Installing: /home/dragon/FRA502-LAB-66340500051/src/install/controller_interfaces/include/controller_interfaces/controller_interfaces/srv/detail/set_param__builder.hpp
[6.480s] -- Installing: /home/dragon/FRA502-LAB-66340500051/src/install/controller_interfaces/include/controller_interfaces/controller_interfaces/srv/detail/set_max_pizza__traits.hpp
[6.480s] -- Installing: /home/dragon/FRA502-LAB-66340500051/src/install/controller_interfaces/include/controller_interfaces/controller_interfaces/srv/detail/set_param__traits.hpp
[6.480s] -- Installing: /home/dragon/FRA502-LAB-66340500051/src/install/controller_interfaces/include/controller_interfaces/controller_interfaces/srv/detail/set_max_pizza__struct.hpp
[6.481s] -- Installing: /home/dragon/FRA502-LAB-66340500051/src/install/controller_interfaces/include/controller_interfaces/controller_interfaces/srv/detail/set_param__struct.hpp
[6.481s] -- Installing: /home/dragon/FRA502-LAB-66340500051/src/install/controller_interfaces/include/controller_interfaces/controller_interfaces/srv/detail/set_param__type_support.hpp
[6.481s] -- Installing: /home/dragon/FRA502-LAB-66340500051/src/install/controller_interfaces/include/controller_interfaces/controller_interfaces/srv/detail/set_max_pizza__type_support.hpp
[6.481s] -- Installing: /home/dragon/FRA502-LAB-66340500051/src/install/controller_interfaces/include/controller_interfaces/controller_interfaces/srv/set_max_pizza.hpp
[6.481s] -- Up-to-date: /home/dragon/FRA502-LAB-66340500051/src/install/controller_interfaces/include/controller_interfaces/controller_interfaces
[6.481s] -- Up-to-date: /home/dragon/FRA502-LAB-66340500051/src/install/controller_interfaces/include/controller_interfaces/controller_interfaces/msg
[6.481s] -- Installing: /home/dragon/FRA502-LAB-66340500051/src/install/controller_interfaces/include/controller_interfaces/controller_interfaces/msg/rosidl_typesupport_fastrtps_cpp__visibility_control.h
[6.481s] -- Up-to-date: /home/dragon/FRA502-LAB-66340500051/src/install/controller_interfaces/include/controller_interfaces/controller_interfaces/srv
[6.481s] -- Up-to-date: /home/dragon/FRA502-LAB-66340500051/src/install/controller_interfaces/include/controller_interfaces/controller_interfaces/srv/detail
[6.481s] -- Installing: /home/dragon/FRA502-LAB-66340500051/src/install/controller_interfaces/include/controller_interfaces/controller_interfaces/srv/detail/set_param__rosidl_typesupport_fastrtps_cpp.hpp
[6.481s] -- Installing: /home/dragon/FRA502-LAB-66340500051/src/install/controller_interfaces/include/controller_interfaces/controller_interfaces/srv/detail/dds_fastrtps
[6.481s] -- Installing: /home/dragon/FRA502-LAB-66340500051/src/install/controller_interfaces/include/controller_interfaces/controller_interfaces/srv/detail/set_max_pizza__rosidl_typesupport_fastrtps_cpp.hpp
[6.482s] -- Installing: /home/dragon/FRA502-LAB-66340500051/src/install/controller_interfaces/lib/libcontroller_interfaces__rosidl_typesupport_fastrtps_cpp.so
[6.482s] -- Set runtime path of "/home/dragon/FRA502-LAB-66340500051/src/install/controller_interfaces/lib/libcontroller_interfaces__rosidl_typesupport_fastrtps_cpp.so" to ""
[6.482s] -- Up-to-date: /home/dragon/FRA502-LAB-66340500051/src/install/controller_interfaces/include/controller_interfaces/controller_interfaces
[6.482s] -- Up-to-date: /home/dragon/FRA502-LAB-66340500051/src/install/controller_interfaces/include/controller_interfaces/controller_interfaces/msg
[6.482s] -- Installing: /home/dragon/FRA502-LAB-66340500051/src/install/controller_interfaces/include/controller_interfaces/controller_interfaces/msg/rosidl_typesupport_introspection_c__visibility_control.h
[6.482s] -- Up-to-date: /home/dragon/FRA502-LAB-66340500051/src/install/controller_interfaces/include/controller_interfaces/controller_interfaces/srv
[6.482s] -- Up-to-date: /home/dragon/FRA502-LAB-66340500051/src/install/controller_interfaces/include/controller_interfaces/controller_interfaces/srv/detail
[6.482s] -- Installing: /home/dragon/FRA502-LAB-66340500051/src/install/controller_interfaces/include/controller_interfaces/controller_interfaces/srv/detail/set_max_pizza__type_support.c
[6.482s] -- Installing: /home/dragon/FRA502-LAB-66340500051/src/install/controller_interfaces/include/controller_interfaces/controller_interfaces/srv/detail/set_max_pizza__rosidl_typesupport_introspection_c.h
[6.482s] -- Installing: /home/dragon/FRA502-LAB-66340500051/src/install/controller_interfaces/include/controller_interfaces/controller_interfaces/srv/detail/set_param__rosidl_typesupport_introspection_c.h
[6.484s] -- Installing: /home/dragon/FRA502-LAB-66340500051/src/install/controller_interfaces/include/controller_interfaces/controller_interfaces/srv/detail/set_param__type_support.c
[6.485s] -- Installing: /home/dragon/FRA502-LAB-66340500051/src/install/controller_interfaces/lib/libcontroller_interfaces__rosidl_typesupport_introspection_c.so
[6.485s] -- Set runtime path of "/home/dragon/FRA502-LAB-66340500051/src/install/controller_interfaces/lib/libcontroller_interfaces__rosidl_typesupport_introspection_c.so" to ""
[6.485s] -- Installing: /home/dragon/FRA502-LAB-66340500051/src/install/controller_interfaces/lib/libcontroller_interfaces__rosidl_typesupport_c.so
[6.485s] -- Set runtime path of "/home/dragon/FRA502-LAB-66340500051/src/install/controller_interfaces/lib/libcontroller_interfaces__rosidl_typesupport_c.so" to ""
[6.485s] -- Up-to-date: /home/dragon/FRA502-LAB-66340500051/src/install/controller_interfaces/include/controller_interfaces/controller_interfaces
[6.485s] -- Up-to-date: /home/dragon/FRA502-LAB-66340500051/src/install/controller_interfaces/include/controller_interfaces/controller_interfaces/srv
[6.485s] -- Up-to-date: /home/dragon/FRA502-LAB-66340500051/src/install/controller_interfaces/include/controller_interfaces/controller_interfaces/srv/detail
[6.485s] -- Installing: /home/dragon/FRA502-LAB-66340500051/src/install/controller_interfaces/include/controller_interfaces/controller_interfaces/srv/detail/set_max_pizza__type_support.cpp
[6.485s] -- Installing: /home/dragon/FRA502-LAB-66340500051/src/install/controller_interfaces/include/controller_interfaces/controller_interfaces/srv/detail/set_max_pizza__rosidl_typesupport_introspection_cpp.hpp
[6.485s] -- Installing: /home/dragon/FRA502-LAB-66340500051/src/install/controller_interfaces/include/controller_interfaces/controller_interfaces/srv/detail/set_param__type_support.cpp
[6.485s] -- Installing: /home/dragon/FRA502-LAB-66340500051/src/install/controller_interfaces/include/controller_interfaces/controller_interfaces/srv/detail/set_param__rosidl_typesupport_introspection_cpp.hpp
[6.485s] -- Installing: /home/dragon/FRA502-LAB-66340500051/src/install/controller_interfaces/lib/libcontroller_interfaces__rosidl_typesupport_introspection_cpp.so
[6.485s] -- Set runtime path of "/home/dragon/FRA502-LAB-66340500051/src/install/controller_interfaces/lib/libcontroller_interfaces__rosidl_typesupport_introspection_cpp.so" to ""
[6.486s] -- Installing: /home/dragon/FRA502-LAB-66340500051/src/install/controller_interfaces/lib/libcontroller_interfaces__rosidl_typesupport_cpp.so
[6.486s] -- Set runtime path of "/home/dragon/FRA502-LAB-66340500051/src/install/controller_interfaces/lib/libcontroller_interfaces__rosidl_typesupport_cpp.so" to ""
[6.486s] -- Installing: /home/dragon/FRA502-LAB-66340500051/src/install/controller_interfaces/share/controller_interfaces/environment/pythonpath.sh
[6.486s] -- Installing: /home/dragon/FRA502-LAB-66340500051/src/install/controller_interfaces/share/controller_interfaces/environment/pythonpath.dsv
[6.487s] -- Installing: /home/dragon/FRA502-LAB-66340500051/src/install/controller_interfaces/local/lib/python3.10/dist-packages/controller_interfaces-0.0.0-py3.10.egg-info
[6.487s] -- Installing: /home/dragon/FRA502-LAB-66340500051/src/install/controller_interfaces/local/lib/python3.10/dist-packages/controller_interfaces-0.0.0-py3.10.egg-info/PKG-INFO
[6.487s] -- Installing: /home/dragon/FRA502-LAB-66340500051/src/install/controller_interfaces/local/lib/python3.10/dist-packages/controller_interfaces-0.0.0-py3.10.egg-info/top_level.txt
[6.487s] -- Installing: /home/dragon/FRA502-LAB-66340500051/src/install/controller_interfaces/local/lib/python3.10/dist-packages/controller_interfaces-0.0.0-py3.10.egg-info/dependency_links.txt
[6.491s] -- Installing: /home/dragon/FRA502-LAB-66340500051/src/install/controller_interfaces/local/lib/python3.10/dist-packages/controller_interfaces-0.0.0-py3.10.egg-info/SOURCES.txt
[6.491s] -- Installing: /home/dragon/FRA502-LAB-66340500051/src/install/controller_interfaces/local/lib/python3.10/dist-packages/controller_interfaces
[6.492s] -- Installing: /home/dragon/FRA502-LAB-66340500051/src/install/controller_interfaces/local/lib/python3.10/dist-packages/controller_interfaces/controller_interfaces_s__rosidl_typesupport_fastrtps_c.cpython-310-x86_64-linux-gnu.so
[6.493s] -- Installing: /home/dragon/FRA502-LAB-66340500051/src/install/controller_interfaces/local/lib/python3.10/dist-packages/controller_interfaces/_controller_interfaces_s.ep.rosidl_typesupport_fastrtps_c.c
[6.493s] -- Installing: /home/dragon/FRA502-LAB-66340500051/src/install/controller_interfaces/local/lib/python3.10/dist-packages/controller_interfaces/_controller_interfaces_s.ep.rosidl_typesupport_c.c
[6.493s] -- Installing: /home/dragon/FRA502-LAB-66340500051/src/install/controller_interfaces/local/lib/python3.10/dist-packages/controller_interfaces/controller_interfaces_s__rosidl_typesupport_introspection_c.cpython-310-x86_64-linux-gnu.so
[6.493s] -- Installing: /home/dragon/FRA502-LAB-66340500051/src/install/controller_interfaces/local/lib/python3.10/dist-packages/controller_interfaces/controller_interfaces_s__rosidl_typesupport_c.cpython-310-x86_64-linux-gnu.so
[6.493s] -- Installing: /home/dragon/FRA502-LAB-66340500051/src/install/controller_interfaces/local/lib/python3.10/dist-packages/controller_interfaces/__init__.py
[6.493s] -- Installing: /home/dragon/FRA502-LAB-66340500051/src/install/controller_interfaces/local/lib/python3.10/dist-packages/controller_interfaces/srv
[6.493s] -- Installing: /home/dragon/FRA502-LAB-66340500051/src/install/controller_interfaces/local/lib/python3.10/dist-packages/controller_interfaces/srv/_set_param_s.c
[6.493s] -- Installing: /home/dragon/FRA502-LAB-66340500051/src/install/controller_interfaces/local/lib/python3.10/dist-packages/controller_interfaces/srv/_set_max_pizza.py
[6.493s] -- Installing: /home/dragon/FRA502-LAB-66340500051/src/install/controller_interfaces/local/lib/python3.10/dist-packages/controller_interfaces/srv/_set_param.py
[6.493s] -- Installing: /home/dragon/FRA502-LAB-66340500051/src/install/controller_interfaces/local/lib/python3.10/dist-packages/controller_interfaces/srv/_set_max_pizza_s.c
[6.493s] -- Installing: /home/dragon/FRA502-LAB-66340500051/src/install/controller_interfaces/local/lib/python3.10/dist-packages/controller_interfaces/srv/__init__.py
[6.493s] -- Installing: /home/dragon/FRA502-LAB-66340500051/src/install/controller_interfaces/local/lib/python3.10/dist-packages/controller_interfaces/_controller_interfaces_s.ep.rosidl_typesupport_introspection_c.c
[6.493s] -- Installing: /home/dragon/FRA502-LAB-66340500051/src/install/controller_interfaces/local/lib/python3.10/dist-packages/controller_interfaces/libcontroller_interfaces__rosidl_generator_py.so
[6.585s] Listing '/home/dragon/FRA502-LAB-66340500051/src/install/controller_interfaces/local/lib/python3.10/dist-packages/controller_interfaces'...
[6.585s] Compiling '/home/dragon/FRA502-LAB-66340500051/src/install/controller_interfaces/local/lib/python3.10/dist-packages/controller_interfaces/__init__.py'...
[6.585s] Listing '/home/dragon/FRA502-LAB-66340500051/src/install/controller_interfaces/local/lib/python3.10/dist-packages/controller_interfaces/srv'...
[6.585s] Compiling '/home/dragon/FRA502-LAB-66340500051/src/install/controller_interfaces/local/lib/python3.10/dist-packages/controller_interfaces/srv/__init__.py'...
[6.585s] Compiling '/home/dragon/FRA502-LAB-66340500051/src/install/controller_interfaces/local/lib/python3.10/dist-packages/controller_interfaces/srv/_set_max_pizza.py'...
[6.585s] Compiling '/home/dragon/FRA502-LAB-66340500051/src/install/controller_interfaces/local/lib/python3.10/dist-packages/controller_interfaces/srv/_set_param.py'...
[6.596s] -- Installing: /home/dragon/FRA502-LAB-66340500051/src/install/controller_interfaces/local/lib/python3.10/dist-packages/controller_interfaces/controller_interfaces_s__rosidl_typesupport_fastrtps_c.cpython-310-x86_64-linux-gnu.so
[6.596s] -- Set runtime path of "/home/dragon/FRA502-LAB-66340500051/src/install/controller_interfaces/local/lib/python3.10/dist-packages/controller_interfaces/controller_interfaces_s__rosidl_typesupport_fastrtps_c.cpython-310-x86_64-linux-gnu.so" to ""
[6.597s] -- Installing: /home/dragon/FRA502-LAB-66340500051/src/install/controller_interfaces/local/lib/python3.10/dist-packages/controller_interfaces/controller_interfaces_s__rosidl_typesupport_introspection_c.cpython-310-x86_64-linux-gnu.so
[6.598s] -- Set runtime path of "/home/dragon/FRA502-LAB-66340500051/src/install/controller_interfaces/local/lib/python3.10/dist-packages/controller_interfaces/controller_interfaces_s__rosidl_typesupport_introspection_c.cpython-310-x86_64-linux-gnu.so" to ""
[6.600s] -- Installing: /home/dragon/FRA502-LAB-66340500051/src/install/controller_interfaces/local/lib/python3.10/dist-packages/controller_interfaces/controller_interfaces_s__rosidl_typesupport_c.cpython-310-x86_64-linux-gnu.so
[6.600s] -- Set runtime path of "/home/dragon/FRA502-LAB-66340500051/src/install/controller_interfaces/local/lib/python3.10/dist-packages/controller_interfaces/controller_interfaces_s__rosidl_typesupport_c.cpython-310-x86_64-linux-gnu.so" to ""
[6.600s] -- Installing: /home/dragon/FRA502-LAB-66340500051/src/install/controller_interfaces/lib/libcontroller_interfaces__rosidl_generator_py.so
[6.601s] -- Set runtime path of "/home/dragon/FRA502-LAB-66340500051/src/install/controller_interfaces/lib/libcontroller_interfaces__rosidl_generator_py.so" to ""
[6.601s] -- Installing: /home/dragon/FRA502-LAB-66340500051/src/install/controller_interfaces/share/controller_interfaces/srv/SetMaxPizza.idl
[6.604s] -- Installing: /home/dragon/FRA502-LAB-66340500051/src/install/controller_interfaces/share/controller_interfaces/srv/SetParam.idl
[6.606s] -- Installing: /home/dragon/FRA502-LAB-66340500051/src/install/controller_interfaces/share/controller_interfaces/srv/SetMaxPizza.srv
[6.607s] -- Installing: /home/dragon/FRA502-LAB-66340500051/src/install/controller_interfaces/share/controller_interfaces/srv/SetMaxPizza_Request.msg
[6.607s] -- Installing: /home/dragon/FRA502-LAB-66340500051/src/install/controller_interfaces/share/controller_interfaces/srv/SetMaxPizza_Response.msg
[6.607s] -- Installing: /home/dragon/FRA502-LAB-66340500051/src/install/controller_interfaces/share/controller_interfaces/srv/SetParam.srv
[6.607s] -- Installing: /home/dragon/FRA502-LAB-66340500051/src/install/controller_interfaces/share/controller_interfaces/srv/SetParam_Request.msg
[6.607s] -- Installing: /home/dragon/FRA502-LAB-66340500051/src/install/controller_interfaces/share/controller_interfaces/srv/SetParam_Response.msg
[6.607s] -- Installing: /home/dragon/FRA502-LAB-66340500051/src/install/controller_interfaces/share/ament_index/resource_index/package_run_dependencies/controller_interfaces
[6.607s] -- Installing: /home/dragon/FRA502-LAB-66340500051/src/install/controller_interfaces/share/ament_index/resource_index/parent_prefix_path/controller_interfaces
[6.607s] -- Installing: /home/dragon/FRA502-LAB-66340500051/src/install/controller_interfaces/share/controller_interfaces/environment/ament_prefix_path.sh
[6.607s] -- Installing: /home/dragon/FRA502-LAB-66340500051/src/install/controller_interfaces/share/controller_interfaces/environment/ament_prefix_path.dsv
[6.607s] -- Installing: /home/dragon/FRA502-LAB-66340500051/src/install/controller_interfaces/share/controller_interfaces/environment/path.sh
[6.607s] -- Installing: /home/dragon/FRA502-LAB-66340500051/src/install/controller_interfaces/share/controller_interfaces/environment/path.dsv
[6.609s] -- Installing: /home/dragon/FRA502-LAB-66340500051/src/install/controller_interfaces/share/controller_interfaces/local_setup.bash
[6.609s] -- Installing: /home/dragon/FRA502-LAB-66340500051/src/install/controller_interfaces/share/controller_interfaces/local_setup.sh
[6.609s] -- Installing: /home/dragon/FRA502-LAB-66340500051/src/install/controller_interfaces/share/controller_interfaces/local_setup.zsh
[6.609s] -- Installing: /home/dragon/FRA502-LAB-66340500051/src/install/controller_interfaces/share/controller_interfaces/local_setup.dsv
[6.609s] -- Installing: /home/dragon/FRA502-LAB-66340500051/src/install/controller_interfaces/share/controller_interfaces/package.dsv
[6.610s] -- Installing: /home/dragon/FRA502-LAB-66340500051/src/install/controller_interfaces/share/ament_index/resource_index/packages/controller_interfaces
[6.610s] -- Installing: /home/dragon/FRA502-LAB-66340500051/src/install/controller_interfaces/share/controller_interfaces/cmake/export_controller_interfaces__rosidl_generator_cExport.cmake
[6.612s] -- Installing: /home/dragon/FRA502-LAB-66340500051/src/install/controller_interfaces/share/controller_interfaces/cmake/export_controller_interfaces__rosidl_generator_cExport-noconfig.cmake
[6.612s] -- Installing: /home/dragon/FRA502-LAB-66340500051/src/install/controller_interfaces/share/controller_interfaces/cmake/export_controller_interfaces__rosidl_typesupport_fastrtps_cExport.cmake
[6.612s] -- Installing: /home/dragon/FRA502-LAB-66340500051/src/install/controller_interfaces/share/controller_interfaces/cmake/export_controller_interfaces__rosidl_typesupport_fastrtps_cExport-noconfig.cmake
[6.612s] -- Installing: /home/dragon/FRA502-LAB-66340500051/src/install/controller_interfaces/share/controller_interfaces/cmake/export_controller_interfaces__rosidl_generator_cppExport.cmake
[6.612s] -- Installing: /home/dragon/FRA502-LAB-66340500051/src/install/controller_interfaces/share/controller_interfaces/cmake/export_controller_interfaces__rosidl_typesupport_fastrtps_cppExport.cmake
[6.612s] -- Installing: /home/dragon/FRA502-LAB-66340500051/src/install/controller_interfaces/share/controller_interfaces/cmake/export_controller_interfaces__rosidl_typesupport_fastrtps_cppExport-noconfig.cmake
[6.612s] -- Installing: /home/dragon/FRA502-LAB-66340500051/src/install/controller_interfaces/share/controller_interfaces/cmake/controller_interfaces__rosidl_typesupport_introspection_cExport.cmake
[6.614s] -- Installing: /home/dragon/FRA502-LAB-66340500051/src/install/controller_interfaces/share/controller_interfaces/cmake/controller_interfaces__rosidl_typesupport_introspection_cExport-noconfig.cmake
[6.614s] -- Installing: /home/dragon/FRA502-LAB-66340500051/src/install/controller_interfaces/share/controller_interfaces/cmake/controller_interfaces__rosidl_typesupport_cExport.cmake
[6.614s] -- Installing: /home/dragon/FRA502-LAB-66340500051/src/install/controller_interfaces/share/controller_interfaces/cmake/controller_interfaces__rosidl_typesupport_cExport-noconfig.cmake
[6.614s] -- Installing: /home/dragon/FRA502-LAB-66340500051/src/install/controller_interfaces/share/controller_interfaces/cmake/controller_interfaces__rosidl_typesupport_introspection_cppExport.cmake
[6.614s] -- Installing: /home/dragon/FRA502-LAB-66340500051/src/install/controller_interfaces/share/controller_interfaces/cmake/controller_interfaces__rosidl_typesupport_introspection_cppExport-noconfig.cmake
[6.614s] -- Installing: /home/dragon/FRA502-LAB-66340500051/src/install/controller_interfaces/share/controller_interfaces/cmake/controller_interfaces__rosidl_typesupport_cppExport.cmake
[6.615s] -- Installing: /home/dragon/FRA502-LAB-66340500051/src/install/controller_interfaces/share/controller_interfaces/cmake/controller_interfaces__rosidl_typesupport_cppExport-noconfig.cmake
[6.615s] -- Installing: /home/dragon/FRA502-LAB-66340500051/src/install/controller_interfaces/share/controller_interfaces/cmake/export_controller_interfaces__rosidl_generator_pyExport.cmake
[6.615s] -- Installing: /home/dragon/FRA502-LAB-66340500051/src/install/controller_interfaces/share/controller_interfaces/cmake/export_controller_interfaces__rosidl_generator_pyExport-noconfig.cmake
[6.615s] -- Installing: /home/dragon/FRA502-LAB-66340500051/src/install/controller_interfaces/share/controller_interfaces/cmake/rosidl_cmake-extras.cmake
[6.615s] -- Installing: /home/dragon/FRA502-LAB-66340500051/src/install/controller_interfaces/share/controller_interfaces/cmake/ament_cmake_export_dependencies-extras.cmake
[6.616s] -- Installing: /home/dragon/FRA502-LAB-66340500051/src/install/controller_interfaces/share/controller_interfaces/cmake/ament_cmake_export_include_directories-extras.cmake
[6.617s] -- Installing: /home/dragon/FRA502-LAB-66340500051/src/install/controller_interfaces/share/controller_interfaces/cmake/ament_cmake_export_libraries-extras.cmake
[6.617s] -- Installing: /home/dragon/FRA502-LAB-66340500051/src/install/controller_interfaces/share/controller_interfaces/cmake/ament_cmake_export_targets-extras.cmake
[6.617s] -- Installing: /home/dragon/FRA502-LAB-66340500051/src/install/controller_interfaces/share/controller_interfaces/cmake/rosidl_cmake_export_typesupport_targets-extras.cmake
[6.617s] -- Installing: /home/dragon/FRA502-LAB-66340500051/src/install/controller_interfaces/share/controller_interfaces/cmake/rosidl_cmake_export_typesupport_libraries-extras.cmake
[6.617s] -- Installing: /home/dragon/FRA502-LAB-66340500051/src/install/controller_interfaces/share/controller_interfaces/cmake/controller_interfacesConfig.cmake
[6.617s] -- Installing: /home/dragon/FRA502-LAB-66340500051/src/install/controller_interfaces/share/controller_interfaces/cmake/controller_interfacesConfig-version.cmake
[6.617s] -- Installing: /home/dragon/FRA502-LAB-66340500051/src/install/controller_interfaces/share/controller_interfaces/package.xml
[6.627s] Invoked command in '/home/dragon/FRA502-LAB-66340500051/src/build/controller_interfaces' returned '0': CMAKE_PREFIX_PATH=${CMAKE_PREFIX_PATH}:/opt/ros/humble /usr/bin/cmake --install /home/dragon/FRA502-LAB-66340500051/src/build/controller_interfaces
