[0.022s] Invoking command in '/home/dragon/FRA502-LAB-66340500051/build/controller_interfaces': CMAKE_PREFIX_PATH=${CMAKE_PREFIX_PATH}:/opt/ros/humble /usr/bin/cmake /home/dragon/FRA502-LAB-66340500051/src/controller_interfaces -DCMAKE_INSTALL_PREFIX=/home/dragon/FRA502-LAB-66340500051/install/controller_interfaces
[0.097s] -- The C compiler identification is GNU 11.4.0
[0.164s] -- The CXX compiler identification is GNU 11.4.0
[0.172s] -- Detecting C compiler ABI info
[0.262s] -- Detecting C compiler ABI info - done
[0.273s] -- Check for working C compiler: /usr/bin/cc - skipped
[0.273s] -- Detecting C compile features
[0.274s] -- Detecting C compile features - done
[0.279s] -- Detecting CXX compiler ABI info
[0.379s] -- Detecting CXX compiler ABI info - done
[0.387s] -- Check for working CXX compiler: /usr/bin/c++ - skipped
[0.387s] -- Detecting CXX compile features
[0.388s] -- Detecting CXX compile features - done
[0.392s] -- Found ament_cmake: 1.3.12 (/opt/ros/humble/share/ament_cmake/cmake)
[0.573s] -- Found Python3: /usr/bin/python3 (found version "3.10.12") found components: Interpreter 
[0.679s] -- Found std_msgs: 4.9.0 (/opt/ros/humble/share/std_msgs/cmake)
[0.717s] -- Found rosidl_generator_c: 3.1.7 (/opt/ros/humble/share/rosidl_generator_c/cmake)
[0.722s] -- Found rosidl_adapter: 3.1.7 (/opt/ros/humble/share/rosidl_adapter/cmake)
[0.732s] -- Found rosidl_generator_cpp: 3.1.7 (/opt/ros/humble/share/rosidl_generator_cpp/cmake)
[0.745s] -- Using all available rosidl_typesupport_c: rosidl_typesupport_fastrtps_c;rosidl_typesupport_introspection_c
[0.764s] -- Using all available rosidl_typesupport_cpp: rosidl_typesupport_fastrtps_cpp;rosidl_typesupport_introspection_cpp
[0.794s] -- Found rosidl_default_generators: 1.2.0 (/opt/ros/humble/share/rosidl_default_generators/cmake)
[0.805s] -- Found ament_lint_auto: 0.12.14 (/opt/ros/humble/share/ament_lint_auto/cmake)
[1.161s] -- Found ament_cmake_ros: 0.10.0 (/opt/ros/humble/share/ament_cmake_ros/cmake)
[1.631s] -- Using all available rosidl_typesupport_c: rosidl_typesupport_fastrtps_c;rosidl_typesupport_introspection_c
[1.796s] -- Using all available rosidl_typesupport_cpp: rosidl_typesupport_fastrtps_cpp;rosidl_typesupport_introspection_cpp
[1.823s] -- Found PythonInterp: /usr/bin/python3 (found suitable version "3.10.12", minimum required is "3.6") 
[1.825s] -- Found python_cmake_module: 0.10.0 (/opt/ros/humble/share/python_cmake_module/cmake)
[1.857s] -- Found PythonLibs: /usr/lib/x86_64-linux-gnu/libpython3.10.so (found suitable version "3.10.12", minimum required is "3.5") 
[1.857s] -- Using PYTHON_EXECUTABLE: /usr/bin/python3
[1.857s] -- Using PYTHON_INCLUDE_DIRS: /usr/include/python3.10
[1.857s] -- Using PYTHON_LIBRARIES: /usr/lib/x86_64-linux-gnu/libpython3.10.so
[1.884s] -- Found PythonExtra: .so  
[1.948s] -- Added test 'lint_cmake' to check CMake code style
[1.950s] -- Added test 'xmllint' to check XML markup files
[1.956s] -- Configuring done
[2.013s] -- Generating done
[2.032s] -- Build files have been written to: /home/dragon/FRA502-LAB-66340500051/build/controller_interfaces
[2.053s] Invoked command in '/home/dragon/FRA502-LAB-66340500051/build/controller_interfaces' returned '0': CMAKE_PREFIX_PATH=${CMAKE_PREFIX_PATH}:/opt/ros/humble /usr/bin/cmake /home/dragon/FRA502-LAB-66340500051/src/controller_interfaces -DCMAKE_INSTALL_PREFIX=/home/dragon/FRA502-LAB-66340500051/install/controller_interfaces
[2.053s] Invoking command in '/home/dragon/FRA502-LAB-66340500051/build/controller_interfaces': CMAKE_PREFIX_PATH=${CMAKE_PREFIX_PATH}:/opt/ros/humble /usr/bin/cmake --build /home/dragon/FRA502-LAB-66340500051/build/controller_interfaces -- -j4 -l4
[2.136s] [  2%] [34m[1mGenerating C code for ROS interfaces[0m
[2.160s] [  5%] [34m[1mGenerating C++ code for ROS interfaces[0m
[2.182s] [  5%] Built target ament_cmake_python_copy_controller_interfaces
[2.615s] running egg_info
[2.615s] creating controller_interfaces.egg-info
[2.616s] writing controller_interfaces.egg-info/PKG-INFO
[2.616s] writing dependency_links to controller_interfaces.egg-info/dependency_links.txt
[2.616s] writing top-level names to controller_interfaces.egg-info/top_level.txt
[2.616s] writing manifest file 'controller_interfaces.egg-info/SOURCES.txt'
[2.619s] reading manifest file 'controller_interfaces.egg-info/SOURCES.txt'
[2.620s] writing manifest file 'controller_interfaces.egg-info/SOURCES.txt'
[2.662s] [  5%] Built target ament_cmake_python_build_controller_interfaces_egg
[2.717s] [  5%] Built target controller_interfaces__cpp
[2.726s] [ 10%] [32mBuilding C object CMakeFiles/controller_interfaces__rosidl_generator_c.dir/rosidl_generator_c/controller_interfaces/srv/detail/set_max_pizza__functions.c.o[0m
[2.726s] [ 10%] [32mBuilding C object CMakeFiles/controller_interfaces__rosidl_generator_c.dir/rosidl_generator_c/controller_interfaces/srv/detail/set_param__functions.c.o[0m
[2.730s] [ 12%] [34m[1mGenerating C++ type support dispatch for ROS interfaces[0m
[2.731s] [ 15%] [34m[1mGenerating C++ type support for eProsima Fast-RTPS[0m
[2.812s] [ 17%] [34m[1mGenerating C++ introspection for ROS interfaces[0m
[2.834s] [ 20%] [32m[1mLinking C shared library libcontroller_interfaces__rosidl_generator_c.so[0m
[2.912s] [ 20%] Built target controller_interfaces__rosidl_generator_c
[2.935s] [ 23%] [34m[1mGenerating C type support for eProsima Fast-RTPS[0m
[3.097s] [ 25%] [32mBuilding CXX object CMakeFiles/controller_interfaces__rosidl_typesupport_cpp.dir/rosidl_typesupport_cpp/controller_interfaces/srv/set_max_pizza__type_support.cpp.o[0m
[3.171s] [ 28%] [32mBuilding CXX object CMakeFiles/controller_interfaces__rosidl_typesupport_fastrtps_cpp.dir/rosidl_typesupport_fastrtps_cpp/controller_interfaces/srv/detail/dds_fastrtps/set_max_pizza__type_support.cpp.o[0m
[3.222s] [ 30%] [32mBuilding CXX object CMakeFiles/controller_interfaces__rosidl_typesupport_introspection_cpp.dir/rosidl_typesupport_introspection_cpp/controller_interfaces/srv/detail/set_max_pizza__type_support.cpp.o[0m
[3.491s] [ 33%] [32mBuilding CXX object CMakeFiles/controller_interfaces__rosidl_typesupport_cpp.dir/rosidl_typesupport_cpp/controller_interfaces/srv/set_param__type_support.cpp.o[0m
[3.517s] [ 35%] [32mBuilding CXX object CMakeFiles/controller_interfaces__rosidl_typesupport_fastrtps_c.dir/rosidl_typesupport_fastrtps_c/controller_interfaces/srv/detail/set_max_pizza__type_support_c.cpp.o[0m
[3.994s] [ 38%] [32mBuilding CXX object CMakeFiles/controller_interfaces__rosidl_typesupport_fastrtps_c.dir/rosidl_typesupport_fastrtps_c/controller_interfaces/srv/detail/set_param__type_support_c.cpp.o[0m
[4.058s] [ 41%] [32mBuilding CXX object CMakeFiles/controller_interfaces__rosidl_typesupport_introspection_cpp.dir/rosidl_typesupport_introspection_cpp/controller_interfaces/srv/detail/set_param__type_support.cpp.o[0m
[4.212s] [ 43%] [32mBuilding CXX object CMakeFiles/controller_interfaces__rosidl_typesupport_fastrtps_cpp.dir/rosidl_typesupport_fastrtps_cpp/controller_interfaces/srv/detail/dds_fastrtps/set_param__type_support.cpp.o[0m
[4.303s] [ 46%] [32m[1mLinking CXX shared library libcontroller_interfaces__rosidl_typesupport_cpp.so[0m
[4.401s] [ 46%] Built target controller_interfaces__rosidl_typesupport_cpp
[4.429s] [ 48%] [34m[1mGenerating C introspection for ROS interfaces[0m
[4.722s] [ 51%] [32m[1mLinking CXX shared library libcontroller_interfaces__rosidl_typesupport_introspection_cpp.so[0m
[4.778s] [ 53%] [32m[1mLinking CXX shared library libcontroller_interfaces__rosidl_typesupport_fastrtps_c.so[0m
[4.865s] [ 53%] Built target controller_interfaces__rosidl_typesupport_introspection_cpp
[4.892s] [ 56%] [34m[1mGenerating C type support dispatch for ROS interfaces[0m
[4.956s] [ 56%] Built target controller_interfaces__rosidl_typesupport_fastrtps_c
[4.981s] [ 58%] [32mBuilding C object CMakeFiles/controller_interfaces__rosidl_typesupport_introspection_c.dir/rosidl_typesupport_introspection_c/controller_interfaces/srv/detail/set_max_pizza__type_support.c.o[0m
[4.992s] [ 61%] [32mBuilding C object CMakeFiles/controller_interfaces__rosidl_typesupport_introspection_c.dir/rosidl_typesupport_introspection_c/controller_interfaces/srv/detail/set_param__type_support.c.o[0m
[5.013s] [ 64%] [32m[1mLinking CXX shared library libcontroller_interfaces__rosidl_typesupport_fastrtps_cpp.so[0m
[5.050s] [ 66%] [32m[1mLinking C shared library libcontroller_interfaces__rosidl_typesupport_introspection_c.so[0m
[5.090s] [ 66%] Built target controller_interfaces__rosidl_typesupport_introspection_c
[5.119s] [ 66%] Built target controller_interfaces__rosidl_typesupport_fastrtps_cpp
[5.234s] [ 69%] [32mBuilding CXX object CMakeFiles/controller_interfaces__rosidl_typesupport_c.dir/rosidl_typesupport_c/controller_interfaces/srv/set_max_pizza__type_support.cpp.o[0m
[5.239s] [ 71%] [32mBuilding CXX object CMakeFiles/controller_interfaces__rosidl_typesupport_c.dir/rosidl_typesupport_c/controller_interfaces/srv/set_param__type_support.cpp.o[0m
[5.284s] [ 74%] [32m[1mLinking CXX shared library libcontroller_interfaces__rosidl_typesupport_c.so[0m
[5.337s] [ 74%] Built target controller_interfaces__rosidl_typesupport_c
[5.359s] [ 74%] Built target controller_interfaces
[5.383s] [ 76%] [34m[1mGenerating Python code for ROS interfaces[0m
[5.975s] [ 76%] Built target controller_interfaces__py
[6.003s] [ 79%] [32mBuilding C object CMakeFiles/controller_interfaces__rosidl_generator_py.dir/rosidl_generator_py/controller_interfaces/srv/_set_max_pizza_s.c.o[0m
[6.006s] [ 82%] [32mBuilding C object CMakeFiles/controller_interfaces__rosidl_generator_py.dir/rosidl_generator_py/controller_interfaces/srv/_set_param_s.c.o[0m
[6.243s] [ 84%] [32m[1mLinking C shared library rosidl_generator_py/controller_interfaces/libcontroller_interfaces__rosidl_generator_py.so[0m
[6.331s] [ 84%] Built target controller_interfaces__rosidl_generator_py
[6.381s] [ 87%] [32mBuilding C object CMakeFiles/controller_interfaces__rosidl_typesupport_fastrtps_c__pyext.dir/rosidl_generator_py/controller_interfaces/_controller_interfaces_s.ep.rosidl_typesupport_fastrtps_c.c.o[0m
[6.382s] [ 92%] [32mBuilding C object CMakeFiles/controller_interfaces__rosidl_typesupport_c__pyext.dir/rosidl_generator_py/controller_interfaces/_controller_interfaces_s.ep.rosidl_typesupport_c.c.o[0m
[6.383s] [ 89%] [32mBuilding C object CMakeFiles/controller_interfaces__rosidl_typesupport_introspection_c__pyext.dir/rosidl_generator_py/controller_interfaces/_controller_interfaces_s.ep.rosidl_typesupport_introspection_c.c.o[0m
[6.646s] [ 94%] [32m[1mLinking C shared library rosidl_generator_py/controller_interfaces/controller_interfaces_s__rosidl_typesupport_c.cpython-310-x86_64-linux-gnu.so[0m
[6.649s] [ 97%] [32m[1mLinking C shared library rosidl_generator_py/controller_interfaces/controller_interfaces_s__rosidl_typesupport_introspection_c.cpython-310-x86_64-linux-gnu.so[0m
[6.651s] [100%] [32m[1mLinking C shared library rosidl_generator_py/controller_interfaces/controller_interfaces_s__rosidl_typesupport_fastrtps_c.cpython-310-x86_64-linux-gnu.so[0m
[6.744s] [100%] Built target controller_interfaces__rosidl_typesupport_fastrtps_c__pyext
[6.764s] [100%] Built target controller_interfaces__rosidl_typesupport_c__pyext
[6.764s] [100%] Built target controller_interfaces__rosidl_typesupport_introspection_c__pyext
[6.782s] Invoked command in '/home/dragon/FRA502-LAB-66340500051/build/controller_interfaces' returned '0': CMAKE_PREFIX_PATH=${CMAKE_PREFIX_PATH}:/opt/ros/humble /usr/bin/cmake --build /home/dragon/FRA502-LAB-66340500051/build/controller_interfaces -- -j4 -l4
[6.784s] Invoking command in '/home/dragon/FRA502-LAB-66340500051/build/controller_interfaces': CMAKE_PREFIX_PATH=${CMAKE_PREFIX_PATH}:/opt/ros/humble /usr/bin/cmake --install /home/dragon/FRA502-LAB-66340500051/build/controller_interfaces
[6.803s] -- Install configuration: ""
[6.805s] -- Installing: /home/dragon/FRA502-LAB-66340500051/install/controller_interfaces/share/ament_index/resource_index/rosidl_interfaces/controller_interfaces
[6.805s] -- Installing: /home/dragon/FRA502-LAB-66340500051/install/controller_interfaces/include/controller_interfaces/controller_interfaces
[6.805s] -- Installing: /home/dragon/FRA502-LAB-66340500051/install/controller_interfaces/include/controller_interfaces/controller_interfaces/msg
[6.805s] -- Installing: /home/dragon/FRA502-LAB-66340500051/install/controller_interfaces/include/controller_interfaces/controller_interfaces/msg/rosidl_generator_c__visibility_control.h
[6.808s] -- Installing: /home/dragon/FRA502-LAB-66340500051/install/controller_interfaces/include/controller_interfaces/controller_interfaces/srv
[6.808s] -- Installing: /home/dragon/FRA502-LAB-66340500051/install/controller_interfaces/include/controller_interfaces/controller_interfaces/srv/set_param.h
[6.808s] -- Installing: /home/dragon/FRA502-LAB-66340500051/install/controller_interfaces/include/controller_interfaces/controller_interfaces/srv/detail
[6.808s] -- Installing: /home/dragon/FRA502-LAB-66340500051/install/controller_interfaces/include/controller_interfaces/controller_interfaces/srv/detail/set_param__functions.c
[6.808s] -- Installing: /home/dragon/FRA502-LAB-66340500051/install/controller_interfaces/include/controller_interfaces/controller_interfaces/srv/detail/set_max_pizza__functions.h
[6.808s] -- Installing: /home/dragon/FRA502-LAB-66340500051/install/controller_interfaces/include/controller_interfaces/controller_interfaces/srv/detail/set_max_pizza__type_support.h
[6.809s] -- Installing: /home/dragon/FRA502-LAB-66340500051/install/controller_interfaces/include/controller_interfaces/controller_interfaces/srv/detail/set_param__functions.h
[6.809s] -- Installing: /home/dragon/FRA502-LAB-66340500051/install/controller_interfaces/include/controller_interfaces/controller_interfaces/srv/detail/set_max_pizza__functions.c
[6.809s] -- Installing: /home/dragon/FRA502-LAB-66340500051/install/controller_interfaces/include/controller_interfaces/controller_interfaces/srv/detail/set_max_pizza__struct.h
[6.810s] -- Installing: /home/dragon/FRA502-LAB-66340500051/install/controller_interfaces/include/controller_interfaces/controller_interfaces/srv/detail/set_param__struct.h
[6.810s] -- Installing: /home/dragon/FRA502-LAB-66340500051/install/controller_interfaces/include/controller_interfaces/controller_interfaces/srv/detail/set_param__type_support.h
[6.810s] -- Installing: /home/dragon/FRA502-LAB-66340500051/install/controller_interfaces/include/controller_interfaces/controller_interfaces/srv/set_max_pizza.h
[6.816s] -- Installing: /home/dragon/FRA502-LAB-66340500051/install/controller_interfaces/share/controller_interfaces/environment/library_path.sh
[6.816s] -- Installing: /home/dragon/FRA502-LAB-66340500051/install/controller_interfaces/share/controller_interfaces/environment/library_path.dsv
[6.816s] -- Installing: /home/dragon/FRA502-LAB-66340500051/install/controller_interfaces/lib/libcontroller_interfaces__rosidl_generator_c.so
[6.816s] -- Set runtime path of "/home/dragon/FRA502-LAB-66340500051/install/controller_interfaces/lib/libcontroller_interfaces__rosidl_generator_c.so" to ""
[6.816s] -- Up-to-date: /home/dragon/FRA502-LAB-66340500051/install/controller_interfaces/include/controller_interfaces/controller_interfaces
[6.816s] -- Up-to-date: /home/dragon/FRA502-LAB-66340500051/install/controller_interfaces/include/controller_interfaces/controller_interfaces/msg
[6.816s] -- Installing: /home/dragon/FRA502-LAB-66340500051/install/controller_interfaces/include/controller_interfaces/controller_interfaces/msg/rosidl_typesupport_fastrtps_c__visibility_control.h
[6.816s] -- Up-to-date: /home/dragon/FRA502-LAB-66340500051/install/controller_interfaces/include/controller_interfaces/controller_interfaces/srv
[6.816s] -- Up-to-date: /home/dragon/FRA502-LAB-66340500051/install/controller_interfaces/include/controller_interfaces/controller_interfaces/srv/detail
[6.816s] -- Installing: /home/dragon/FRA502-LAB-66340500051/install/controller_interfaces/include/controller_interfaces/controller_interfaces/srv/detail/set_param__rosidl_typesupport_fastrtps_c.h
[6.816s] -- Installing: /home/dragon/FRA502-LAB-66340500051/install/controller_interfaces/include/controller_interfaces/controller_interfaces/srv/detail/set_max_pizza__rosidl_typesupport_fastrtps_c.h
[6.816s] -- Installing: /home/dragon/FRA502-LAB-66340500051/install/controller_interfaces/lib/libcontroller_interfaces__rosidl_typesupport_fastrtps_c.so
[6.817s] -- Set runtime path of "/home/dragon/FRA502-LAB-66340500051/install/controller_interfaces/lib/libcontroller_interfaces__rosidl_typesupport_fastrtps_c.so" to ""
[6.817s] -- Up-to-date: /home/dragon/FRA502-LAB-66340500051/install/controller_interfaces/include/controller_interfaces/controller_interfaces
[6.817s] -- Up-to-date: /home/dragon/FRA502-LAB-66340500051/install/controller_interfaces/include/controller_interfaces/controller_interfaces/msg
[6.817s] -- Installing: /home/dragon/FRA502-LAB-66340500051/install/controller_interfaces/include/controller_interfaces/controller_interfaces/msg/rosidl_generator_cpp__visibility_control.hpp
[6.817s] -- Up-to-date: /home/dragon/FRA502-LAB-66340500051/install/controller_interfaces/include/controller_interfaces/controller_interfaces/srv
[6.817s] -- Installing: /home/dragon/FRA502-LAB-66340500051/install/controller_interfaces/include/controller_interfaces/controller_interfaces/srv/set_param.hpp
[6.818s] -- Up-to-date: /home/dragon/FRA502-LAB-66340500051/install/controller_interfaces/include/controller_interfaces/controller_interfaces/srv/detail
[6.818s] -- Installing: /home/dragon/FRA502-LAB-66340500051/install/controller_interfaces/include/controller_interfaces/controller_interfaces/srv/detail/set_max_pizza__builder.hpp
[6.823s] -- Installing: /home/dragon/FRA502-LAB-66340500051/install/controller_interfaces/include/controller_interfaces/controller_interfaces/srv/detail/set_param__builder.hpp
[6.824s] -- Installing: /home/dragon/FRA502-LAB-66340500051/install/controller_interfaces/include/controller_interfaces/controller_interfaces/srv/detail/set_max_pizza__traits.hpp
[6.824s] -- Installing: /home/dragon/FRA502-LAB-66340500051/install/controller_interfaces/include/controller_interfaces/controller_interfaces/srv/detail/set_param__traits.hpp
[6.824s] -- Installing: /home/dragon/FRA502-LAB-66340500051/install/controller_interfaces/include/controller_interfaces/controller_interfaces/srv/detail/set_max_pizza__struct.hpp
[6.824s] -- Installing: /home/dragon/FRA502-LAB-66340500051/install/controller_interfaces/include/controller_interfaces/controller_interfaces/srv/detail/set_param__struct.hpp
[6.824s] -- Installing: /home/dragon/FRA502-LAB-66340500051/install/controller_interfaces/include/controller_interfaces/controller_interfaces/srv/detail/set_param__type_support.hpp
[6.824s] -- Installing: /home/dragon/FRA502-LAB-66340500051/install/controller_interfaces/include/controller_interfaces/controller_interfaces/srv/detail/set_max_pizza__type_support.hpp
[6.824s] -- Installing: /home/dragon/FRA502-LAB-66340500051/install/controller_interfaces/include/controller_interfaces/controller_interfaces/srv/set_max_pizza.hpp
[6.824s] -- Up-to-date: /home/dragon/FRA502-LAB-66340500051/install/controller_interfaces/include/controller_interfaces/controller_interfaces
[6.824s] -- Up-to-date: /home/dragon/FRA502-LAB-66340500051/install/controller_interfaces/include/controller_interfaces/controller_interfaces/msg
[6.824s] -- Installing: /home/dragon/FRA502-LAB-66340500051/install/controller_interfaces/include/controller_interfaces/controller_interfaces/msg/rosidl_typesupport_fastrtps_cpp__visibility_control.h
[6.824s] -- Up-to-date: /home/dragon/FRA502-LAB-66340500051/install/controller_interfaces/include/controller_interfaces/controller_interfaces/srv
[6.824s] -- Up-to-date: /home/dragon/FRA502-LAB-66340500051/install/controller_interfaces/include/controller_interfaces/controller_interfaces/srv/detail
[6.824s] -- Installing: /home/dragon/FRA502-LAB-66340500051/install/controller_interfaces/include/controller_interfaces/controller_interfaces/srv/detail/set_param__rosidl_typesupport_fastrtps_cpp.hpp
[6.824s] -- Installing: /home/dragon/FRA502-LAB-66340500051/install/controller_interfaces/include/controller_interfaces/controller_interfaces/srv/detail/dds_fastrtps
[6.824s] -- Installing: /home/dragon/FRA502-LAB-66340500051/install/controller_interfaces/include/controller_interfaces/controller_interfaces/srv/detail/set_max_pizza__rosidl_typesupport_fastrtps_cpp.hpp
[6.824s] -- Installing: /home/dragon/FRA502-LAB-66340500051/install/controller_interfaces/lib/libcontroller_interfaces__rosidl_typesupport_fastrtps_cpp.so
[6.835s] -- Set runtime path of "/home/dragon/FRA502-LAB-66340500051/install/controller_interfaces/lib/libcontroller_interfaces__rosidl_typesupport_fastrtps_cpp.so" to ""
[6.835s] -- Up-to-date: /home/dragon/FRA502-LAB-66340500051/install/controller_interfaces/include/controller_interfaces/controller_interfaces
[6.835s] -- Up-to-date: /home/dragon/FRA502-LAB-66340500051/install/controller_interfaces/include/controller_interfaces/controller_interfaces/msg
[6.835s] -- Installing: /home/dragon/FRA502-LAB-66340500051/install/controller_interfaces/include/controller_interfaces/controller_interfaces/msg/rosidl_typesupport_introspection_c__visibility_control.h
[6.835s] -- Up-to-date: /home/dragon/FRA502-LAB-66340500051/install/controller_interfaces/include/controller_interfaces/controller_interfaces/srv
[6.835s] -- Up-to-date: /home/dragon/FRA502-LAB-66340500051/install/controller_interfaces/include/controller_interfaces/controller_interfaces/srv/detail
[6.835s] -- Installing: /home/dragon/FRA502-LAB-66340500051/install/controller_interfaces/include/controller_interfaces/controller_interfaces/srv/detail/set_max_pizza__type_support.c
[6.835s] -- Installing: /home/dragon/FRA502-LAB-66340500051/install/controller_interfaces/include/controller_interfaces/controller_interfaces/srv/detail/set_max_pizza__rosidl_typesupport_introspection_c.h
[6.835s] -- Installing: /home/dragon/FRA502-LAB-66340500051/install/controller_interfaces/include/controller_interfaces/controller_interfaces/srv/detail/set_param__rosidl_typesupport_introspection_c.h
[6.835s] -- Installing: /home/dragon/FRA502-LAB-66340500051/install/controller_interfaces/include/controller_interfaces/controller_interfaces/srv/detail/set_param__type_support.c
[6.835s] -- Installing: /home/dragon/FRA502-LAB-66340500051/install/controller_interfaces/lib/libcontroller_interfaces__rosidl_typesupport_introspection_c.so
[6.835s] -- Set runtime path of "/home/dragon/FRA502-LAB-66340500051/install/controller_interfaces/lib/libcontroller_interfaces__rosidl_typesupport_introspection_c.so" to ""
[6.835s] -- Installing: /home/dragon/FRA502-LAB-66340500051/install/controller_interfaces/lib/libcontroller_interfaces__rosidl_typesupport_c.so
[6.835s] -- Set runtime path of "/home/dragon/FRA502-LAB-66340500051/install/controller_interfaces/lib/libcontroller_interfaces__rosidl_typesupport_c.so" to ""
[6.835s] -- Up-to-date: /home/dragon/FRA502-LAB-66340500051/install/controller_interfaces/include/controller_interfaces/controller_interfaces
[6.836s] -- Up-to-date: /home/dragon/FRA502-LAB-66340500051/install/controller_interfaces/include/controller_interfaces/controller_interfaces/srv
[6.836s] -- Up-to-date: /home/dragon/FRA502-LAB-66340500051/install/controller_interfaces/include/controller_interfaces/controller_interfaces/srv/detail
[6.836s] -- Installing: /home/dragon/FRA502-LAB-66340500051/install/controller_interfaces/include/controller_interfaces/controller_interfaces/srv/detail/set_max_pizza__type_support.cpp
[6.836s] -- Installing: /home/dragon/FRA502-LAB-66340500051/install/controller_interfaces/include/controller_interfaces/controller_interfaces/srv/detail/set_max_pizza__rosidl_typesupport_introspection_cpp.hpp
[6.836s] -- Installing: /home/dragon/FRA502-LAB-66340500051/install/controller_interfaces/include/controller_interfaces/controller_interfaces/srv/detail/set_param__type_support.cpp
[6.836s] -- Installing: /home/dragon/FRA502-LAB-66340500051/install/controller_interfaces/include/controller_interfaces/controller_interfaces/srv/detail/set_param__rosidl_typesupport_introspection_cpp.hpp
[6.836s] -- Installing: /home/dragon/FRA502-LAB-66340500051/install/controller_interfaces/lib/libcontroller_interfaces__rosidl_typesupport_introspection_cpp.so
[6.836s] -- Set runtime path of "/home/dragon/FRA502-LAB-66340500051/install/controller_interfaces/lib/libcontroller_interfaces__rosidl_typesupport_introspection_cpp.so" to ""
[6.837s] -- Installing: /home/dragon/FRA502-LAB-66340500051/install/controller_interfaces/lib/libcontroller_interfaces__rosidl_typesupport_cpp.so
[6.838s] -- Set runtime path of "/home/dragon/FRA502-LAB-66340500051/install/controller_interfaces/lib/libcontroller_interfaces__rosidl_typesupport_cpp.so" to ""
[6.838s] -- Installing: /home/dragon/FRA502-LAB-66340500051/install/controller_interfaces/share/controller_interfaces/environment/pythonpath.sh
[6.840s] -- Installing: /home/dragon/FRA502-LAB-66340500051/install/controller_interfaces/share/controller_interfaces/environment/pythonpath.dsv
[6.840s] -- Installing: /home/dragon/FRA502-LAB-66340500051/install/controller_interfaces/local/lib/python3.10/dist-packages/controller_interfaces-0.0.0-py3.10.egg-info
[6.841s] -- Installing: /home/dragon/FRA502-LAB-66340500051/install/controller_interfaces/local/lib/python3.10/dist-packages/controller_interfaces-0.0.0-py3.10.egg-info/PKG-INFO
[6.841s] -- Installing: /home/dragon/FRA502-LAB-66340500051/install/controller_interfaces/local/lib/python3.10/dist-packages/controller_interfaces-0.0.0-py3.10.egg-info/top_level.txt
[6.841s] -- Installing: /home/dragon/FRA502-LAB-66340500051/install/controller_interfaces/local/lib/python3.10/dist-packages/controller_interfaces-0.0.0-py3.10.egg-info/dependency_links.txt
[6.842s] -- Installing: /home/dragon/FRA502-LAB-66340500051/install/controller_interfaces/local/lib/python3.10/dist-packages/controller_interfaces-0.0.0-py3.10.egg-info/SOURCES.txt
[6.842s] -- Installing: /home/dragon/FRA502-LAB-66340500051/install/controller_interfaces/local/lib/python3.10/dist-packages/controller_interfaces
[6.842s] -- Installing: /home/dragon/FRA502-LAB-66340500051/install/controller_interfaces/local/lib/python3.10/dist-packages/controller_interfaces/controller_interfaces_s__rosidl_typesupport_fastrtps_c.cpython-310-x86_64-linux-gnu.so
[6.842s] -- Installing: /home/dragon/FRA502-LAB-66340500051/install/controller_interfaces/local/lib/python3.10/dist-packages/controller_interfaces/_controller_interfaces_s.ep.rosidl_typesupport_fastrtps_c.c
[6.843s] -- Installing: /home/dragon/FRA502-LAB-66340500051/install/controller_interfaces/local/lib/python3.10/dist-packages/controller_interfaces/_controller_interfaces_s.ep.rosidl_typesupport_c.c
[6.843s] -- Installing: /home/dragon/FRA502-LAB-66340500051/install/controller_interfaces/local/lib/python3.10/dist-packages/controller_interfaces/controller_interfaces_s__rosidl_typesupport_introspection_c.cpython-310-x86_64-linux-gnu.so
[6.843s] -- Installing: /home/dragon/FRA502-LAB-66340500051/install/controller_interfaces/local/lib/python3.10/dist-packages/controller_interfaces/controller_interfaces_s__rosidl_typesupport_c.cpython-310-x86_64-linux-gnu.so
[6.844s] -- Installing: /home/dragon/FRA502-LAB-66340500051/install/controller_interfaces/local/lib/python3.10/dist-packages/controller_interfaces/__init__.py
[6.844s] -- Installing: /home/dragon/FRA502-LAB-66340500051/install/controller_interfaces/local/lib/python3.10/dist-packages/controller_interfaces/srv
[6.844s] -- Installing: /home/dragon/FRA502-LAB-66340500051/install/controller_interfaces/local/lib/python3.10/dist-packages/controller_interfaces/srv/_set_param_s.c
[6.845s] -- Installing: /home/dragon/FRA502-LAB-66340500051/install/controller_interfaces/local/lib/python3.10/dist-packages/controller_interfaces/srv/_set_max_pizza.py
[6.845s] -- Installing: /home/dragon/FRA502-LAB-66340500051/install/controller_interfaces/local/lib/python3.10/dist-packages/controller_interfaces/srv/_set_param.py
[6.845s] -- Installing: /home/dragon/FRA502-LAB-66340500051/install/controller_interfaces/local/lib/python3.10/dist-packages/controller_interfaces/srv/_set_max_pizza_s.c
[6.846s] -- Installing: /home/dragon/FRA502-LAB-66340500051/install/controller_interfaces/local/lib/python3.10/dist-packages/controller_interfaces/srv/__init__.py
[6.846s] -- Installing: /home/dragon/FRA502-LAB-66340500051/install/controller_interfaces/local/lib/python3.10/dist-packages/controller_interfaces/_controller_interfaces_s.ep.rosidl_typesupport_introspection_c.c
[6.846s] -- Installing: /home/dragon/FRA502-LAB-66340500051/install/controller_interfaces/local/lib/python3.10/dist-packages/controller_interfaces/libcontroller_interfaces__rosidl_generator_py.so
[6.916s] Listing '/home/dragon/FRA502-LAB-66340500051/install/controller_interfaces/local/lib/python3.10/dist-packages/controller_interfaces'...
[6.917s] Compiling '/home/dragon/FRA502-LAB-66340500051/install/controller_interfaces/local/lib/python3.10/dist-packages/controller_interfaces/__init__.py'...
[6.917s] Listing '/home/dragon/FRA502-LAB-66340500051/install/controller_interfaces/local/lib/python3.10/dist-packages/controller_interfaces/srv'...
[6.917s] Compiling '/home/dragon/FRA502-LAB-66340500051/install/controller_interfaces/local/lib/python3.10/dist-packages/controller_interfaces/srv/__init__.py'...
[6.917s] Compiling '/home/dragon/FRA502-LAB-66340500051/install/controller_interfaces/local/lib/python3.10/dist-packages/controller_interfaces/srv/_set_max_pizza.py'...
[6.917s] Compiling '/home/dragon/FRA502-LAB-66340500051/install/controller_interfaces/local/lib/python3.10/dist-packages/controller_interfaces/srv/_set_param.py'...
[6.928s] -- Installing: /home/dragon/FRA502-LAB-66340500051/install/controller_interfaces/local/lib/python3.10/dist-packages/controller_interfaces/controller_interfaces_s__rosidl_typesupport_fastrtps_c.cpython-310-x86_64-linux-gnu.so
[6.928s] -- Set runtime path of "/home/dragon/FRA502-LAB-66340500051/install/controller_interfaces/local/lib/python3.10/dist-packages/controller_interfaces/controller_interfaces_s__rosidl_typesupport_fastrtps_c.cpython-310-x86_64-linux-gnu.so" to ""
[6.928s] -- Installing: /home/dragon/FRA502-LAB-66340500051/install/controller_interfaces/local/lib/python3.10/dist-packages/controller_interfaces/controller_interfaces_s__rosidl_typesupport_introspection_c.cpython-310-x86_64-linux-gnu.so
[6.928s] -- Set runtime path of "/home/dragon/FRA502-LAB-66340500051/install/controller_interfaces/local/lib/python3.10/dist-packages/controller_interfaces/controller_interfaces_s__rosidl_typesupport_introspection_c.cpython-310-x86_64-linux-gnu.so" to ""
[6.928s] -- Installing: /home/dragon/FRA502-LAB-66340500051/install/controller_interfaces/local/lib/python3.10/dist-packages/controller_interfaces/controller_interfaces_s__rosidl_typesupport_c.cpython-310-x86_64-linux-gnu.so
[6.928s] -- Set runtime path of "/home/dragon/FRA502-LAB-66340500051/install/controller_interfaces/local/lib/python3.10/dist-packages/controller_interfaces/controller_interfaces_s__rosidl_typesupport_c.cpython-310-x86_64-linux-gnu.so" to ""
[6.928s] -- Installing: /home/dragon/FRA502-LAB-66340500051/install/controller_interfaces/lib/libcontroller_interfaces__rosidl_generator_py.so
[6.931s] -- Set runtime path of "/home/dragon/FRA502-LAB-66340500051/install/controller_interfaces/lib/libcontroller_interfaces__rosidl_generator_py.so" to ""
[6.931s] -- Installing: /home/dragon/FRA502-LAB-66340500051/install/controller_interfaces/share/controller_interfaces/srv/SetMaxPizza.idl
[6.931s] -- Installing: /home/dragon/FRA502-LAB-66340500051/install/controller_interfaces/share/controller_interfaces/srv/SetParam.idl
[6.932s] -- Installing: /home/dragon/FRA502-LAB-66340500051/install/controller_interfaces/share/controller_interfaces/srv/SetMaxPizza.srv
[6.932s] -- Installing: /home/dragon/FRA502-LAB-66340500051/install/controller_interfaces/share/controller_interfaces/srv/SetMaxPizza_Request.msg
[6.932s] -- Installing: /home/dragon/FRA502-LAB-66340500051/install/controller_interfaces/share/controller_interfaces/srv/SetMaxPizza_Response.msg
[6.932s] -- Installing: /home/dragon/FRA502-LAB-66340500051/install/controller_interfaces/share/controller_interfaces/srv/SetParam.srv
[6.932s] -- Installing: /home/dragon/FRA502-LAB-66340500051/install/controller_interfaces/share/controller_interfaces/srv/SetParam_Request.msg
[6.933s] -- Installing: /home/dragon/FRA502-LAB-66340500051/install/controller_interfaces/share/controller_interfaces/srv/SetParam_Response.msg
[6.933s] -- Installing: /home/dragon/FRA502-LAB-66340500051/install/controller_interfaces/share/ament_index/resource_index/package_run_dependencies/controller_interfaces
[6.933s] -- Installing: /home/dragon/FRA502-LAB-66340500051/install/controller_interfaces/share/ament_index/resource_index/parent_prefix_path/controller_interfaces
[6.933s] -- Installing: /home/dragon/FRA502-LAB-66340500051/install/controller_interfaces/share/controller_interfaces/environment/ament_prefix_path.sh
[6.934s] -- Installing: /home/dragon/FRA502-LAB-66340500051/install/controller_interfaces/share/controller_interfaces/environment/ament_prefix_path.dsv
[6.934s] -- Installing: /home/dragon/FRA502-LAB-66340500051/install/controller_interfaces/share/controller_interfaces/environment/path.sh
[6.934s] -- Installing: /home/dragon/FRA502-LAB-66340500051/install/controller_interfaces/share/controller_interfaces/environment/path.dsv
[6.934s] -- Installing: /home/dragon/FRA502-LAB-66340500051/install/controller_interfaces/share/controller_interfaces/local_setup.bash
[6.936s] -- Installing: /home/dragon/FRA502-LAB-66340500051/install/controller_interfaces/share/controller_interfaces/local_setup.sh
[6.936s] -- Installing: /home/dragon/FRA502-LAB-66340500051/install/controller_interfaces/share/controller_interfaces/local_setup.zsh
[6.936s] -- Installing: /home/dragon/FRA502-LAB-66340500051/install/controller_interfaces/share/controller_interfaces/local_setup.dsv
[6.937s] -- Installing: /home/dragon/FRA502-LAB-66340500051/install/controller_interfaces/share/controller_interfaces/package.dsv
[6.937s] -- Installing: /home/dragon/FRA502-LAB-66340500051/install/controller_interfaces/share/ament_index/resource_index/packages/controller_interfaces
[6.937s] -- Installing: /home/dragon/FRA502-LAB-66340500051/install/controller_interfaces/share/controller_interfaces/cmake/export_controller_interfaces__rosidl_generator_cExport.cmake
[6.937s] -- Installing: /home/dragon/FRA502-LAB-66340500051/install/controller_interfaces/share/controller_interfaces/cmake/export_controller_interfaces__rosidl_generator_cExport-noconfig.cmake
[6.937s] -- Installing: /home/dragon/FRA502-LAB-66340500051/install/controller_interfaces/share/controller_interfaces/cmake/export_controller_interfaces__rosidl_typesupport_fastrtps_cExport.cmake
[6.937s] -- Installing: /home/dragon/FRA502-LAB-66340500051/install/controller_interfaces/share/controller_interfaces/cmake/export_controller_interfaces__rosidl_typesupport_fastrtps_cExport-noconfig.cmake
[6.937s] -- Installing: /home/dragon/FRA502-LAB-66340500051/install/controller_interfaces/share/controller_interfaces/cmake/export_controller_interfaces__rosidl_generator_cppExport.cmake
[6.937s] -- Installing: /home/dragon/FRA502-LAB-66340500051/install/controller_interfaces/share/controller_interfaces/cmake/export_controller_interfaces__rosidl_typesupport_fastrtps_cppExport.cmake
[6.937s] -- Installing: /home/dragon/FRA502-LAB-66340500051/install/controller_interfaces/share/controller_interfaces/cmake/export_controller_interfaces__rosidl_typesupport_fastrtps_cppExport-noconfig.cmake
[6.937s] -- Installing: /home/dragon/FRA502-LAB-66340500051/install/controller_interfaces/share/controller_interfaces/cmake/controller_interfaces__rosidl_typesupport_introspection_cExport.cmake
[6.938s] -- Installing: /home/dragon/FRA502-LAB-66340500051/install/controller_interfaces/share/controller_interfaces/cmake/controller_interfaces__rosidl_typesupport_introspection_cExport-noconfig.cmake
[6.938s] -- Installing: /home/dragon/FRA502-LAB-66340500051/install/controller_interfaces/share/controller_interfaces/cmake/controller_interfaces__rosidl_typesupport_cExport.cmake
[6.938s] -- Installing: /home/dragon/FRA502-LAB-66340500051/install/controller_interfaces/share/controller_interfaces/cmake/controller_interfaces__rosidl_typesupport_cExport-noconfig.cmake
[6.938s] -- Installing: /home/dragon/FRA502-LAB-66340500051/install/controller_interfaces/share/controller_interfaces/cmake/controller_interfaces__rosidl_typesupport_introspection_cppExport.cmake
[6.938s] -- Installing: /home/dragon/FRA502-LAB-66340500051/install/controller_interfaces/share/controller_interfaces/cmake/controller_interfaces__rosidl_typesupport_introspection_cppExport-noconfig.cmake
[6.939s] -- Installing: /home/dragon/FRA502-LAB-66340500051/install/controller_interfaces/share/controller_interfaces/cmake/controller_interfaces__rosidl_typesupport_cppExport.cmake
[6.941s] -- Installing: /home/dragon/FRA502-LAB-66340500051/install/controller_interfaces/share/controller_interfaces/cmake/controller_interfaces__rosidl_typesupport_cppExport-noconfig.cmake
[6.941s] -- Installing: /home/dragon/FRA502-LAB-66340500051/install/controller_interfaces/share/controller_interfaces/cmake/export_controller_interfaces__rosidl_generator_pyExport.cmake
[6.941s] -- Installing: /home/dragon/FRA502-LAB-66340500051/install/controller_interfaces/share/controller_interfaces/cmake/export_controller_interfaces__rosidl_generator_pyExport-noconfig.cmake
[6.941s] -- Installing: /home/dragon/FRA502-LAB-66340500051/install/controller_interfaces/share/controller_interfaces/cmake/rosidl_cmake-extras.cmake
[6.942s] -- Installing: /home/dragon/FRA502-LAB-66340500051/install/controller_interfaces/share/controller_interfaces/cmake/ament_cmake_export_dependencies-extras.cmake
[6.942s] -- Installing: /home/dragon/FRA502-LAB-66340500051/install/controller_interfaces/share/controller_interfaces/cmake/ament_cmake_export_include_directories-extras.cmake
[6.942s] -- Installing: /home/dragon/FRA502-LAB-66340500051/install/controller_interfaces/share/controller_interfaces/cmake/ament_cmake_export_libraries-extras.cmake
[6.942s] -- Installing: /home/dragon/FRA502-LAB-66340500051/install/controller_interfaces/share/controller_interfaces/cmake/ament_cmake_export_targets-extras.cmake
[6.942s] -- Installing: /home/dragon/FRA502-LAB-66340500051/install/controller_interfaces/share/controller_interfaces/cmake/rosidl_cmake_export_typesupport_targets-extras.cmake
[6.942s] -- Installing: /home/dragon/FRA502-LAB-66340500051/install/controller_interfaces/share/controller_interfaces/cmake/rosidl_cmake_export_typesupport_libraries-extras.cmake
[6.942s] -- Installing: /home/dragon/FRA502-LAB-66340500051/install/controller_interfaces/share/controller_interfaces/cmake/controller_interfacesConfig.cmake
[6.942s] -- Installing: /home/dragon/FRA502-LAB-66340500051/install/controller_interfaces/share/controller_interfaces/cmake/controller_interfacesConfig-version.cmake
[6.942s] -- Installing: /home/dragon/FRA502-LAB-66340500051/install/controller_interfaces/share/controller_interfaces/package.xml
[6.944s] Invoked command in '/home/dragon/FRA502-LAB-66340500051/build/controller_interfaces' returned '0': CMAKE_PREFIX_PATH=${CMAKE_PREFIX_PATH}:/opt/ros/humble /usr/bin/cmake --install /home/dragon/FRA502-LAB-66340500051/build/controller_interfaces
