[0.121s] Invoking command in '/home/dragon/FRA502-LAB-66340500051/src/build/turtlesim_plus_interfaces': CMAKE_PREFIX_PATH=${CMAKE_PREFIX_PATH}:/opt/ros/humble /usr/bin/cmake /home/dragon/FRA502-LAB-66340500051/src/turtlesim_plus/turtlesim_plus_interfaces -DCMAKE_INSTALL_PREFIX=/home/dragon/FRA502-LAB-66340500051/src/install/turtlesim_plus_interfaces
[0.194s] -- The C compiler identification is GNU 11.4.0
[0.257s] -- The CXX compiler identification is GNU 11.4.0
[0.266s] -- Detecting C compiler ABI info
[0.346s] -- Detecting C compiler ABI info - done
[0.358s] -- Check for working C compiler: /usr/bin/cc - skipped
[0.358s] -- Detecting C compile features
[0.359s] -- Detecting C compile features - done
[0.363s] -- Detecting CXX compiler ABI info
[0.466s] -- Detecting CXX compiler ABI info - done
[0.478s] -- Check for working CXX compiler: /usr/bin/c++ - skipped
[0.479s] -- Detecting CXX compile features
[0.479s] -- Detecting CXX compile features - done
[0.484s] -- Found ament_cmake: 1.3.12 (/opt/ros/humble/share/ament_cmake/cmake)
[0.741s] -- Found Python3: /usr/bin/python3 (found version "3.10.12") found components: Interpreter 
[0.873s] -- Found ament_lint_auto: 0.12.14 (/opt/ros/humble/share/ament_lint_auto/cmake)
[0.968s] -- Found rosidl_default_generators: 1.2.0 (/opt/ros/humble/share/rosidl_default_generators/cmake)
[0.972s] -- Using all available rosidl_typesupport_c: rosidl_typesupport_fastrtps_c;rosidl_typesupport_introspection_c
[0.981s] -- Found rosidl_adapter: 3.1.7 (/opt/ros/humble/share/rosidl_adapter/cmake)
[1.089s] -- Using all available rosidl_typesupport_cpp: rosidl_typesupport_fastrtps_cpp;rosidl_typesupport_introspection_cpp
[1.728s] -- Found ament_cmake_ros: 0.10.0 (/opt/ros/humble/share/ament_cmake_ros/cmake)
[2.168s] -- Using all available rosidl_typesupport_c: rosidl_typesupport_fastrtps_c;rosidl_typesupport_introspection_c
[2.568s] -- Using all available rosidl_typesupport_cpp: rosidl_typesupport_fastrtps_cpp;rosidl_typesupport_introspection_cpp
[2.596s] -- Found PythonInterp: /usr/bin/python3 (found suitable version "3.10.12", minimum required is "3.6") 
[2.598s] -- Found python_cmake_module: 0.10.0 (/opt/ros/humble/share/python_cmake_module/cmake)
[2.629s] -- Found PythonLibs: /usr/lib/x86_64-linux-gnu/libpython3.10.so (found suitable version "3.10.12", minimum required is "3.5") 
[2.629s] -- Using PYTHON_EXECUTABLE: /usr/bin/python3
[2.629s] -- Using PYTHON_INCLUDE_DIRS: /usr/include/python3.10
[2.629s] -- Using PYTHON_LIBRARIES: /usr/lib/x86_64-linux-gnu/libpython3.10.so
[2.655s] -- Found PythonExtra: .so  
[2.708s] -- Added test 'lint_cmake' to check CMake code style
[2.709s] -- Added test 'xmllint' to check XML markup files
[2.715s] -- Configuring done
[2.763s] -- Generating done
[2.777s] -- Build files have been written to: /home/dragon/FRA502-LAB-66340500051/src/build/turtlesim_plus_interfaces
[2.791s] Invoked command in '/home/dragon/FRA502-LAB-66340500051/src/build/turtlesim_plus_interfaces' returned '0': CMAKE_PREFIX_PATH=${CMAKE_PREFIX_PATH}:/opt/ros/humble /usr/bin/cmake /home/dragon/FRA502-LAB-66340500051/src/turtlesim_plus/turtlesim_plus_interfaces -DCMAKE_INSTALL_PREFIX=/home/dragon/FRA502-LAB-66340500051/src/install/turtlesim_plus_interfaces
[2.792s] Invoking command in '/home/dragon/FRA502-LAB-66340500051/src/build/turtlesim_plus_interfaces': CMAKE_PREFIX_PATH=${CMAKE_PREFIX_PATH}:/opt/ros/humble /usr/bin/cmake --build /home/dragon/FRA502-LAB-66340500051/src/build/turtlesim_plus_interfaces -- -j4 -l4
[2.841s] [  1%] [34m[1mGenerating C code for ROS interfaces[0m
[2.855s] [  3%] [34m[1mGenerating C++ code for ROS interfaces[0m
[2.863s] [  3%] Built target ament_cmake_python_copy_turtlesim_plus_interfaces
[3.169s] running egg_info
[3.170s] creating turtlesim_plus_interfaces.egg-info
[3.170s] writing turtlesim_plus_interfaces.egg-info/PKG-INFO
[3.170s] writing dependency_links to turtlesim_plus_interfaces.egg-info/dependency_links.txt
[3.173s] writing top-level names to turtlesim_plus_interfaces.egg-info/top_level.txt
[3.173s] writing manifest file 'turtlesim_plus_interfaces.egg-info/SOURCES.txt'
[3.174s] reading manifest file 'turtlesim_plus_interfaces.egg-info/SOURCES.txt'
[3.174s] writing manifest file 'turtlesim_plus_interfaces.egg-info/SOURCES.txt'
[3.208s] [  3%] Built target ament_cmake_python_build_turtlesim_plus_interfaces_egg
[3.713s] [  3%] Built target turtlesim_plus_interfaces__cpp
[3.750s] [  5%] [34m[1mGenerating C++ type support dispatch for ROS interfaces[0m
[3.750s] [  7%] [34m[1mGenerating C++ type support for eProsima Fast-RTPS[0m
[3.770s] [  9%] [34m[1mGenerating C++ introspection for ROS interfaces[0m
[3.783s] [ 10%] [32mBuilding C object CMakeFiles/turtlesim_plus_interfaces__rosidl_generator_c.dir/rosidl_generator_c/turtlesim_plus_interfaces/msg/detail/scanner_data__functions.c.o[0m
[3.944s] [ 12%] [32mBuilding C object CMakeFiles/turtlesim_plus_interfaces__rosidl_generator_c.dir/rosidl_generator_c/turtlesim_plus_interfaces/msg/detail/scanner_data_array__functions.c.o[0m
[4.039s] [ 14%] [32mBuilding C object CMakeFiles/turtlesim_plus_interfaces__rosidl_generator_c.dir/rosidl_generator_c/turtlesim_plus_interfaces/srv/detail/give_position__functions.c.o[0m
[4.138s] [ 16%] [32mBuilding C object CMakeFiles/turtlesim_plus_interfaces__rosidl_generator_c.dir/rosidl_generator_c/turtlesim_plus_interfaces/action/detail/get_data__functions.c.o[0m
[4.300s] [ 18%] [32mBuilding CXX object CMakeFiles/turtlesim_plus_interfaces__rosidl_typesupport_cpp.dir/rosidl_typesupport_cpp/turtlesim_plus_interfaces/msg/scanner_data__type_support.cpp.o[0m
[4.453s] [ 20%] [32mBuilding CXX object CMakeFiles/turtlesim_plus_interfaces__rosidl_typesupport_introspection_cpp.dir/rosidl_typesupport_introspection_cpp/turtlesim_plus_interfaces/msg/detail/scanner_data__type_support.cpp.o[0m
[4.547s] [ 21%] [32mBuilding CXX object CMakeFiles/turtlesim_plus_interfaces__rosidl_typesupport_fastrtps_cpp.dir/rosidl_typesupport_fastrtps_cpp/turtlesim_plus_interfaces/msg/detail/dds_fastrtps/scanner_data__type_support.cpp.o[0m
[4.678s] [ 23%] [32m[1mLinking C shared library libturtlesim_plus_interfaces__rosidl_generator_c.so[0m
[4.680s] [ 25%] [32mBuilding CXX object CMakeFiles/turtlesim_plus_interfaces__rosidl_typesupport_cpp.dir/rosidl_typesupport_cpp/turtlesim_plus_interfaces/msg/scanner_data_array__type_support.cpp.o[0m
[4.726s] [ 25%] Built target turtlesim_plus_interfaces__rosidl_generator_c
[4.736s] [ 27%] [32mBuilding CXX object CMakeFiles/turtlesim_plus_interfaces__rosidl_typesupport_cpp.dir/rosidl_typesupport_cpp/turtlesim_plus_interfaces/srv/give_position__type_support.cpp.o[0m
[4.901s] [ 29%] [32mBuilding CXX object CMakeFiles/turtlesim_plus_interfaces__rosidl_typesupport_introspection_cpp.dir/rosidl_typesupport_introspection_cpp/turtlesim_plus_interfaces/msg/detail/scanner_data_array__type_support.cpp.o[0m
[5.023s] [ 30%] [32mBuilding CXX object CMakeFiles/turtlesim_plus_interfaces__rosidl_typesupport_fastrtps_cpp.dir/rosidl_typesupport_fastrtps_cpp/turtlesim_plus_interfaces/msg/detail/dds_fastrtps/scanner_data_array__type_support.cpp.o[0m
[5.030s] [ 32%] [34m[1mGenerating C type support for eProsima Fast-RTPS[0m
[5.057s] [ 34%] [32mBuilding CXX object CMakeFiles/turtlesim_plus_interfaces__rosidl_typesupport_cpp.dir/rosidl_typesupport_cpp/turtlesim_plus_interfaces/action/get_data__type_support.cpp.o[0m
[5.408s] [ 36%] [32mBuilding CXX object CMakeFiles/turtlesim_plus_interfaces__rosidl_typesupport_introspection_cpp.dir/rosidl_typesupport_introspection_cpp/turtlesim_plus_interfaces/srv/detail/give_position__type_support.cpp.o[0m
[5.549s] [ 38%] [32mBuilding CXX object CMakeFiles/turtlesim_plus_interfaces__rosidl_typesupport_fastrtps_cpp.dir/rosidl_typesupport_fastrtps_cpp/turtlesim_plus_interfaces/srv/detail/dds_fastrtps/give_position__type_support.cpp.o[0m
[5.696s] [ 40%] [32mBuilding CXX object CMakeFiles/turtlesim_plus_interfaces__rosidl_typesupport_fastrtps_c.dir/rosidl_typesupport_fastrtps_c/turtlesim_plus_interfaces/msg/detail/scanner_data__type_support_c.cpp.o[0m
[5.827s] [ 41%] [32m[1mLinking CXX shared library libturtlesim_plus_interfaces__rosidl_typesupport_cpp.so[0m
[5.856s] [ 43%] [32mBuilding CXX object CMakeFiles/turtlesim_plus_interfaces__rosidl_typesupport_introspection_cpp.dir/rosidl_typesupport_introspection_cpp/turtlesim_plus_interfaces/action/detail/get_data__type_support.cpp.o[0m
[5.884s] [ 43%] Built target turtlesim_plus_interfaces__rosidl_typesupport_cpp
[5.894s] [ 45%] [32mBuilding CXX object CMakeFiles/turtlesim_plus_interfaces__rosidl_typesupport_fastrtps_cpp.dir/rosidl_typesupport_fastrtps_cpp/turtlesim_plus_interfaces/action/detail/dds_fastrtps/get_data__type_support.cpp.o[0m
[6.036s] [ 47%] [34m[1mGenerating C introspection for ROS interfaces[0m
[6.145s] [ 49%] [32mBuilding CXX object CMakeFiles/turtlesim_plus_interfaces__rosidl_typesupport_fastrtps_c.dir/rosidl_typesupport_fastrtps_c/turtlesim_plus_interfaces/msg/detail/scanner_data_array__type_support_c.cpp.o[0m
[6.551s] [ 50%] [32mBuilding CXX object CMakeFiles/turtlesim_plus_interfaces__rosidl_typesupport_fastrtps_c.dir/rosidl_typesupport_fastrtps_c/turtlesim_plus_interfaces/srv/detail/give_position__type_support_c.cpp.o[0m
[6.603s] [ 52%] [32m[1mLinking CXX shared library libturtlesim_plus_interfaces__rosidl_typesupport_fastrtps_cpp.so[0m
[6.631s] [ 54%] [32m[1mLinking CXX shared library libturtlesim_plus_interfaces__rosidl_typesupport_introspection_cpp.so[0m
[6.710s] [ 56%] [32mBuilding C object CMakeFiles/turtlesim_plus_interfaces__rosidl_typesupport_introspection_c.dir/rosidl_typesupport_introspection_c/turtlesim_plus_interfaces/msg/detail/scanner_data__type_support.c.o[0m
[6.724s] [ 56%] Built target turtlesim_plus_interfaces__rosidl_typesupport_fastrtps_cpp
[6.736s] [ 58%] [32mBuilding C object CMakeFiles/turtlesim_plus_interfaces__rosidl_typesupport_introspection_c.dir/rosidl_typesupport_introspection_c/turtlesim_plus_interfaces/msg/detail/scanner_data_array__type_support.c.o[0m
[6.751s] [ 58%] Built target turtlesim_plus_interfaces__rosidl_typesupport_introspection_cpp
[6.761s] [ 61%] [32mBuilding CXX object CMakeFiles/turtlesim_plus_interfaces__rosidl_typesupport_fastrtps_c.dir/rosidl_typesupport_fastrtps_c/turtlesim_plus_interfaces/action/detail/get_data__type_support_c.cpp.o[0m
[6.763s] [ 61%] [34m[1mGenerating C type support dispatch for ROS interfaces[0m
[6.818s] [ 63%] [32mBuilding C object CMakeFiles/turtlesim_plus_interfaces__rosidl_typesupport_introspection_c.dir/rosidl_typesupport_introspection_c/turtlesim_plus_interfaces/srv/detail/give_position__type_support.c.o[0m
[6.862s] [ 65%] [32mBuilding C object CMakeFiles/turtlesim_plus_interfaces__rosidl_typesupport_introspection_c.dir/rosidl_typesupport_introspection_c/turtlesim_plus_interfaces/action/detail/get_data__type_support.c.o[0m
[6.946s] [ 67%] [32m[1mLinking C shared library libturtlesim_plus_interfaces__rosidl_typesupport_introspection_c.so[0m
[6.984s] [ 67%] Built target turtlesim_plus_interfaces__rosidl_typesupport_introspection_c
[7.182s] [ 72%] [32mBuilding CXX object CMakeFiles/turtlesim_plus_interfaces__rosidl_typesupport_c.dir/rosidl_typesupport_c/turtlesim_plus_interfaces/msg/scanner_data_array__type_support.cpp.o[0m
[7.182s] [ 72%] [32mBuilding CXX object CMakeFiles/turtlesim_plus_interfaces__rosidl_typesupport_c.dir/rosidl_typesupport_c/turtlesim_plus_interfaces/msg/scanner_data__type_support.cpp.o[0m
[7.182s] [ 72%] [32mBuilding CXX object CMakeFiles/turtlesim_plus_interfaces__rosidl_typesupport_c.dir/rosidl_typesupport_c/turtlesim_plus_interfaces/srv/give_position__type_support.cpp.o[0m
[7.218s] [ 74%] [32mBuilding CXX object CMakeFiles/turtlesim_plus_interfaces__rosidl_typesupport_c.dir/rosidl_typesupport_c/turtlesim_plus_interfaces/action/get_data__type_support.cpp.o[0m
[7.219s] [ 76%] [32m[1mLinking CXX shared library libturtlesim_plus_interfaces__rosidl_typesupport_fastrtps_c.so[0m
[7.284s] [ 78%] [32m[1mLinking CXX shared library libturtlesim_plus_interfaces__rosidl_typesupport_c.so[0m
[7.319s] [ 78%] Built target turtlesim_plus_interfaces__rosidl_typesupport_fastrtps_c
[7.337s] [ 78%] Built target turtlesim_plus_interfaces__rosidl_typesupport_c
[7.359s] [ 78%] Built target turtlesim_plus_interfaces
[7.382s] [ 80%] [34m[1mGenerating Python code for ROS interfaces[0m
[8.509s] [ 80%] Built target turtlesim_plus_interfaces__py
[8.533s] [ 83%] [32mBuilding C object CMakeFiles/turtlesim_plus_interfaces__rosidl_generator_py.dir/rosidl_generator_py/turtlesim_plus_interfaces/srv/_give_position_s.c.o[0m
[8.533s] [ 83%] [32mBuilding C object CMakeFiles/turtlesim_plus_interfaces__rosidl_generator_py.dir/rosidl_generator_py/turtlesim_plus_interfaces/msg/_scanner_data_s.c.o[0m
[8.533s] [ 85%] [32mBuilding C object CMakeFiles/turtlesim_plus_interfaces__rosidl_generator_py.dir/rosidl_generator_py/turtlesim_plus_interfaces/action/_get_data_s.c.o[0m
[8.534s] [ 87%] [32mBuilding C object CMakeFiles/turtlesim_plus_interfaces__rosidl_generator_py.dir/rosidl_generator_py/turtlesim_plus_interfaces/msg/_scanner_data_array_s.c.o[0m
[8.697s] [ 89%] [32m[1mLinking C shared library rosidl_generator_py/turtlesim_plus_interfaces/libturtlesim_plus_interfaces__rosidl_generator_py.so[0m
[8.749s] [ 89%] Built target turtlesim_plus_interfaces__rosidl_generator_py
[8.773s] [ 92%] [32mBuilding C object CMakeFiles/turtlesim_plus_interfaces__rosidl_typesupport_c__pyext.dir/rosidl_generator_py/turtlesim_plus_interfaces/_turtlesim_plus_interfaces_s.ep.rosidl_typesupport_c.c.o[0m
[8.773s] [ 92%] [32mBuilding C object CMakeFiles/turtlesim_plus_interfaces__rosidl_typesupport_introspection_c__pyext.dir/rosidl_generator_py/turtlesim_plus_interfaces/_turtlesim_plus_interfaces_s.ep.rosidl_typesupport_introspection_c.c.o[0m
[8.773s] [ 94%] [32mBuilding C object CMakeFiles/turtlesim_plus_interfaces__rosidl_typesupport_fastrtps_c__pyext.dir/rosidl_generator_py/turtlesim_plus_interfaces/_turtlesim_plus_interfaces_s.ep.rosidl_typesupport_fastrtps_c.c.o[0m
[8.936s] [ 96%] [32m[1mLinking C shared library rosidl_generator_py/turtlesim_plus_interfaces/turtlesim_plus_interfaces_s__rosidl_typesupport_introspection_c.cpython-310-x86_64-linux-gnu.so[0m
[8.937s] [ 98%] [32m[1mLinking C shared library rosidl_generator_py/turtlesim_plus_interfaces/turtlesim_plus_interfaces_s__rosidl_typesupport_c.cpython-310-x86_64-linux-gnu.so[0m
[8.941s] [100%] [32m[1mLinking C shared library rosidl_generator_py/turtlesim_plus_interfaces/turtlesim_plus_interfaces_s__rosidl_typesupport_fastrtps_c.cpython-310-x86_64-linux-gnu.so[0m
[8.985s] [100%] Built target turtlesim_plus_interfaces__rosidl_typesupport_introspection_c__pyext
[8.986s] [100%] Built target turtlesim_plus_interfaces__rosidl_typesupport_c__pyext
[8.990s] [100%] Built target turtlesim_plus_interfaces__rosidl_typesupport_fastrtps_c__pyext
[9.003s] Invoked command in '/home/dragon/FRA502-LAB-66340500051/src/build/turtlesim_plus_interfaces' returned '0': CMAKE_PREFIX_PATH=${CMAKE_PREFIX_PATH}:/opt/ros/humble /usr/bin/cmake --build /home/dragon/FRA502-LAB-66340500051/src/build/turtlesim_plus_interfaces -- -j4 -l4
[9.005s] Invoking command in '/home/dragon/FRA502-LAB-66340500051/src/build/turtlesim_plus_interfaces': CMAKE_PREFIX_PATH=${CMAKE_PREFIX_PATH}:/opt/ros/humble /usr/bin/cmake --install /home/dragon/FRA502-LAB-66340500051/src/build/turtlesim_plus_interfaces
[9.014s] -- Install configuration: ""
[9.015s] -- Installing: /home/dragon/FRA502-LAB-66340500051/src/install/turtlesim_plus_interfaces/share/ament_index/resource_index/rosidl_interfaces/turtlesim_plus_interfaces
[9.015s] -- Installing: /home/dragon/FRA502-LAB-66340500051/src/install/turtlesim_plus_interfaces/include/turtlesim_plus_interfaces/turtlesim_plus_interfaces
[9.015s] -- Installing: /home/dragon/FRA502-LAB-66340500051/src/install/turtlesim_plus_interfaces/include/turtlesim_plus_interfaces/turtlesim_plus_interfaces/msg
[9.015s] -- Installing: /home/dragon/FRA502-LAB-66340500051/src/install/turtlesim_plus_interfaces/include/turtlesim_plus_interfaces/turtlesim_plus_interfaces/msg/rosidl_generator_c__visibility_control.h
[9.015s] -- Installing: /home/dragon/FRA502-LAB-66340500051/src/install/turtlesim_plus_interfaces/include/turtlesim_plus_interfaces/turtlesim_plus_interfaces/msg/scanner_data_array.h
[9.015s] -- Installing: /home/dragon/FRA502-LAB-66340500051/src/install/turtlesim_plus_interfaces/include/turtlesim_plus_interfaces/turtlesim_plus_interfaces/msg/scanner_data.h
[9.016s] -- Installing: /home/dragon/FRA502-LAB-66340500051/src/install/turtlesim_plus_interfaces/include/turtlesim_plus_interfaces/turtlesim_plus_interfaces/msg/detail
[9.016s] -- Installing: /home/dragon/FRA502-LAB-66340500051/src/install/turtlesim_plus_interfaces/include/turtlesim_plus_interfaces/turtlesim_plus_interfaces/msg/detail/scanner_data_array__struct.h
[9.016s] -- Installing: /home/dragon/FRA502-LAB-66340500051/src/install/turtlesim_plus_interfaces/include/turtlesim_plus_interfaces/turtlesim_plus_interfaces/msg/detail/scanner_data__functions.c
[9.016s] -- Installing: /home/dragon/FRA502-LAB-66340500051/src/install/turtlesim_plus_interfaces/include/turtlesim_plus_interfaces/turtlesim_plus_interfaces/msg/detail/scanner_data__functions.h
[9.016s] -- Installing: /home/dragon/FRA502-LAB-66340500051/src/install/turtlesim_plus_interfaces/include/turtlesim_plus_interfaces/turtlesim_plus_interfaces/msg/detail/scanner_data__struct.h
[9.016s] -- Installing: /home/dragon/FRA502-LAB-66340500051/src/install/turtlesim_plus_interfaces/include/turtlesim_plus_interfaces/turtlesim_plus_interfaces/msg/detail/scanner_data__type_support.h
[9.017s] -- Installing: /home/dragon/FRA502-LAB-66340500051/src/install/turtlesim_plus_interfaces/include/turtlesim_plus_interfaces/turtlesim_plus_interfaces/msg/detail/scanner_data_array__functions.h
[9.017s] -- Installing: /home/dragon/FRA502-LAB-66340500051/src/install/turtlesim_plus_interfaces/include/turtlesim_plus_interfaces/turtlesim_plus_interfaces/msg/detail/scanner_data_array__functions.c
[9.017s] -- Installing: /home/dragon/FRA502-LAB-66340500051/src/install/turtlesim_plus_interfaces/include/turtlesim_plus_interfaces/turtlesim_plus_interfaces/msg/detail/scanner_data_array__type_support.h
[9.017s] -- Installing: /home/dragon/FRA502-LAB-66340500051/src/install/turtlesim_plus_interfaces/include/turtlesim_plus_interfaces/turtlesim_plus_interfaces/srv
[9.017s] -- Installing: /home/dragon/FRA502-LAB-66340500051/src/install/turtlesim_plus_interfaces/include/turtlesim_plus_interfaces/turtlesim_plus_interfaces/srv/detail
[9.017s] -- Installing: /home/dragon/FRA502-LAB-66340500051/src/install/turtlesim_plus_interfaces/include/turtlesim_plus_interfaces/turtlesim_plus_interfaces/srv/detail/give_position__functions.h
[9.017s] -- Installing: /home/dragon/FRA502-LAB-66340500051/src/install/turtlesim_plus_interfaces/include/turtlesim_plus_interfaces/turtlesim_plus_interfaces/srv/detail/give_position__struct.h
[9.017s] -- Installing: /home/dragon/FRA502-LAB-66340500051/src/install/turtlesim_plus_interfaces/include/turtlesim_plus_interfaces/turtlesim_plus_interfaces/srv/detail/give_position__type_support.h
[9.018s] -- Installing: /home/dragon/FRA502-LAB-66340500051/src/install/turtlesim_plus_interfaces/include/turtlesim_plus_interfaces/turtlesim_plus_interfaces/srv/detail/give_position__functions.c
[9.018s] -- Installing: /home/dragon/FRA502-LAB-66340500051/src/install/turtlesim_plus_interfaces/include/turtlesim_plus_interfaces/turtlesim_plus_interfaces/srv/give_position.h
[9.018s] -- Installing: /home/dragon/FRA502-LAB-66340500051/src/install/turtlesim_plus_interfaces/include/turtlesim_plus_interfaces/turtlesim_plus_interfaces/action
[9.018s] -- Installing: /home/dragon/FRA502-LAB-66340500051/src/install/turtlesim_plus_interfaces/include/turtlesim_plus_interfaces/turtlesim_plus_interfaces/action/get_data.h
[9.018s] -- Installing: /home/dragon/FRA502-LAB-66340500051/src/install/turtlesim_plus_interfaces/include/turtlesim_plus_interfaces/turtlesim_plus_interfaces/action/detail
[9.018s] -- Installing: /home/dragon/FRA502-LAB-66340500051/src/install/turtlesim_plus_interfaces/include/turtlesim_plus_interfaces/turtlesim_plus_interfaces/action/detail/get_data__struct.h
[9.018s] -- Installing: /home/dragon/FRA502-LAB-66340500051/src/install/turtlesim_plus_interfaces/include/turtlesim_plus_interfaces/turtlesim_plus_interfaces/action/detail/get_data__functions.c
[9.019s] -- Installing: /home/dragon/FRA502-LAB-66340500051/src/install/turtlesim_plus_interfaces/include/turtlesim_plus_interfaces/turtlesim_plus_interfaces/action/detail/get_data__functions.h
[9.019s] -- Installing: /home/dragon/FRA502-LAB-66340500051/src/install/turtlesim_plus_interfaces/include/turtlesim_plus_interfaces/turtlesim_plus_interfaces/action/detail/get_data__type_support.h
[9.019s] -- Installing: /home/dragon/FRA502-LAB-66340500051/src/install/turtlesim_plus_interfaces/share/turtlesim_plus_interfaces/environment/library_path.sh
[9.019s] -- Installing: /home/dragon/FRA502-LAB-66340500051/src/install/turtlesim_plus_interfaces/share/turtlesim_plus_interfaces/environment/library_path.dsv
[9.020s] -- Installing: /home/dragon/FRA502-LAB-66340500051/src/install/turtlesim_plus_interfaces/lib/libturtlesim_plus_interfaces__rosidl_generator_c.so
[9.020s] -- Set runtime path of "/home/dragon/FRA502-LAB-66340500051/src/install/turtlesim_plus_interfaces/lib/libturtlesim_plus_interfaces__rosidl_generator_c.so" to ""
[9.020s] -- Up-to-date: /home/dragon/FRA502-LAB-66340500051/src/install/turtlesim_plus_interfaces/include/turtlesim_plus_interfaces/turtlesim_plus_interfaces
[9.020s] -- Up-to-date: /home/dragon/FRA502-LAB-66340500051/src/install/turtlesim_plus_interfaces/include/turtlesim_plus_interfaces/turtlesim_plus_interfaces/msg
[9.021s] -- Installing: /home/dragon/FRA502-LAB-66340500051/src/install/turtlesim_plus_interfaces/include/turtlesim_plus_interfaces/turtlesim_plus_interfaces/msg/rosidl_typesupport_fastrtps_c__visibility_control.h
[9.021s] -- Up-to-date: /home/dragon/FRA502-LAB-66340500051/src/install/turtlesim_plus_interfaces/include/turtlesim_plus_interfaces/turtlesim_plus_interfaces/msg/detail
[9.021s] -- Installing: /home/dragon/FRA502-LAB-66340500051/src/install/turtlesim_plus_interfaces/include/turtlesim_plus_interfaces/turtlesim_plus_interfaces/msg/detail/scanner_data__rosidl_typesupport_fastrtps_c.h
[9.021s] -- Installing: /home/dragon/FRA502-LAB-66340500051/src/install/turtlesim_plus_interfaces/include/turtlesim_plus_interfaces/turtlesim_plus_interfaces/msg/detail/scanner_data_array__rosidl_typesupport_fastrtps_c.h
[9.021s] -- Up-to-date: /home/dragon/FRA502-LAB-66340500051/src/install/turtlesim_plus_interfaces/include/turtlesim_plus_interfaces/turtlesim_plus_interfaces/srv
[9.021s] -- Up-to-date: /home/dragon/FRA502-LAB-66340500051/src/install/turtlesim_plus_interfaces/include/turtlesim_plus_interfaces/turtlesim_plus_interfaces/srv/detail
[9.021s] -- Installing: /home/dragon/FRA502-LAB-66340500051/src/install/turtlesim_plus_interfaces/include/turtlesim_plus_interfaces/turtlesim_plus_interfaces/srv/detail/give_position__rosidl_typesupport_fastrtps_c.h
[9.021s] -- Up-to-date: /home/dragon/FRA502-LAB-66340500051/src/install/turtlesim_plus_interfaces/include/turtlesim_plus_interfaces/turtlesim_plus_interfaces/action
[9.021s] -- Up-to-date: /home/dragon/FRA502-LAB-66340500051/src/install/turtlesim_plus_interfaces/include/turtlesim_plus_interfaces/turtlesim_plus_interfaces/action/detail
[9.022s] -- Installing: /home/dragon/FRA502-LAB-66340500051/src/install/turtlesim_plus_interfaces/include/turtlesim_plus_interfaces/turtlesim_plus_interfaces/action/detail/get_data__rosidl_typesupport_fastrtps_c.h
[9.022s] -- Installing: /home/dragon/FRA502-LAB-66340500051/src/install/turtlesim_plus_interfaces/lib/libturtlesim_plus_interfaces__rosidl_typesupport_fastrtps_c.so
[9.022s] -- Set runtime path of "/home/dragon/FRA502-LAB-66340500051/src/install/turtlesim_plus_interfaces/lib/libturtlesim_plus_interfaces__rosidl_typesupport_fastrtps_c.so" to ""
[9.022s] -- Up-to-date: /home/dragon/FRA502-LAB-66340500051/src/install/turtlesim_plus_interfaces/include/turtlesim_plus_interfaces/turtlesim_plus_interfaces
[9.022s] -- Up-to-date: /home/dragon/FRA502-LAB-66340500051/src/install/turtlesim_plus_interfaces/include/turtlesim_plus_interfaces/turtlesim_plus_interfaces/msg
[9.022s] -- Installing: /home/dragon/FRA502-LAB-66340500051/src/install/turtlesim_plus_interfaces/include/turtlesim_plus_interfaces/turtlesim_plus_interfaces/msg/rosidl_typesupport_introspection_c__visibility_control.h
[9.022s] -- Up-to-date: /home/dragon/FRA502-LAB-66340500051/src/install/turtlesim_plus_interfaces/include/turtlesim_plus_interfaces/turtlesim_plus_interfaces/msg/detail
[9.022s] -- Installing: /home/dragon/FRA502-LAB-66340500051/src/install/turtlesim_plus_interfaces/include/turtlesim_plus_interfaces/turtlesim_plus_interfaces/msg/detail/scanner_data__type_support.c
[9.023s] -- Installing: /home/dragon/FRA502-LAB-66340500051/src/install/turtlesim_plus_interfaces/include/turtlesim_plus_interfaces/turtlesim_plus_interfaces/msg/detail/scanner_data_array__rosidl_typesupport_introspection_c.h
[9.023s] -- Installing: /home/dragon/FRA502-LAB-66340500051/src/install/turtlesim_plus_interfaces/include/turtlesim_plus_interfaces/turtlesim_plus_interfaces/msg/detail/scanner_data__rosidl_typesupport_introspection_c.h
[9.023s] -- Installing: /home/dragon/FRA502-LAB-66340500051/src/install/turtlesim_plus_interfaces/include/turtlesim_plus_interfaces/turtlesim_plus_interfaces/msg/detail/scanner_data_array__type_support.c
[9.023s] -- Up-to-date: /home/dragon/FRA502-LAB-66340500051/src/install/turtlesim_plus_interfaces/include/turtlesim_plus_interfaces/turtlesim_plus_interfaces/srv
[9.023s] -- Up-to-date: /home/dragon/FRA502-LAB-66340500051/src/install/turtlesim_plus_interfaces/include/turtlesim_plus_interfaces/turtlesim_plus_interfaces/srv/detail
[9.023s] -- Installing: /home/dragon/FRA502-LAB-66340500051/src/install/turtlesim_plus_interfaces/include/turtlesim_plus_interfaces/turtlesim_plus_interfaces/srv/detail/give_position__rosidl_typesupport_introspection_c.h
[9.023s] -- Installing: /home/dragon/FRA502-LAB-66340500051/src/install/turtlesim_plus_interfaces/include/turtlesim_plus_interfaces/turtlesim_plus_interfaces/srv/detail/give_position__type_support.c
[9.023s] -- Up-to-date: /home/dragon/FRA502-LAB-66340500051/src/install/turtlesim_plus_interfaces/include/turtlesim_plus_interfaces/turtlesim_plus_interfaces/action
[9.023s] -- Up-to-date: /home/dragon/FRA502-LAB-66340500051/src/install/turtlesim_plus_interfaces/include/turtlesim_plus_interfaces/turtlesim_plus_interfaces/action/detail
[9.023s] -- Installing: /home/dragon/FRA502-LAB-66340500051/src/install/turtlesim_plus_interfaces/include/turtlesim_plus_interfaces/turtlesim_plus_interfaces/action/detail/get_data__rosidl_typesupport_introspection_c.h
[9.023s] -- Installing: /home/dragon/FRA502-LAB-66340500051/src/install/turtlesim_plus_interfaces/include/turtlesim_plus_interfaces/turtlesim_plus_interfaces/action/detail/get_data__type_support.c
[9.024s] -- Installing: /home/dragon/FRA502-LAB-66340500051/src/install/turtlesim_plus_interfaces/lib/libturtlesim_plus_interfaces__rosidl_typesupport_introspection_c.so
[9.024s] -- Set runtime path of "/home/dragon/FRA502-LAB-66340500051/src/install/turtlesim_plus_interfaces/lib/libturtlesim_plus_interfaces__rosidl_typesupport_introspection_c.so" to ""
[9.024s] -- Installing: /home/dragon/FRA502-LAB-66340500051/src/install/turtlesim_plus_interfaces/lib/libturtlesim_plus_interfaces__rosidl_typesupport_c.so
[9.025s] -- Set runtime path of "/home/dragon/FRA502-LAB-66340500051/src/install/turtlesim_plus_interfaces/lib/libturtlesim_plus_interfaces__rosidl_typesupport_c.so" to ""
[9.025s] -- Up-to-date: /home/dragon/FRA502-LAB-66340500051/src/install/turtlesim_plus_interfaces/include/turtlesim_plus_interfaces/turtlesim_plus_interfaces
[9.025s] -- Up-to-date: /home/dragon/FRA502-LAB-66340500051/src/install/turtlesim_plus_interfaces/include/turtlesim_plus_interfaces/turtlesim_plus_interfaces/msg
[9.025s] -- Up-to-date: /home/dragon/FRA502-LAB-66340500051/src/install/turtlesim_plus_interfaces/include/turtlesim_plus_interfaces/turtlesim_plus_interfaces/msg/detail
[9.026s] -- Installing: /home/dragon/FRA502-LAB-66340500051/src/install/turtlesim_plus_interfaces/include/turtlesim_plus_interfaces/turtlesim_plus_interfaces/msg/detail/scanner_data_array__traits.hpp
[9.026s] -- Installing: /home/dragon/FRA502-LAB-66340500051/src/install/turtlesim_plus_interfaces/include/turtlesim_plus_interfaces/turtlesim_plus_interfaces/msg/detail/scanner_data__struct.hpp
[9.026s] -- Installing: /home/dragon/FRA502-LAB-66340500051/src/install/turtlesim_plus_interfaces/include/turtlesim_plus_interfaces/turtlesim_plus_interfaces/msg/detail/scanner_data__traits.hpp
[9.026s] -- Installing: /home/dragon/FRA502-LAB-66340500051/src/install/turtlesim_plus_interfaces/include/turtlesim_plus_interfaces/turtlesim_plus_interfaces/msg/detail/scanner_data_array__builder.hpp
[9.026s] -- Installing: /home/dragon/FRA502-LAB-66340500051/src/install/turtlesim_plus_interfaces/include/turtlesim_plus_interfaces/turtlesim_plus_interfaces/msg/detail/scanner_data_array__type_support.hpp
[9.026s] -- Installing: /home/dragon/FRA502-LAB-66340500051/src/install/turtlesim_plus_interfaces/include/turtlesim_plus_interfaces/turtlesim_plus_interfaces/msg/detail/scanner_data__type_support.hpp
[9.026s] -- Installing: /home/dragon/FRA502-LAB-66340500051/src/install/turtlesim_plus_interfaces/include/turtlesim_plus_interfaces/turtlesim_plus_interfaces/msg/detail/scanner_data__builder.hpp
[9.026s] -- Installing: /home/dragon/FRA502-LAB-66340500051/src/install/turtlesim_plus_interfaces/include/turtlesim_plus_interfaces/turtlesim_plus_interfaces/msg/detail/scanner_data_array__struct.hpp
[9.026s] -- Installing: /home/dragon/FRA502-LAB-66340500051/src/install/turtlesim_plus_interfaces/include/turtlesim_plus_interfaces/turtlesim_plus_interfaces/msg/scanner_data.hpp
[9.026s] -- Installing: /home/dragon/FRA502-LAB-66340500051/src/install/turtlesim_plus_interfaces/include/turtlesim_plus_interfaces/turtlesim_plus_interfaces/msg/rosidl_generator_cpp__visibility_control.hpp
[9.026s] -- Installing: /home/dragon/FRA502-LAB-66340500051/src/install/turtlesim_plus_interfaces/include/turtlesim_plus_interfaces/turtlesim_plus_interfaces/msg/scanner_data_array.hpp
[9.027s] -- Up-to-date: /home/dragon/FRA502-LAB-66340500051/src/install/turtlesim_plus_interfaces/include/turtlesim_plus_interfaces/turtlesim_plus_interfaces/srv
[9.027s] -- Up-to-date: /home/dragon/FRA502-LAB-66340500051/src/install/turtlesim_plus_interfaces/include/turtlesim_plus_interfaces/turtlesim_plus_interfaces/srv/detail
[9.027s] -- Installing: /home/dragon/FRA502-LAB-66340500051/src/install/turtlesim_plus_interfaces/include/turtlesim_plus_interfaces/turtlesim_plus_interfaces/srv/detail/give_position__type_support.hpp
[9.027s] -- Installing: /home/dragon/FRA502-LAB-66340500051/src/install/turtlesim_plus_interfaces/include/turtlesim_plus_interfaces/turtlesim_plus_interfaces/srv/detail/give_position__traits.hpp
[9.027s] -- Installing: /home/dragon/FRA502-LAB-66340500051/src/install/turtlesim_plus_interfaces/include/turtlesim_plus_interfaces/turtlesim_plus_interfaces/srv/detail/give_position__builder.hpp
[9.027s] -- Installing: /home/dragon/FRA502-LAB-66340500051/src/install/turtlesim_plus_interfaces/include/turtlesim_plus_interfaces/turtlesim_plus_interfaces/srv/detail/give_position__struct.hpp
[9.027s] -- Installing: /home/dragon/FRA502-LAB-66340500051/src/install/turtlesim_plus_interfaces/include/turtlesim_plus_interfaces/turtlesim_plus_interfaces/srv/give_position.hpp
[9.028s] -- Up-to-date: /home/dragon/FRA502-LAB-66340500051/src/install/turtlesim_plus_interfaces/include/turtlesim_plus_interfaces/turtlesim_plus_interfaces/action
[9.028s] -- Up-to-date: /home/dragon/FRA502-LAB-66340500051/src/install/turtlesim_plus_interfaces/include/turtlesim_plus_interfaces/turtlesim_plus_interfaces/action/detail
[9.028s] -- Installing: /home/dragon/FRA502-LAB-66340500051/src/install/turtlesim_plus_interfaces/include/turtlesim_plus_interfaces/turtlesim_plus_interfaces/action/detail/get_data__builder.hpp
[9.028s] -- Installing: /home/dragon/FRA502-LAB-66340500051/src/install/turtlesim_plus_interfaces/include/turtlesim_plus_interfaces/turtlesim_plus_interfaces/action/detail/get_data__struct.hpp
[9.028s] -- Installing: /home/dragon/FRA502-LAB-66340500051/src/install/turtlesim_plus_interfaces/include/turtlesim_plus_interfaces/turtlesim_plus_interfaces/action/detail/get_data__type_support.hpp
[9.028s] -- Installing: /home/dragon/FRA502-LAB-66340500051/src/install/turtlesim_plus_interfaces/include/turtlesim_plus_interfaces/turtlesim_plus_interfaces/action/detail/get_data__traits.hpp
[9.028s] -- Installing: /home/dragon/FRA502-LAB-66340500051/src/install/turtlesim_plus_interfaces/include/turtlesim_plus_interfaces/turtlesim_plus_interfaces/action/get_data.hpp
[9.029s] -- Up-to-date: /home/dragon/FRA502-LAB-66340500051/src/install/turtlesim_plus_interfaces/include/turtlesim_plus_interfaces/turtlesim_plus_interfaces
[9.029s] -- Up-to-date: /home/dragon/FRA502-LAB-66340500051/src/install/turtlesim_plus_interfaces/include/turtlesim_plus_interfaces/turtlesim_plus_interfaces/msg
[9.029s] -- Installing: /home/dragon/FRA502-LAB-66340500051/src/install/turtlesim_plus_interfaces/include/turtlesim_plus_interfaces/turtlesim_plus_interfaces/msg/rosidl_typesupport_fastrtps_cpp__visibility_control.h
[9.029s] -- Up-to-date: /home/dragon/FRA502-LAB-66340500051/src/install/turtlesim_plus_interfaces/include/turtlesim_plus_interfaces/turtlesim_plus_interfaces/msg/detail
[9.029s] -- Installing: /home/dragon/FRA502-LAB-66340500051/src/install/turtlesim_plus_interfaces/include/turtlesim_plus_interfaces/turtlesim_plus_interfaces/msg/detail/scanner_data__rosidl_typesupport_fastrtps_cpp.hpp
[9.029s] -- Installing: /home/dragon/FRA502-LAB-66340500051/src/install/turtlesim_plus_interfaces/include/turtlesim_plus_interfaces/turtlesim_plus_interfaces/msg/detail/dds_fastrtps
[9.029s] -- Installing: /home/dragon/FRA502-LAB-66340500051/src/install/turtlesim_plus_interfaces/include/turtlesim_plus_interfaces/turtlesim_plus_interfaces/msg/detail/scanner_data_array__rosidl_typesupport_fastrtps_cpp.hpp
[9.029s] -- Up-to-date: /home/dragon/FRA502-LAB-66340500051/src/install/turtlesim_plus_interfaces/include/turtlesim_plus_interfaces/turtlesim_plus_interfaces/srv
[9.029s] -- Up-to-date: /home/dragon/FRA502-LAB-66340500051/src/install/turtlesim_plus_interfaces/include/turtlesim_plus_interfaces/turtlesim_plus_interfaces/srv/detail
[9.029s] -- Installing: /home/dragon/FRA502-LAB-66340500051/src/install/turtlesim_plus_interfaces/include/turtlesim_plus_interfaces/turtlesim_plus_interfaces/srv/detail/dds_fastrtps
[9.030s] -- Installing: /home/dragon/FRA502-LAB-66340500051/src/install/turtlesim_plus_interfaces/include/turtlesim_plus_interfaces/turtlesim_plus_interfaces/srv/detail/give_position__rosidl_typesupport_fastrtps_cpp.hpp
[9.030s] -- Up-to-date: /home/dragon/FRA502-LAB-66340500051/src/install/turtlesim_plus_interfaces/include/turtlesim_plus_interfaces/turtlesim_plus_interfaces/action
[9.030s] -- Up-to-date: /home/dragon/FRA502-LAB-66340500051/src/install/turtlesim_plus_interfaces/include/turtlesim_plus_interfaces/turtlesim_plus_interfaces/action/detail
[9.030s] -- Installing: /home/dragon/FRA502-LAB-66340500051/src/install/turtlesim_plus_interfaces/include/turtlesim_plus_interfaces/turtlesim_plus_interfaces/action/detail/dds_fastrtps
[9.030s] -- Installing: /home/dragon/FRA502-LAB-66340500051/src/install/turtlesim_plus_interfaces/include/turtlesim_plus_interfaces/turtlesim_plus_interfaces/action/detail/get_data__rosidl_typesupport_fastrtps_cpp.hpp
[9.030s] -- Installing: /home/dragon/FRA502-LAB-66340500051/src/install/turtlesim_plus_interfaces/lib/libturtlesim_plus_interfaces__rosidl_typesupport_fastrtps_cpp.so
[9.031s] -- Set runtime path of "/home/dragon/FRA502-LAB-66340500051/src/install/turtlesim_plus_interfaces/lib/libturtlesim_plus_interfaces__rosidl_typesupport_fastrtps_cpp.so" to ""
[9.031s] -- Up-to-date: /home/dragon/FRA502-LAB-66340500051/src/install/turtlesim_plus_interfaces/include/turtlesim_plus_interfaces/turtlesim_plus_interfaces
[9.031s] -- Up-to-date: /home/dragon/FRA502-LAB-66340500051/src/install/turtlesim_plus_interfaces/include/turtlesim_plus_interfaces/turtlesim_plus_interfaces/msg
[9.031s] -- Up-to-date: /home/dragon/FRA502-LAB-66340500051/src/install/turtlesim_plus_interfaces/include/turtlesim_plus_interfaces/turtlesim_plus_interfaces/msg/detail
[9.031s] -- Installing: /home/dragon/FRA502-LAB-66340500051/src/install/turtlesim_plus_interfaces/include/turtlesim_plus_interfaces/turtlesim_plus_interfaces/msg/detail/scanner_data__rosidl_typesupport_introspection_cpp.hpp
[9.031s] -- Installing: /home/dragon/FRA502-LAB-66340500051/src/install/turtlesim_plus_interfaces/include/turtlesim_plus_interfaces/turtlesim_plus_interfaces/msg/detail/scanner_data__type_support.cpp
[9.031s] -- Installing: /home/dragon/FRA502-LAB-66340500051/src/install/turtlesim_plus_interfaces/include/turtlesim_plus_interfaces/turtlesim_plus_interfaces/msg/detail/scanner_data_array__rosidl_typesupport_introspection_cpp.hpp
[9.031s] -- Installing: /home/dragon/FRA502-LAB-66340500051/src/install/turtlesim_plus_interfaces/include/turtlesim_plus_interfaces/turtlesim_plus_interfaces/msg/detail/scanner_data_array__type_support.cpp
[9.031s] -- Up-to-date: /home/dragon/FRA502-LAB-66340500051/src/install/turtlesim_plus_interfaces/include/turtlesim_plus_interfaces/turtlesim_plus_interfaces/srv
[9.031s] -- Up-to-date: /home/dragon/FRA502-LAB-66340500051/src/install/turtlesim_plus_interfaces/include/turtlesim_plus_interfaces/turtlesim_plus_interfaces/srv/detail
[9.032s] -- Installing: /home/dragon/FRA502-LAB-66340500051/src/install/turtlesim_plus_interfaces/include/turtlesim_plus_interfaces/turtlesim_plus_interfaces/srv/detail/give_position__type_support.cpp
[9.032s] -- Installing: /home/dragon/FRA502-LAB-66340500051/src/install/turtlesim_plus_interfaces/include/turtlesim_plus_interfaces/turtlesim_plus_interfaces/srv/detail/give_position__rosidl_typesupport_introspection_cpp.hpp
[9.032s] -- Up-to-date: /home/dragon/FRA502-LAB-66340500051/src/install/turtlesim_plus_interfaces/include/turtlesim_plus_interfaces/turtlesim_plus_interfaces/action
[9.032s] -- Up-to-date: /home/dragon/FRA502-LAB-66340500051/src/install/turtlesim_plus_interfaces/include/turtlesim_plus_interfaces/turtlesim_plus_interfaces/action/detail
[9.032s] -- Installing: /home/dragon/FRA502-LAB-66340500051/src/install/turtlesim_plus_interfaces/include/turtlesim_plus_interfaces/turtlesim_plus_interfaces/action/detail/get_data__rosidl_typesupport_introspection_cpp.hpp
[9.032s] -- Installing: /home/dragon/FRA502-LAB-66340500051/src/install/turtlesim_plus_interfaces/include/turtlesim_plus_interfaces/turtlesim_plus_interfaces/action/detail/get_data__type_support.cpp
[9.032s] -- Installing: /home/dragon/FRA502-LAB-66340500051/src/install/turtlesim_plus_interfaces/lib/libturtlesim_plus_interfaces__rosidl_typesupport_introspection_cpp.so
[9.033s] -- Set runtime path of "/home/dragon/FRA502-LAB-66340500051/src/install/turtlesim_plus_interfaces/lib/libturtlesim_plus_interfaces__rosidl_typesupport_introspection_cpp.so" to ""
[9.033s] -- Installing: /home/dragon/FRA502-LAB-66340500051/src/install/turtlesim_plus_interfaces/lib/libturtlesim_plus_interfaces__rosidl_typesupport_cpp.so
[9.033s] -- Set runtime path of "/home/dragon/FRA502-LAB-66340500051/src/install/turtlesim_plus_interfaces/lib/libturtlesim_plus_interfaces__rosidl_typesupport_cpp.so" to ""
[9.033s] -- Installing: /home/dragon/FRA502-LAB-66340500051/src/install/turtlesim_plus_interfaces/share/turtlesim_plus_interfaces/environment/pythonpath.sh
[9.034s] -- Installing: /home/dragon/FRA502-LAB-66340500051/src/install/turtlesim_plus_interfaces/share/turtlesim_plus_interfaces/environment/pythonpath.dsv
[9.034s] -- Installing: /home/dragon/FRA502-LAB-66340500051/src/install/turtlesim_plus_interfaces/local/lib/python3.10/dist-packages/turtlesim_plus_interfaces-0.0.0-py3.10.egg-info
[9.034s] -- Installing: /home/dragon/FRA502-LAB-66340500051/src/install/turtlesim_plus_interfaces/local/lib/python3.10/dist-packages/turtlesim_plus_interfaces-0.0.0-py3.10.egg-info/PKG-INFO
[9.034s] -- Installing: /home/dragon/FRA502-LAB-66340500051/src/install/turtlesim_plus_interfaces/local/lib/python3.10/dist-packages/turtlesim_plus_interfaces-0.0.0-py3.10.egg-info/top_level.txt
[9.034s] -- Installing: /home/dragon/FRA502-LAB-66340500051/src/install/turtlesim_plus_interfaces/local/lib/python3.10/dist-packages/turtlesim_plus_interfaces-0.0.0-py3.10.egg-info/dependency_links.txt
[9.034s] -- Installing: /home/dragon/FRA502-LAB-66340500051/src/install/turtlesim_plus_interfaces/local/lib/python3.10/dist-packages/turtlesim_plus_interfaces-0.0.0-py3.10.egg-info/SOURCES.txt
[9.035s] -- Installing: /home/dragon/FRA502-LAB-66340500051/src/install/turtlesim_plus_interfaces/local/lib/python3.10/dist-packages/turtlesim_plus_interfaces
[9.035s] -- Installing: /home/dragon/FRA502-LAB-66340500051/src/install/turtlesim_plus_interfaces/local/lib/python3.10/dist-packages/turtlesim_plus_interfaces/turtlesim_plus_interfaces_s__rosidl_typesupport_introspection_c.cpython-310-x86_64-linux-gnu.so
[9.035s] -- Installing: /home/dragon/FRA502-LAB-66340500051/src/install/turtlesim_plus_interfaces/local/lib/python3.10/dist-packages/turtlesim_plus_interfaces/_turtlesim_plus_interfaces_s.ep.rosidl_typesupport_c.c
[9.035s] -- Installing: /home/dragon/FRA502-LAB-66340500051/src/install/turtlesim_plus_interfaces/local/lib/python3.10/dist-packages/turtlesim_plus_interfaces/_turtlesim_plus_interfaces_s.ep.rosidl_typesupport_fastrtps_c.c
[9.035s] -- Installing: /home/dragon/FRA502-LAB-66340500051/src/install/turtlesim_plus_interfaces/local/lib/python3.10/dist-packages/turtlesim_plus_interfaces/_turtlesim_plus_interfaces_s.ep.rosidl_typesupport_introspection_c.c
[9.035s] -- Installing: /home/dragon/FRA502-LAB-66340500051/src/install/turtlesim_plus_interfaces/local/lib/python3.10/dist-packages/turtlesim_plus_interfaces/msg
[9.035s] -- Installing: /home/dragon/FRA502-LAB-66340500051/src/install/turtlesim_plus_interfaces/local/lib/python3.10/dist-packages/turtlesim_plus_interfaces/msg/_scanner_data.py
[9.036s] -- Installing: /home/dragon/FRA502-LAB-66340500051/src/install/turtlesim_plus_interfaces/local/lib/python3.10/dist-packages/turtlesim_plus_interfaces/msg/_scanner_data_s.c
[9.036s] -- Installing: /home/dragon/FRA502-LAB-66340500051/src/install/turtlesim_plus_interfaces/local/lib/python3.10/dist-packages/turtlesim_plus_interfaces/msg/_scanner_data_array_s.c
[9.036s] -- Installing: /home/dragon/FRA502-LAB-66340500051/src/install/turtlesim_plus_interfaces/local/lib/python3.10/dist-packages/turtlesim_plus_interfaces/msg/__init__.py
[9.036s] -- Installing: /home/dragon/FRA502-LAB-66340500051/src/install/turtlesim_plus_interfaces/local/lib/python3.10/dist-packages/turtlesim_plus_interfaces/msg/_scanner_data_array.py
[9.036s] -- Installing: /home/dragon/FRA502-LAB-66340500051/src/install/turtlesim_plus_interfaces/local/lib/python3.10/dist-packages/turtlesim_plus_interfaces/turtlesim_plus_interfaces_s__rosidl_typesupport_fastrtps_c.cpython-310-x86_64-linux-gnu.so
[9.036s] -- Installing: /home/dragon/FRA502-LAB-66340500051/src/install/turtlesim_plus_interfaces/local/lib/python3.10/dist-packages/turtlesim_plus_interfaces/libturtlesim_plus_interfaces__rosidl_generator_py.so
[9.037s] -- Installing: /home/dragon/FRA502-LAB-66340500051/src/install/turtlesim_plus_interfaces/local/lib/python3.10/dist-packages/turtlesim_plus_interfaces/turtlesim_plus_interfaces_s__rosidl_typesupport_c.cpython-310-x86_64-linux-gnu.so
[9.037s] -- Installing: /home/dragon/FRA502-LAB-66340500051/src/install/turtlesim_plus_interfaces/local/lib/python3.10/dist-packages/turtlesim_plus_interfaces/__init__.py
[9.037s] -- Installing: /home/dragon/FRA502-LAB-66340500051/src/install/turtlesim_plus_interfaces/local/lib/python3.10/dist-packages/turtlesim_plus_interfaces/srv
[9.037s] -- Installing: /home/dragon/FRA502-LAB-66340500051/src/install/turtlesim_plus_interfaces/local/lib/python3.10/dist-packages/turtlesim_plus_interfaces/srv/_give_position.py
[9.037s] -- Installing: /home/dragon/FRA502-LAB-66340500051/src/install/turtlesim_plus_interfaces/local/lib/python3.10/dist-packages/turtlesim_plus_interfaces/srv/_give_position_s.c
[9.037s] -- Installing: /home/dragon/FRA502-LAB-66340500051/src/install/turtlesim_plus_interfaces/local/lib/python3.10/dist-packages/turtlesim_plus_interfaces/srv/__init__.py
[9.037s] -- Installing: /home/dragon/FRA502-LAB-66340500051/src/install/turtlesim_plus_interfaces/local/lib/python3.10/dist-packages/turtlesim_plus_interfaces/action
[9.037s] -- Installing: /home/dragon/FRA502-LAB-66340500051/src/install/turtlesim_plus_interfaces/local/lib/python3.10/dist-packages/turtlesim_plus_interfaces/action/_get_data_s.c
[9.037s] -- Installing: /home/dragon/FRA502-LAB-66340500051/src/install/turtlesim_plus_interfaces/local/lib/python3.10/dist-packages/turtlesim_plus_interfaces/action/_get_data.py
[9.038s] -- Installing: /home/dragon/FRA502-LAB-66340500051/src/install/turtlesim_plus_interfaces/local/lib/python3.10/dist-packages/turtlesim_plus_interfaces/action/__init__.py
[9.087s] Listing '/home/dragon/FRA502-LAB-66340500051/src/install/turtlesim_plus_interfaces/local/lib/python3.10/dist-packages/turtlesim_plus_interfaces'...
[9.087s] Compiling '/home/dragon/FRA502-LAB-66340500051/src/install/turtlesim_plus_interfaces/local/lib/python3.10/dist-packages/turtlesim_plus_interfaces/__init__.py'...
[9.087s] Listing '/home/dragon/FRA502-LAB-66340500051/src/install/turtlesim_plus_interfaces/local/lib/python3.10/dist-packages/turtlesim_plus_interfaces/action'...
[9.087s] Compiling '/home/dragon/FRA502-LAB-66340500051/src/install/turtlesim_plus_interfaces/local/lib/python3.10/dist-packages/turtlesim_plus_interfaces/action/__init__.py'...
[9.088s] Compiling '/home/dragon/FRA502-LAB-66340500051/src/install/turtlesim_plus_interfaces/local/lib/python3.10/dist-packages/turtlesim_plus_interfaces/action/_get_data.py'...
[9.088s] Listing '/home/dragon/FRA502-LAB-66340500051/src/install/turtlesim_plus_interfaces/local/lib/python3.10/dist-packages/turtlesim_plus_interfaces/msg'...
[9.088s] Compiling '/home/dragon/FRA502-LAB-66340500051/src/install/turtlesim_plus_interfaces/local/lib/python3.10/dist-packages/turtlesim_plus_interfaces/msg/__init__.py'...
[9.088s] Compiling '/home/dragon/FRA502-LAB-66340500051/src/install/turtlesim_plus_interfaces/local/lib/python3.10/dist-packages/turtlesim_plus_interfaces/msg/_scanner_data.py'...
[9.088s] Compiling '/home/dragon/FRA502-LAB-66340500051/src/install/turtlesim_plus_interfaces/local/lib/python3.10/dist-packages/turtlesim_plus_interfaces/msg/_scanner_data_array.py'...
[9.088s] Listing '/home/dragon/FRA502-LAB-66340500051/src/install/turtlesim_plus_interfaces/local/lib/python3.10/dist-packages/turtlesim_plus_interfaces/srv'...
[9.088s] Compiling '/home/dragon/FRA502-LAB-66340500051/src/install/turtlesim_plus_interfaces/local/lib/python3.10/dist-packages/turtlesim_plus_interfaces/srv/__init__.py'...
[9.088s] Compiling '/home/dragon/FRA502-LAB-66340500051/src/install/turtlesim_plus_interfaces/local/lib/python3.10/dist-packages/turtlesim_plus_interfaces/srv/_give_position.py'...
[9.093s] -- Installing: /home/dragon/FRA502-LAB-66340500051/src/install/turtlesim_plus_interfaces/local/lib/python3.10/dist-packages/turtlesim_plus_interfaces/turtlesim_plus_interfaces_s__rosidl_typesupport_fastrtps_c.cpython-310-x86_64-linux-gnu.so
[9.093s] -- Set runtime path of "/home/dragon/FRA502-LAB-66340500051/src/install/turtlesim_plus_interfaces/local/lib/python3.10/dist-packages/turtlesim_plus_interfaces/turtlesim_plus_interfaces_s__rosidl_typesupport_fastrtps_c.cpython-310-x86_64-linux-gnu.so" to ""
[9.093s] -- Installing: /home/dragon/FRA502-LAB-66340500051/src/install/turtlesim_plus_interfaces/local/lib/python3.10/dist-packages/turtlesim_plus_interfaces/turtlesim_plus_interfaces_s__rosidl_typesupport_introspection_c.cpython-310-x86_64-linux-gnu.so
[9.094s] -- Set runtime path of "/home/dragon/FRA502-LAB-66340500051/src/install/turtlesim_plus_interfaces/local/lib/python3.10/dist-packages/turtlesim_plus_interfaces/turtlesim_plus_interfaces_s__rosidl_typesupport_introspection_c.cpython-310-x86_64-linux-gnu.so" to ""
[9.094s] -- Installing: /home/dragon/FRA502-LAB-66340500051/src/install/turtlesim_plus_interfaces/local/lib/python3.10/dist-packages/turtlesim_plus_interfaces/turtlesim_plus_interfaces_s__rosidl_typesupport_c.cpython-310-x86_64-linux-gnu.so
[9.095s] -- Set runtime path of "/home/dragon/FRA502-LAB-66340500051/src/install/turtlesim_plus_interfaces/local/lib/python3.10/dist-packages/turtlesim_plus_interfaces/turtlesim_plus_interfaces_s__rosidl_typesupport_c.cpython-310-x86_64-linux-gnu.so" to ""
[9.095s] -- Installing: /home/dragon/FRA502-LAB-66340500051/src/install/turtlesim_plus_interfaces/lib/libturtlesim_plus_interfaces__rosidl_generator_py.so
[9.096s] -- Set runtime path of "/home/dragon/FRA502-LAB-66340500051/src/install/turtlesim_plus_interfaces/lib/libturtlesim_plus_interfaces__rosidl_generator_py.so" to ""
[9.096s] -- Installing: /home/dragon/FRA502-LAB-66340500051/src/install/turtlesim_plus_interfaces/share/turtlesim_plus_interfaces/msg/ScannerData.idl
[9.096s] -- Installing: /home/dragon/FRA502-LAB-66340500051/src/install/turtlesim_plus_interfaces/share/turtlesim_plus_interfaces/msg/ScannerDataArray.idl
[9.096s] -- Installing: /home/dragon/FRA502-LAB-66340500051/src/install/turtlesim_plus_interfaces/share/turtlesim_plus_interfaces/srv/GivePosition.idl
[9.097s] -- Installing: /home/dragon/FRA502-LAB-66340500051/src/install/turtlesim_plus_interfaces/share/turtlesim_plus_interfaces/action/GetData.idl
[9.097s] -- Installing: /home/dragon/FRA502-LAB-66340500051/src/install/turtlesim_plus_interfaces/share/turtlesim_plus_interfaces/msg/ScannerData.msg
[9.097s] -- Installing: /home/dragon/FRA502-LAB-66340500051/src/install/turtlesim_plus_interfaces/share/turtlesim_plus_interfaces/msg/ScannerDataArray.msg
[9.097s] -- Installing: /home/dragon/FRA502-LAB-66340500051/src/install/turtlesim_plus_interfaces/share/turtlesim_plus_interfaces/srv/GivePosition.srv
[9.097s] -- Installing: /home/dragon/FRA502-LAB-66340500051/src/install/turtlesim_plus_interfaces/share/turtlesim_plus_interfaces/srv/GivePosition_Request.msg
[9.097s] -- Installing: /home/dragon/FRA502-LAB-66340500051/src/install/turtlesim_plus_interfaces/share/turtlesim_plus_interfaces/srv/GivePosition_Response.msg
[9.097s] -- Installing: /home/dragon/FRA502-LAB-66340500051/src/install/turtlesim_plus_interfaces/share/turtlesim_plus_interfaces/action/GetData.action
[9.098s] -- Installing: /home/dragon/FRA502-LAB-66340500051/src/install/turtlesim_plus_interfaces/share/ament_index/resource_index/package_run_dependencies/turtlesim_plus_interfaces
[9.098s] -- Installing: /home/dragon/FRA502-LAB-66340500051/src/install/turtlesim_plus_interfaces/share/ament_index/resource_index/parent_prefix_path/turtlesim_plus_interfaces
[9.098s] -- Installing: /home/dragon/FRA502-LAB-66340500051/src/install/turtlesim_plus_interfaces/share/turtlesim_plus_interfaces/environment/ament_prefix_path.sh
[9.098s] -- Installing: /home/dragon/FRA502-LAB-66340500051/src/install/turtlesim_plus_interfaces/share/turtlesim_plus_interfaces/environment/ament_prefix_path.dsv
[9.099s] -- Installing: /home/dragon/FRA502-LAB-66340500051/src/install/turtlesim_plus_interfaces/share/turtlesim_plus_interfaces/environment/path.sh
[9.099s] -- Installing: /home/dragon/FRA502-LAB-66340500051/src/install/turtlesim_plus_interfaces/share/turtlesim_plus_interfaces/environment/path.dsv
[9.099s] -- Installing: /home/dragon/FRA502-LAB-66340500051/src/install/turtlesim_plus_interfaces/share/turtlesim_plus_interfaces/local_setup.bash
[9.099s] -- Installing: /home/dragon/FRA502-LAB-66340500051/src/install/turtlesim_plus_interfaces/share/turtlesim_plus_interfaces/local_setup.sh
[9.100s] -- Installing: /home/dragon/FRA502-LAB-66340500051/src/install/turtlesim_plus_interfaces/share/turtlesim_plus_interfaces/local_setup.zsh
[9.100s] -- Installing: /home/dragon/FRA502-LAB-66340500051/src/install/turtlesim_plus_interfaces/share/turtlesim_plus_interfaces/local_setup.dsv
[9.100s] -- Installing: /home/dragon/FRA502-LAB-66340500051/src/install/turtlesim_plus_interfaces/share/turtlesim_plus_interfaces/package.dsv
[9.100s] -- Installing: /home/dragon/FRA502-LAB-66340500051/src/install/turtlesim_plus_interfaces/share/ament_index/resource_index/packages/turtlesim_plus_interfaces
[9.100s] -- Installing: /home/dragon/FRA502-LAB-66340500051/src/install/turtlesim_plus_interfaces/share/turtlesim_plus_interfaces/cmake/export_turtlesim_plus_interfaces__rosidl_generator_cExport.cmake
[9.101s] -- Installing: /home/dragon/FRA502-LAB-66340500051/src/install/turtlesim_plus_interfaces/share/turtlesim_plus_interfaces/cmake/export_turtlesim_plus_interfaces__rosidl_generator_cExport-noconfig.cmake
[9.101s] -- Installing: /home/dragon/FRA502-LAB-66340500051/src/install/turtlesim_plus_interfaces/share/turtlesim_plus_interfaces/cmake/export_turtlesim_plus_interfaces__rosidl_typesupport_fastrtps_cExport.cmake
[9.101s] -- Installing: /home/dragon/FRA502-LAB-66340500051/src/install/turtlesim_plus_interfaces/share/turtlesim_plus_interfaces/cmake/export_turtlesim_plus_interfaces__rosidl_typesupport_fastrtps_cExport-noconfig.cmake
[9.101s] -- Installing: /home/dragon/FRA502-LAB-66340500051/src/install/turtlesim_plus_interfaces/share/turtlesim_plus_interfaces/cmake/turtlesim_plus_interfaces__rosidl_typesupport_introspection_cExport.cmake
[9.102s] -- Installing: /home/dragon/FRA502-LAB-66340500051/src/install/turtlesim_plus_interfaces/share/turtlesim_plus_interfaces/cmake/turtlesim_plus_interfaces__rosidl_typesupport_introspection_cExport-noconfig.cmake
[9.102s] -- Installing: /home/dragon/FRA502-LAB-66340500051/src/install/turtlesim_plus_interfaces/share/turtlesim_plus_interfaces/cmake/turtlesim_plus_interfaces__rosidl_typesupport_cExport.cmake
[9.102s] -- Installing: /home/dragon/FRA502-LAB-66340500051/src/install/turtlesim_plus_interfaces/share/turtlesim_plus_interfaces/cmake/turtlesim_plus_interfaces__rosidl_typesupport_cExport-noconfig.cmake
[9.102s] -- Installing: /home/dragon/FRA502-LAB-66340500051/src/install/turtlesim_plus_interfaces/share/turtlesim_plus_interfaces/cmake/export_turtlesim_plus_interfaces__rosidl_generator_cppExport.cmake
[9.103s] -- Installing: /home/dragon/FRA502-LAB-66340500051/src/install/turtlesim_plus_interfaces/share/turtlesim_plus_interfaces/cmake/export_turtlesim_plus_interfaces__rosidl_typesupport_fastrtps_cppExport.cmake
[9.103s] -- Installing: /home/dragon/FRA502-LAB-66340500051/src/install/turtlesim_plus_interfaces/share/turtlesim_plus_interfaces/cmake/export_turtlesim_plus_interfaces__rosidl_typesupport_fastrtps_cppExport-noconfig.cmake
[9.103s] -- Installing: /home/dragon/FRA502-LAB-66340500051/src/install/turtlesim_plus_interfaces/share/turtlesim_plus_interfaces/cmake/turtlesim_plus_interfaces__rosidl_typesupport_introspection_cppExport.cmake
[9.103s] -- Installing: /home/dragon/FRA502-LAB-66340500051/src/install/turtlesim_plus_interfaces/share/turtlesim_plus_interfaces/cmake/turtlesim_plus_interfaces__rosidl_typesupport_introspection_cppExport-noconfig.cmake
[9.103s] -- Installing: /home/dragon/FRA502-LAB-66340500051/src/install/turtlesim_plus_interfaces/share/turtlesim_plus_interfaces/cmake/turtlesim_plus_interfaces__rosidl_typesupport_cppExport.cmake
[9.104s] -- Installing: /home/dragon/FRA502-LAB-66340500051/src/install/turtlesim_plus_interfaces/share/turtlesim_plus_interfaces/cmake/turtlesim_plus_interfaces__rosidl_typesupport_cppExport-noconfig.cmake
[9.104s] -- Installing: /home/dragon/FRA502-LAB-66340500051/src/install/turtlesim_plus_interfaces/share/turtlesim_plus_interfaces/cmake/export_turtlesim_plus_interfaces__rosidl_generator_pyExport.cmake
[9.104s] -- Installing: /home/dragon/FRA502-LAB-66340500051/src/install/turtlesim_plus_interfaces/share/turtlesim_plus_interfaces/cmake/export_turtlesim_plus_interfaces__rosidl_generator_pyExport-noconfig.cmake
[9.104s] -- Installing: /home/dragon/FRA502-LAB-66340500051/src/install/turtlesim_plus_interfaces/share/turtlesim_plus_interfaces/cmake/rosidl_cmake-extras.cmake
[9.104s] -- Installing: /home/dragon/FRA502-LAB-66340500051/src/install/turtlesim_plus_interfaces/share/turtlesim_plus_interfaces/cmake/ament_cmake_export_dependencies-extras.cmake
[9.105s] -- Installing: /home/dragon/FRA502-LAB-66340500051/src/install/turtlesim_plus_interfaces/share/turtlesim_plus_interfaces/cmake/ament_cmake_export_include_directories-extras.cmake
[9.105s] -- Installing: /home/dragon/FRA502-LAB-66340500051/src/install/turtlesim_plus_interfaces/share/turtlesim_plus_interfaces/cmake/ament_cmake_export_libraries-extras.cmake
[9.105s] -- Installing: /home/dragon/FRA502-LAB-66340500051/src/install/turtlesim_plus_interfaces/share/turtlesim_plus_interfaces/cmake/ament_cmake_export_targets-extras.cmake
[9.105s] -- Installing: /home/dragon/FRA502-LAB-66340500051/src/install/turtlesim_plus_interfaces/share/turtlesim_plus_interfaces/cmake/rosidl_cmake_export_typesupport_targets-extras.cmake
[9.107s] -- Installing: /home/dragon/FRA502-LAB-66340500051/src/install/turtlesim_plus_interfaces/share/turtlesim_plus_interfaces/cmake/rosidl_cmake_export_typesupport_libraries-extras.cmake
[9.108s] -- Installing: /home/dragon/FRA502-LAB-66340500051/src/install/turtlesim_plus_interfaces/share/turtlesim_plus_interfaces/cmake/turtlesim_plus_interfacesConfig.cmake
[9.108s] -- Installing: /home/dragon/FRA502-LAB-66340500051/src/install/turtlesim_plus_interfaces/share/turtlesim_plus_interfaces/cmake/turtlesim_plus_interfacesConfig-version.cmake
[9.108s] -- Installing: /home/dragon/FRA502-LAB-66340500051/src/install/turtlesim_plus_interfaces/share/turtlesim_plus_interfaces/package.xml
[9.111s] Invoked command in '/home/dragon/FRA502-LAB-66340500051/src/build/turtlesim_plus_interfaces' returned '0': CMAKE_PREFIX_PATH=${CMAKE_PREFIX_PATH}:/opt/ros/humble /usr/bin/cmake --install /home/dragon/FRA502-LAB-66340500051/src/build/turtlesim_plus_interfaces
