[0.024s] Invoking command in '/home/dragon/FRA502-LAB-66340500051/build/turtlesim_plus': CMAKE_PREFIX_PATH=${CMAKE_PREFIX_PATH}:/opt/ros/humble /usr/bin/cmake --build /home/dragon/FRA502-LAB-66340500051/build/turtlesim_plus -- -j4 -l4
[0.134s] Built target ament_cmake_python_copy_turtlesim_plus
[0.542s] running egg_info
[0.542s] writing turtlesim_plus.egg-info/PKG-INFO
[0.542s] writing dependency_links to turtlesim_plus.egg-info/dependency_links.txt
[0.542s] writing top-level names to turtlesim_plus.egg-info/top_level.txt
[0.547s] reading manifest file 'turtlesim_plus.egg-info/SOURCES.txt'
[0.548s] writing manifest file 'turtlesim_plus.egg-info/SOURCES.txt'
[0.617s] Built target ament_cmake_python_build_turtlesim_plus_egg
[0.641s] Invoked command in '/home/dragon/FRA502-LAB-66340500051/build/turtlesim_plus' returned '0': CMAKE_PREFIX_PATH=${CMAKE_PREFIX_PATH}:/opt/ros/humble /usr/bin/cmake --build /home/dragon/FRA502-LAB-66340500051/build/turtlesim_plus -- -j4 -l4
[0.642s] Invoking command in '/home/dragon/FRA502-LAB-66340500051/build/turtlesim_plus': CMAKE_PREFIX_PATH=${CMAKE_PREFIX_PATH}:/opt/ros/humble /usr/bin/cmake --install /home/dragon/FRA502-LAB-66340500051/build/turtlesim_plus
[0.659s] -- Install configuration: ""
[0.659s] -- Up-to-date: /home/dragon/FRA502-LAB-66340500051/install/turtlesim_plus/share/turtlesim_plus/environment/pythonpath.sh
[0.660s] -- Up-to-date: /home/dragon/FRA502-LAB-66340500051/install/turtlesim_plus/share/turtlesim_plus/environment/pythonpath.dsv
[0.660s] -- Up-to-date: /home/dragon/FRA502-LAB-66340500051/install/turtlesim_plus/local/lib/python3.10/dist-packages/turtlesim_plus-1.0.0-py3.10.egg-info
[0.660s] -- Installing: /home/dragon/FRA502-LAB-66340500051/install/turtlesim_plus/local/lib/python3.10/dist-packages/turtlesim_plus-1.0.0-py3.10.egg-info/PKG-INFO
[0.660s] -- Installing: /home/dragon/FRA502-LAB-66340500051/install/turtlesim_plus/local/lib/python3.10/dist-packages/turtlesim_plus-1.0.0-py3.10.egg-info/top_level.txt
[0.665s] -- Installing: /home/dragon/FRA502-LAB-66340500051/install/turtlesim_plus/local/lib/python3.10/dist-packages/turtlesim_plus-1.0.0-py3.10.egg-info/dependency_links.txt
[0.665s] -- Installing: /home/dragon/FRA502-LAB-66340500051/install/turtlesim_plus/local/lib/python3.10/dist-packages/turtlesim_plus-1.0.0-py3.10.egg-info/SOURCES.txt
[0.665s] -- Up-to-date: /home/dragon/FRA502-LAB-66340500051/install/turtlesim_plus/local/lib/python3.10/dist-packages/turtlesim_plus
[0.665s] -- Up-to-date: /home/dragon/FRA502-LAB-66340500051/install/turtlesim_plus/local/lib/python3.10/dist-packages/turtlesim_plus/image
[0.665s] -- Up-to-date: /home/dragon/FRA502-LAB-66340500051/install/turtlesim_plus/local/lib/python3.10/dist-packages/turtlesim_plus/image/object
[0.665s] -- Up-to-date: /home/dragon/FRA502-LAB-66340500051/install/turtlesim_plus/local/lib/python3.10/dist-packages/turtlesim_plus/image/object/parcel.png
[0.665s] -- Up-to-date: /home/dragon/FRA502-LAB-66340500051/install/turtlesim_plus/local/lib/python3.10/dist-packages/turtlesim_plus/image/object/pizza.png
[0.665s] -- Up-to-date: /home/dragon/FRA502-LAB-66340500051/install/turtlesim_plus/local/lib/python3.10/dist-packages/turtlesim_plus/image/map
[0.666s] -- Up-to-date: /home/dragon/FRA502-LAB-66340500051/install/turtlesim_plus/local/lib/python3.10/dist-packages/turtlesim_plus/image/map/map.png
[0.666s] -- Up-to-date: /home/dragon/FRA502-LAB-66340500051/install/turtlesim_plus/local/lib/python3.10/dist-packages/turtlesim_plus/image/turtle
[0.666s] -- Up-to-date: /home/dragon/FRA502-LAB-66340500051/install/turtlesim_plus/local/lib/python3.10/dist-packages/turtlesim_plus/image/turtle/foxy.png
[0.666s] -- Up-to-date: /home/dragon/FRA502-LAB-66340500051/install/turtlesim_plus/local/lib/python3.10/dist-packages/turtlesim_plus/image/turtle/bouncy.png
[0.666s] -- Up-to-date: /home/dragon/FRA502-LAB-66340500051/install/turtlesim_plus/local/lib/python3.10/dist-packages/turtlesim_plus/image/turtle/eloquent.png
[0.666s] -- Up-to-date: /home/dragon/FRA502-LAB-66340500051/install/turtlesim_plus/local/lib/python3.10/dist-packages/turtlesim_plus/image/turtle/crystal.png
[0.666s] -- Up-to-date: /home/dragon/FRA502-LAB-66340500051/install/turtlesim_plus/local/lib/python3.10/dist-packages/turtlesim_plus/image/turtle/dashing.png
[0.666s] -- Up-to-date: /home/dragon/FRA502-LAB-66340500051/install/turtlesim_plus/local/lib/python3.10/dist-packages/turtlesim_plus/image/turtle/galactic.png
[0.666s] -- Up-to-date: /home/dragon/FRA502-LAB-66340500051/install/turtlesim_plus/local/lib/python3.10/dist-packages/turtlesim_plus/image/turtle/ardent.png
[0.666s] -- Up-to-date: /home/dragon/FRA502-LAB-66340500051/install/turtlesim_plus/local/lib/python3.10/dist-packages/turtlesim_plus/image/turtle/otto.png
[0.666s] -- Up-to-date: /home/dragon/FRA502-LAB-66340500051/install/turtlesim_plus/local/lib/python3.10/dist-packages/turtlesim_plus/image/turtle/humble.png
[0.666s] -- Up-to-date: /home/dragon/FRA502-LAB-66340500051/install/turtlesim_plus/local/lib/python3.10/dist-packages/turtlesim_plus/image/turtle/rolling.png
[0.666s] -- Up-to-date: /home/dragon/FRA502-LAB-66340500051/install/turtlesim_plus/local/lib/python3.10/dist-packages/turtlesim_plus/ros2_plugins.py
[0.666s] -- Up-to-date: /home/dragon/FRA502-LAB-66340500051/install/turtlesim_plus/local/lib/python3.10/dist-packages/turtlesim_plus/entity.py
[0.666s] -- Up-to-date: /home/dragon/FRA502-LAB-66340500051/install/turtlesim_plus/local/lib/python3.10/dist-packages/turtlesim_plus/__init__.py
[0.716s] Listing '/home/dragon/FRA502-LAB-66340500051/install/turtlesim_plus/local/lib/python3.10/dist-packages/turtlesim_plus'...
[0.716s] Listing '/home/dragon/FRA502-LAB-66340500051/install/turtlesim_plus/local/lib/python3.10/dist-packages/turtlesim_plus/image'...
[0.716s] Listing '/home/dragon/FRA502-LAB-66340500051/install/turtlesim_plus/local/lib/python3.10/dist-packages/turtlesim_plus/image/map'...
[0.716s] Listing '/home/dragon/FRA502-LAB-66340500051/install/turtlesim_plus/local/lib/python3.10/dist-packages/turtlesim_plus/image/object'...
[0.716s] Listing '/home/dragon/FRA502-LAB-66340500051/install/turtlesim_plus/local/lib/python3.10/dist-packages/turtlesim_plus/image/turtle'...
[0.720s] -- Up-to-date: /home/dragon/FRA502-LAB-66340500051/install/turtlesim_plus/lib/turtlesim_plus/turtlesim_plus_node.py
[0.720s] -- Up-to-date: /home/dragon/FRA502-LAB-66340500051/install/turtlesim_plus/lib/turtlesim_plus/pizza_on_click.py
[0.720s] -- Up-to-date: /home/dragon/FRA502-LAB-66340500051/install/turtlesim_plus/share/turtlesim_plus
[0.720s] -- Up-to-date: /home/dragon/FRA502-LAB-66340500051/install/turtlesim_plus/share/ament_index/resource_index/package_run_dependencies/turtlesim_plus
[0.720s] -- Up-to-date: /home/dragon/FRA502-LAB-66340500051/install/turtlesim_plus/share/ament_index/resource_index/parent_prefix_path/turtlesim_plus
[0.720s] -- Up-to-date: /home/dragon/FRA502-LAB-66340500051/install/turtlesim_plus/share/turtlesim_plus/environment/ament_prefix_path.sh
[0.721s] -- Up-to-date: /home/dragon/FRA502-LAB-66340500051/install/turtlesim_plus/share/turtlesim_plus/environment/ament_prefix_path.dsv
[0.721s] -- Up-to-date: /home/dragon/FRA502-LAB-66340500051/install/turtlesim_plus/share/turtlesim_plus/environment/path.sh
[0.721s] -- Up-to-date: /home/dragon/FRA502-LAB-66340500051/install/turtlesim_plus/share/turtlesim_plus/environment/path.dsv
[0.721s] -- Up-to-date: /home/dragon/FRA502-LAB-66340500051/install/turtlesim_plus/share/turtlesim_plus/local_setup.bash
[0.722s] -- Up-to-date: /home/dragon/FRA502-LAB-66340500051/install/turtlesim_plus/share/turtlesim_plus/local_setup.sh
[0.722s] -- Up-to-date: /home/dragon/FRA502-LAB-66340500051/install/turtlesim_plus/share/turtlesim_plus/local_setup.zsh
[0.722s] -- Up-to-date: /home/dragon/FRA502-LAB-66340500051/install/turtlesim_plus/share/turtlesim_plus/local_setup.dsv
[0.722s] -- Installing: /home/dragon/FRA502-LAB-66340500051/install/turtlesim_plus/share/turtlesim_plus/package.dsv
[0.722s] -- Up-to-date: /home/dragon/FRA502-LAB-66340500051/install/turtlesim_plus/share/ament_index/resource_index/packages/turtlesim_plus
[0.723s] -- Up-to-date: /home/dragon/FRA502-LAB-66340500051/install/turtlesim_plus/share/turtlesim_plus/cmake/turtlesim_plusConfig.cmake
[0.723s] -- Up-to-date: /home/dragon/FRA502-LAB-66340500051/install/turtlesim_plus/share/turtlesim_plus/cmake/turtlesim_plusConfig-version.cmake
[0.723s] -- Up-to-date: /home/dragon/FRA502-LAB-66340500051/install/turtlesim_plus/share/turtlesim_plus/package.xml
[0.731s] Invoked command in '/home/dragon/FRA502-LAB-66340500051/build/turtlesim_plus' returned '0': CMAKE_PREFIX_PATH=${CMAKE_PREFIX_PATH}:/opt/ros/humble /usr/bin/cmake --install /home/dragon/FRA502-LAB-66340500051/build/turtlesim_plus
