[0.019s] Invoking command in '/home/dragon/FRA502-LAB-66340500051/build/turtlesim_plus': CMAKE_PREFIX_PATH=${CMAKE_PREFIX_PATH}:/opt/ros/humble /usr/bin/cmake /home/dragon/FRA502-LAB-66340500051/src/turtlesim_plus/turtlesim_plus -DCMAKE_INSTALL_PREFIX=/home/dragon/FRA502-LAB-66340500051/install/turtlesim_plus
[0.087s] -- The C compiler identification is GNU 11.4.0
[0.162s] -- The CXX compiler identification is GNU 11.4.0
[0.169s] -- Detecting C compiler ABI info
[0.256s] -- Detecting C compiler ABI info - done
[0.268s] -- Check for working C compiler: /usr/bin/cc - skipped
[0.268s] -- Detecting C compile features
[0.268s] -- Detecting C compile features - done
[0.270s] -- Detecting CXX compiler ABI info
[0.366s] -- Detecting CXX compiler ABI info - done
[0.375s] -- Check for working CXX compiler: /usr/bin/c++ - skipped
[0.375s] -- Detecting CXX compile features
[0.375s] -- Detecting CXX compile features - done
[0.379s] -- Found ament_cmake: 1.3.12 (/opt/ros/humble/share/ament_cmake/cmake)
[0.558s] -- Found Python3: /usr/bin/python3 (found version "3.10.12") found components: Interpreter 
[0.665s] -- Found rclcpp: 16.0.14 (/opt/ros/humble/share/rclcpp/cmake)
[0.710s] -- Found rosidl_generator_c: 3.1.7 (/opt/ros/humble/share/rosidl_generator_c/cmake)
[0.717s] -- Found rosidl_adapter: 3.1.7 (/opt/ros/humble/share/rosidl_adapter/cmake)
[0.725s] -- Found rosidl_generator_cpp: 3.1.7 (/opt/ros/humble/share/rosidl_generator_cpp/cmake)
[0.739s] -- Using all available rosidl_typesupport_c: rosidl_typesupport_fastrtps_c;rosidl_typesupport_introspection_c
[0.757s] -- Using all available rosidl_typesupport_cpp: rosidl_typesupport_fastrtps_cpp;rosidl_typesupport_introspection_cpp
[0.807s] -- Found rmw_implementation_cmake: 6.1.2 (/opt/ros/humble/share/rmw_implementation_cmake/cmake)
[0.810s] -- Found rmw_fastrtps_cpp: 6.2.8 (/opt/ros/humble/share/rmw_fastrtps_cpp/cmake)
[0.912s] -- Found OpenSSL: /usr/lib/x86_64-linux-gnu/libcrypto.so (found version "3.0.2")  
[0.945s] -- Found FastRTPS: /opt/ros/humble/include  
[0.999s] -- Using RMW implementation 'rmw_fastrtps_cpp' as default
[1.005s] -- Looking for pthread.h
[1.092s] -- Looking for pthread.h - found
[1.092s] -- Performing Test CMAKE_HAVE_LIBC_PTHREAD
[1.179s] -- Performing Test CMAKE_HAVE_LIBC_PTHREAD - Success
[1.180s] -- Found Threads: TRUE  
[1.243s] -- Found rclpy: 3.3.17 (/opt/ros/humble/share/rclpy/cmake)
[1.427s] -- Configuring done
[1.434s] -- Generating done
[1.438s] -- Build files have been written to: /home/dragon/FRA502-LAB-66340500051/build/turtlesim_plus
[1.460s] Invoked command in '/home/dragon/FRA502-LAB-66340500051/build/turtlesim_plus' returned '0': CMAKE_PREFIX_PATH=${CMAKE_PREFIX_PATH}:/opt/ros/humble /usr/bin/cmake /home/dragon/FRA502-LAB-66340500051/src/turtlesim_plus/turtlesim_plus -DCMAKE_INSTALL_PREFIX=/home/dragon/FRA502-LAB-66340500051/install/turtlesim_plus
[1.460s] Invoking command in '/home/dragon/FRA502-LAB-66340500051/build/turtlesim_plus': CMAKE_PREFIX_PATH=${CMAKE_PREFIX_PATH}:/opt/ros/humble /usr/bin/cmake --build /home/dragon/FRA502-LAB-66340500051/build/turtlesim_plus -- -j4 -l4
[1.528s] Built target ament_cmake_python_copy_turtlesim_plus
[1.891s] running egg_info
[1.893s] creating turtlesim_plus.egg-info
[1.896s] writing turtlesim_plus.egg-info/PKG-INFO
[1.896s] writing dependency_links to turtlesim_plus.egg-info/dependency_links.txt
[1.896s] writing top-level names to turtlesim_plus.egg-info/top_level.txt
[1.897s] writing manifest file 'turtlesim_plus.egg-info/SOURCES.txt'
[1.902s] reading manifest file 'turtlesim_plus.egg-info/SOURCES.txt'
[1.903s] writing manifest file 'turtlesim_plus.egg-info/SOURCES.txt'
[1.979s] Built target ament_cmake_python_build_turtlesim_plus_egg
[2.009s] Invoked command in '/home/dragon/FRA502-LAB-66340500051/build/turtlesim_plus' returned '0': CMAKE_PREFIX_PATH=${CMAKE_PREFIX_PATH}:/opt/ros/humble /usr/bin/cmake --build /home/dragon/FRA502-LAB-66340500051/build/turtlesim_plus -- -j4 -l4
[2.026s] Invoking command in '/home/dragon/FRA502-LAB-66340500051/build/turtlesim_plus': CMAKE_PREFIX_PATH=${CMAKE_PREFIX_PATH}:/opt/ros/humble /usr/bin/cmake --install /home/dragon/FRA502-LAB-66340500051/build/turtlesim_plus
[2.046s] -- Install configuration: ""
[2.046s] -- Installing: /home/dragon/FRA502-LAB-66340500051/install/turtlesim_plus/share/turtlesim_plus/environment/pythonpath.sh
[2.047s] -- Installing: /home/dragon/FRA502-LAB-66340500051/install/turtlesim_plus/share/turtlesim_plus/environment/pythonpath.dsv
[2.047s] -- Installing: /home/dragon/FRA502-LAB-66340500051/install/turtlesim_plus/local/lib/python3.10/dist-packages/turtlesim_plus-1.0.0-py3.10.egg-info
[2.047s] -- Installing: /home/dragon/FRA502-LAB-66340500051/install/turtlesim_plus/local/lib/python3.10/dist-packages/turtlesim_plus-1.0.0-py3.10.egg-info/PKG-INFO
[2.049s] -- Installing: /home/dragon/FRA502-LAB-66340500051/install/turtlesim_plus/local/lib/python3.10/dist-packages/turtlesim_plus-1.0.0-py3.10.egg-info/top_level.txt
[2.049s] -- Installing: /home/dragon/FRA502-LAB-66340500051/install/turtlesim_plus/local/lib/python3.10/dist-packages/turtlesim_plus-1.0.0-py3.10.egg-info/dependency_links.txt
[2.049s] -- Installing: /home/dragon/FRA502-LAB-66340500051/install/turtlesim_plus/local/lib/python3.10/dist-packages/turtlesim_plus-1.0.0-py3.10.egg-info/SOURCES.txt
[2.049s] -- Installing: /home/dragon/FRA502-LAB-66340500051/install/turtlesim_plus/local/lib/python3.10/dist-packages/turtlesim_plus
[2.049s] -- Installing: /home/dragon/FRA502-LAB-66340500051/install/turtlesim_plus/local/lib/python3.10/dist-packages/turtlesim_plus/image
[2.049s] -- Installing: /home/dragon/FRA502-LAB-66340500051/install/turtlesim_plus/local/lib/python3.10/dist-packages/turtlesim_plus/image/object
[2.049s] -- Installing: /home/dragon/FRA502-LAB-66340500051/install/turtlesim_plus/local/lib/python3.10/dist-packages/turtlesim_plus/image/object/parcel.png
[2.049s] -- Installing: /home/dragon/FRA502-LAB-66340500051/install/turtlesim_plus/local/lib/python3.10/dist-packages/turtlesim_plus/image/object/pizza.png
[2.049s] -- Installing: /home/dragon/FRA502-LAB-66340500051/install/turtlesim_plus/local/lib/python3.10/dist-packages/turtlesim_plus/image/map
[2.050s] -- Installing: /home/dragon/FRA502-LAB-66340500051/install/turtlesim_plus/local/lib/python3.10/dist-packages/turtlesim_plus/image/map/map.png
[2.050s] -- Installing: /home/dragon/FRA502-LAB-66340500051/install/turtlesim_plus/local/lib/python3.10/dist-packages/turtlesim_plus/image/turtle
[2.050s] -- Installing: /home/dragon/FRA502-LAB-66340500051/install/turtlesim_plus/local/lib/python3.10/dist-packages/turtlesim_plus/image/turtle/foxy.png
[2.050s] -- Installing: /home/dragon/FRA502-LAB-66340500051/install/turtlesim_plus/local/lib/python3.10/dist-packages/turtlesim_plus/image/turtle/bouncy.png
[2.050s] -- Installing: /home/dragon/FRA502-LAB-66340500051/install/turtlesim_plus/local/lib/python3.10/dist-packages/turtlesim_plus/image/turtle/eloquent.png
[2.050s] -- Installing: /home/dragon/FRA502-LAB-66340500051/install/turtlesim_plus/local/lib/python3.10/dist-packages/turtlesim_plus/image/turtle/crystal.png
[2.050s] -- Installing: /home/dragon/FRA502-LAB-66340500051/install/turtlesim_plus/local/lib/python3.10/dist-packages/turtlesim_plus/image/turtle/dashing.png
[2.050s] -- Installing: /home/dragon/FRA502-LAB-66340500051/install/turtlesim_plus/local/lib/python3.10/dist-packages/turtlesim_plus/image/turtle/galactic.png
[2.050s] -- Installing: /home/dragon/FRA502-LAB-66340500051/install/turtlesim_plus/local/lib/python3.10/dist-packages/turtlesim_plus/image/turtle/ardent.png
[2.050s] -- Installing: /home/dragon/FRA502-LAB-66340500051/install/turtlesim_plus/local/lib/python3.10/dist-packages/turtlesim_plus/image/turtle/otto.png
[2.050s] -- Installing: /home/dragon/FRA502-LAB-66340500051/install/turtlesim_plus/local/lib/python3.10/dist-packages/turtlesim_plus/image/turtle/humble.png
[2.050s] -- Installing: /home/dragon/FRA502-LAB-66340500051/install/turtlesim_plus/local/lib/python3.10/dist-packages/turtlesim_plus/image/turtle/rolling.png
[2.051s] -- Installing: /home/dragon/FRA502-LAB-66340500051/install/turtlesim_plus/local/lib/python3.10/dist-packages/turtlesim_plus/ros2_plugins.py
[2.051s] -- Installing: /home/dragon/FRA502-LAB-66340500051/install/turtlesim_plus/local/lib/python3.10/dist-packages/turtlesim_plus/entity.py
[2.054s] -- Installing: /home/dragon/FRA502-LAB-66340500051/install/turtlesim_plus/local/lib/python3.10/dist-packages/turtlesim_plus/__init__.py
[2.099s] Listing '/home/dragon/FRA502-LAB-66340500051/install/turtlesim_plus/local/lib/python3.10/dist-packages/turtlesim_plus'...
[2.099s] Compiling '/home/dragon/FRA502-LAB-66340500051/install/turtlesim_plus/local/lib/python3.10/dist-packages/turtlesim_plus/__init__.py'...
[2.099s] Compiling '/home/dragon/FRA502-LAB-66340500051/install/turtlesim_plus/local/lib/python3.10/dist-packages/turtlesim_plus/entity.py'...
[2.099s] Listing '/home/dragon/FRA502-LAB-66340500051/install/turtlesim_plus/local/lib/python3.10/dist-packages/turtlesim_plus/image'...
[2.099s] Listing '/home/dragon/FRA502-LAB-66340500051/install/turtlesim_plus/local/lib/python3.10/dist-packages/turtlesim_plus/image/map'...
[2.099s] Listing '/home/dragon/FRA502-LAB-66340500051/install/turtlesim_plus/local/lib/python3.10/dist-packages/turtlesim_plus/image/object'...
[2.099s] Listing '/home/dragon/FRA502-LAB-66340500051/install/turtlesim_plus/local/lib/python3.10/dist-packages/turtlesim_plus/image/turtle'...
[2.099s] Compiling '/home/dragon/FRA502-LAB-66340500051/install/turtlesim_plus/local/lib/python3.10/dist-packages/turtlesim_plus/ros2_plugins.py'...
[2.106s] -- Installing: /home/dragon/FRA502-LAB-66340500051/install/turtlesim_plus/lib/turtlesim_plus/turtlesim_plus_node.py
[2.106s] -- Installing: /home/dragon/FRA502-LAB-66340500051/install/turtlesim_plus/lib/turtlesim_plus/pizza_on_click.py
[2.106s] -- Up-to-date: /home/dragon/FRA502-LAB-66340500051/install/turtlesim_plus/share/turtlesim_plus
[2.106s] -- Installing: /home/dragon/FRA502-LAB-66340500051/install/turtlesim_plus/share/ament_index/resource_index/package_run_dependencies/turtlesim_plus
[2.108s] -- Installing: /home/dragon/FRA502-LAB-66340500051/install/turtlesim_plus/share/ament_index/resource_index/parent_prefix_path/turtlesim_plus
[2.109s] -- Installing: /home/dragon/FRA502-LAB-66340500051/install/turtlesim_plus/share/turtlesim_plus/environment/ament_prefix_path.sh
[2.109s] -- Installing: /home/dragon/FRA502-LAB-66340500051/install/turtlesim_plus/share/turtlesim_plus/environment/ament_prefix_path.dsv
[2.110s] -- Installing: /home/dragon/FRA502-LAB-66340500051/install/turtlesim_plus/share/turtlesim_plus/environment/path.sh
[2.110s] -- Installing: /home/dragon/FRA502-LAB-66340500051/install/turtlesim_plus/share/turtlesim_plus/environment/path.dsv
[2.112s] -- Installing: /home/dragon/FRA502-LAB-66340500051/install/turtlesim_plus/share/turtlesim_plus/local_setup.bash
[2.112s] -- Installing: /home/dragon/FRA502-LAB-66340500051/install/turtlesim_plus/share/turtlesim_plus/local_setup.sh
[2.112s] -- Installing: /home/dragon/FRA502-LAB-66340500051/install/turtlesim_plus/share/turtlesim_plus/local_setup.zsh
[2.114s] -- Installing: /home/dragon/FRA502-LAB-66340500051/install/turtlesim_plus/share/turtlesim_plus/local_setup.dsv
[2.115s] -- Installing: /home/dragon/FRA502-LAB-66340500051/install/turtlesim_plus/share/turtlesim_plus/package.dsv
[2.115s] -- Installing: /home/dragon/FRA502-LAB-66340500051/install/turtlesim_plus/share/ament_index/resource_index/packages/turtlesim_plus
[2.115s] -- Installing: /home/dragon/FRA502-LAB-66340500051/install/turtlesim_plus/share/turtlesim_plus/cmake/turtlesim_plusConfig.cmake
[2.115s] -- Installing: /home/dragon/FRA502-LAB-66340500051/install/turtlesim_plus/share/turtlesim_plus/cmake/turtlesim_plusConfig-version.cmake
[2.115s] -- Installing: /home/dragon/FRA502-LAB-66340500051/install/turtlesim_plus/share/turtlesim_plus/package.xml
[2.116s] Invoked command in '/home/dragon/FRA502-LAB-66340500051/build/turtlesim_plus' returned '0': CMAKE_PREFIX_PATH=${CMAKE_PREFIX_PATH}:/opt/ros/humble /usr/bin/cmake --install /home/dragon/FRA502-LAB-66340500051/build/turtlesim_plus
