[0.028s] Invoking command in '/home/dragon/FRA502-LAB-66340500051/build/lab3': CMAKE_PREFIX_PATH=${CMAKE_PREFIX_PATH}:/opt/ros/humble /usr/bin/cmake --build /home/dragon/FRA502-LAB-66340500051/build/lab3 -- -j4 -l4
[0.156s] [100%] Built target cpp_node_test
[0.176s] [100%] Built target ament_cmake_python_copy_lab3
[0.582s] running egg_info
[0.583s] writing lab3.egg-info/PKG-INFO
[0.583s] writing dependency_links to lab3.egg-info/dependency_links.txt
[0.583s] writing top-level names to lab3.egg-info/top_level.txt
[0.586s] reading manifest file 'lab3.egg-info/SOURCES.txt'
[0.587s] writing manifest file 'lab3.egg-info/SOURCES.txt'
[0.630s] [100%] Built target ament_cmake_python_build_lab3_egg
[0.650s] Invoked command in '/home/dragon/FRA502-LAB-66340500051/build/lab3' returned '0': CMAKE_PREFIX_PATH=${CMAKE_PREFIX_PATH}:/opt/ros/humble /usr/bin/cmake --build /home/dragon/FRA502-LAB-66340500051/build/lab3 -- -j4 -l4
[0.662s] Invoking command in '/home/dragon/FRA502-LAB-66340500051/build/lab3': CMAKE_PREFIX_PATH=${CMAKE_PREFIX_PATH}:/opt/ros/humble /usr/bin/cmake --install /home/dragon/FRA502-LAB-66340500051/build/lab3
[0.674s] -- Install configuration: ""
[0.674s] -- Up-to-date: /home/dragon/FRA502-LAB-66340500051/install/lab3/share/lab3/environment/pythonpath.sh
[0.674s] -- Up-to-date: /home/dragon/FRA502-LAB-66340500051/install/lab3/share/lab3/environment/pythonpath.dsv
[0.674s] -- Up-to-date: /home/dragon/FRA502-LAB-66340500051/install/lab3/local/lib/python3.10/dist-packages/lab3-0.0.0-py3.10.egg-info
[0.675s] -- Installing: /home/dragon/FRA502-LAB-66340500051/install/lab3/local/lib/python3.10/dist-packages/lab3-0.0.0-py3.10.egg-info/PKG-INFO
[0.681s] -- Installing: /home/dragon/FRA502-LAB-66340500051/install/lab3/local/lib/python3.10/dist-packages/lab3-0.0.0-py3.10.egg-info/top_level.txt
[0.681s] -- Installing: /home/dragon/FRA502-LAB-66340500051/install/lab3/local/lib/python3.10/dist-packages/lab3-0.0.0-py3.10.egg-info/dependency_links.txt
[0.681s] -- Installing: /home/dragon/FRA502-LAB-66340500051/install/lab3/local/lib/python3.10/dist-packages/lab3-0.0.0-py3.10.egg-info/SOURCES.txt
[0.681s] -- Up-to-date: /home/dragon/FRA502-LAB-66340500051/install/lab3/local/lib/python3.10/dist-packages/lab3
[0.681s] -- Up-to-date: /home/dragon/FRA502-LAB-66340500051/install/lab3/local/lib/python3.10/dist-packages/lab3/dummy_module.py
[0.681s] -- Up-to-date: /home/dragon/FRA502-LAB-66340500051/install/lab3/local/lib/python3.10/dist-packages/lab3/__init__.py
[0.734s] Listing '/home/dragon/FRA502-LAB-66340500051/install/lab3/local/lib/python3.10/dist-packages/lab3'...
[0.741s] -- Up-to-date: /home/dragon/FRA502-LAB-66340500051/install/lab3/lib/lab3/dummy_script.py
[0.741s] -- Up-to-date: /home/dragon/FRA502-LAB-66340500051/install/lab3/lib/lab3/eater.py
[0.741s] -- Installing: /home/dragon/FRA502-LAB-66340500051/install/lab3/lib/lab3/killer.py
[0.741s] -- Up-to-date: /home/dragon/FRA502-LAB-66340500051/install/lab3/lib/lab3/cpp_node_test
[0.741s] -- Up-to-date: /home/dragon/FRA502-LAB-66340500051/install/lab3/share/lab3/launch
[0.741s] -- Installing: /home/dragon/FRA502-LAB-66340500051/install/lab3/share/lab3/launch/run.launch.py
[0.741s] -- Up-to-date: /home/dragon/FRA502-LAB-66340500051/install/lab3/share/ament_index/resource_index/package_run_dependencies/lab3
[0.741s] -- Up-to-date: /home/dragon/FRA502-LAB-66340500051/install/lab3/share/ament_index/resource_index/parent_prefix_path/lab3
[0.741s] -- Up-to-date: /home/dragon/FRA502-LAB-66340500051/install/lab3/share/lab3/environment/ament_prefix_path.sh
[0.741s] -- Up-to-date: /home/dragon/FRA502-LAB-66340500051/install/lab3/share/lab3/environment/ament_prefix_path.dsv
[0.741s] -- Up-to-date: /home/dragon/FRA502-LAB-66340500051/install/lab3/share/lab3/environment/path.sh
[0.742s] -- Up-to-date: /home/dragon/FRA502-LAB-66340500051/install/lab3/share/lab3/environment/path.dsv
[0.742s] -- Up-to-date: /home/dragon/FRA502-LAB-66340500051/install/lab3/share/lab3/local_setup.bash
[0.742s] -- Up-to-date: /home/dragon/FRA502-LAB-66340500051/install/lab3/share/lab3/local_setup.sh
[0.742s] -- Up-to-date: /home/dragon/FRA502-LAB-66340500051/install/lab3/share/lab3/local_setup.zsh
[0.742s] -- Up-to-date: /home/dragon/FRA502-LAB-66340500051/install/lab3/share/lab3/local_setup.dsv
[0.742s] -- Installing: /home/dragon/FRA502-LAB-66340500051/install/lab3/share/lab3/package.dsv
[0.742s] -- Up-to-date: /home/dragon/FRA502-LAB-66340500051/install/lab3/share/ament_index/resource_index/packages/lab3
[0.742s] -- Up-to-date: /home/dragon/FRA502-LAB-66340500051/install/lab3/share/lab3/cmake/lab3Config.cmake
[0.742s] -- Up-to-date: /home/dragon/FRA502-LAB-66340500051/install/lab3/share/lab3/cmake/lab3Config-version.cmake
[0.742s] -- Up-to-date: /home/dragon/FRA502-LAB-66340500051/install/lab3/share/lab3/package.xml
[0.774s] Invoked command in '/home/dragon/FRA502-LAB-66340500051/build/lab3' returned '0': CMAKE_PREFIX_PATH=${CMAKE_PREFIX_PATH}:/opt/ros/humble /usr/bin/cmake --install /home/dragon/FRA502-LAB-66340500051/build/lab3
