[0.027s] Invoking command in '/home/dragon/FRA502-LAB-66340500051/build/controller_interfaces': CMAKE_PREFIX_PATH=${CMAKE_PREFIX_PATH}:/opt/ros/humble /usr/bin/cmake --build /home/dragon/FRA502-LAB-66340500051/build/controller_interfaces -- -j4 -l4
[0.100s] [  2%] Built target controller_interfaces__cpp
[0.126s] [ 12%] Built target controller_interfaces__rosidl_generator_c
[0.132s] [ 12%] Built target ament_cmake_python_copy_controller_interfaces
[0.157s] [ 23%] Built target controller_interfaces__rosidl_typesupport_fastrtps_cpp
[0.162s] [ 33%] Built target controller_interfaces__rosidl_typesupport_cpp
[0.173s] [ 43%] Built target controller_interfaces__rosidl_typesupport_introspection_cpp
[0.175s] [ 53%] Built target controller_interfaces__rosidl_typesupport_fastrtps_c
[0.200s] [ 64%] Built target controller_interfaces__rosidl_typesupport_c
[0.211s] [ 74%] Built target controller_interfaces__rosidl_typesupport_introspection_c
[0.260s] [ 74%] Built target controller_interfaces
[0.308s] [ 76%] Built target controller_interfaces__py
[0.364s] [ 84%] Built target controller_interfaces__rosidl_generator_py
[0.421s] [ 89%] Built target controller_interfaces__rosidl_typesupport_c__pyext
[0.421s] [ 94%] Built target controller_interfaces__rosidl_typesupport_fastrtps_c__pyext
[0.428s] [100%] Built target controller_interfaces__rosidl_typesupport_introspection_c__pyext
[0.578s] running egg_info
[0.579s] writing controller_interfaces.egg-info/PKG-INFO
[0.580s] writing dependency_links to controller_interfaces.egg-info/dependency_links.txt
[0.581s] writing top-level names to controller_interfaces.egg-info/top_level.txt
[0.583s] reading manifest file 'controller_interfaces.egg-info/SOURCES.txt'
[0.588s] writing manifest file 'controller_interfaces.egg-info/SOURCES.txt'
[0.624s] [100%] Built target ament_cmake_python_build_controller_interfaces_egg
[0.649s] Invoked command in '/home/dragon/FRA502-LAB-66340500051/build/controller_interfaces' returned '0': CMAKE_PREFIX_PATH=${CMAKE_PREFIX_PATH}:/opt/ros/humble /usr/bin/cmake --build /home/dragon/FRA502-LAB-66340500051/build/controller_interfaces -- -j4 -l4
[0.651s] Invoking command in '/home/dragon/FRA502-LAB-66340500051/build/controller_interfaces': CMAKE_PREFIX_PATH=${CMAKE_PREFIX_PATH}:/opt/ros/humble /usr/bin/cmake --install /home/dragon/FRA502-LAB-66340500051/build/controller_interfaces
[0.661s] -- Install configuration: ""
[0.661s] -- Up-to-date: /home/dragon/FRA502-LAB-66340500051/install/controller_interfaces/share/ament_index/resource_index/rosidl_interfaces/controller_interfaces
[0.661s] -- Up-to-date: /home/dragon/FRA502-LAB-66340500051/install/controller_interfaces/include/controller_interfaces/controller_interfaces
[0.661s] -- Up-to-date: /home/dragon/FRA502-LAB-66340500051/install/controller_interfaces/include/controller_interfaces/controller_interfaces/msg
[0.661s] -- Up-to-date: /home/dragon/FRA502-LAB-66340500051/install/controller_interfaces/include/controller_interfaces/controller_interfaces/msg/rosidl_generator_c__visibility_control.h
[0.661s] -- Up-to-date: /home/dragon/FRA502-LAB-66340500051/install/controller_interfaces/include/controller_interfaces/controller_interfaces/srv
[0.661s] -- Up-to-date: /home/dragon/FRA502-LAB-66340500051/install/controller_interfaces/include/controller_interfaces/controller_interfaces/srv/set_param.h
[0.661s] -- Up-to-date: /home/dragon/FRA502-LAB-66340500051/install/controller_interfaces/include/controller_interfaces/controller_interfaces/srv/detail
[0.661s] -- Up-to-date: /home/dragon/FRA502-LAB-66340500051/install/controller_interfaces/include/controller_interfaces/controller_interfaces/srv/detail/set_param__functions.c
[0.662s] -- Up-to-date: /home/dragon/FRA502-LAB-66340500051/install/controller_interfaces/include/controller_interfaces/controller_interfaces/srv/detail/set_max_pizza__functions.h
[0.662s] -- Up-to-date: /home/dragon/FRA502-LAB-66340500051/install/controller_interfaces/include/controller_interfaces/controller_interfaces/srv/detail/set_max_pizza__type_support.h
[0.662s] -- Up-to-date: /home/dragon/FRA502-LAB-66340500051/install/controller_interfaces/include/controller_interfaces/controller_interfaces/srv/detail/set_param__functions.h
[0.662s] -- Up-to-date: /home/dragon/FRA502-LAB-66340500051/install/controller_interfaces/include/controller_interfaces/controller_interfaces/srv/detail/set_max_pizza__functions.c
[0.662s] -- Up-to-date: /home/dragon/FRA502-LAB-66340500051/install/controller_interfaces/include/controller_interfaces/controller_interfaces/srv/detail/set_max_pizza__struct.h
[0.662s] -- Up-to-date: /home/dragon/FRA502-LAB-66340500051/install/controller_interfaces/include/controller_interfaces/controller_interfaces/srv/detail/set_param__struct.h
[0.662s] -- Up-to-date: /home/dragon/FRA502-LAB-66340500051/install/controller_interfaces/include/controller_interfaces/controller_interfaces/srv/detail/set_param__type_support.h
[0.662s] -- Up-to-date: /home/dragon/FRA502-LAB-66340500051/install/controller_interfaces/include/controller_interfaces/controller_interfaces/srv/set_max_pizza.h
[0.664s] -- Up-to-date: /home/dragon/FRA502-LAB-66340500051/install/controller_interfaces/share/controller_interfaces/environment/library_path.sh
[0.664s] -- Up-to-date: /home/dragon/FRA502-LAB-66340500051/install/controller_interfaces/share/controller_interfaces/environment/library_path.dsv
[0.664s] -- Up-to-date: /home/dragon/FRA502-LAB-66340500051/install/controller_interfaces/lib/libcontroller_interfaces__rosidl_generator_c.so
[0.664s] -- Up-to-date: /home/dragon/FRA502-LAB-66340500051/install/controller_interfaces/include/controller_interfaces/controller_interfaces
[0.664s] -- Up-to-date: /home/dragon/FRA502-LAB-66340500051/install/controller_interfaces/include/controller_interfaces/controller_interfaces/msg
[0.665s] -- Up-to-date: /home/dragon/FRA502-LAB-66340500051/install/controller_interfaces/include/controller_interfaces/controller_interfaces/msg/rosidl_typesupport_fastrtps_c__visibility_control.h
[0.665s] -- Up-to-date: /home/dragon/FRA502-LAB-66340500051/install/controller_interfaces/include/controller_interfaces/controller_interfaces/srv
[0.666s] -- Up-to-date: /home/dragon/FRA502-LAB-66340500051/install/controller_interfaces/include/controller_interfaces/controller_interfaces/srv/detail
[0.666s] -- Up-to-date: /home/dragon/FRA502-LAB-66340500051/install/controller_interfaces/include/controller_interfaces/controller_interfaces/srv/detail/set_param__rosidl_typesupport_fastrtps_c.h
[0.666s] -- Up-to-date: /home/dragon/FRA502-LAB-66340500051/install/controller_interfaces/include/controller_interfaces/controller_interfaces/srv/detail/set_max_pizza__rosidl_typesupport_fastrtps_c.h
[0.666s] -- Up-to-date: /home/dragon/FRA502-LAB-66340500051/install/controller_interfaces/lib/libcontroller_interfaces__rosidl_typesupport_fastrtps_c.so
[0.670s] -- Up-to-date: /home/dragon/FRA502-LAB-66340500051/install/controller_interfaces/include/controller_interfaces/controller_interfaces
[0.670s] -- Up-to-date: /home/dragon/FRA502-LAB-66340500051/install/controller_interfaces/include/controller_interfaces/controller_interfaces/msg
[0.670s] -- Up-to-date: /home/dragon/FRA502-LAB-66340500051/install/controller_interfaces/include/controller_interfaces/controller_interfaces/msg/rosidl_generator_cpp__visibility_control.hpp
[0.670s] -- Up-to-date: /home/dragon/FRA502-LAB-66340500051/install/controller_interfaces/include/controller_interfaces/controller_interfaces/srv
[0.670s] -- Up-to-date: /home/dragon/FRA502-LAB-66340500051/install/controller_interfaces/include/controller_interfaces/controller_interfaces/srv/set_param.hpp
[0.670s] -- Up-to-date: /home/dragon/FRA502-LAB-66340500051/install/controller_interfaces/include/controller_interfaces/controller_interfaces/srv/detail
[0.670s] -- Up-to-date: /home/dragon/FRA502-LAB-66340500051/install/controller_interfaces/include/controller_interfaces/controller_interfaces/srv/detail/set_max_pizza__builder.hpp
[0.670s] -- Up-to-date: /home/dragon/FRA502-LAB-66340500051/install/controller_interfaces/include/controller_interfaces/controller_interfaces/srv/detail/set_param__builder.hpp
[0.670s] -- Up-to-date: /home/dragon/FRA502-LAB-66340500051/install/controller_interfaces/include/controller_interfaces/controller_interfaces/srv/detail/set_max_pizza__traits.hpp
[0.671s] -- Up-to-date: /home/dragon/FRA502-LAB-66340500051/install/controller_interfaces/include/controller_interfaces/controller_interfaces/srv/detail/set_param__traits.hpp
[0.671s] -- Up-to-date: /home/dragon/FRA502-LAB-66340500051/install/controller_interfaces/include/controller_interfaces/controller_interfaces/srv/detail/set_max_pizza__struct.hpp
[0.671s] -- Up-to-date: /home/dragon/FRA502-LAB-66340500051/install/controller_interfaces/include/controller_interfaces/controller_interfaces/srv/detail/set_param__struct.hpp
[0.671s] -- Up-to-date: /home/dragon/FRA502-LAB-66340500051/install/controller_interfaces/include/controller_interfaces/controller_interfaces/srv/detail/set_param__type_support.hpp
[0.671s] -- Up-to-date: /home/dragon/FRA502-LAB-66340500051/install/controller_interfaces/include/controller_interfaces/controller_interfaces/srv/detail/set_max_pizza__type_support.hpp
[0.671s] -- Up-to-date: /home/dragon/FRA502-LAB-66340500051/install/controller_interfaces/include/controller_interfaces/controller_interfaces/srv/set_max_pizza.hpp
[0.671s] -- Up-to-date: /home/dragon/FRA502-LAB-66340500051/install/controller_interfaces/include/controller_interfaces/controller_interfaces
[0.671s] -- Up-to-date: /home/dragon/FRA502-LAB-66340500051/install/controller_interfaces/include/controller_interfaces/controller_interfaces/msg
[0.672s] -- Up-to-date: /home/dragon/FRA502-LAB-66340500051/install/controller_interfaces/include/controller_interfaces/controller_interfaces/msg/rosidl_typesupport_fastrtps_cpp__visibility_control.h
[0.674s] -- Up-to-date: /home/dragon/FRA502-LAB-66340500051/install/controller_interfaces/include/controller_interfaces/controller_interfaces/srv
[0.675s] -- Up-to-date: /home/dragon/FRA502-LAB-66340500051/install/controller_interfaces/include/controller_interfaces/controller_interfaces/srv/detail
[0.675s] -- Up-to-date: /home/dragon/FRA502-LAB-66340500051/install/controller_interfaces/include/controller_interfaces/controller_interfaces/srv/detail/set_param__rosidl_typesupport_fastrtps_cpp.hpp
[0.675s] -- Up-to-date: /home/dragon/FRA502-LAB-66340500051/install/controller_interfaces/include/controller_interfaces/controller_interfaces/srv/detail/dds_fastrtps
[0.675s] -- Up-to-date: /home/dragon/FRA502-LAB-66340500051/install/controller_interfaces/include/controller_interfaces/controller_interfaces/srv/detail/set_max_pizza__rosidl_typesupport_fastrtps_cpp.hpp
[0.675s] -- Up-to-date: /home/dragon/FRA502-LAB-66340500051/install/controller_interfaces/lib/libcontroller_interfaces__rosidl_typesupport_fastrtps_cpp.so
[0.675s] -- Up-to-date: /home/dragon/FRA502-LAB-66340500051/install/controller_interfaces/include/controller_interfaces/controller_interfaces
[0.675s] -- Up-to-date: /home/dragon/FRA502-LAB-66340500051/install/controller_interfaces/include/controller_interfaces/controller_interfaces/msg
[0.675s] -- Up-to-date: /home/dragon/FRA502-LAB-66340500051/install/controller_interfaces/include/controller_interfaces/controller_interfaces/msg/rosidl_typesupport_introspection_c__visibility_control.h
[0.675s] -- Up-to-date: /home/dragon/FRA502-LAB-66340500051/install/controller_interfaces/include/controller_interfaces/controller_interfaces/srv
[0.676s] -- Up-to-date: /home/dragon/FRA502-LAB-66340500051/install/controller_interfaces/include/controller_interfaces/controller_interfaces/srv/detail
[0.676s] -- Up-to-date: /home/dragon/FRA502-LAB-66340500051/install/controller_interfaces/include/controller_interfaces/controller_interfaces/srv/detail/set_max_pizza__type_support.c
[0.677s] -- Up-to-date: /home/dragon/FRA502-LAB-66340500051/install/controller_interfaces/include/controller_interfaces/controller_interfaces/srv/detail/set_max_pizza__rosidl_typesupport_introspection_c.h
[0.677s] -- Up-to-date: /home/dragon/FRA502-LAB-66340500051/install/controller_interfaces/include/controller_interfaces/controller_interfaces/srv/detail/set_param__rosidl_typesupport_introspection_c.h
[0.677s] -- Up-to-date: /home/dragon/FRA502-LAB-66340500051/install/controller_interfaces/include/controller_interfaces/controller_interfaces/srv/detail/set_param__type_support.c
[0.677s] -- Up-to-date: /home/dragon/FRA502-LAB-66340500051/install/controller_interfaces/lib/libcontroller_interfaces__rosidl_typesupport_introspection_c.so
[0.677s] -- Up-to-date: /home/dragon/FRA502-LAB-66340500051/install/controller_interfaces/lib/libcontroller_interfaces__rosidl_typesupport_c.so
[0.677s] -- Up-to-date: /home/dragon/FRA502-LAB-66340500051/install/controller_interfaces/include/controller_interfaces/controller_interfaces
[0.677s] -- Up-to-date: /home/dragon/FRA502-LAB-66340500051/install/controller_interfaces/include/controller_interfaces/controller_interfaces/srv
[0.677s] -- Up-to-date: /home/dragon/FRA502-LAB-66340500051/install/controller_interfaces/include/controller_interfaces/controller_interfaces/srv/detail
[0.677s] -- Up-to-date: /home/dragon/FRA502-LAB-66340500051/install/controller_interfaces/include/controller_interfaces/controller_interfaces/srv/detail/set_max_pizza__type_support.cpp
[0.677s] -- Up-to-date: /home/dragon/FRA502-LAB-66340500051/install/controller_interfaces/include/controller_interfaces/controller_interfaces/srv/detail/set_max_pizza__rosidl_typesupport_introspection_cpp.hpp
[0.677s] -- Up-to-date: /home/dragon/FRA502-LAB-66340500051/install/controller_interfaces/include/controller_interfaces/controller_interfaces/srv/detail/set_param__type_support.cpp
[0.678s] -- Up-to-date: /home/dragon/FRA502-LAB-66340500051/install/controller_interfaces/include/controller_interfaces/controller_interfaces/srv/detail/set_param__rosidl_typesupport_introspection_cpp.hpp
[0.678s] -- Up-to-date: /home/dragon/FRA502-LAB-66340500051/install/controller_interfaces/lib/libcontroller_interfaces__rosidl_typesupport_introspection_cpp.so
[0.678s] -- Up-to-date: /home/dragon/FRA502-LAB-66340500051/install/controller_interfaces/lib/libcontroller_interfaces__rosidl_typesupport_cpp.so
[0.678s] -- Up-to-date: /home/dragon/FRA502-LAB-66340500051/install/controller_interfaces/share/controller_interfaces/environment/pythonpath.sh
[0.678s] -- Up-to-date: /home/dragon/FRA502-LAB-66340500051/install/controller_interfaces/share/controller_interfaces/environment/pythonpath.dsv
[0.678s] -- Up-to-date: /home/dragon/FRA502-LAB-66340500051/install/controller_interfaces/local/lib/python3.10/dist-packages/controller_interfaces-0.0.0-py3.10.egg-info
[0.678s] -- Installing: /home/dragon/FRA502-LAB-66340500051/install/controller_interfaces/local/lib/python3.10/dist-packages/controller_interfaces-0.0.0-py3.10.egg-info/PKG-INFO
[0.678s] -- Installing: /home/dragon/FRA502-LAB-66340500051/install/controller_interfaces/local/lib/python3.10/dist-packages/controller_interfaces-0.0.0-py3.10.egg-info/top_level.txt
[0.678s] -- Installing: /home/dragon/FRA502-LAB-66340500051/install/controller_interfaces/local/lib/python3.10/dist-packages/controller_interfaces-0.0.0-py3.10.egg-info/dependency_links.txt
[0.678s] -- Installing: /home/dragon/FRA502-LAB-66340500051/install/controller_interfaces/local/lib/python3.10/dist-packages/controller_interfaces-0.0.0-py3.10.egg-info/SOURCES.txt
[0.678s] -- Up-to-date: /home/dragon/FRA502-LAB-66340500051/install/controller_interfaces/local/lib/python3.10/dist-packages/controller_interfaces
[0.678s] -- Up-to-date: /home/dragon/FRA502-LAB-66340500051/install/controller_interfaces/local/lib/python3.10/dist-packages/controller_interfaces/controller_interfaces_s__rosidl_typesupport_fastrtps_c.cpython-310-x86_64-linux-gnu.so
[0.679s] -- Up-to-date: /home/dragon/FRA502-LAB-66340500051/install/controller_interfaces/local/lib/python3.10/dist-packages/controller_interfaces/_controller_interfaces_s.ep.rosidl_typesupport_fastrtps_c.c
[0.679s] -- Up-to-date: /home/dragon/FRA502-LAB-66340500051/install/controller_interfaces/local/lib/python3.10/dist-packages/controller_interfaces/_controller_interfaces_s.ep.rosidl_typesupport_c.c
[0.679s] -- Up-to-date: /home/dragon/FRA502-LAB-66340500051/install/controller_interfaces/local/lib/python3.10/dist-packages/controller_interfaces/controller_interfaces_s__rosidl_typesupport_introspection_c.cpython-310-x86_64-linux-gnu.so
[0.679s] -- Up-to-date: /home/dragon/FRA502-LAB-66340500051/install/controller_interfaces/local/lib/python3.10/dist-packages/controller_interfaces/controller_interfaces_s__rosidl_typesupport_c.cpython-310-x86_64-linux-gnu.so
[0.679s] -- Up-to-date: /home/dragon/FRA502-LAB-66340500051/install/controller_interfaces/local/lib/python3.10/dist-packages/controller_interfaces/__init__.py
[0.679s] -- Up-to-date: /home/dragon/FRA502-LAB-66340500051/install/controller_interfaces/local/lib/python3.10/dist-packages/controller_interfaces/srv
[0.680s] -- Up-to-date: /home/dragon/FRA502-LAB-66340500051/install/controller_interfaces/local/lib/python3.10/dist-packages/controller_interfaces/srv/_set_param_s.c
[0.680s] -- Up-to-date: /home/dragon/FRA502-LAB-66340500051/install/controller_interfaces/local/lib/python3.10/dist-packages/controller_interfaces/srv/_set_max_pizza.py
[0.680s] -- Up-to-date: /home/dragon/FRA502-LAB-66340500051/install/controller_interfaces/local/lib/python3.10/dist-packages/controller_interfaces/srv/_set_param.py
[0.680s] -- Up-to-date: /home/dragon/FRA502-LAB-66340500051/install/controller_interfaces/local/lib/python3.10/dist-packages/controller_interfaces/srv/_set_max_pizza_s.c
[0.680s] -- Up-to-date: /home/dragon/FRA502-LAB-66340500051/install/controller_interfaces/local/lib/python3.10/dist-packages/controller_interfaces/srv/__init__.py
[0.680s] -- Up-to-date: /home/dragon/FRA502-LAB-66340500051/install/controller_interfaces/local/lib/python3.10/dist-packages/controller_interfaces/_controller_interfaces_s.ep.rosidl_typesupport_introspection_c.c
[0.680s] -- Up-to-date: /home/dragon/FRA502-LAB-66340500051/install/controller_interfaces/local/lib/python3.10/dist-packages/controller_interfaces/libcontroller_interfaces__rosidl_generator_py.so
[0.711s] Listing '/home/dragon/FRA502-LAB-66340500051/install/controller_interfaces/local/lib/python3.10/dist-packages/controller_interfaces'...
[0.711s] Listing '/home/dragon/FRA502-LAB-66340500051/install/controller_interfaces/local/lib/python3.10/dist-packages/controller_interfaces/srv'...
[0.716s] -- Up-to-date: /home/dragon/FRA502-LAB-66340500051/install/controller_interfaces/local/lib/python3.10/dist-packages/controller_interfaces/controller_interfaces_s__rosidl_typesupport_fastrtps_c.cpython-310-x86_64-linux-gnu.so
[0.717s] -- Up-to-date: /home/dragon/FRA502-LAB-66340500051/install/controller_interfaces/local/lib/python3.10/dist-packages/controller_interfaces/controller_interfaces_s__rosidl_typesupport_introspection_c.cpython-310-x86_64-linux-gnu.so
[0.717s] -- Up-to-date: /home/dragon/FRA502-LAB-66340500051/install/controller_interfaces/local/lib/python3.10/dist-packages/controller_interfaces/controller_interfaces_s__rosidl_typesupport_c.cpython-310-x86_64-linux-gnu.so
[0.717s] -- Up-to-date: /home/dragon/FRA502-LAB-66340500051/install/controller_interfaces/lib/libcontroller_interfaces__rosidl_generator_py.so
[0.717s] -- Up-to-date: /home/dragon/FRA502-LAB-66340500051/install/controller_interfaces/share/controller_interfaces/srv/SetMaxPizza.idl
[0.717s] -- Up-to-date: /home/dragon/FRA502-LAB-66340500051/install/controller_interfaces/share/controller_interfaces/srv/SetParam.idl
[0.717s] -- Up-to-date: /home/dragon/FRA502-LAB-66340500051/install/controller_interfaces/share/controller_interfaces/srv/SetMaxPizza.srv
[0.717s] -- Up-to-date: /home/dragon/FRA502-LAB-66340500051/install/controller_interfaces/share/controller_interfaces/srv/SetMaxPizza_Request.msg
[0.717s] -- Up-to-date: /home/dragon/FRA502-LAB-66340500051/install/controller_interfaces/share/controller_interfaces/srv/SetMaxPizza_Response.msg
[0.718s] -- Up-to-date: /home/dragon/FRA502-LAB-66340500051/install/controller_interfaces/share/controller_interfaces/srv/SetParam.srv
[0.718s] -- Up-to-date: /home/dragon/FRA502-LAB-66340500051/install/controller_interfaces/share/controller_interfaces/srv/SetParam_Request.msg
[0.718s] -- Up-to-date: /home/dragon/FRA502-LAB-66340500051/install/controller_interfaces/share/controller_interfaces/srv/SetParam_Response.msg
[0.718s] -- Up-to-date: /home/dragon/FRA502-LAB-66340500051/install/controller_interfaces/share/ament_index/resource_index/package_run_dependencies/controller_interfaces
[0.718s] -- Up-to-date: /home/dragon/FRA502-LAB-66340500051/install/controller_interfaces/share/ament_index/resource_index/parent_prefix_path/controller_interfaces
[0.718s] -- Up-to-date: /home/dragon/FRA502-LAB-66340500051/install/controller_interfaces/share/controller_interfaces/environment/ament_prefix_path.sh
[0.719s] -- Up-to-date: /home/dragon/FRA502-LAB-66340500051/install/controller_interfaces/share/controller_interfaces/environment/ament_prefix_path.dsv
[0.719s] -- Up-to-date: /home/dragon/FRA502-LAB-66340500051/install/controller_interfaces/share/controller_interfaces/environment/path.sh
[0.719s] -- Up-to-date: /home/dragon/FRA502-LAB-66340500051/install/controller_interfaces/share/controller_interfaces/environment/path.dsv
[0.719s] -- Up-to-date: /home/dragon/FRA502-LAB-66340500051/install/controller_interfaces/share/controller_interfaces/local_setup.bash
[0.719s] -- Up-to-date: /home/dragon/FRA502-LAB-66340500051/install/controller_interfaces/share/controller_interfaces/local_setup.sh
[0.719s] -- Up-to-date: /home/dragon/FRA502-LAB-66340500051/install/controller_interfaces/share/controller_interfaces/local_setup.zsh
[0.719s] -- Up-to-date: /home/dragon/FRA502-LAB-66340500051/install/controller_interfaces/share/controller_interfaces/local_setup.dsv
[0.719s] -- Installing: /home/dragon/FRA502-LAB-66340500051/install/controller_interfaces/share/controller_interfaces/package.dsv
[0.719s] -- Up-to-date: /home/dragon/FRA502-LAB-66340500051/install/controller_interfaces/share/ament_index/resource_index/packages/controller_interfaces
[0.719s] -- Up-to-date: /home/dragon/FRA502-LAB-66340500051/install/controller_interfaces/share/controller_interfaces/cmake/export_controller_interfaces__rosidl_generator_cExport.cmake
[0.720s] -- Up-to-date: /home/dragon/FRA502-LAB-66340500051/install/controller_interfaces/share/controller_interfaces/cmake/export_controller_interfaces__rosidl_generator_cExport-noconfig.cmake
[0.721s] -- Up-to-date: /home/dragon/FRA502-LAB-66340500051/install/controller_interfaces/share/controller_interfaces/cmake/export_controller_interfaces__rosidl_typesupport_fastrtps_cExport.cmake
[0.721s] -- Up-to-date: /home/dragon/FRA502-LAB-66340500051/install/controller_interfaces/share/controller_interfaces/cmake/export_controller_interfaces__rosidl_typesupport_fastrtps_cExport-noconfig.cmake
[0.721s] -- Up-to-date: /home/dragon/FRA502-LAB-66340500051/install/controller_interfaces/share/controller_interfaces/cmake/export_controller_interfaces__rosidl_generator_cppExport.cmake
[0.721s] -- Up-to-date: /home/dragon/FRA502-LAB-66340500051/install/controller_interfaces/share/controller_interfaces/cmake/export_controller_interfaces__rosidl_typesupport_fastrtps_cppExport.cmake
[0.721s] -- Up-to-date: /home/dragon/FRA502-LAB-66340500051/install/controller_interfaces/share/controller_interfaces/cmake/export_controller_interfaces__rosidl_typesupport_fastrtps_cppExport-noconfig.cmake
[0.721s] -- Up-to-date: /home/dragon/FRA502-LAB-66340500051/install/controller_interfaces/share/controller_interfaces/cmake/controller_interfaces__rosidl_typesupport_introspection_cExport.cmake
[0.722s] -- Up-to-date: /home/dragon/FRA502-LAB-66340500051/install/controller_interfaces/share/controller_interfaces/cmake/controller_interfaces__rosidl_typesupport_introspection_cExport-noconfig.cmake
[0.722s] -- Up-to-date: /home/dragon/FRA502-LAB-66340500051/install/controller_interfaces/share/controller_interfaces/cmake/controller_interfaces__rosidl_typesupport_cExport.cmake
[0.722s] -- Up-to-date: /home/dragon/FRA502-LAB-66340500051/install/controller_interfaces/share/controller_interfaces/cmake/controller_interfaces__rosidl_typesupport_cExport-noconfig.cmake
[0.722s] -- Up-to-date: /home/dragon/FRA502-LAB-66340500051/install/controller_interfaces/share/controller_interfaces/cmake/controller_interfaces__rosidl_typesupport_introspection_cppExport.cmake
[0.722s] -- Up-to-date: /home/dragon/FRA502-LAB-66340500051/install/controller_interfaces/share/controller_interfaces/cmake/controller_interfaces__rosidl_typesupport_introspection_cppExport-noconfig.cmake
[0.722s] -- Up-to-date: /home/dragon/FRA502-LAB-66340500051/install/controller_interfaces/share/controller_interfaces/cmake/controller_interfaces__rosidl_typesupport_cppExport.cmake
[0.722s] -- Up-to-date: /home/dragon/FRA502-LAB-66340500051/install/controller_interfaces/share/controller_interfaces/cmake/controller_interfaces__rosidl_typesupport_cppExport-noconfig.cmake
[0.722s] -- Up-to-date: /home/dragon/FRA502-LAB-66340500051/install/controller_interfaces/share/controller_interfaces/cmake/export_controller_interfaces__rosidl_generator_pyExport.cmake
[0.722s] -- Up-to-date: /home/dragon/FRA502-LAB-66340500051/install/controller_interfaces/share/controller_interfaces/cmake/export_controller_interfaces__rosidl_generator_pyExport-noconfig.cmake
[0.722s] -- Up-to-date: /home/dragon/FRA502-LAB-66340500051/install/controller_interfaces/share/controller_interfaces/cmake/rosidl_cmake-extras.cmake
[0.722s] -- Up-to-date: /home/dragon/FRA502-LAB-66340500051/install/controller_interfaces/share/controller_interfaces/cmake/ament_cmake_export_dependencies-extras.cmake
[0.722s] -- Up-to-date: /home/dragon/FRA502-LAB-66340500051/install/controller_interfaces/share/controller_interfaces/cmake/ament_cmake_export_include_directories-extras.cmake
[0.723s] -- Up-to-date: /home/dragon/FRA502-LAB-66340500051/install/controller_interfaces/share/controller_interfaces/cmake/ament_cmake_export_libraries-extras.cmake
[0.723s] -- Up-to-date: /home/dragon/FRA502-LAB-66340500051/install/controller_interfaces/share/controller_interfaces/cmake/ament_cmake_export_targets-extras.cmake
[0.723s] -- Up-to-date: /home/dragon/FRA502-LAB-66340500051/install/controller_interfaces/share/controller_interfaces/cmake/rosidl_cmake_export_typesupport_targets-extras.cmake
[0.723s] -- Up-to-date: /home/dragon/FRA502-LAB-66340500051/install/controller_interfaces/share/controller_interfaces/cmake/rosidl_cmake_export_typesupport_libraries-extras.cmake
[0.723s] -- Up-to-date: /home/dragon/FRA502-LAB-66340500051/install/controller_interfaces/share/controller_interfaces/cmake/controller_interfacesConfig.cmake
[0.723s] -- Up-to-date: /home/dragon/FRA502-LAB-66340500051/install/controller_interfaces/share/controller_interfaces/cmake/controller_interfacesConfig-version.cmake
[0.723s] -- Up-to-date: /home/dragon/FRA502-LAB-66340500051/install/controller_interfaces/share/controller_interfaces/package.xml
[0.735s] Invoked command in '/home/dragon/FRA502-LAB-66340500051/build/controller_interfaces' returned '0': CMAKE_PREFIX_PATH=${CMAKE_PREFIX_PATH}:/opt/ros/humble /usr/bin/cmake --install /home/dragon/FRA502-LAB-66340500051/build/controller_interfaces
