[0.025s] Invoking command in '/home/dragon/FRA502-LAB-66340500051/build/turtlesim_plus': CMAKE_PREFIX_PATH=${CMAKE_PREFIX_PATH}:/opt/ros/humble /usr/bin/cmake --build /home/dragon/FRA502-LAB-66340500051/build/turtlesim_plus -- -j4 -l4
[0.137s] Built target ament_cmake_python_copy_turtlesim_plus
[0.498s] running egg_info
[0.499s] writing turtlesim_plus.egg-info/PKG-INFO
[0.499s] writing dependency_links to turtlesim_plus.egg-info/dependency_links.txt
[0.499s] writing top-level names to turtlesim_plus.egg-info/top_level.txt
[0.502s] reading manifest file 'turtlesim_plus.egg-info/SOURCES.txt'
[0.503s] writing manifest file 'turtlesim_plus.egg-info/SOURCES.txt'
[0.553s] Built target ament_cmake_python_build_turtlesim_plus_egg
[0.566s] Invoked command in '/home/dragon/FRA502-LAB-66340500051/build/turtlesim_plus' returned '0': CMAKE_PREFIX_PATH=${CMAKE_PREFIX_PATH}:/opt/ros/humble /usr/bin/cmake --build /home/dragon/FRA502-LAB-66340500051/build/turtlesim_plus -- -j4 -l4
[0.568s] Invoking command in '/home/dragon/FRA502-LAB-66340500051/build/turtlesim_plus': CMAKE_PREFIX_PATH=${CMAKE_PREFIX_PATH}:/opt/ros/humble /usr/bin/cmake --install /home/dragon/FRA502-LAB-66340500051/build/turtlesim_plus
[0.578s] -- Install configuration: ""
[0.578s] -- Up-to-date: /home/dragon/FRA502-LAB-66340500051/install/turtlesim_plus/share/turtlesim_plus/environment/pythonpath.sh
[0.578s] -- Up-to-date: /home/dragon/FRA502-LAB-66340500051/install/turtlesim_plus/share/turtlesim_plus/environment/pythonpath.dsv
[0.578s] -- Up-to-date: /home/dragon/FRA502-LAB-66340500051/install/turtlesim_plus/local/lib/python3.10/dist-packages/turtlesim_plus-1.0.0-py3.10.egg-info
[0.578s] -- Installing: /home/dragon/FRA502-LAB-66340500051/install/turtlesim_plus/local/lib/python3.10/dist-packages/turtlesim_plus-1.0.0-py3.10.egg-info/PKG-INFO
[0.578s] -- Installing: /home/dragon/FRA502-LAB-66340500051/install/turtlesim_plus/local/lib/python3.10/dist-packages/turtlesim_plus-1.0.0-py3.10.egg-info/top_level.txt
[0.578s] -- Installing: /home/dragon/FRA502-LAB-66340500051/install/turtlesim_plus/local/lib/python3.10/dist-packages/turtlesim_plus-1.0.0-py3.10.egg-info/dependency_links.txt
[0.578s] -- Installing: /home/dragon/FRA502-LAB-66340500051/install/turtlesim_plus/local/lib/python3.10/dist-packages/turtlesim_plus-1.0.0-py3.10.egg-info/SOURCES.txt
[0.579s] -- Up-to-date: /home/dragon/FRA502-LAB-66340500051/install/turtlesim_plus/local/lib/python3.10/dist-packages/turtlesim_plus
[0.579s] -- Up-to-date: /home/dragon/FRA502-LAB-66340500051/install/turtlesim_plus/local/lib/python3.10/dist-packages/turtlesim_plus/image
[0.579s] -- Up-to-date: /home/dragon/FRA502-LAB-66340500051/install/turtlesim_plus/local/lib/python3.10/dist-packages/turtlesim_plus/image/object
[0.579s] -- Up-to-date: /home/dragon/FRA502-LAB-66340500051/install/turtlesim_plus/local/lib/python3.10/dist-packages/turtlesim_plus/image/object/parcel.png
[0.579s] -- Up-to-date: /home/dragon/FRA502-LAB-66340500051/install/turtlesim_plus/local/lib/python3.10/dist-packages/turtlesim_plus/image/object/pizza.png
[0.579s] -- Up-to-date: /home/dragon/FRA502-LAB-66340500051/install/turtlesim_plus/local/lib/python3.10/dist-packages/turtlesim_plus/image/map
[0.579s] -- Up-to-date: /home/dragon/FRA502-LAB-66340500051/install/turtlesim_plus/local/lib/python3.10/dist-packages/turtlesim_plus/image/map/map.png
[0.579s] -- Up-to-date: /home/dragon/FRA502-LAB-66340500051/install/turtlesim_plus/local/lib/python3.10/dist-packages/turtlesim_plus/image/turtle
[0.579s] -- Up-to-date: /home/dragon/FRA502-LAB-66340500051/install/turtlesim_plus/local/lib/python3.10/dist-packages/turtlesim_plus/image/turtle/foxy.png
[0.579s] -- Up-to-date: /home/dragon/FRA502-LAB-66340500051/install/turtlesim_plus/local/lib/python3.10/dist-packages/turtlesim_plus/image/turtle/bouncy.png
[0.579s] -- Up-to-date: /home/dragon/FRA502-LAB-66340500051/install/turtlesim_plus/local/lib/python3.10/dist-packages/turtlesim_plus/image/turtle/eloquent.png
[0.579s] -- Up-to-date: /home/dragon/FRA502-LAB-66340500051/install/turtlesim_plus/local/lib/python3.10/dist-packages/turtlesim_plus/image/turtle/crystal.png
[0.579s] -- Up-to-date: /home/dragon/FRA502-LAB-66340500051/install/turtlesim_plus/local/lib/python3.10/dist-packages/turtlesim_plus/image/turtle/dashing.png
[0.579s] -- Up-to-date: /home/dragon/FRA502-LAB-66340500051/install/turtlesim_plus/local/lib/python3.10/dist-packages/turtlesim_plus/image/turtle/galactic.png
[0.579s] -- Up-to-date: /home/dragon/FRA502-LAB-66340500051/install/turtlesim_plus/local/lib/python3.10/dist-packages/turtlesim_plus/image/turtle/ardent.png
[0.579s] -- Up-to-date: /home/dragon/FRA502-LAB-66340500051/install/turtlesim_plus/local/lib/python3.10/dist-packages/turtlesim_plus/image/turtle/otto.png
[0.580s] -- Up-to-date: /home/dragon/FRA502-LAB-66340500051/install/turtlesim_plus/local/lib/python3.10/dist-packages/turtlesim_plus/image/turtle/humble.png
[0.580s] -- Up-to-date: /home/dragon/FRA502-LAB-66340500051/install/turtlesim_plus/local/lib/python3.10/dist-packages/turtlesim_plus/image/turtle/rolling.png
[0.580s] -- Up-to-date: /home/dragon/FRA502-LAB-66340500051/install/turtlesim_plus/local/lib/python3.10/dist-packages/turtlesim_plus/ros2_plugins.py
[0.580s] -- Up-to-date: /home/dragon/FRA502-LAB-66340500051/install/turtlesim_plus/local/lib/python3.10/dist-packages/turtlesim_plus/entity.py
[0.580s] -- Up-to-date: /home/dragon/FRA502-LAB-66340500051/install/turtlesim_plus/local/lib/python3.10/dist-packages/turtlesim_plus/__init__.py
[0.635s] Listing '/home/dragon/FRA502-LAB-66340500051/install/turtlesim_plus/local/lib/python3.10/dist-packages/turtlesim_plus'...
[0.635s] Listing '/home/dragon/FRA502-LAB-66340500051/install/turtlesim_plus/local/lib/python3.10/dist-packages/turtlesim_plus/image'...
[0.636s] Listing '/home/dragon/FRA502-LAB-66340500051/install/turtlesim_plus/local/lib/python3.10/dist-packages/turtlesim_plus/image/map'...
[0.636s] Listing '/home/dragon/FRA502-LAB-66340500051/install/turtlesim_plus/local/lib/python3.10/dist-packages/turtlesim_plus/image/object'...
[0.636s] Listing '/home/dragon/FRA502-LAB-66340500051/install/turtlesim_plus/local/lib/python3.10/dist-packages/turtlesim_plus/image/turtle'...
[0.647s] -- Up-to-date: /home/dragon/FRA502-LAB-66340500051/install/turtlesim_plus/lib/turtlesim_plus/turtlesim_plus_node.py
[0.647s] -- Up-to-date: /home/dragon/FRA502-LAB-66340500051/install/turtlesim_plus/lib/turtlesim_plus/pizza_on_click.py
[0.649s] -- Up-to-date: /home/dragon/FRA502-LAB-66340500051/install/turtlesim_plus/share/turtlesim_plus
[0.649s] -- Up-to-date: /home/dragon/FRA502-LAB-66340500051/install/turtlesim_plus/share/ament_index/resource_index/package_run_dependencies/turtlesim_plus
[0.649s] -- Up-to-date: /home/dragon/FRA502-LAB-66340500051/install/turtlesim_plus/share/ament_index/resource_index/parent_prefix_path/turtlesim_plus
[0.650s] -- Up-to-date: /home/dragon/FRA502-LAB-66340500051/install/turtlesim_plus/share/turtlesim_plus/environment/ament_prefix_path.sh
[0.651s] -- Up-to-date: /home/dragon/FRA502-LAB-66340500051/install/turtlesim_plus/share/turtlesim_plus/environment/ament_prefix_path.dsv
[0.652s] -- Up-to-date: /home/dragon/FRA502-LAB-66340500051/install/turtlesim_plus/share/turtlesim_plus/environment/path.sh
[0.652s] -- Up-to-date: /home/dragon/FRA502-LAB-66340500051/install/turtlesim_plus/share/turtlesim_plus/environment/path.dsv
[0.652s] -- Up-to-date: /home/dragon/FRA502-LAB-66340500051/install/turtlesim_plus/share/turtlesim_plus/local_setup.bash
[0.652s] -- Up-to-date: /home/dragon/FRA502-LAB-66340500051/install/turtlesim_plus/share/turtlesim_plus/local_setup.sh
[0.652s] -- Up-to-date: /home/dragon/FRA502-LAB-66340500051/install/turtlesim_plus/share/turtlesim_plus/local_setup.zsh
[0.652s] -- Up-to-date: /home/dragon/FRA502-LAB-66340500051/install/turtlesim_plus/share/turtlesim_plus/local_setup.dsv
[0.652s] -- Installing: /home/dragon/FRA502-LAB-66340500051/install/turtlesim_plus/share/turtlesim_plus/package.dsv
[0.653s] -- Up-to-date: /home/dragon/FRA502-LAB-66340500051/install/turtlesim_plus/share/ament_index/resource_index/packages/turtlesim_plus
[0.653s] -- Up-to-date: /home/dragon/FRA502-LAB-66340500051/install/turtlesim_plus/share/turtlesim_plus/cmake/turtlesim_plusConfig.cmake
[0.653s] -- Up-to-date: /home/dragon/FRA502-LAB-66340500051/install/turtlesim_plus/share/turtlesim_plus/cmake/turtlesim_plusConfig-version.cmake
[0.653s] -- Up-to-date: /home/dragon/FRA502-LAB-66340500051/install/turtlesim_plus/share/turtlesim_plus/package.xml
[0.656s] Invoked command in '/home/dragon/FRA502-LAB-66340500051/build/turtlesim_plus' returned '0': CMAKE_PREFIX_PATH=${CMAKE_PREFIX_PATH}:/opt/ros/humble /usr/bin/cmake --install /home/dragon/FRA502-LAB-66340500051/build/turtlesim_plus
