[0.029s] Invoking command in '/home/dragon/FRA502-LAB-66340500051/build/controller_interfaces': CMAKE_PREFIX_PATH=${CMAKE_PREFIX_PATH}:/opt/ros/humble /usr/bin/cmake --build /home/dragon/FRA502-LAB-66340500051/build/controller_interfaces -- -j4 -l4
[0.100s] [  2%] Built target controller_interfaces__cpp
[0.122s] [ 12%] Built target controller_interfaces__rosidl_generator_c
[0.144s] [ 17%] Built target ament_cmake_python_copy_controller_interfaces
[0.145s] [ 23%] Built target controller_interfaces__rosidl_typesupport_cpp
[0.162s] [ 33%] Built target controller_interfaces__rosidl_typesupport_fastrtps_cpp
[0.167s] [ 43%] Built target controller_interfaces__rosidl_typesupport_introspection_cpp
[0.179s] [ 53%] Built target controller_interfaces__rosidl_typesupport_fastrtps_c
[0.188s] [ 64%] Built target controller_interfaces__rosidl_typesupport_introspection_c
[0.206s] [ 74%] Built target controller_interfaces__rosidl_typesupport_c
[0.258s] [ 74%] Built target controller_interfaces
[0.308s] [ 76%] Built target controller_interfaces__py
[0.369s] [ 84%] Built target controller_interfaces__rosidl_generator_py
[0.433s] [ 89%] Built target controller_interfaces__rosidl_typesupport_fastrtps_c__pyext
[0.433s] [ 94%] Built target controller_interfaces__rosidl_typesupport_c__pyext
[0.434s] [100%] Built target controller_interfaces__rosidl_typesupport_introspection_c__pyext
[0.504s] running egg_info
[0.505s] writing controller_interfaces.egg-info/PKG-INFO
[0.505s] writing dependency_links to controller_interfaces.egg-info/dependency_links.txt
[0.505s] writing top-level names to controller_interfaces.egg-info/top_level.txt
[0.509s] reading manifest file 'controller_interfaces.egg-info/SOURCES.txt'
[0.510s] writing manifest file 'controller_interfaces.egg-info/SOURCES.txt'
[0.557s] [100%] Built target ament_cmake_python_build_controller_interfaces_egg
[0.573s] Invoked command in '/home/dragon/FRA502-LAB-66340500051/build/controller_interfaces' returned '0': CMAKE_PREFIX_PATH=${CMAKE_PREFIX_PATH}:/opt/ros/humble /usr/bin/cmake --build /home/dragon/FRA502-LAB-66340500051/build/controller_interfaces -- -j4 -l4
[0.574s] Invoking command in '/home/dragon/FRA502-LAB-66340500051/build/controller_interfaces': CMAKE_PREFIX_PATH=${CMAKE_PREFIX_PATH}:/opt/ros/humble /usr/bin/cmake --install /home/dragon/FRA502-LAB-66340500051/build/controller_interfaces
[0.584s] -- Install configuration: ""
[0.584s] -- Up-to-date: /home/dragon/FRA502-LAB-66340500051/install/controller_interfaces/share/ament_index/resource_index/rosidl_interfaces/controller_interfaces
[0.584s] -- Up-to-date: /home/dragon/FRA502-LAB-66340500051/install/controller_interfaces/include/controller_interfaces/controller_interfaces
[0.584s] -- Up-to-date: /home/dragon/FRA502-LAB-66340500051/install/controller_interfaces/include/controller_interfaces/controller_interfaces/msg
[0.584s] -- Up-to-date: /home/dragon/FRA502-LAB-66340500051/install/controller_interfaces/include/controller_interfaces/controller_interfaces/msg/rosidl_generator_c__visibility_control.h
[0.584s] -- Up-to-date: /home/dragon/FRA502-LAB-66340500051/install/controller_interfaces/include/controller_interfaces/controller_interfaces/srv
[0.584s] -- Up-to-date: /home/dragon/FRA502-LAB-66340500051/install/controller_interfaces/include/controller_interfaces/controller_interfaces/srv/set_param.h
[0.585s] -- Up-to-date: /home/dragon/FRA502-LAB-66340500051/install/controller_interfaces/include/controller_interfaces/controller_interfaces/srv/detail
[0.585s] -- Up-to-date: /home/dragon/FRA502-LAB-66340500051/install/controller_interfaces/include/controller_interfaces/controller_interfaces/srv/detail/set_param__functions.c
[0.587s] -- Up-to-date: /home/dragon/FRA502-LAB-66340500051/install/controller_interfaces/include/controller_interfaces/controller_interfaces/srv/detail/set_max_pizza__functions.h
[0.587s] -- Up-to-date: /home/dragon/FRA502-LAB-66340500051/install/controller_interfaces/include/controller_interfaces/controller_interfaces/srv/detail/set_max_pizza__type_support.h
[0.587s] -- Up-to-date: /home/dragon/FRA502-LAB-66340500051/install/controller_interfaces/include/controller_interfaces/controller_interfaces/srv/detail/set_param__functions.h
[0.587s] -- Up-to-date: /home/dragon/FRA502-LAB-66340500051/install/controller_interfaces/include/controller_interfaces/controller_interfaces/srv/detail/set_max_pizza__functions.c
[0.587s] -- Up-to-date: /home/dragon/FRA502-LAB-66340500051/install/controller_interfaces/include/controller_interfaces/controller_interfaces/srv/detail/set_max_pizza__struct.h
[0.587s] -- Up-to-date: /home/dragon/FRA502-LAB-66340500051/install/controller_interfaces/include/controller_interfaces/controller_interfaces/srv/detail/set_param__struct.h
[0.587s] -- Up-to-date: /home/dragon/FRA502-LAB-66340500051/install/controller_interfaces/include/controller_interfaces/controller_interfaces/srv/detail/set_param__type_support.h
[0.587s] -- Up-to-date: /home/dragon/FRA502-LAB-66340500051/install/controller_interfaces/include/controller_interfaces/controller_interfaces/srv/set_max_pizza.h
[0.587s] -- Up-to-date: /home/dragon/FRA502-LAB-66340500051/install/controller_interfaces/share/controller_interfaces/environment/library_path.sh
[0.587s] -- Up-to-date: /home/dragon/FRA502-LAB-66340500051/install/controller_interfaces/share/controller_interfaces/environment/library_path.dsv
[0.587s] -- Up-to-date: /home/dragon/FRA502-LAB-66340500051/install/controller_interfaces/lib/libcontroller_interfaces__rosidl_generator_c.so
[0.588s] -- Up-to-date: /home/dragon/FRA502-LAB-66340500051/install/controller_interfaces/include/controller_interfaces/controller_interfaces
[0.588s] -- Up-to-date: /home/dragon/FRA502-LAB-66340500051/install/controller_interfaces/include/controller_interfaces/controller_interfaces/msg
[0.588s] -- Up-to-date: /home/dragon/FRA502-LAB-66340500051/install/controller_interfaces/include/controller_interfaces/controller_interfaces/msg/rosidl_typesupport_fastrtps_c__visibility_control.h
[0.588s] -- Up-to-date: /home/dragon/FRA502-LAB-66340500051/install/controller_interfaces/include/controller_interfaces/controller_interfaces/srv
[0.588s] -- Up-to-date: /home/dragon/FRA502-LAB-66340500051/install/controller_interfaces/include/controller_interfaces/controller_interfaces/srv/detail
[0.588s] -- Up-to-date: /home/dragon/FRA502-LAB-66340500051/install/controller_interfaces/include/controller_interfaces/controller_interfaces/srv/detail/set_param__rosidl_typesupport_fastrtps_c.h
[0.588s] -- Up-to-date: /home/dragon/FRA502-LAB-66340500051/install/controller_interfaces/include/controller_interfaces/controller_interfaces/srv/detail/set_max_pizza__rosidl_typesupport_fastrtps_c.h
[0.588s] -- Up-to-date: /home/dragon/FRA502-LAB-66340500051/install/controller_interfaces/lib/libcontroller_interfaces__rosidl_typesupport_fastrtps_c.so
[0.588s] -- Up-to-date: /home/dragon/FRA502-LAB-66340500051/install/controller_interfaces/include/controller_interfaces/controller_interfaces
[0.588s] -- Up-to-date: /home/dragon/FRA502-LAB-66340500051/install/controller_interfaces/include/controller_interfaces/controller_interfaces/msg
[0.588s] -- Up-to-date: /home/dragon/FRA502-LAB-66340500051/install/controller_interfaces/include/controller_interfaces/controller_interfaces/msg/rosidl_generator_cpp__visibility_control.hpp
[0.588s] -- Up-to-date: /home/dragon/FRA502-LAB-66340500051/install/controller_interfaces/include/controller_interfaces/controller_interfaces/srv
[0.588s] -- Up-to-date: /home/dragon/FRA502-LAB-66340500051/install/controller_interfaces/include/controller_interfaces/controller_interfaces/srv/set_param.hpp
[0.589s] -- Up-to-date: /home/dragon/FRA502-LAB-66340500051/install/controller_interfaces/include/controller_interfaces/controller_interfaces/srv/detail
[0.589s] -- Up-to-date: /home/dragon/FRA502-LAB-66340500051/install/controller_interfaces/include/controller_interfaces/controller_interfaces/srv/detail/set_max_pizza__builder.hpp
[0.589s] -- Up-to-date: /home/dragon/FRA502-LAB-66340500051/install/controller_interfaces/include/controller_interfaces/controller_interfaces/srv/detail/set_param__builder.hpp
[0.589s] -- Up-to-date: /home/dragon/FRA502-LAB-66340500051/install/controller_interfaces/include/controller_interfaces/controller_interfaces/srv/detail/set_max_pizza__traits.hpp
[0.589s] -- Up-to-date: /home/dragon/FRA502-LAB-66340500051/install/controller_interfaces/include/controller_interfaces/controller_interfaces/srv/detail/set_param__traits.hpp
[0.589s] -- Up-to-date: /home/dragon/FRA502-LAB-66340500051/install/controller_interfaces/include/controller_interfaces/controller_interfaces/srv/detail/set_max_pizza__struct.hpp
[0.589s] -- Up-to-date: /home/dragon/FRA502-LAB-66340500051/install/controller_interfaces/include/controller_interfaces/controller_interfaces/srv/detail/set_param__struct.hpp
[0.589s] -- Up-to-date: /home/dragon/FRA502-LAB-66340500051/install/controller_interfaces/include/controller_interfaces/controller_interfaces/srv/detail/set_param__type_support.hpp
[0.589s] -- Up-to-date: /home/dragon/FRA502-LAB-66340500051/install/controller_interfaces/include/controller_interfaces/controller_interfaces/srv/detail/set_max_pizza__type_support.hpp
[0.589s] -- Up-to-date: /home/dragon/FRA502-LAB-66340500051/install/controller_interfaces/include/controller_interfaces/controller_interfaces/srv/set_max_pizza.hpp
[0.589s] -- Up-to-date: /home/dragon/FRA502-LAB-66340500051/install/controller_interfaces/include/controller_interfaces/controller_interfaces
[0.589s] -- Up-to-date: /home/dragon/FRA502-LAB-66340500051/install/controller_interfaces/include/controller_interfaces/controller_interfaces/msg
[0.589s] -- Up-to-date: /home/dragon/FRA502-LAB-66340500051/install/controller_interfaces/include/controller_interfaces/controller_interfaces/msg/rosidl_typesupport_fastrtps_cpp__visibility_control.h
[0.589s] -- Up-to-date: /home/dragon/FRA502-LAB-66340500051/install/controller_interfaces/include/controller_interfaces/controller_interfaces/srv
[0.589s] -- Up-to-date: /home/dragon/FRA502-LAB-66340500051/install/controller_interfaces/include/controller_interfaces/controller_interfaces/srv/detail
[0.590s] -- Up-to-date: /home/dragon/FRA502-LAB-66340500051/install/controller_interfaces/include/controller_interfaces/controller_interfaces/srv/detail/set_param__rosidl_typesupport_fastrtps_cpp.hpp
[0.590s] -- Up-to-date: /home/dragon/FRA502-LAB-66340500051/install/controller_interfaces/include/controller_interfaces/controller_interfaces/srv/detail/dds_fastrtps
[0.590s] -- Up-to-date: /home/dragon/FRA502-LAB-66340500051/install/controller_interfaces/include/controller_interfaces/controller_interfaces/srv/detail/set_max_pizza__rosidl_typesupport_fastrtps_cpp.hpp
[0.590s] -- Up-to-date: /home/dragon/FRA502-LAB-66340500051/install/controller_interfaces/lib/libcontroller_interfaces__rosidl_typesupport_fastrtps_cpp.so
[0.590s] -- Up-to-date: /home/dragon/FRA502-LAB-66340500051/install/controller_interfaces/include/controller_interfaces/controller_interfaces
[0.590s] -- Up-to-date: /home/dragon/FRA502-LAB-66340500051/install/controller_interfaces/include/controller_interfaces/controller_interfaces/msg
[0.590s] -- Up-to-date: /home/dragon/FRA502-LAB-66340500051/install/controller_interfaces/include/controller_interfaces/controller_interfaces/msg/rosidl_typesupport_introspection_c__visibility_control.h
[0.590s] -- Up-to-date: /home/dragon/FRA502-LAB-66340500051/install/controller_interfaces/include/controller_interfaces/controller_interfaces/srv
[0.590s] -- Up-to-date: /home/dragon/FRA502-LAB-66340500051/install/controller_interfaces/include/controller_interfaces/controller_interfaces/srv/detail
[0.590s] -- Up-to-date: /home/dragon/FRA502-LAB-66340500051/install/controller_interfaces/include/controller_interfaces/controller_interfaces/srv/detail/set_max_pizza__type_support.c
[0.590s] -- Up-to-date: /home/dragon/FRA502-LAB-66340500051/install/controller_interfaces/include/controller_interfaces/controller_interfaces/srv/detail/set_max_pizza__rosidl_typesupport_introspection_c.h
[0.590s] -- Up-to-date: /home/dragon/FRA502-LAB-66340500051/install/controller_interfaces/include/controller_interfaces/controller_interfaces/srv/detail/set_param__rosidl_typesupport_introspection_c.h
[0.590s] -- Up-to-date: /home/dragon/FRA502-LAB-66340500051/install/controller_interfaces/include/controller_interfaces/controller_interfaces/srv/detail/set_param__type_support.c
[0.593s] -- Up-to-date: /home/dragon/FRA502-LAB-66340500051/install/controller_interfaces/lib/libcontroller_interfaces__rosidl_typesupport_introspection_c.so
[0.594s] -- Up-to-date: /home/dragon/FRA502-LAB-66340500051/install/controller_interfaces/lib/libcontroller_interfaces__rosidl_typesupport_c.so
[0.594s] -- Up-to-date: /home/dragon/FRA502-LAB-66340500051/install/controller_interfaces/include/controller_interfaces/controller_interfaces
[0.594s] -- Up-to-date: /home/dragon/FRA502-LAB-66340500051/install/controller_interfaces/include/controller_interfaces/controller_interfaces/srv
[0.594s] -- Up-to-date: /home/dragon/FRA502-LAB-66340500051/install/controller_interfaces/include/controller_interfaces/controller_interfaces/srv/detail
[0.594s] -- Up-to-date: /home/dragon/FRA502-LAB-66340500051/install/controller_interfaces/include/controller_interfaces/controller_interfaces/srv/detail/set_max_pizza__type_support.cpp
[0.594s] -- Up-to-date: /home/dragon/FRA502-LAB-66340500051/install/controller_interfaces/include/controller_interfaces/controller_interfaces/srv/detail/set_max_pizza__rosidl_typesupport_introspection_cpp.hpp
[0.594s] -- Up-to-date: /home/dragon/FRA502-LAB-66340500051/install/controller_interfaces/include/controller_interfaces/controller_interfaces/srv/detail/set_param__type_support.cpp
[0.594s] -- Up-to-date: /home/dragon/FRA502-LAB-66340500051/install/controller_interfaces/include/controller_interfaces/controller_interfaces/srv/detail/set_param__rosidl_typesupport_introspection_cpp.hpp
[0.594s] -- Up-to-date: /home/dragon/FRA502-LAB-66340500051/install/controller_interfaces/lib/libcontroller_interfaces__rosidl_typesupport_introspection_cpp.so
[0.594s] -- Up-to-date: /home/dragon/FRA502-LAB-66340500051/install/controller_interfaces/lib/libcontroller_interfaces__rosidl_typesupport_cpp.so
[0.594s] -- Up-to-date: /home/dragon/FRA502-LAB-66340500051/install/controller_interfaces/share/controller_interfaces/environment/pythonpath.sh
[0.594s] -- Up-to-date: /home/dragon/FRA502-LAB-66340500051/install/controller_interfaces/share/controller_interfaces/environment/pythonpath.dsv
[0.594s] -- Up-to-date: /home/dragon/FRA502-LAB-66340500051/install/controller_interfaces/local/lib/python3.10/dist-packages/controller_interfaces-0.0.0-py3.10.egg-info
[0.594s] -- Installing: /home/dragon/FRA502-LAB-66340500051/install/controller_interfaces/local/lib/python3.10/dist-packages/controller_interfaces-0.0.0-py3.10.egg-info/PKG-INFO
[0.595s] -- Installing: /home/dragon/FRA502-LAB-66340500051/install/controller_interfaces/local/lib/python3.10/dist-packages/controller_interfaces-0.0.0-py3.10.egg-info/top_level.txt
[0.595s] -- Installing: /home/dragon/FRA502-LAB-66340500051/install/controller_interfaces/local/lib/python3.10/dist-packages/controller_interfaces-0.0.0-py3.10.egg-info/dependency_links.txt
[0.595s] -- Installing: /home/dragon/FRA502-LAB-66340500051/install/controller_interfaces/local/lib/python3.10/dist-packages/controller_interfaces-0.0.0-py3.10.egg-info/SOURCES.txt
[0.595s] -- Up-to-date: /home/dragon/FRA502-LAB-66340500051/install/controller_interfaces/local/lib/python3.10/dist-packages/controller_interfaces
[0.595s] -- Up-to-date: /home/dragon/FRA502-LAB-66340500051/install/controller_interfaces/local/lib/python3.10/dist-packages/controller_interfaces/controller_interfaces_s__rosidl_typesupport_fastrtps_c.cpython-310-x86_64-linux-gnu.so
[0.595s] -- Up-to-date: /home/dragon/FRA502-LAB-66340500051/install/controller_interfaces/local/lib/python3.10/dist-packages/controller_interfaces/_controller_interfaces_s.ep.rosidl_typesupport_fastrtps_c.c
[0.595s] -- Up-to-date: /home/dragon/FRA502-LAB-66340500051/install/controller_interfaces/local/lib/python3.10/dist-packages/controller_interfaces/_controller_interfaces_s.ep.rosidl_typesupport_c.c
[0.595s] -- Up-to-date: /home/dragon/FRA502-LAB-66340500051/install/controller_interfaces/local/lib/python3.10/dist-packages/controller_interfaces/controller_interfaces_s__rosidl_typesupport_introspection_c.cpython-310-x86_64-linux-gnu.so
[0.595s] -- Up-to-date: /home/dragon/FRA502-LAB-66340500051/install/controller_interfaces/local/lib/python3.10/dist-packages/controller_interfaces/controller_interfaces_s__rosidl_typesupport_c.cpython-310-x86_64-linux-gnu.so
[0.595s] -- Up-to-date: /home/dragon/FRA502-LAB-66340500051/install/controller_interfaces/local/lib/python3.10/dist-packages/controller_interfaces/__init__.py
[0.595s] -- Up-to-date: /home/dragon/FRA502-LAB-66340500051/install/controller_interfaces/local/lib/python3.10/dist-packages/controller_interfaces/srv
[0.595s] -- Up-to-date: /home/dragon/FRA502-LAB-66340500051/install/controller_interfaces/local/lib/python3.10/dist-packages/controller_interfaces/srv/_set_param_s.c
[0.595s] -- Up-to-date: /home/dragon/FRA502-LAB-66340500051/install/controller_interfaces/local/lib/python3.10/dist-packages/controller_interfaces/srv/_set_max_pizza.py
[0.595s] -- Up-to-date: /home/dragon/FRA502-LAB-66340500051/install/controller_interfaces/local/lib/python3.10/dist-packages/controller_interfaces/srv/_set_param.py
[0.595s] -- Up-to-date: /home/dragon/FRA502-LAB-66340500051/install/controller_interfaces/local/lib/python3.10/dist-packages/controller_interfaces/srv/_set_max_pizza_s.c
[0.595s] -- Up-to-date: /home/dragon/FRA502-LAB-66340500051/install/controller_interfaces/local/lib/python3.10/dist-packages/controller_interfaces/srv/__init__.py
[0.597s] -- Up-to-date: /home/dragon/FRA502-LAB-66340500051/install/controller_interfaces/local/lib/python3.10/dist-packages/controller_interfaces/_controller_interfaces_s.ep.rosidl_typesupport_introspection_c.c
[0.597s] -- Up-to-date: /home/dragon/FRA502-LAB-66340500051/install/controller_interfaces/local/lib/python3.10/dist-packages/controller_interfaces/libcontroller_interfaces__rosidl_generator_py.so
[0.636s] Listing '/home/dragon/FRA502-LAB-66340500051/install/controller_interfaces/local/lib/python3.10/dist-packages/controller_interfaces'...
[0.640s] Listing '/home/dragon/FRA502-LAB-66340500051/install/controller_interfaces/local/lib/python3.10/dist-packages/controller_interfaces/srv'...
[0.648s] -- Up-to-date: /home/dragon/FRA502-LAB-66340500051/install/controller_interfaces/local/lib/python3.10/dist-packages/controller_interfaces/controller_interfaces_s__rosidl_typesupport_fastrtps_c.cpython-310-x86_64-linux-gnu.so
[0.648s] -- Up-to-date: /home/dragon/FRA502-LAB-66340500051/install/controller_interfaces/local/lib/python3.10/dist-packages/controller_interfaces/controller_interfaces_s__rosidl_typesupport_introspection_c.cpython-310-x86_64-linux-gnu.so
[0.648s] -- Up-to-date: /home/dragon/FRA502-LAB-66340500051/install/controller_interfaces/local/lib/python3.10/dist-packages/controller_interfaces/controller_interfaces_s__rosidl_typesupport_c.cpython-310-x86_64-linux-gnu.so
[0.648s] -- Up-to-date: /home/dragon/FRA502-LAB-66340500051/install/controller_interfaces/lib/libcontroller_interfaces__rosidl_generator_py.so
[0.648s] -- Up-to-date: /home/dragon/FRA502-LAB-66340500051/install/controller_interfaces/share/controller_interfaces/srv/SetMaxPizza.idl
[0.648s] -- Up-to-date: /home/dragon/FRA502-LAB-66340500051/install/controller_interfaces/share/controller_interfaces/srv/SetParam.idl
[0.648s] -- Up-to-date: /home/dragon/FRA502-LAB-66340500051/install/controller_interfaces/share/controller_interfaces/srv/SetMaxPizza.srv
[0.648s] -- Up-to-date: /home/dragon/FRA502-LAB-66340500051/install/controller_interfaces/share/controller_interfaces/srv/SetMaxPizza_Request.msg
[0.648s] -- Up-to-date: /home/dragon/FRA502-LAB-66340500051/install/controller_interfaces/share/controller_interfaces/srv/SetMaxPizza_Response.msg
[0.648s] -- Up-to-date: /home/dragon/FRA502-LAB-66340500051/install/controller_interfaces/share/controller_interfaces/srv/SetParam.srv
[0.649s] -- Up-to-date: /home/dragon/FRA502-LAB-66340500051/install/controller_interfaces/share/controller_interfaces/srv/SetParam_Request.msg
[0.649s] -- Up-to-date: /home/dragon/FRA502-LAB-66340500051/install/controller_interfaces/share/controller_interfaces/srv/SetParam_Response.msg
[0.651s] -- Up-to-date: /home/dragon/FRA502-LAB-66340500051/install/controller_interfaces/share/ament_index/resource_index/package_run_dependencies/controller_interfaces
[0.651s] -- Up-to-date: /home/dragon/FRA502-LAB-66340500051/install/controller_interfaces/share/ament_index/resource_index/parent_prefix_path/controller_interfaces
[0.651s] -- Up-to-date: /home/dragon/FRA502-LAB-66340500051/install/controller_interfaces/share/controller_interfaces/environment/ament_prefix_path.sh
[0.651s] -- Up-to-date: /home/dragon/FRA502-LAB-66340500051/install/controller_interfaces/share/controller_interfaces/environment/ament_prefix_path.dsv
[0.651s] -- Up-to-date: /home/dragon/FRA502-LAB-66340500051/install/controller_interfaces/share/controller_interfaces/environment/path.sh
[0.653s] -- Up-to-date: /home/dragon/FRA502-LAB-66340500051/install/controller_interfaces/share/controller_interfaces/environment/path.dsv
[0.655s] -- Up-to-date: /home/dragon/FRA502-LAB-66340500051/install/controller_interfaces/share/controller_interfaces/local_setup.bash
[0.656s] -- Up-to-date: /home/dragon/FRA502-LAB-66340500051/install/controller_interfaces/share/controller_interfaces/local_setup.sh
[0.656s] -- Up-to-date: /home/dragon/FRA502-LAB-66340500051/install/controller_interfaces/share/controller_interfaces/local_setup.zsh
[0.656s] -- Up-to-date: /home/dragon/FRA502-LAB-66340500051/install/controller_interfaces/share/controller_interfaces/local_setup.dsv
[0.656s] -- Installing: /home/dragon/FRA502-LAB-66340500051/install/controller_interfaces/share/controller_interfaces/package.dsv
[0.656s] -- Up-to-date: /home/dragon/FRA502-LAB-66340500051/install/controller_interfaces/share/ament_index/resource_index/packages/controller_interfaces
[0.656s] -- Up-to-date: /home/dragon/FRA502-LAB-66340500051/install/controller_interfaces/share/controller_interfaces/cmake/export_controller_interfaces__rosidl_generator_cExport.cmake
[0.656s] -- Up-to-date: /home/dragon/FRA502-LAB-66340500051/install/controller_interfaces/share/controller_interfaces/cmake/export_controller_interfaces__rosidl_generator_cExport-noconfig.cmake
[0.656s] -- Up-to-date: /home/dragon/FRA502-LAB-66340500051/install/controller_interfaces/share/controller_interfaces/cmake/export_controller_interfaces__rosidl_typesupport_fastrtps_cExport.cmake
[0.656s] -- Up-to-date: /home/dragon/FRA502-LAB-66340500051/install/controller_interfaces/share/controller_interfaces/cmake/export_controller_interfaces__rosidl_typesupport_fastrtps_cExport-noconfig.cmake
[0.656s] -- Up-to-date: /home/dragon/FRA502-LAB-66340500051/install/controller_interfaces/share/controller_interfaces/cmake/export_controller_interfaces__rosidl_generator_cppExport.cmake
[0.656s] -- Up-to-date: /home/dragon/FRA502-LAB-66340500051/install/controller_interfaces/share/controller_interfaces/cmake/export_controller_interfaces__rosidl_typesupport_fastrtps_cppExport.cmake
[0.656s] -- Up-to-date: /home/dragon/FRA502-LAB-66340500051/install/controller_interfaces/share/controller_interfaces/cmake/export_controller_interfaces__rosidl_typesupport_fastrtps_cppExport-noconfig.cmake
[0.657s] -- Up-to-date: /home/dragon/FRA502-LAB-66340500051/install/controller_interfaces/share/controller_interfaces/cmake/controller_interfaces__rosidl_typesupport_introspection_cExport.cmake
[0.657s] -- Up-to-date: /home/dragon/FRA502-LAB-66340500051/install/controller_interfaces/share/controller_interfaces/cmake/controller_interfaces__rosidl_typesupport_introspection_cExport-noconfig.cmake
[0.657s] -- Up-to-date: /home/dragon/FRA502-LAB-66340500051/install/controller_interfaces/share/controller_interfaces/cmake/controller_interfaces__rosidl_typesupport_cExport.cmake
[0.657s] -- Up-to-date: /home/dragon/FRA502-LAB-66340500051/install/controller_interfaces/share/controller_interfaces/cmake/controller_interfaces__rosidl_typesupport_cExport-noconfig.cmake
[0.657s] -- Up-to-date: /home/dragon/FRA502-LAB-66340500051/install/controller_interfaces/share/controller_interfaces/cmake/controller_interfaces__rosidl_typesupport_introspection_cppExport.cmake
[0.657s] -- Up-to-date: /home/dragon/FRA502-LAB-66340500051/install/controller_interfaces/share/controller_interfaces/cmake/controller_interfaces__rosidl_typesupport_introspection_cppExport-noconfig.cmake
[0.657s] -- Up-to-date: /home/dragon/FRA502-LAB-66340500051/install/controller_interfaces/share/controller_interfaces/cmake/controller_interfaces__rosidl_typesupport_cppExport.cmake
[0.657s] -- Up-to-date: /home/dragon/FRA502-LAB-66340500051/install/controller_interfaces/share/controller_interfaces/cmake/controller_interfaces__rosidl_typesupport_cppExport-noconfig.cmake
[0.657s] -- Up-to-date: /home/dragon/FRA502-LAB-66340500051/install/controller_interfaces/share/controller_interfaces/cmake/export_controller_interfaces__rosidl_generator_pyExport.cmake
[0.657s] -- Up-to-date: /home/dragon/FRA502-LAB-66340500051/install/controller_interfaces/share/controller_interfaces/cmake/export_controller_interfaces__rosidl_generator_pyExport-noconfig.cmake
[0.658s] -- Up-to-date: /home/dragon/FRA502-LAB-66340500051/install/controller_interfaces/share/controller_interfaces/cmake/rosidl_cmake-extras.cmake
[0.658s] -- Up-to-date: /home/dragon/FRA502-LAB-66340500051/install/controller_interfaces/share/controller_interfaces/cmake/ament_cmake_export_dependencies-extras.cmake
[0.658s] -- Up-to-date: /home/dragon/FRA502-LAB-66340500051/install/controller_interfaces/share/controller_interfaces/cmake/ament_cmake_export_include_directories-extras.cmake
[0.658s] -- Up-to-date: /home/dragon/FRA502-LAB-66340500051/install/controller_interfaces/share/controller_interfaces/cmake/ament_cmake_export_libraries-extras.cmake
[0.659s] -- Up-to-date: /home/dragon/FRA502-LAB-66340500051/install/controller_interfaces/share/controller_interfaces/cmake/ament_cmake_export_targets-extras.cmake
[0.661s] -- Up-to-date: /home/dragon/FRA502-LAB-66340500051/install/controller_interfaces/share/controller_interfaces/cmake/rosidl_cmake_export_typesupport_targets-extras.cmake
[0.661s] -- Up-to-date: /home/dragon/FRA502-LAB-66340500051/install/controller_interfaces/share/controller_interfaces/cmake/rosidl_cmake_export_typesupport_libraries-extras.cmake
[0.662s] -- Up-to-date: /home/dragon/FRA502-LAB-66340500051/install/controller_interfaces/share/controller_interfaces/cmake/controller_interfacesConfig.cmake
[0.662s] -- Up-to-date: /home/dragon/FRA502-LAB-66340500051/install/controller_interfaces/share/controller_interfaces/cmake/controller_interfacesConfig-version.cmake
[0.662s] -- Up-to-date: /home/dragon/FRA502-LAB-66340500051/install/controller_interfaces/share/controller_interfaces/package.xml
[0.678s] Invoked command in '/home/dragon/FRA502-LAB-66340500051/build/controller_interfaces' returned '0': CMAKE_PREFIX_PATH=${CMAKE_PREFIX_PATH}:/opt/ros/humble /usr/bin/cmake --install /home/dragon/FRA502-LAB-66340500051/build/controller_interfaces
