[0.031s] Invoking command in '/home/dragon/FRA502-LAB-66340500051/build/lab2': CMAKE_PREFIX_PATH=${CMAKE_PREFIX_PATH}:/opt/ros/humble /usr/bin/cmake --build /home/dragon/FRA502-LAB-66340500051/build/lab2 -- -j4 -l4
[0.119s] [  0%] Built target ament_cmake_python_copy_lab2
[0.123s] [100%] Built target cpp_node_test
[0.573s] running egg_info
[0.574s] writing lab2.egg-info/PKG-INFO
[0.574s] writing dependency_links to lab2.egg-info/dependency_links.txt
[0.575s] writing top-level names to lab2.egg-info/top_level.txt
[0.578s] reading manifest file 'lab2.egg-info/SOURCES.txt'
[0.579s] writing manifest file 'lab2.egg-info/SOURCES.txt'
[0.620s] [100%] Built target ament_cmake_python_build_lab2_egg
[0.636s] Invoked command in '/home/dragon/FRA502-LAB-66340500051/build/lab2' returned '0': CMAKE_PREFIX_PATH=${CMAKE_PREFIX_PATH}:/opt/ros/humble /usr/bin/cmake --build /home/dragon/FRA502-LAB-66340500051/build/lab2 -- -j4 -l4
[0.636s] Invoking command in '/home/dragon/FRA502-LAB-66340500051/build/lab2': CMAKE_PREFIX_PATH=${CMAKE_PREFIX_PATH}:/opt/ros/humble /usr/bin/cmake --install /home/dragon/FRA502-LAB-66340500051/build/lab2
[0.647s] -- Install configuration: ""
[0.647s] -- Up-to-date: /home/dragon/FRA502-LAB-66340500051/install/lab2/share/lab2/environment/pythonpath.sh
[0.647s] -- Up-to-date: /home/dragon/FRA502-LAB-66340500051/install/lab2/share/lab2/environment/pythonpath.dsv
[0.648s] -- Up-to-date: /home/dragon/FRA502-LAB-66340500051/install/lab2/local/lib/python3.10/dist-packages/lab2-0.0.0-py3.10.egg-info
[0.648s] -- Installing: /home/dragon/FRA502-LAB-66340500051/install/lab2/local/lib/python3.10/dist-packages/lab2-0.0.0-py3.10.egg-info/PKG-INFO
[0.648s] -- Installing: /home/dragon/FRA502-LAB-66340500051/install/lab2/local/lib/python3.10/dist-packages/lab2-0.0.0-py3.10.egg-info/top_level.txt
[0.649s] -- Installing: /home/dragon/FRA502-LAB-66340500051/install/lab2/local/lib/python3.10/dist-packages/lab2-0.0.0-py3.10.egg-info/dependency_links.txt
[0.649s] -- Installing: /home/dragon/FRA502-LAB-66340500051/install/lab2/local/lib/python3.10/dist-packages/lab2-0.0.0-py3.10.egg-info/SOURCES.txt
[0.649s] -- Up-to-date: /home/dragon/FRA502-LAB-66340500051/install/lab2/local/lib/python3.10/dist-packages/lab2
[0.650s] -- Up-to-date: /home/dragon/FRA502-LAB-66340500051/install/lab2/local/lib/python3.10/dist-packages/lab2/dummy_module.py
[0.650s] -- Up-to-date: /home/dragon/FRA502-LAB-66340500051/install/lab2/local/lib/python3.10/dist-packages/lab2/__init__.py
[0.697s] Listing '/home/dragon/FRA502-LAB-66340500051/install/lab2/local/lib/python3.10/dist-packages/lab2'...
[0.701s] -- Up-to-date: /home/dragon/FRA502-LAB-66340500051/install/lab2/lib/lab2/dummy_script.py
[0.701s] -- Up-to-date: /home/dragon/FRA502-LAB-66340500051/install/lab2/lib/lab2/eater.py
[0.701s] -- Up-to-date: /home/dragon/FRA502-LAB-66340500051/install/lab2/lib/lab2/killer.py
[0.701s] -- Up-to-date: /home/dragon/FRA502-LAB-66340500051/install/lab2/lib/lab2/turtlesim_pose.py
[0.703s] -- Up-to-date: /home/dragon/FRA502-LAB-66340500051/install/lab2/lib/lab2/cpp_node_test
[0.703s] -- Up-to-date: /home/dragon/FRA502-LAB-66340500051/install/lab2/share/lab2
[0.704s] -- Up-to-date: /home/dragon/FRA502-LAB-66340500051/install/lab2/share/ament_index/resource_index/package_run_dependencies/lab2
[0.704s] -- Up-to-date: /home/dragon/FRA502-LAB-66340500051/install/lab2/share/ament_index/resource_index/parent_prefix_path/lab2
[0.704s] -- Up-to-date: /home/dragon/FRA502-LAB-66340500051/install/lab2/share/lab2/environment/ament_prefix_path.sh
[0.704s] -- Up-to-date: /home/dragon/FRA502-LAB-66340500051/install/lab2/share/lab2/environment/ament_prefix_path.dsv
[0.704s] -- Up-to-date: /home/dragon/FRA502-LAB-66340500051/install/lab2/share/lab2/environment/path.sh
[0.704s] -- Up-to-date: /home/dragon/FRA502-LAB-66340500051/install/lab2/share/lab2/environment/path.dsv
[0.704s] -- Up-to-date: /home/dragon/FRA502-LAB-66340500051/install/lab2/share/lab2/local_setup.bash
[0.704s] -- Up-to-date: /home/dragon/FRA502-LAB-66340500051/install/lab2/share/lab2/local_setup.sh
[0.704s] -- Up-to-date: /home/dragon/FRA502-LAB-66340500051/install/lab2/share/lab2/local_setup.zsh
[0.704s] -- Up-to-date: /home/dragon/FRA502-LAB-66340500051/install/lab2/share/lab2/local_setup.dsv
[0.704s] -- Installing: /home/dragon/FRA502-LAB-66340500051/install/lab2/share/lab2/package.dsv
[0.704s] -- Up-to-date: /home/dragon/FRA502-LAB-66340500051/install/lab2/share/ament_index/resource_index/packages/lab2
[0.705s] -- Up-to-date: /home/dragon/FRA502-LAB-66340500051/install/lab2/share/lab2/cmake/lab2Config.cmake
[0.705s] -- Up-to-date: /home/dragon/FRA502-LAB-66340500051/install/lab2/share/lab2/cmake/lab2Config-version.cmake
[0.705s] -- Up-to-date: /home/dragon/FRA502-LAB-66340500051/install/lab2/share/lab2/package.xml
[0.732s] Invoked command in '/home/dragon/FRA502-LAB-66340500051/build/lab2' returned '0': CMAKE_PREFIX_PATH=${CMAKE_PREFIX_PATH}:/opt/ros/humble /usr/bin/cmake --install /home/dragon/FRA502-LAB-66340500051/build/lab2
