[0.130s] DEBUG:colcon:Command line arguments: ['/usr/bin/colcon', 'build']
[0.130s] DEBUG:colcon:Parsed command line arguments: Namespace(log_base=None, log_level=None, verb_name='build', build_base='build', install_base='install', merge_install=False, symlink_install=False, test_result_base=None, continue_on_error=False, executor='parallel', parallel_workers=4, event_handlers=None, ignore_user_meta=False, metas=['./colcon.meta'], base_paths=['.'], packages_ignore=None, packages_ignore_regex=None, paths=None, packages_up_to=None, packages_up_to_regex=None, packages_above=None, packages_above_and_dependencies=None, packages_above_depth=None, packages_select_by_dep=None, packages_skip_by_dep=None, packages_skip_up_to=None, packages_select_build_failed=False, packages_skip_build_finished=False, packages_select_test_failures=False, packages_skip_test_passed=False, packages_select=None, packages_skip=None, packages_select_regex=None, packages_skip_regex=None, packages_start=None, packages_end=None, allow_overriding=[], cmake_args=None, cmake_target=None, cmake_target_skip_unavailable=False, cmake_clean_cache=False, cmake_clean_first=False, cmake_force_configure=False, ament_cmake_args=None, catkin_cmake_args=None, catkin_skip_building_tests=False, verb_parser=<colcon_defaults.argument_parser.defaults.DefaultArgumentsDecorator object at 0x732e0945d270>, verb_extension=<colcon_core.verb.build.BuildVerb object at 0x732e095d6890>, main=<bound method BuildVerb.main of <colcon_core.verb.build.BuildVerb object at 0x732e095d6890>>)
[0.321s] Level 1:colcon.colcon_core.package_discovery:discover_packages(colcon_meta) check parameters
[0.321s] Level 1:colcon.colcon_core.package_discovery:discover_packages(recursive) check parameters
[0.321s] Level 1:colcon.colcon_core.package_discovery:discover_packages(ignore) check parameters
[0.321s] Level 1:colcon.colcon_core.package_discovery:discover_packages(path) check parameters
[0.321s] Level 1:colcon.colcon_core.package_discovery:discover_packages(colcon_meta) discover
[0.321s] Level 1:colcon.colcon_core.package_discovery:discover_packages(recursive) discover
[0.321s] INFO:colcon.colcon_core.package_discovery:Crawling recursively for packages in '/home/dragon/FRA502-LAB-66340500051'
[0.321s] Level 1:colcon.colcon_core.package_identification:_identify(.) by extensions ['ignore', 'ignore_ament_install']
[0.321s] Level 1:colcon.colcon_core.package_identification:_identify(.) by extension 'ignore'
[0.321s] Level 1:colcon.colcon_core.package_identification:_identify(.) by extension 'ignore_ament_install'
[0.321s] Level 1:colcon.colcon_core.package_identification:_identify(.) by extensions ['colcon_pkg']
[0.321s] Level 1:colcon.colcon_core.package_identification:_identify(.) by extension 'colcon_pkg'
[0.321s] Level 1:colcon.colcon_core.package_identification:_identify(.) by extensions ['colcon_meta']
[0.322s] Level 1:colcon.colcon_core.package_identification:_identify(.) by extension 'colcon_meta'
[0.322s] Level 1:colcon.colcon_core.package_identification:_identify(.) by extensions ['ros']
[0.322s] Level 1:colcon.colcon_core.package_identification:_identify(.) by extension 'ros'
[0.333s] Level 1:colcon.colcon_core.package_identification:_identify(.) by extensions ['cmake', 'python']
[0.333s] Level 1:colcon.colcon_core.package_identification:_identify(.) by extension 'cmake'
[0.333s] Level 1:colcon.colcon_core.package_identification:_identify(.) by extension 'python'
[0.333s] Level 1:colcon.colcon_core.package_identification:_identify(.) by extensions ['python_setup_py']
[0.334s] Level 1:colcon.colcon_core.package_identification:_identify(.) by extension 'python_setup_py'
[0.334s] Level 1:colcon.colcon_core.package_identification:_identify(build) by extensions ['ignore', 'ignore_ament_install']
[0.334s] Level 1:colcon.colcon_core.package_identification:_identify(build) by extension 'ignore'
[0.334s] Level 1:colcon.colcon_core.package_identification:_identify(build) ignored
[0.334s] Level 1:colcon.colcon_core.package_identification:_identify(install) by extensions ['ignore', 'ignore_ament_install']
[0.334s] Level 1:colcon.colcon_core.package_identification:_identify(install) by extension 'ignore'
[0.334s] Level 1:colcon.colcon_core.package_identification:_identify(install) ignored
[0.334s] Level 1:colcon.colcon_core.package_identification:_identify(log) by extensions ['ignore', 'ignore_ament_install']
[0.334s] Level 1:colcon.colcon_core.package_identification:_identify(log) by extension 'ignore'
[0.334s] Level 1:colcon.colcon_core.package_identification:_identify(log) ignored
[0.334s] Level 1:colcon.colcon_core.package_identification:_identify(src) by extensions ['ignore', 'ignore_ament_install']
[0.334s] Level 1:colcon.colcon_core.package_identification:_identify(src) by extension 'ignore'
[0.335s] Level 1:colcon.colcon_core.package_identification:_identify(src) by extension 'ignore_ament_install'
[0.335s] Level 1:colcon.colcon_core.package_identification:_identify(src) by extensions ['colcon_pkg']
[0.335s] Level 1:colcon.colcon_core.package_identification:_identify(src) by extension 'colcon_pkg'
[0.335s] Level 1:colcon.colcon_core.package_identification:_identify(src) by extensions ['colcon_meta']
[0.335s] Level 1:colcon.colcon_core.package_identification:_identify(src) by extension 'colcon_meta'
[0.335s] Level 1:colcon.colcon_core.package_identification:_identify(src) by extensions ['ros']
[0.335s] Level 1:colcon.colcon_core.package_identification:_identify(src) by extension 'ros'
[0.335s] Level 1:colcon.colcon_core.package_identification:_identify(src) by extensions ['cmake', 'python']
[0.335s] Level 1:colcon.colcon_core.package_identification:_identify(src) by extension 'cmake'
[0.335s] Level 1:colcon.colcon_core.package_identification:_identify(src) by extension 'python'
[0.335s] Level 1:colcon.colcon_core.package_identification:_identify(src) by extensions ['python_setup_py']
[0.335s] Level 1:colcon.colcon_core.package_identification:_identify(src) by extension 'python_setup_py'
[0.335s] Level 1:colcon.colcon_core.package_identification:_identify(src/build) by extensions ['ignore', 'ignore_ament_install']
[0.335s] Level 1:colcon.colcon_core.package_identification:_identify(src/build) by extension 'ignore'
[0.335s] Level 1:colcon.colcon_core.package_identification:_identify(src/build) ignored
[0.335s] Level 1:colcon.colcon_core.package_identification:_identify(src/controller_interfaces) by extensions ['ignore', 'ignore_ament_install']
[0.335s] Level 1:colcon.colcon_core.package_identification:_identify(src/controller_interfaces) by extension 'ignore'
[0.335s] Level 1:colcon.colcon_core.package_identification:_identify(src/controller_interfaces) by extension 'ignore_ament_install'
[0.336s] Level 1:colcon.colcon_core.package_identification:_identify(src/controller_interfaces) by extensions ['colcon_pkg']
[0.336s] Level 1:colcon.colcon_core.package_identification:_identify(src/controller_interfaces) by extension 'colcon_pkg'
[0.336s] Level 1:colcon.colcon_core.package_identification:_identify(src/controller_interfaces) by extensions ['colcon_meta']
[0.336s] Level 1:colcon.colcon_core.package_identification:_identify(src/controller_interfaces) by extension 'colcon_meta'
[0.336s] Level 1:colcon.colcon_core.package_identification:_identify(src/controller_interfaces) by extensions ['ros']
[0.336s] Level 1:colcon.colcon_core.package_identification:_identify(src/controller_interfaces) by extension 'ros'
[0.339s] DEBUG:colcon.colcon_core.package_identification:Package 'src/controller_interfaces' with type 'ros.ament_cmake' and name 'controller_interfaces'
[0.339s] Level 1:colcon.colcon_core.package_identification:_identify(src/install) by extensions ['ignore', 'ignore_ament_install']
[0.339s] Level 1:colcon.colcon_core.package_identification:_identify(src/install) by extension 'ignore'
[0.339s] Level 1:colcon.colcon_core.package_identification:_identify(src/install) ignored
[0.339s] Level 1:colcon.colcon_core.package_identification:_identify(src/lab2) by extensions ['ignore', 'ignore_ament_install']
[0.339s] Level 1:colcon.colcon_core.package_identification:_identify(src/lab2) by extension 'ignore'
[0.339s] Level 1:colcon.colcon_core.package_identification:_identify(src/lab2) by extension 'ignore_ament_install'
[0.339s] Level 1:colcon.colcon_core.package_identification:_identify(src/lab2) by extensions ['colcon_pkg']
[0.339s] Level 1:colcon.colcon_core.package_identification:_identify(src/lab2) by extension 'colcon_pkg'
[0.339s] Level 1:colcon.colcon_core.package_identification:_identify(src/lab2) by extensions ['colcon_meta']
[0.339s] Level 1:colcon.colcon_core.package_identification:_identify(src/lab2) by extension 'colcon_meta'
[0.339s] Level 1:colcon.colcon_core.package_identification:_identify(src/lab2) by extensions ['ros']
[0.339s] Level 1:colcon.colcon_core.package_identification:_identify(src/lab2) by extension 'ros'
[0.340s] DEBUG:colcon.colcon_core.package_identification:Package 'src/lab2' with type 'ros.ament_cmake' and name 'lab2'
[0.340s] Level 1:colcon.colcon_core.package_identification:_identify(src/lab3) by extensions ['ignore', 'ignore_ament_install']
[0.340s] Level 1:colcon.colcon_core.package_identification:_identify(src/lab3) by extension 'ignore'
[0.340s] Level 1:colcon.colcon_core.package_identification:_identify(src/lab3) by extension 'ignore_ament_install'
[0.340s] Level 1:colcon.colcon_core.package_identification:_identify(src/lab3) by extensions ['colcon_pkg']
[0.340s] Level 1:colcon.colcon_core.package_identification:_identify(src/lab3) by extension 'colcon_pkg'
[0.340s] Level 1:colcon.colcon_core.package_identification:_identify(src/lab3) by extensions ['colcon_meta']
[0.340s] Level 1:colcon.colcon_core.package_identification:_identify(src/lab3) by extension 'colcon_meta'
[0.340s] Level 1:colcon.colcon_core.package_identification:_identify(src/lab3) by extensions ['ros']
[0.341s] Level 1:colcon.colcon_core.package_identification:_identify(src/lab3) by extension 'ros'
[0.341s] DEBUG:colcon.colcon_core.package_identification:Package 'src/lab3' with type 'ros.ament_cmake' and name 'lab3'
[0.341s] Level 1:colcon.colcon_core.package_identification:_identify(src/log) by extensions ['ignore', 'ignore_ament_install']
[0.341s] Level 1:colcon.colcon_core.package_identification:_identify(src/log) by extension 'ignore'
[0.341s] Level 1:colcon.colcon_core.package_identification:_identify(src/log) ignored
[0.342s] Level 1:colcon.colcon_core.package_identification:_identify(src/turtlesim_plus) by extensions ['ignore', 'ignore_ament_install']
[0.342s] Level 1:colcon.colcon_core.package_identification:_identify(src/turtlesim_plus) by extension 'ignore'
[0.342s] Level 1:colcon.colcon_core.package_identification:_identify(src/turtlesim_plus) by extension 'ignore_ament_install'
[0.342s] Level 1:colcon.colcon_core.package_identification:_identify(src/turtlesim_plus) by extensions ['colcon_pkg']
[0.342s] Level 1:colcon.colcon_core.package_identification:_identify(src/turtlesim_plus) by extension 'colcon_pkg'
[0.342s] Level 1:colcon.colcon_core.package_identification:_identify(src/turtlesim_plus) by extensions ['colcon_meta']
[0.342s] Level 1:colcon.colcon_core.package_identification:_identify(src/turtlesim_plus) by extension 'colcon_meta'
[0.342s] Level 1:colcon.colcon_core.package_identification:_identify(src/turtlesim_plus) by extensions ['ros']
[0.342s] Level 1:colcon.colcon_core.package_identification:_identify(src/turtlesim_plus) by extension 'ros'
[0.342s] Level 1:colcon.colcon_core.package_identification:_identify(src/turtlesim_plus) by extensions ['cmake', 'python']
[0.342s] Level 1:colcon.colcon_core.package_identification:_identify(src/turtlesim_plus) by extension 'cmake'
[0.342s] Level 1:colcon.colcon_core.package_identification:_identify(src/turtlesim_plus) by extension 'python'
[0.342s] Level 1:colcon.colcon_core.package_identification:_identify(src/turtlesim_plus) by extensions ['python_setup_py']
[0.342s] Level 1:colcon.colcon_core.package_identification:_identify(src/turtlesim_plus) by extension 'python_setup_py'
[0.342s] Level 1:colcon.colcon_core.package_identification:_identify(src/turtlesim_plus/turtlesim_plus) by extensions ['ignore', 'ignore_ament_install']
[0.342s] Level 1:colcon.colcon_core.package_identification:_identify(src/turtlesim_plus/turtlesim_plus) by extension 'ignore'
[0.342s] Level 1:colcon.colcon_core.package_identification:_identify(src/turtlesim_plus/turtlesim_plus) by extension 'ignore_ament_install'
[0.342s] Level 1:colcon.colcon_core.package_identification:_identify(src/turtlesim_plus/turtlesim_plus) by extensions ['colcon_pkg']
[0.342s] Level 1:colcon.colcon_core.package_identification:_identify(src/turtlesim_plus/turtlesim_plus) by extension 'colcon_pkg'
[0.343s] Level 1:colcon.colcon_core.package_identification:_identify(src/turtlesim_plus/turtlesim_plus) by extensions ['colcon_meta']
[0.343s] Level 1:colcon.colcon_core.package_identification:_identify(src/turtlesim_plus/turtlesim_plus) by extension 'colcon_meta'
[0.343s] Level 1:colcon.colcon_core.package_identification:_identify(src/turtlesim_plus/turtlesim_plus) by extensions ['ros']
[0.343s] Level 1:colcon.colcon_core.package_identification:_identify(src/turtlesim_plus/turtlesim_plus) by extension 'ros'
[0.344s] DEBUG:colcon.colcon_core.package_identification:Package 'src/turtlesim_plus/turtlesim_plus' with type 'ros.ament_cmake' and name 'turtlesim_plus'
[0.344s] Level 1:colcon.colcon_core.package_identification:_identify(src/turtlesim_plus/turtlesim_plus_interfaces) by extensions ['ignore', 'ignore_ament_install']
[0.344s] Level 1:colcon.colcon_core.package_identification:_identify(src/turtlesim_plus/turtlesim_plus_interfaces) by extension 'ignore'
[0.344s] Level 1:colcon.colcon_core.package_identification:_identify(src/turtlesim_plus/turtlesim_plus_interfaces) by extension 'ignore_ament_install'
[0.344s] Level 1:colcon.colcon_core.package_identification:_identify(src/turtlesim_plus/turtlesim_plus_interfaces) by extensions ['colcon_pkg']
[0.344s] Level 1:colcon.colcon_core.package_identification:_identify(src/turtlesim_plus/turtlesim_plus_interfaces) by extension 'colcon_pkg'
[0.344s] Level 1:colcon.colcon_core.package_identification:_identify(src/turtlesim_plus/turtlesim_plus_interfaces) by extensions ['colcon_meta']
[0.344s] Level 1:colcon.colcon_core.package_identification:_identify(src/turtlesim_plus/turtlesim_plus_interfaces) by extension 'colcon_meta'
[0.344s] Level 1:colcon.colcon_core.package_identification:_identify(src/turtlesim_plus/turtlesim_plus_interfaces) by extensions ['ros']
[0.344s] Level 1:colcon.colcon_core.package_identification:_identify(src/turtlesim_plus/turtlesim_plus_interfaces) by extension 'ros'
[0.345s] DEBUG:colcon.colcon_core.package_identification:Package 'src/turtlesim_plus/turtlesim_plus_interfaces' with type 'ros.ament_cmake' and name 'turtlesim_plus_interfaces'
[0.345s] Level 1:colcon.colcon_core.package_discovery:discover_packages(recursive) using defaults
[0.345s] Level 1:colcon.colcon_core.package_discovery:discover_packages(ignore) discover
[0.345s] Level 1:colcon.colcon_core.package_discovery:discover_packages(ignore) using defaults
[0.345s] Level 1:colcon.colcon_core.package_discovery:discover_packages(path) discover
[0.345s] Level 1:colcon.colcon_core.package_discovery:discover_packages(path) using defaults
[0.376s] Level 1:colcon.colcon_core.package_discovery:discover_packages(prefix_path) check parameters
[0.377s] Level 1:colcon.colcon_core.package_discovery:discover_packages(prefix_path) discover
[0.379s] DEBUG:colcon.colcon_installed_package_information.package_discovery:Found 5 installed packages in /home/dragon/FRA502-LAB-66340500051/install
[0.380s] DEBUG:colcon.colcon_installed_package_information.package_discovery:Found 340 installed packages in /opt/ros/humble
[0.382s] Level 1:colcon.colcon_core.package_discovery:discover_packages(prefix_path) using defaults
[0.436s] Level 5:colcon.colcon_core.verb:set package 'controller_interfaces' build argument 'cmake_args' from command line to 'None'
[0.436s] Level 5:colcon.colcon_core.verb:set package 'controller_interfaces' build argument 'cmake_target' from command line to 'None'
[0.436s] Level 5:colcon.colcon_core.verb:set package 'controller_interfaces' build argument 'cmake_target_skip_unavailable' from command line to 'False'
[0.436s] Level 5:colcon.colcon_core.verb:set package 'controller_interfaces' build argument 'cmake_clean_cache' from command line to 'False'
[0.436s] Level 5:colcon.colcon_core.verb:set package 'controller_interfaces' build argument 'cmake_clean_first' from command line to 'False'
[0.436s] Level 5:colcon.colcon_core.verb:set package 'controller_interfaces' build argument 'cmake_force_configure' from command line to 'False'
[0.436s] Level 5:colcon.colcon_core.verb:set package 'controller_interfaces' build argument 'ament_cmake_args' from command line to 'None'
[0.436s] Level 5:colcon.colcon_core.verb:set package 'controller_interfaces' build argument 'catkin_cmake_args' from command line to 'None'
[0.436s] Level 5:colcon.colcon_core.verb:set package 'controller_interfaces' build argument 'catkin_skip_building_tests' from command line to 'False'
[0.436s] DEBUG:colcon.colcon_core.verb:Building package 'controller_interfaces' with the following arguments: {'ament_cmake_args': None, 'build_base': '/home/dragon/FRA502-LAB-66340500051/build/controller_interfaces', 'catkin_cmake_args': None, 'catkin_skip_building_tests': False, 'cmake_args': None, 'cmake_clean_cache': False, 'cmake_clean_first': False, 'cmake_force_configure': False, 'cmake_target': None, 'cmake_target_skip_unavailable': False, 'install_base': '/home/dragon/FRA502-LAB-66340500051/install/controller_interfaces', 'merge_install': False, 'path': '/home/dragon/FRA502-LAB-66340500051/src/controller_interfaces', 'symlink_install': False, 'test_result_base': None}
[0.436s] Level 5:colcon.colcon_core.verb:set package 'lab2' build argument 'cmake_args' from command line to 'None'
[0.436s] Level 5:colcon.colcon_core.verb:set package 'lab2' build argument 'cmake_target' from command line to 'None'
[0.436s] Level 5:colcon.colcon_core.verb:set package 'lab2' build argument 'cmake_target_skip_unavailable' from command line to 'False'
[0.436s] Level 5:colcon.colcon_core.verb:set package 'lab2' build argument 'cmake_clean_cache' from command line to 'False'
[0.436s] Level 5:colcon.colcon_core.verb:set package 'lab2' build argument 'cmake_clean_first' from command line to 'False'
[0.437s] Level 5:colcon.colcon_core.verb:set package 'lab2' build argument 'cmake_force_configure' from command line to 'False'
[0.437s] Level 5:colcon.colcon_core.verb:set package 'lab2' build argument 'ament_cmake_args' from command line to 'None'
[0.437s] Level 5:colcon.colcon_core.verb:set package 'lab2' build argument 'catkin_cmake_args' from command line to 'None'
[0.437s] Level 5:colcon.colcon_core.verb:set package 'lab2' build argument 'catkin_skip_building_tests' from command line to 'False'
[0.437s] DEBUG:colcon.colcon_core.verb:Building package 'lab2' with the following arguments: {'ament_cmake_args': None, 'build_base': '/home/dragon/FRA502-LAB-66340500051/build/lab2', 'catkin_cmake_args': None, 'catkin_skip_building_tests': False, 'cmake_args': None, 'cmake_clean_cache': False, 'cmake_clean_first': False, 'cmake_force_configure': False, 'cmake_target': None, 'cmake_target_skip_unavailable': False, 'install_base': '/home/dragon/FRA502-LAB-66340500051/install/lab2', 'merge_install': False, 'path': '/home/dragon/FRA502-LAB-66340500051/src/lab2', 'symlink_install': False, 'test_result_base': None}
[0.437s] Level 5:colcon.colcon_core.verb:set package 'lab3' build argument 'cmake_args' from command line to 'None'
[0.437s] Level 5:colcon.colcon_core.verb:set package 'lab3' build argument 'cmake_target' from command line to 'None'
[0.437s] Level 5:colcon.colcon_core.verb:set package 'lab3' build argument 'cmake_target_skip_unavailable' from command line to 'False'
[0.437s] Level 5:colcon.colcon_core.verb:set package 'lab3' build argument 'cmake_clean_cache' from command line to 'False'
[0.437s] Level 5:colcon.colcon_core.verb:set package 'lab3' build argument 'cmake_clean_first' from command line to 'False'
[0.437s] Level 5:colcon.colcon_core.verb:set package 'lab3' build argument 'cmake_force_configure' from command line to 'False'
[0.437s] Level 5:colcon.colcon_core.verb:set package 'lab3' build argument 'ament_cmake_args' from command line to 'None'
[0.437s] Level 5:colcon.colcon_core.verb:set package 'lab3' build argument 'catkin_cmake_args' from command line to 'None'
[0.437s] Level 5:colcon.colcon_core.verb:set package 'lab3' build argument 'catkin_skip_building_tests' from command line to 'False'
[0.437s] DEBUG:colcon.colcon_core.verb:Building package 'lab3' with the following arguments: {'ament_cmake_args': None, 'build_base': '/home/dragon/FRA502-LAB-66340500051/build/lab3', 'catkin_cmake_args': None, 'catkin_skip_building_tests': False, 'cmake_args': None, 'cmake_clean_cache': False, 'cmake_clean_first': False, 'cmake_force_configure': False, 'cmake_target': None, 'cmake_target_skip_unavailable': False, 'install_base': '/home/dragon/FRA502-LAB-66340500051/install/lab3', 'merge_install': False, 'path': '/home/dragon/FRA502-LAB-66340500051/src/lab3', 'symlink_install': False, 'test_result_base': None}
[0.438s] Level 5:colcon.colcon_core.verb:set package 'turtlesim_plus' build argument 'cmake_args' from command line to 'None'
[0.438s] Level 5:colcon.colcon_core.verb:set package 'turtlesim_plus' build argument 'cmake_target' from command line to 'None'
[0.438s] Level 5:colcon.colcon_core.verb:set package 'turtlesim_plus' build argument 'cmake_target_skip_unavailable' from command line to 'False'
[0.438s] Level 5:colcon.colcon_core.verb:set package 'turtlesim_plus' build argument 'cmake_clean_cache' from command line to 'False'
[0.438s] Level 5:colcon.colcon_core.verb:set package 'turtlesim_plus' build argument 'cmake_clean_first' from command line to 'False'
[0.438s] Level 5:colcon.colcon_core.verb:set package 'turtlesim_plus' build argument 'cmake_force_configure' from command line to 'False'
[0.438s] Level 5:colcon.colcon_core.verb:set package 'turtlesim_plus' build argument 'ament_cmake_args' from command line to 'None'
[0.438s] Level 5:colcon.colcon_core.verb:set package 'turtlesim_plus' build argument 'catkin_cmake_args' from command line to 'None'
[0.438s] Level 5:colcon.colcon_core.verb:set package 'turtlesim_plus' build argument 'catkin_skip_building_tests' from command line to 'False'
[0.438s] DEBUG:colcon.colcon_core.verb:Building package 'turtlesim_plus' with the following arguments: {'ament_cmake_args': None, 'build_base': '/home/dragon/FRA502-LAB-66340500051/build/turtlesim_plus', 'catkin_cmake_args': None, 'catkin_skip_building_tests': False, 'cmake_args': None, 'cmake_clean_cache': False, 'cmake_clean_first': False, 'cmake_force_configure': False, 'cmake_target': None, 'cmake_target_skip_unavailable': False, 'install_base': '/home/dragon/FRA502-LAB-66340500051/install/turtlesim_plus', 'merge_install': False, 'path': '/home/dragon/FRA502-LAB-66340500051/src/turtlesim_plus/turtlesim_plus', 'symlink_install': False, 'test_result_base': None}
[0.438s] Level 5:colcon.colcon_core.verb:set package 'turtlesim_plus_interfaces' build argument 'cmake_args' from command line to 'None'
[0.438s] Level 5:colcon.colcon_core.verb:set package 'turtlesim_plus_interfaces' build argument 'cmake_target' from command line to 'None'
[0.438s] Level 5:colcon.colcon_core.verb:set package 'turtlesim_plus_interfaces' build argument 'cmake_target_skip_unavailable' from command line to 'False'
[0.438s] Level 5:colcon.colcon_core.verb:set package 'turtlesim_plus_interfaces' build argument 'cmake_clean_cache' from command line to 'False'
[0.438s] Level 5:colcon.colcon_core.verb:set package 'turtlesim_plus_interfaces' build argument 'cmake_clean_first' from command line to 'False'
[0.438s] Level 5:colcon.colcon_core.verb:set package 'turtlesim_plus_interfaces' build argument 'cmake_force_configure' from command line to 'False'
[0.438s] Level 5:colcon.colcon_core.verb:set package 'turtlesim_plus_interfaces' build argument 'ament_cmake_args' from command line to 'None'
[0.439s] Level 5:colcon.colcon_core.verb:set package 'turtlesim_plus_interfaces' build argument 'catkin_cmake_args' from command line to 'None'
[0.439s] Level 5:colcon.colcon_core.verb:set package 'turtlesim_plus_interfaces' build argument 'catkin_skip_building_tests' from command line to 'False'
[0.439s] DEBUG:colcon.colcon_core.verb:Building package 'turtlesim_plus_interfaces' with the following arguments: {'ament_cmake_args': None, 'build_base': '/home/dragon/FRA502-LAB-66340500051/build/turtlesim_plus_interfaces', 'catkin_cmake_args': None, 'catkin_skip_building_tests': False, 'cmake_args': None, 'cmake_clean_cache': False, 'cmake_clean_first': False, 'cmake_force_configure': False, 'cmake_target': None, 'cmake_target_skip_unavailable': False, 'install_base': '/home/dragon/FRA502-LAB-66340500051/install/turtlesim_plus_interfaces', 'merge_install': False, 'path': '/home/dragon/FRA502-LAB-66340500051/src/turtlesim_plus/turtlesim_plus_interfaces', 'symlink_install': False, 'test_result_base': None}
[0.439s] INFO:colcon.colcon_core.executor:Executing jobs using 'parallel' executor
[0.440s] DEBUG:colcon.colcon_parallel_executor.executor.parallel:run_until_complete
[0.440s] INFO:colcon.colcon_ros.task.ament_cmake.build:Building ROS package in '/home/dragon/FRA502-LAB-66340500051/src/controller_interfaces' with build type 'ament_cmake'
[0.440s] INFO:colcon.colcon_cmake.task.cmake.build:Building CMake package in '/home/dragon/FRA502-LAB-66340500051/src/controller_interfaces'
[0.443s] INFO:colcon.colcon_core.plugin_system:Skipping extension 'colcon_core.shell.bat': Not used on non-Windows systems
[0.443s] INFO:colcon.colcon_core.shell:Skip shell extension 'powershell' for command environment: Not usable outside of PowerShell
[0.443s] DEBUG:colcon.colcon_core.shell:Skip shell extension 'dsv' for command environment
[0.447s] INFO:colcon.colcon_ros.task.ament_cmake.build:Building ROS package in '/home/dragon/FRA502-LAB-66340500051/src/lab2' with build type 'ament_cmake'
[0.447s] INFO:colcon.colcon_cmake.task.cmake.build:Building CMake package in '/home/dragon/FRA502-LAB-66340500051/src/lab2'
[0.447s] INFO:colcon.colcon_core.shell:Skip shell extension 'powershell' for command environment: Not usable outside of PowerShell
[0.447s] DEBUG:colcon.colcon_core.shell:Skip shell extension 'dsv' for command environment
[0.451s] INFO:colcon.colcon_ros.task.ament_cmake.build:Building ROS package in '/home/dragon/FRA502-LAB-66340500051/src/lab3' with build type 'ament_cmake'
[0.452s] INFO:colcon.colcon_cmake.task.cmake.build:Building CMake package in '/home/dragon/FRA502-LAB-66340500051/src/lab3'
[0.452s] INFO:colcon.colcon_core.shell:Skip shell extension 'powershell' for command environment: Not usable outside of PowerShell
[0.452s] DEBUG:colcon.colcon_core.shell:Skip shell extension 'dsv' for command environment
[0.456s] INFO:colcon.colcon_ros.task.ament_cmake.build:Building ROS package in '/home/dragon/FRA502-LAB-66340500051/src/turtlesim_plus/turtlesim_plus' with build type 'ament_cmake'
[0.456s] INFO:colcon.colcon_cmake.task.cmake.build:Building CMake package in '/home/dragon/FRA502-LAB-66340500051/src/turtlesim_plus/turtlesim_plus'
[0.457s] INFO:colcon.colcon_core.shell:Skip shell extension 'powershell' for command environment: Not usable outside of PowerShell
[0.457s] DEBUG:colcon.colcon_core.shell:Skip shell extension 'dsv' for command environment
[0.467s] DEBUG:colcon.colcon_core.event_handler.log_command:Invoking command in '/home/dragon/FRA502-LAB-66340500051/build/controller_interfaces': CMAKE_PREFIX_PATH=${CMAKE_PREFIX_PATH}:/opt/ros/humble /usr/bin/cmake --build /home/dragon/FRA502-LAB-66340500051/build/controller_interfaces -- -j4 -l4
[0.469s] DEBUG:colcon.colcon_core.event_handler.log_command:Invoking command in '/home/dragon/FRA502-LAB-66340500051/build/lab2': CMAKE_PREFIX_PATH=${CMAKE_PREFIX_PATH}:/opt/ros/humble /usr/bin/cmake --build /home/dragon/FRA502-LAB-66340500051/build/lab2 -- -j4 -l4
[0.475s] DEBUG:colcon.colcon_core.event_handler.log_command:Invoking command in '/home/dragon/FRA502-LAB-66340500051/build/lab3': CMAKE_PREFIX_PATH=${CMAKE_PREFIX_PATH}:/opt/ros/humble /usr/bin/cmake --build /home/dragon/FRA502-LAB-66340500051/build/lab3 -- -j4 -l4
[0.486s] DEBUG:colcon.colcon_core.event_handler.log_command:Invoking command in '/home/dragon/FRA502-LAB-66340500051/build/turtlesim_plus': CMAKE_PREFIX_PATH=${CMAKE_PREFIX_PATH}:/opt/ros/humble /usr/bin/cmake --build /home/dragon/FRA502-LAB-66340500051/build/turtlesim_plus -- -j4 -l4
[1.017s] DEBUG:colcon.colcon_core.event_handler.log_command:Invoked command in '/home/dragon/FRA502-LAB-66340500051/build/controller_interfaces' returned '0': CMAKE_PREFIX_PATH=${CMAKE_PREFIX_PATH}:/opt/ros/humble /usr/bin/cmake --build /home/dragon/FRA502-LAB-66340500051/build/controller_interfaces -- -j4 -l4
[1.028s] DEBUG:colcon.colcon_core.event_handler.log_command:Invoking command in '/home/dragon/FRA502-LAB-66340500051/build/controller_interfaces': CMAKE_PREFIX_PATH=${CMAKE_PREFIX_PATH}:/opt/ros/humble /usr/bin/cmake --install /home/dragon/FRA502-LAB-66340500051/build/controller_interfaces
[1.033s] DEBUG:colcon.colcon_core.event_handler.log_command:Invoked command in '/home/dragon/FRA502-LAB-66340500051/build/lab2' returned '0': CMAKE_PREFIX_PATH=${CMAKE_PREFIX_PATH}:/opt/ros/humble /usr/bin/cmake --build /home/dragon/FRA502-LAB-66340500051/build/lab2 -- -j4 -l4
[1.033s] DEBUG:colcon.colcon_core.event_handler.log_command:Invoking command in '/home/dragon/FRA502-LAB-66340500051/build/lab2': CMAKE_PREFIX_PATH=${CMAKE_PREFIX_PATH}:/opt/ros/humble /usr/bin/cmake --install /home/dragon/FRA502-LAB-66340500051/build/lab2
[1.131s] DEBUG:colcon.colcon_core.event_handler.log_command:Invoked command in '/home/dragon/FRA502-LAB-66340500051/build/lab3' returned '0': CMAKE_PREFIX_PATH=${CMAKE_PREFIX_PATH}:/opt/ros/humble /usr/bin/cmake --build /home/dragon/FRA502-LAB-66340500051/build/lab3 -- -j4 -l4
[1.134s] DEBUG:colcon.colcon_core.event_handler.log_command:Invoking command in '/home/dragon/FRA502-LAB-66340500051/build/lab3': CMAKE_PREFIX_PATH=${CMAKE_PREFIX_PATH}:/opt/ros/humble /usr/bin/cmake --install /home/dragon/FRA502-LAB-66340500051/build/lab3
[1.135s] DEBUG:colcon.colcon_core.event_handler.log_command:Invoked command in '/home/dragon/FRA502-LAB-66340500051/build/turtlesim_plus' returned '0': CMAKE_PREFIX_PATH=${CMAKE_PREFIX_PATH}:/opt/ros/humble /usr/bin/cmake --build /home/dragon/FRA502-LAB-66340500051/build/turtlesim_plus -- -j4 -l4
[1.137s] Level 1:colcon.colcon_core.environment:create_environment_scripts_only(controller_interfaces)
[1.137s] DEBUG:colcon.colcon_core.event_handler.log_command:Invoking command in '/home/dragon/FRA502-LAB-66340500051/build/turtlesim_plus': CMAKE_PREFIX_PATH=${CMAKE_PREFIX_PATH}:/opt/ros/humble /usr/bin/cmake --install /home/dragon/FRA502-LAB-66340500051/build/turtlesim_plus
[1.137s] DEBUG:colcon.colcon_core.event_handler.log_command:Invoked command in '/home/dragon/FRA502-LAB-66340500051/build/controller_interfaces' returned '0': CMAKE_PREFIX_PATH=${CMAKE_PREFIX_PATH}:/opt/ros/humble /usr/bin/cmake --install /home/dragon/FRA502-LAB-66340500051/build/controller_interfaces
[1.140s] Level 1:colcon.colcon_core.environment:checking '/home/dragon/FRA502-LAB-66340500051/install/controller_interfaces' for CMake module files
[1.141s] Level 1:colcon.colcon_core.environment:checking '/home/dragon/FRA502-LAB-66340500051/install/controller_interfaces' for CMake config files
[1.141s] Level 1:colcon.colcon_core.shell:create_environment_hook('controller_interfaces', 'cmake_prefix_path')
[1.141s] INFO:colcon.colcon_core.shell:Creating environment hook '/home/dragon/FRA502-LAB-66340500051/install/controller_interfaces/share/controller_interfaces/hook/cmake_prefix_path.ps1'
[1.142s] INFO:colcon.colcon_core.shell:Creating environment descriptor '/home/dragon/FRA502-LAB-66340500051/install/controller_interfaces/share/controller_interfaces/hook/cmake_prefix_path.dsv'
[1.143s] INFO:colcon.colcon_core.shell:Creating environment hook '/home/dragon/FRA502-LAB-66340500051/install/controller_interfaces/share/controller_interfaces/hook/cmake_prefix_path.sh'
[1.145s] Level 1:colcon.colcon_core.environment:checking '/home/dragon/FRA502-LAB-66340500051/install/controller_interfaces/lib'
[1.145s] Level 1:colcon.colcon_core.shell:create_environment_hook('controller_interfaces', 'ld_library_path_lib')
[1.145s] INFO:colcon.colcon_core.shell:Creating environment hook '/home/dragon/FRA502-LAB-66340500051/install/controller_interfaces/share/controller_interfaces/hook/ld_library_path_lib.ps1'
[1.146s] INFO:colcon.colcon_core.shell:Creating environment descriptor '/home/dragon/FRA502-LAB-66340500051/install/controller_interfaces/share/controller_interfaces/hook/ld_library_path_lib.dsv'
[1.146s] INFO:colcon.colcon_core.shell:Creating environment hook '/home/dragon/FRA502-LAB-66340500051/install/controller_interfaces/share/controller_interfaces/hook/ld_library_path_lib.sh'
[1.147s] Level 1:colcon.colcon_core.environment:checking '/home/dragon/FRA502-LAB-66340500051/install/controller_interfaces/bin'
[1.147s] Level 1:colcon.colcon_core.environment:checking '/home/dragon/FRA502-LAB-66340500051/install/controller_interfaces/lib/pkgconfig/controller_interfaces.pc'
[1.147s] Level 1:colcon.colcon_core.environment:checking '/home/dragon/FRA502-LAB-66340500051/install/controller_interfaces/lib/python3.10/site-packages'
[1.147s] Level 1:colcon.colcon_core.environment:checking '/home/dragon/FRA502-LAB-66340500051/install/controller_interfaces/bin'
[1.148s] INFO:colcon.colcon_core.shell:Creating package script '/home/dragon/FRA502-LAB-66340500051/install/controller_interfaces/share/controller_interfaces/package.ps1'
[1.149s] INFO:colcon.colcon_core.shell:Creating package descriptor '/home/dragon/FRA502-LAB-66340500051/install/controller_interfaces/share/controller_interfaces/package.dsv'
[1.149s] INFO:colcon.colcon_core.shell:Creating package script '/home/dragon/FRA502-LAB-66340500051/install/controller_interfaces/share/controller_interfaces/package.sh'
[1.150s] INFO:colcon.colcon_core.shell:Creating package script '/home/dragon/FRA502-LAB-66340500051/install/controller_interfaces/share/controller_interfaces/package.bash'
[1.152s] INFO:colcon.colcon_core.shell:Creating package script '/home/dragon/FRA502-LAB-66340500051/install/controller_interfaces/share/controller_interfaces/package.zsh'
[1.152s] Level 1:colcon.colcon_core.environment:create_file_with_runtime_dependencies(/home/dragon/FRA502-LAB-66340500051/install/controller_interfaces/share/colcon-core/packages/controller_interfaces)
[1.153s] Level 1:colcon.colcon_core.environment:create_environment_scripts_only(controller_interfaces)
[1.153s] Level 1:colcon.colcon_core.environment:checking '/home/dragon/FRA502-LAB-66340500051/install/controller_interfaces' for CMake module files
[1.154s] Level 1:colcon.colcon_core.environment:checking '/home/dragon/FRA502-LAB-66340500051/install/controller_interfaces' for CMake config files
[1.154s] Level 1:colcon.colcon_core.shell:create_environment_hook('controller_interfaces', 'cmake_prefix_path')
[1.155s] INFO:colcon.colcon_core.shell:Creating environment hook '/home/dragon/FRA502-LAB-66340500051/install/controller_interfaces/share/controller_interfaces/hook/cmake_prefix_path.ps1'
[1.155s] INFO:colcon.colcon_core.shell:Creating environment descriptor '/home/dragon/FRA502-LAB-66340500051/install/controller_interfaces/share/controller_interfaces/hook/cmake_prefix_path.dsv'
[1.155s] INFO:colcon.colcon_core.shell:Creating environment hook '/home/dragon/FRA502-LAB-66340500051/install/controller_interfaces/share/controller_interfaces/hook/cmake_prefix_path.sh'
[1.156s] Level 1:colcon.colcon_core.environment:checking '/home/dragon/FRA502-LAB-66340500051/install/controller_interfaces/lib'
[1.156s] Level 1:colcon.colcon_core.shell:create_environment_hook('controller_interfaces', 'ld_library_path_lib')
[1.156s] INFO:colcon.colcon_core.shell:Creating environment hook '/home/dragon/FRA502-LAB-66340500051/install/controller_interfaces/share/controller_interfaces/hook/ld_library_path_lib.ps1'
[1.157s] INFO:colcon.colcon_core.shell:Creating environment descriptor '/home/dragon/FRA502-LAB-66340500051/install/controller_interfaces/share/controller_interfaces/hook/ld_library_path_lib.dsv'
[1.157s] INFO:colcon.colcon_core.shell:Creating environment hook '/home/dragon/FRA502-LAB-66340500051/install/controller_interfaces/share/controller_interfaces/hook/ld_library_path_lib.sh'
[1.158s] Level 1:colcon.colcon_core.environment:checking '/home/dragon/FRA502-LAB-66340500051/install/controller_interfaces/bin'
[1.158s] Level 1:colcon.colcon_core.environment:checking '/home/dragon/FRA502-LAB-66340500051/install/controller_interfaces/lib/pkgconfig/controller_interfaces.pc'
[1.158s] Level 1:colcon.colcon_core.environment:checking '/home/dragon/FRA502-LAB-66340500051/install/controller_interfaces/lib/python3.10/site-packages'
[1.158s] Level 1:colcon.colcon_core.environment:checking '/home/dragon/FRA502-LAB-66340500051/install/controller_interfaces/bin'
[1.159s] INFO:colcon.colcon_core.shell:Creating package script '/home/dragon/FRA502-LAB-66340500051/install/controller_interfaces/share/controller_interfaces/package.ps1'
[1.159s] INFO:colcon.colcon_core.shell:Creating package descriptor '/home/dragon/FRA502-LAB-66340500051/install/controller_interfaces/share/controller_interfaces/package.dsv'
[1.160s] INFO:colcon.colcon_core.shell:Creating package script '/home/dragon/FRA502-LAB-66340500051/install/controller_interfaces/share/controller_interfaces/package.sh'
[1.160s] INFO:colcon.colcon_core.shell:Creating package script '/home/dragon/FRA502-LAB-66340500051/install/controller_interfaces/share/controller_interfaces/package.bash'
[1.161s] INFO:colcon.colcon_core.shell:Creating package script '/home/dragon/FRA502-LAB-66340500051/install/controller_interfaces/share/controller_interfaces/package.zsh'
[1.161s] Level 1:colcon.colcon_core.environment:create_file_with_runtime_dependencies(/home/dragon/FRA502-LAB-66340500051/install/controller_interfaces/share/colcon-core/packages/controller_interfaces)
[1.162s] Level 1:colcon.colcon_core.environment:create_environment_scripts_only(lab2)
[1.162s] Level 1:colcon.colcon_core.environment:checking '/home/dragon/FRA502-LAB-66340500051/install/lab2' for CMake module files
[1.163s] DEBUG:colcon.colcon_core.event_handler.log_command:Invoked command in '/home/dragon/FRA502-LAB-66340500051/build/lab2' returned '0': CMAKE_PREFIX_PATH=${CMAKE_PREFIX_PATH}:/opt/ros/humble /usr/bin/cmake --install /home/dragon/FRA502-LAB-66340500051/build/lab2
[1.163s] Level 1:colcon.colcon_core.environment:checking '/home/dragon/FRA502-LAB-66340500051/install/lab2' for CMake config files
[1.163s] Level 1:colcon.colcon_core.shell:create_environment_hook('lab2', 'cmake_prefix_path')
[1.164s] INFO:colcon.colcon_core.shell:Creating environment hook '/home/dragon/FRA502-LAB-66340500051/install/lab2/share/lab2/hook/cmake_prefix_path.ps1'
[1.164s] INFO:colcon.colcon_core.shell:Creating environment descriptor '/home/dragon/FRA502-LAB-66340500051/install/lab2/share/lab2/hook/cmake_prefix_path.dsv'
[1.165s] INFO:colcon.colcon_core.shell:Creating environment hook '/home/dragon/FRA502-LAB-66340500051/install/lab2/share/lab2/hook/cmake_prefix_path.sh'
[1.165s] Level 1:colcon.colcon_core.environment:checking '/home/dragon/FRA502-LAB-66340500051/install/lab2/lib'
[1.165s] Level 1:colcon.colcon_core.environment:checking '/home/dragon/FRA502-LAB-66340500051/install/lab2/bin'
[1.165s] Level 1:colcon.colcon_core.environment:checking '/home/dragon/FRA502-LAB-66340500051/install/lab2/lib/pkgconfig/lab2.pc'
[1.166s] Level 1:colcon.colcon_core.environment:checking '/home/dragon/FRA502-LAB-66340500051/install/lab2/lib/python3.10/site-packages'
[1.166s] Level 1:colcon.colcon_core.environment:checking '/home/dragon/FRA502-LAB-66340500051/install/lab2/bin'
[1.166s] INFO:colcon.colcon_core.shell:Creating package script '/home/dragon/FRA502-LAB-66340500051/install/lab2/share/lab2/package.ps1'
[1.167s] INFO:colcon.colcon_core.shell:Creating package descriptor '/home/dragon/FRA502-LAB-66340500051/install/lab2/share/lab2/package.dsv'
[1.167s] INFO:colcon.colcon_core.shell:Creating package script '/home/dragon/FRA502-LAB-66340500051/install/lab2/share/lab2/package.sh'
[1.168s] INFO:colcon.colcon_core.shell:Creating package script '/home/dragon/FRA502-LAB-66340500051/install/lab2/share/lab2/package.bash'
[1.168s] INFO:colcon.colcon_core.shell:Creating package script '/home/dragon/FRA502-LAB-66340500051/install/lab2/share/lab2/package.zsh'
[1.168s] Level 1:colcon.colcon_core.environment:create_file_with_runtime_dependencies(/home/dragon/FRA502-LAB-66340500051/install/lab2/share/colcon-core/packages/lab2)
[1.169s] Level 1:colcon.colcon_core.environment:create_environment_scripts_only(lab2)
[1.169s] Level 1:colcon.colcon_core.environment:checking '/home/dragon/FRA502-LAB-66340500051/install/lab2' for CMake module files
[1.170s] Level 1:colcon.colcon_core.environment:checking '/home/dragon/FRA502-LAB-66340500051/install/lab2' for CMake config files
[1.170s] Level 1:colcon.colcon_core.shell:create_environment_hook('lab2', 'cmake_prefix_path')
[1.171s] INFO:colcon.colcon_core.shell:Creating environment hook '/home/dragon/FRA502-LAB-66340500051/install/lab2/share/lab2/hook/cmake_prefix_path.ps1'
[1.171s] INFO:colcon.colcon_core.shell:Creating environment descriptor '/home/dragon/FRA502-LAB-66340500051/install/lab2/share/lab2/hook/cmake_prefix_path.dsv'
[1.171s] INFO:colcon.colcon_core.shell:Creating environment hook '/home/dragon/FRA502-LAB-66340500051/install/lab2/share/lab2/hook/cmake_prefix_path.sh'
[1.172s] Level 1:colcon.colcon_core.environment:checking '/home/dragon/FRA502-LAB-66340500051/install/lab2/lib'
[1.172s] Level 1:colcon.colcon_core.environment:checking '/home/dragon/FRA502-LAB-66340500051/install/lab2/bin'
[1.172s] Level 1:colcon.colcon_core.environment:checking '/home/dragon/FRA502-LAB-66340500051/install/lab2/lib/pkgconfig/lab2.pc'
[1.172s] Level 1:colcon.colcon_core.environment:checking '/home/dragon/FRA502-LAB-66340500051/install/lab2/lib/python3.10/site-packages'
[1.173s] Level 1:colcon.colcon_core.environment:checking '/home/dragon/FRA502-LAB-66340500051/install/lab2/bin'
[1.173s] INFO:colcon.colcon_core.shell:Creating package script '/home/dragon/FRA502-LAB-66340500051/install/lab2/share/lab2/package.ps1'
[1.174s] INFO:colcon.colcon_core.shell:Creating package descriptor '/home/dragon/FRA502-LAB-66340500051/install/lab2/share/lab2/package.dsv'
[1.174s] INFO:colcon.colcon_core.shell:Creating package script '/home/dragon/FRA502-LAB-66340500051/install/lab2/share/lab2/package.sh'
[1.175s] INFO:colcon.colcon_core.shell:Creating package script '/home/dragon/FRA502-LAB-66340500051/install/lab2/share/lab2/package.bash'
[1.175s] INFO:colcon.colcon_core.shell:Creating package script '/home/dragon/FRA502-LAB-66340500051/install/lab2/share/lab2/package.zsh'
[1.176s] Level 1:colcon.colcon_core.environment:create_file_with_runtime_dependencies(/home/dragon/FRA502-LAB-66340500051/install/lab2/share/colcon-core/packages/lab2)
[1.176s] INFO:colcon.colcon_ros.task.ament_cmake.build:Building ROS package in '/home/dragon/FRA502-LAB-66340500051/src/turtlesim_plus/turtlesim_plus_interfaces' with build type 'ament_cmake'
[1.176s] INFO:colcon.colcon_cmake.task.cmake.build:Building CMake package in '/home/dragon/FRA502-LAB-66340500051/src/turtlesim_plus/turtlesim_plus_interfaces'
[1.177s] INFO:colcon.colcon_core.shell:Skip shell extension 'powershell' for command environment: Not usable outside of PowerShell
[1.177s] DEBUG:colcon.colcon_core.shell:Skip shell extension 'dsv' for command environment
[1.193s] DEBUG:colcon.colcon_core.event_handler.log_command:Invoking command in '/home/dragon/FRA502-LAB-66340500051/build/turtlesim_plus_interfaces': CMAKE_PREFIX_PATH=${CMAKE_PREFIX_PATH}:/opt/ros/humble /usr/bin/cmake --build /home/dragon/FRA502-LAB-66340500051/build/turtlesim_plus_interfaces -- -j4 -l4
[1.196s] Level 1:colcon.colcon_core.environment:create_environment_scripts_only(lab3)
[1.196s] Level 1:colcon.colcon_core.environment:checking '/home/dragon/FRA502-LAB-66340500051/install/lab3' for CMake module files
[1.197s] DEBUG:colcon.colcon_core.event_handler.log_command:Invoked command in '/home/dragon/FRA502-LAB-66340500051/build/lab3' returned '0': CMAKE_PREFIX_PATH=${CMAKE_PREFIX_PATH}:/opt/ros/humble /usr/bin/cmake --install /home/dragon/FRA502-LAB-66340500051/build/lab3
[1.198s] Level 1:colcon.colcon_core.environment:checking '/home/dragon/FRA502-LAB-66340500051/install/lab3' for CMake config files
[1.198s] Level 1:colcon.colcon_core.shell:create_environment_hook('lab3', 'cmake_prefix_path')
[1.198s] INFO:colcon.colcon_core.shell:Creating environment hook '/home/dragon/FRA502-LAB-66340500051/install/lab3/share/lab3/hook/cmake_prefix_path.ps1'
[1.199s] INFO:colcon.colcon_core.shell:Creating environment descriptor '/home/dragon/FRA502-LAB-66340500051/install/lab3/share/lab3/hook/cmake_prefix_path.dsv'
[1.199s] INFO:colcon.colcon_core.shell:Creating environment hook '/home/dragon/FRA502-LAB-66340500051/install/lab3/share/lab3/hook/cmake_prefix_path.sh'
[1.200s] Level 1:colcon.colcon_core.environment:checking '/home/dragon/FRA502-LAB-66340500051/install/lab3/lib'
[1.200s] Level 1:colcon.colcon_core.environment:checking '/home/dragon/FRA502-LAB-66340500051/install/lab3/bin'
[1.200s] Level 1:colcon.colcon_core.environment:checking '/home/dragon/FRA502-LAB-66340500051/install/lab3/lib/pkgconfig/lab3.pc'
[1.201s] Level 1:colcon.colcon_core.environment:checking '/home/dragon/FRA502-LAB-66340500051/install/lab3/lib/python3.10/site-packages'
[1.201s] Level 1:colcon.colcon_core.environment:checking '/home/dragon/FRA502-LAB-66340500051/install/lab3/bin'
[1.202s] INFO:colcon.colcon_core.shell:Creating package script '/home/dragon/FRA502-LAB-66340500051/install/lab3/share/lab3/package.ps1'
[1.202s] INFO:colcon.colcon_core.shell:Creating package descriptor '/home/dragon/FRA502-LAB-66340500051/install/lab3/share/lab3/package.dsv'
[1.203s] INFO:colcon.colcon_core.shell:Creating package script '/home/dragon/FRA502-LAB-66340500051/install/lab3/share/lab3/package.sh'
[1.204s] INFO:colcon.colcon_core.shell:Creating package script '/home/dragon/FRA502-LAB-66340500051/install/lab3/share/lab3/package.bash'
[1.205s] INFO:colcon.colcon_core.shell:Creating package script '/home/dragon/FRA502-LAB-66340500051/install/lab3/share/lab3/package.zsh'
[1.206s] Level 1:colcon.colcon_core.environment:create_file_with_runtime_dependencies(/home/dragon/FRA502-LAB-66340500051/install/lab3/share/colcon-core/packages/lab3)
[1.207s] Level 1:colcon.colcon_core.environment:create_environment_scripts_only(lab3)
[1.207s] Level 1:colcon.colcon_core.environment:checking '/home/dragon/FRA502-LAB-66340500051/install/lab3' for CMake module files
[1.208s] Level 1:colcon.colcon_core.environment:checking '/home/dragon/FRA502-LAB-66340500051/install/lab3' for CMake config files
[1.208s] Level 1:colcon.colcon_core.shell:create_environment_hook('lab3', 'cmake_prefix_path')
[1.208s] INFO:colcon.colcon_core.shell:Creating environment hook '/home/dragon/FRA502-LAB-66340500051/install/lab3/share/lab3/hook/cmake_prefix_path.ps1'
[1.209s] INFO:colcon.colcon_core.shell:Creating environment descriptor '/home/dragon/FRA502-LAB-66340500051/install/lab3/share/lab3/hook/cmake_prefix_path.dsv'
[1.209s] INFO:colcon.colcon_core.shell:Creating environment hook '/home/dragon/FRA502-LAB-66340500051/install/lab3/share/lab3/hook/cmake_prefix_path.sh'
[1.210s] Level 1:colcon.colcon_core.environment:checking '/home/dragon/FRA502-LAB-66340500051/install/lab3/lib'
[1.210s] Level 1:colcon.colcon_core.environment:checking '/home/dragon/FRA502-LAB-66340500051/install/lab3/bin'
[1.210s] Level 1:colcon.colcon_core.environment:checking '/home/dragon/FRA502-LAB-66340500051/install/lab3/lib/pkgconfig/lab3.pc'
[1.211s] Level 1:colcon.colcon_core.environment:checking '/home/dragon/FRA502-LAB-66340500051/install/lab3/lib/python3.10/site-packages'
[1.211s] Level 1:colcon.colcon_core.environment:checking '/home/dragon/FRA502-LAB-66340500051/install/lab3/bin'
[1.211s] INFO:colcon.colcon_core.shell:Creating package script '/home/dragon/FRA502-LAB-66340500051/install/lab3/share/lab3/package.ps1'
[1.212s] INFO:colcon.colcon_core.shell:Creating package descriptor '/home/dragon/FRA502-LAB-66340500051/install/lab3/share/lab3/package.dsv'
[1.213s] INFO:colcon.colcon_core.shell:Creating package script '/home/dragon/FRA502-LAB-66340500051/install/lab3/share/lab3/package.sh'
[1.213s] INFO:colcon.colcon_core.shell:Creating package script '/home/dragon/FRA502-LAB-66340500051/install/lab3/share/lab3/package.bash'
[1.213s] INFO:colcon.colcon_core.shell:Creating package script '/home/dragon/FRA502-LAB-66340500051/install/lab3/share/lab3/package.zsh'
[1.214s] Level 1:colcon.colcon_core.environment:create_file_with_runtime_dependencies(/home/dragon/FRA502-LAB-66340500051/install/lab3/share/colcon-core/packages/lab3)
[1.215s] Level 1:colcon.colcon_core.environment:create_environment_scripts_only(turtlesim_plus)
[1.215s] Level 1:colcon.colcon_core.environment:checking '/home/dragon/FRA502-LAB-66340500051/install/turtlesim_plus' for CMake module files
[1.216s] DEBUG:colcon.colcon_core.event_handler.log_command:Invoked command in '/home/dragon/FRA502-LAB-66340500051/build/turtlesim_plus' returned '0': CMAKE_PREFIX_PATH=${CMAKE_PREFIX_PATH}:/opt/ros/humble /usr/bin/cmake --install /home/dragon/FRA502-LAB-66340500051/build/turtlesim_plus
[1.216s] Level 1:colcon.colcon_core.environment:checking '/home/dragon/FRA502-LAB-66340500051/install/turtlesim_plus' for CMake config files
[1.217s] Level 1:colcon.colcon_core.shell:create_environment_hook('turtlesim_plus', 'cmake_prefix_path')
[1.217s] INFO:colcon.colcon_core.shell:Creating environment hook '/home/dragon/FRA502-LAB-66340500051/install/turtlesim_plus/share/turtlesim_plus/hook/cmake_prefix_path.ps1'
[1.217s] INFO:colcon.colcon_core.shell:Creating environment descriptor '/home/dragon/FRA502-LAB-66340500051/install/turtlesim_plus/share/turtlesim_plus/hook/cmake_prefix_path.dsv'
[1.218s] INFO:colcon.colcon_core.shell:Creating environment hook '/home/dragon/FRA502-LAB-66340500051/install/turtlesim_plus/share/turtlesim_plus/hook/cmake_prefix_path.sh'
[1.218s] Level 1:colcon.colcon_core.environment:checking '/home/dragon/FRA502-LAB-66340500051/install/turtlesim_plus/lib'
[1.218s] Level 1:colcon.colcon_core.environment:checking '/home/dragon/FRA502-LAB-66340500051/install/turtlesim_plus/bin'
[1.219s] Level 1:colcon.colcon_core.environment:checking '/home/dragon/FRA502-LAB-66340500051/install/turtlesim_plus/lib/pkgconfig/turtlesim_plus.pc'
[1.219s] Level 1:colcon.colcon_core.environment:checking '/home/dragon/FRA502-LAB-66340500051/install/turtlesim_plus/lib/python3.10/site-packages'
[1.219s] Level 1:colcon.colcon_core.environment:checking '/home/dragon/FRA502-LAB-66340500051/install/turtlesim_plus/bin'
[1.219s] INFO:colcon.colcon_core.shell:Creating package script '/home/dragon/FRA502-LAB-66340500051/install/turtlesim_plus/share/turtlesim_plus/package.ps1'
[1.220s] INFO:colcon.colcon_core.shell:Creating package descriptor '/home/dragon/FRA502-LAB-66340500051/install/turtlesim_plus/share/turtlesim_plus/package.dsv'
[1.221s] INFO:colcon.colcon_core.shell:Creating package script '/home/dragon/FRA502-LAB-66340500051/install/turtlesim_plus/share/turtlesim_plus/package.sh'
[1.221s] INFO:colcon.colcon_core.shell:Creating package script '/home/dragon/FRA502-LAB-66340500051/install/turtlesim_plus/share/turtlesim_plus/package.bash'
[1.222s] INFO:colcon.colcon_core.shell:Creating package script '/home/dragon/FRA502-LAB-66340500051/install/turtlesim_plus/share/turtlesim_plus/package.zsh'
[1.222s] Level 1:colcon.colcon_core.environment:create_file_with_runtime_dependencies(/home/dragon/FRA502-LAB-66340500051/install/turtlesim_plus/share/colcon-core/packages/turtlesim_plus)
[1.223s] Level 1:colcon.colcon_core.environment:create_environment_scripts_only(turtlesim_plus)
[1.223s] Level 1:colcon.colcon_core.environment:checking '/home/dragon/FRA502-LAB-66340500051/install/turtlesim_plus' for CMake module files
[1.224s] Level 1:colcon.colcon_core.environment:checking '/home/dragon/FRA502-LAB-66340500051/install/turtlesim_plus' for CMake config files
[1.224s] Level 1:colcon.colcon_core.shell:create_environment_hook('turtlesim_plus', 'cmake_prefix_path')
[1.224s] INFO:colcon.colcon_core.shell:Creating environment hook '/home/dragon/FRA502-LAB-66340500051/install/turtlesim_plus/share/turtlesim_plus/hook/cmake_prefix_path.ps1'
[1.225s] INFO:colcon.colcon_core.shell:Creating environment descriptor '/home/dragon/FRA502-LAB-66340500051/install/turtlesim_plus/share/turtlesim_plus/hook/cmake_prefix_path.dsv'
[1.225s] INFO:colcon.colcon_core.shell:Creating environment hook '/home/dragon/FRA502-LAB-66340500051/install/turtlesim_plus/share/turtlesim_plus/hook/cmake_prefix_path.sh'
[1.226s] Level 1:colcon.colcon_core.environment:checking '/home/dragon/FRA502-LAB-66340500051/install/turtlesim_plus/lib'
[1.226s] Level 1:colcon.colcon_core.environment:checking '/home/dragon/FRA502-LAB-66340500051/install/turtlesim_plus/bin'
[1.226s] Level 1:colcon.colcon_core.environment:checking '/home/dragon/FRA502-LAB-66340500051/install/turtlesim_plus/lib/pkgconfig/turtlesim_plus.pc'
[1.227s] Level 1:colcon.colcon_core.environment:checking '/home/dragon/FRA502-LAB-66340500051/install/turtlesim_plus/lib/python3.10/site-packages'
[1.227s] Level 1:colcon.colcon_core.environment:checking '/home/dragon/FRA502-LAB-66340500051/install/turtlesim_plus/bin'
[1.227s] INFO:colcon.colcon_core.shell:Creating package script '/home/dragon/FRA502-LAB-66340500051/install/turtlesim_plus/share/turtlesim_plus/package.ps1'
[1.228s] INFO:colcon.colcon_core.shell:Creating package descriptor '/home/dragon/FRA502-LAB-66340500051/install/turtlesim_plus/share/turtlesim_plus/package.dsv'
[1.228s] INFO:colcon.colcon_core.shell:Creating package script '/home/dragon/FRA502-LAB-66340500051/install/turtlesim_plus/share/turtlesim_plus/package.sh'
[1.229s] INFO:colcon.colcon_core.shell:Creating package script '/home/dragon/FRA502-LAB-66340500051/install/turtlesim_plus/share/turtlesim_plus/package.bash'
[1.229s] INFO:colcon.colcon_core.shell:Creating package script '/home/dragon/FRA502-LAB-66340500051/install/turtlesim_plus/share/turtlesim_plus/package.zsh'
[1.230s] Level 1:colcon.colcon_core.environment:create_file_with_runtime_dependencies(/home/dragon/FRA502-LAB-66340500051/install/turtlesim_plus/share/colcon-core/packages/turtlesim_plus)
[1.641s] DEBUG:colcon.colcon_core.event_handler.log_command:Invoked command in '/home/dragon/FRA502-LAB-66340500051/build/turtlesim_plus_interfaces' returned '0': CMAKE_PREFIX_PATH=${CMAKE_PREFIX_PATH}:/opt/ros/humble /usr/bin/cmake --build /home/dragon/FRA502-LAB-66340500051/build/turtlesim_plus_interfaces -- -j4 -l4
[1.643s] DEBUG:colcon.colcon_core.event_handler.log_command:Invoking command in '/home/dragon/FRA502-LAB-66340500051/build/turtlesim_plus_interfaces': CMAKE_PREFIX_PATH=${CMAKE_PREFIX_PATH}:/opt/ros/humble /usr/bin/cmake --install /home/dragon/FRA502-LAB-66340500051/build/turtlesim_plus_interfaces
[1.712s] Level 1:colcon.colcon_core.environment:create_environment_scripts_only(turtlesim_plus_interfaces)
[1.712s] Level 1:colcon.colcon_core.environment:checking '/home/dragon/FRA502-LAB-66340500051/install/turtlesim_plus_interfaces' for CMake module files
[1.713s] DEBUG:colcon.colcon_core.event_handler.log_command:Invoked command in '/home/dragon/FRA502-LAB-66340500051/build/turtlesim_plus_interfaces' returned '0': CMAKE_PREFIX_PATH=${CMAKE_PREFIX_PATH}:/opt/ros/humble /usr/bin/cmake --install /home/dragon/FRA502-LAB-66340500051/build/turtlesim_plus_interfaces
[1.714s] Level 1:colcon.colcon_core.environment:checking '/home/dragon/FRA502-LAB-66340500051/install/turtlesim_plus_interfaces' for CMake config files
[1.714s] Level 1:colcon.colcon_core.shell:create_environment_hook('turtlesim_plus_interfaces', 'cmake_prefix_path')
[1.715s] INFO:colcon.colcon_core.shell:Creating environment hook '/home/dragon/FRA502-LAB-66340500051/install/turtlesim_plus_interfaces/share/turtlesim_plus_interfaces/hook/cmake_prefix_path.ps1'
[1.715s] INFO:colcon.colcon_core.shell:Creating environment descriptor '/home/dragon/FRA502-LAB-66340500051/install/turtlesim_plus_interfaces/share/turtlesim_plus_interfaces/hook/cmake_prefix_path.dsv'
[1.715s] INFO:colcon.colcon_core.shell:Creating environment hook '/home/dragon/FRA502-LAB-66340500051/install/turtlesim_plus_interfaces/share/turtlesim_plus_interfaces/hook/cmake_prefix_path.sh'
[1.716s] Level 1:colcon.colcon_core.environment:checking '/home/dragon/FRA502-LAB-66340500051/install/turtlesim_plus_interfaces/lib'
[1.716s] Level 1:colcon.colcon_core.shell:create_environment_hook('turtlesim_plus_interfaces', 'ld_library_path_lib')
[1.716s] INFO:colcon.colcon_core.shell:Creating environment hook '/home/dragon/FRA502-LAB-66340500051/install/turtlesim_plus_interfaces/share/turtlesim_plus_interfaces/hook/ld_library_path_lib.ps1'
[1.717s] INFO:colcon.colcon_core.shell:Creating environment descriptor '/home/dragon/FRA502-LAB-66340500051/install/turtlesim_plus_interfaces/share/turtlesim_plus_interfaces/hook/ld_library_path_lib.dsv'
[1.717s] INFO:colcon.colcon_core.shell:Creating environment hook '/home/dragon/FRA502-LAB-66340500051/install/turtlesim_plus_interfaces/share/turtlesim_plus_interfaces/hook/ld_library_path_lib.sh'
[1.718s] Level 1:colcon.colcon_core.environment:checking '/home/dragon/FRA502-LAB-66340500051/install/turtlesim_plus_interfaces/bin'
[1.718s] Level 1:colcon.colcon_core.environment:checking '/home/dragon/FRA502-LAB-66340500051/install/turtlesim_plus_interfaces/lib/pkgconfig/turtlesim_plus_interfaces.pc'
[1.718s] Level 1:colcon.colcon_core.environment:checking '/home/dragon/FRA502-LAB-66340500051/install/turtlesim_plus_interfaces/lib/python3.10/site-packages'
[1.718s] Level 1:colcon.colcon_core.environment:checking '/home/dragon/FRA502-LAB-66340500051/install/turtlesim_plus_interfaces/bin'
[1.719s] INFO:colcon.colcon_core.shell:Creating package script '/home/dragon/FRA502-LAB-66340500051/install/turtlesim_plus_interfaces/share/turtlesim_plus_interfaces/package.ps1'
[1.719s] INFO:colcon.colcon_core.shell:Creating package descriptor '/home/dragon/FRA502-LAB-66340500051/install/turtlesim_plus_interfaces/share/turtlesim_plus_interfaces/package.dsv'
[1.720s] INFO:colcon.colcon_core.shell:Creating package script '/home/dragon/FRA502-LAB-66340500051/install/turtlesim_plus_interfaces/share/turtlesim_plus_interfaces/package.sh'
[1.720s] INFO:colcon.colcon_core.shell:Creating package script '/home/dragon/FRA502-LAB-66340500051/install/turtlesim_plus_interfaces/share/turtlesim_plus_interfaces/package.bash'
[1.721s] INFO:colcon.colcon_core.shell:Creating package script '/home/dragon/FRA502-LAB-66340500051/install/turtlesim_plus_interfaces/share/turtlesim_plus_interfaces/package.zsh'
[1.721s] Level 1:colcon.colcon_core.environment:create_file_with_runtime_dependencies(/home/dragon/FRA502-LAB-66340500051/install/turtlesim_plus_interfaces/share/colcon-core/packages/turtlesim_plus_interfaces)
[1.722s] Level 1:colcon.colcon_core.environment:create_environment_scripts_only(turtlesim_plus_interfaces)
[1.722s] Level 1:colcon.colcon_core.environment:checking '/home/dragon/FRA502-LAB-66340500051/install/turtlesim_plus_interfaces' for CMake module files
[1.722s] Level 1:colcon.colcon_core.environment:checking '/home/dragon/FRA502-LAB-66340500051/install/turtlesim_plus_interfaces' for CMake config files
[1.723s] Level 1:colcon.colcon_core.shell:create_environment_hook('turtlesim_plus_interfaces', 'cmake_prefix_path')
[1.723s] INFO:colcon.colcon_core.shell:Creating environment hook '/home/dragon/FRA502-LAB-66340500051/install/turtlesim_plus_interfaces/share/turtlesim_plus_interfaces/hook/cmake_prefix_path.ps1'
[1.724s] INFO:colcon.colcon_core.shell:Creating environment descriptor '/home/dragon/FRA502-LAB-66340500051/install/turtlesim_plus_interfaces/share/turtlesim_plus_interfaces/hook/cmake_prefix_path.dsv'
[1.724s] INFO:colcon.colcon_core.shell:Creating environment hook '/home/dragon/FRA502-LAB-66340500051/install/turtlesim_plus_interfaces/share/turtlesim_plus_interfaces/hook/cmake_prefix_path.sh'
[1.725s] Level 1:colcon.colcon_core.environment:checking '/home/dragon/FRA502-LAB-66340500051/install/turtlesim_plus_interfaces/lib'
[1.725s] Level 1:colcon.colcon_core.shell:create_environment_hook('turtlesim_plus_interfaces', 'ld_library_path_lib')
[1.725s] INFO:colcon.colcon_core.shell:Creating environment hook '/home/dragon/FRA502-LAB-66340500051/install/turtlesim_plus_interfaces/share/turtlesim_plus_interfaces/hook/ld_library_path_lib.ps1'
[1.725s] INFO:colcon.colcon_core.shell:Creating environment descriptor '/home/dragon/FRA502-LAB-66340500051/install/turtlesim_plus_interfaces/share/turtlesim_plus_interfaces/hook/ld_library_path_lib.dsv'
[1.726s] INFO:colcon.colcon_core.shell:Creating environment hook '/home/dragon/FRA502-LAB-66340500051/install/turtlesim_plus_interfaces/share/turtlesim_plus_interfaces/hook/ld_library_path_lib.sh'
[1.726s] Level 1:colcon.colcon_core.environment:checking '/home/dragon/FRA502-LAB-66340500051/install/turtlesim_plus_interfaces/bin'
[1.726s] Level 1:colcon.colcon_core.environment:checking '/home/dragon/FRA502-LAB-66340500051/install/turtlesim_plus_interfaces/lib/pkgconfig/turtlesim_plus_interfaces.pc'
[1.726s] Level 1:colcon.colcon_core.environment:checking '/home/dragon/FRA502-LAB-66340500051/install/turtlesim_plus_interfaces/lib/python3.10/site-packages'
[1.727s] Level 1:colcon.colcon_core.environment:checking '/home/dragon/FRA502-LAB-66340500051/install/turtlesim_plus_interfaces/bin'
[1.727s] INFO:colcon.colcon_core.shell:Creating package script '/home/dragon/FRA502-LAB-66340500051/install/turtlesim_plus_interfaces/share/turtlesim_plus_interfaces/package.ps1'
[1.727s] INFO:colcon.colcon_core.shell:Creating package descriptor '/home/dragon/FRA502-LAB-66340500051/install/turtlesim_plus_interfaces/share/turtlesim_plus_interfaces/package.dsv'
[1.728s] INFO:colcon.colcon_core.shell:Creating package script '/home/dragon/FRA502-LAB-66340500051/install/turtlesim_plus_interfaces/share/turtlesim_plus_interfaces/package.sh'
[1.728s] INFO:colcon.colcon_core.shell:Creating package script '/home/dragon/FRA502-LAB-66340500051/install/turtlesim_plus_interfaces/share/turtlesim_plus_interfaces/package.bash'
[1.729s] INFO:colcon.colcon_core.shell:Creating package script '/home/dragon/FRA502-LAB-66340500051/install/turtlesim_plus_interfaces/share/turtlesim_plus_interfaces/package.zsh'
[1.729s] Level 1:colcon.colcon_core.environment:create_file_with_runtime_dependencies(/home/dragon/FRA502-LAB-66340500051/install/turtlesim_plus_interfaces/share/colcon-core/packages/turtlesim_plus_interfaces)
[1.730s] DEBUG:colcon.colcon_parallel_executor.executor.parallel:closing loop
[1.730s] DEBUG:colcon.colcon_parallel_executor.executor.parallel:loop closed
[1.730s] DEBUG:colcon.colcon_parallel_executor.executor.parallel:run_until_complete finished with '0'
[1.730s] DEBUG:colcon.colcon_core.event_reactor:joining thread
[1.736s] INFO:colcon.colcon_core.plugin_system:Skipping extension 'colcon_notification.desktop_notification.terminal_notifier': Not used on non-Darwin systems
[1.736s] INFO:colcon.colcon_core.plugin_system:Skipping extension 'colcon_notification.desktop_notification.win32': Not used on non-Windows systems
[1.736s] INFO:colcon.colcon_notification.desktop_notification:Sending desktop notification using 'notify2'
[1.749s] DEBUG:colcon.colcon_core.event_reactor:joined thread
[1.749s] INFO:colcon.colcon_core.shell:Creating prefix script '/home/dragon/FRA502-LAB-66340500051/install/local_setup.ps1'
[1.750s] INFO:colcon.colcon_core.shell:Creating prefix util module '/home/dragon/FRA502-LAB-66340500051/install/_local_setup_util_ps1.py'
[1.752s] INFO:colcon.colcon_core.shell:Creating prefix chain script '/home/dragon/FRA502-LAB-66340500051/install/setup.ps1'
[1.753s] INFO:colcon.colcon_core.shell:Creating prefix script '/home/dragon/FRA502-LAB-66340500051/install/local_setup.sh'
[1.754s] INFO:colcon.colcon_core.shell:Creating prefix util module '/home/dragon/FRA502-LAB-66340500051/install/_local_setup_util_sh.py'
[1.754s] INFO:colcon.colcon_core.shell:Creating prefix chain script '/home/dragon/FRA502-LAB-66340500051/install/setup.sh'
[1.756s] INFO:colcon.colcon_core.shell:Creating prefix script '/home/dragon/FRA502-LAB-66340500051/install/local_setup.bash'
[1.756s] INFO:colcon.colcon_core.shell:Creating prefix chain script '/home/dragon/FRA502-LAB-66340500051/install/setup.bash'
[1.758s] INFO:colcon.colcon_core.shell:Creating prefix script '/home/dragon/FRA502-LAB-66340500051/install/local_setup.zsh'
[1.758s] INFO:colcon.colcon_core.shell:Creating prefix chain script '/home/dragon/FRA502-LAB-66340500051/install/setup.zsh'
